2024-02-02 14:14:31.2847|0|DEBUG|WMS_UI_API.Program|NLogeer initilized in 'Main' 
2024-02-02 14:14:32.3115|0|DEBUG|Microsoft.Extensions.Hosting.Internal.Host|Hosting starting 
2024-02-02 14:14:32.3578|0|INFO|Microsoft.AspNetCore.DataProtection.KeyManagement.XmlKeyManager|User profile is available. Using 'C:\Users\Administrator\AppData\Local\ASP.NET\DataProtection-Keys' as key repository and Windows DPAPI to encrypt keys at rest. 
2024-02-02 14:14:32.3730|0|DEBUG|Microsoft.AspNetCore.DataProtection.Repositories.FileSystemXmlRepository|Reading data from file 'C:\Users\Administrator\AppData\Local\ASP.NET\DataProtection-Keys\key-8d5202c6-241b-48a1-bf3b-b9600653df67.xml'. 
2024-02-02 14:14:32.3730|0|DEBUG|Microsoft.AspNetCore.DataProtection.Repositories.FileSystemXmlRepository|Reading data from file 'C:\Users\Administrator\AppData\Local\ASP.NET\DataProtection-Keys\key-d4ba379b-ed04-4785-b05a-ff62577380f2.xml'. 
2024-02-02 14:14:32.3794|0|DEBUG|Microsoft.AspNetCore.DataProtection.KeyManagement.XmlKeyManager|Found key {8d5202c6-241b-48a1-bf3b-b9600653df67}. 
2024-02-02 14:14:32.3794|0|DEBUG|Microsoft.AspNetCore.DataProtection.KeyManagement.XmlKeyManager|Found key {d4ba379b-ed04-4785-b05a-ff62577380f2}. 
2024-02-02 14:14:32.3794|0|DEBUG|Microsoft.AspNetCore.DataProtection.KeyManagement.DefaultKeyResolver|Considering key {d4ba379b-ed04-4785-b05a-ff62577380f2} with expiration date 2024-04-24 11:52:15Z as default key. 
2024-02-02 14:14:32.3794|0|DEBUG|Microsoft.AspNetCore.DataProtection.TypeForwardingActivator|Forwarded activator type request from Microsoft.AspNetCore.DataProtection.XmlEncryption.DpapiXmlDecryptor, Microsoft.AspNetCore.DataProtection, Version=6.0.0.0, Culture=neutral, PublicKeyToken=adb9793829ddae60 to Microsoft.AspNetCore.DataProtection.XmlEncryption.DpapiXmlDecryptor, Microsoft.AspNetCore.DataProtection, Culture=neutral, PublicKeyToken=adb9793829ddae60 
2024-02-02 14:14:32.3946|0|DEBUG|Microsoft.AspNetCore.DataProtection.XmlEncryption.DpapiXmlDecryptor|Decrypting secret element using Windows DPAPI. 
2024-02-02 14:14:32.3946|0|DEBUG|Microsoft.AspNetCore.DataProtection.TypeForwardingActivator|Forwarded activator type request from Microsoft.AspNetCore.DataProtection.AuthenticatedEncryption.ConfigurationModel.AuthenticatedEncryptorDescriptorDeserializer, Microsoft.AspNetCore.DataProtection, Version=6.0.0.0, Culture=neutral, PublicKeyToken=adb9793829ddae60 to Microsoft.AspNetCore.DataProtection.AuthenticatedEncryption.ConfigurationModel.AuthenticatedEncryptorDescriptorDeserializer, Microsoft.AspNetCore.DataProtection, Culture=neutral, PublicKeyToken=adb9793829ddae60 
2024-02-02 14:14:32.3946|0|DEBUG|Microsoft.AspNetCore.DataProtection.AuthenticatedEncryption.CngCbcAuthenticatedEncryptorFactory|Opening CNG algorithm 'AES' from provider '(null)' with chaining mode CBC. 
2024-02-02 14:14:32.3946|0|DEBUG|Microsoft.AspNetCore.DataProtection.AuthenticatedEncryption.CngCbcAuthenticatedEncryptorFactory|Opening CNG algorithm 'SHA256' from provider '(null)' with HMAC. 
2024-02-02 14:14:32.3946|0|DEBUG|Microsoft.AspNetCore.DataProtection.KeyManagement.KeyRingProvider|Using key {d4ba379b-ed04-4785-b05a-ff62577380f2} as the default key. 
2024-02-02 14:14:32.3946|0|DEBUG|Microsoft.AspNetCore.DataProtection.Internal.DataProtectionHostedService|Key ring with default key {d4ba379b-ed04-4785-b05a-ff62577380f2} was loaded during application startup. 
2024-02-02 14:14:32.5266|0|DEBUG|Microsoft.AspNetCore.Mvc.ModelBinding.ModelBinderFactory|Registered model binder providers, in the following order: Microsoft.AspNetCore.Mvc.ModelBinding.Binders.BinderTypeModelBinderProvider, Microsoft.AspNetCore.Mvc.ModelBinding.Binders.ServicesModelBinderProvider, Microsoft.AspNetCore.Mvc.ModelBinding.Binders.BodyModelBinderProvider, Microsoft.AspNetCore.Mvc.ModelBinding.Binders.HeaderModelBinderProvider, Microsoft.AspNetCore.Mvc.ModelBinding.Binders.FloatingPointTypeModelBinderProvider, Microsoft.AspNetCore.Mvc.ModelBinding.Binders.EnumTypeModelBinderProvider, Microsoft.AspNetCore.Mvc.ModelBinding.Binders.DateTimeModelBinderProvider, Microsoft.AspNetCore.Mvc.ModelBinding.Binders.SimpleTypeModelBinderProvider, Microsoft.AspNetCore.Mvc.ModelBinding.Binders.CancellationTokenModelBinderProvider, Microsoft.AspNetCore.Mvc.ModelBinding.Binders.ByteArrayModelBinderProvider, Microsoft.AspNetCore.Mvc.ModelBinding.Binders.FormFileModelBinderProvider, Microsoft.AspNetCore.Mvc.ModelBinding.Binders.FormCollectionModelBinderProvider, Microsoft.AspNetCore.Mvc.ModelBinding.Binders.KeyValuePairModelBinderProvider, Microsoft.AspNetCore.Mvc.ModelBinding.Binders.DictionaryModelBinderProvider, Microsoft.AspNetCore.Mvc.ModelBinding.Binders.ArrayModelBinderProvider, Microsoft.AspNetCore.Mvc.ModelBinding.Binders.CollectionModelBinderProvider, Microsoft.AspNetCore.Mvc.ModelBinding.Binders.ComplexObjectModelBinderProvider 
2024-02-02 14:14:32.6083|0|DEBUG|Microsoft.AspNetCore.SignalR.Internal.DefaultHubProtocolResolver|Registered SignalR Protocol: json, implemented by Microsoft.AspNetCore.SignalR.Protocol.JsonHubProtocol. 
2024-02-02 14:14:32.6394|0|TRACE|Microsoft.AspNetCore.SignalR.Internal.DefaultHubDispatcher|'NotificationHub' hub method 'NewEntryAdded' is bound. 
2024-02-02 14:14:32.7999|0|INFO|Microsoft.Hosting.Lifetime|Now listening on: http://localhost:6084 
2024-02-02 14:14:32.8351|0|DEBUG|Microsoft.AspNetCore.Hosting.Diagnostics|Loaded hosting startup assembly WMS UI API 
2024-02-02 14:14:32.8351|0|DEBUG|Microsoft.AspNetCore.Hosting.Diagnostics|Loaded hosting startup assembly Microsoft.AspNetCore.Watch.BrowserRefresh 
2024-02-02 14:14:32.8351|0|DEBUG|Microsoft.AspNetCore.Hosting.Diagnostics|Loaded hosting startup assembly Microsoft.WebTools.BrowserLink.Net 
2024-02-02 14:14:32.8351|0|TRACE|Microsoft.AspNetCore.Http.Connections.Internal.HttpConnectionManager|Starting connection heartbeat. 
2024-02-02 14:14:32.8351|0|INFO|Microsoft.Hosting.Lifetime|Application started. Press Ctrl+C to shut down. 
2024-02-02 14:14:32.8351|0|INFO|Microsoft.Hosting.Lifetime|Hosting environment: Development 
2024-02-02 14:14:32.8351|0|INFO|Microsoft.Hosting.Lifetime|Content root path: C:\WMS UI API - Kuster - Check multiple PO\WMS UI API 
2024-02-02 14:14:32.8462|0|DEBUG|Microsoft.Extensions.Hosting.Internal.Host|Hosting started 
2024-02-02 14:14:33.0780|0|DEBUG|Microsoft.AspNetCore.Server.Kestrel.Connections|Connection id "0HN13PCMQ5M5I" accepted. 
2024-02-02 14:14:33.0780|0|DEBUG|Microsoft.AspNetCore.Server.Kestrel.Connections|Connection id "0HN13PCMQ5M5I" started. 
2024-02-02 14:14:33.0825|0|DEBUG|Microsoft.AspNetCore.Server.Kestrel.Connections|Connection id "0HN13PCMQ5M5J" accepted. 
2024-02-02 14:14:33.0825|0|DEBUG|Microsoft.AspNetCore.Server.Kestrel.Connections|Connection id "0HN13PCMQ5M5J" started. 
2024-02-02 14:14:33.2076|0|DEBUG|Microsoft.AspNetCore.Server.Kestrel.Connections|Connection id "0HN13PCMQ5M5K" accepted. 
2024-02-02 14:14:33.2076|0|DEBUG|Microsoft.AspNetCore.Server.Kestrel.Connections|Connection id "0HN13PCMQ5M5K" started. 
2024-02-02 14:14:33.2076|0|DEBUG|Microsoft.AspNetCore.Server.Kestrel.Connections|Connection id "0HN13PCMQ5M5L" accepted. 
2024-02-02 14:14:33.2076|0|DEBUG|Microsoft.AspNetCore.Server.Kestrel.Connections|Connection id "0HN13PCMQ5M5L" started. 
2024-02-02 14:14:33.2499|0|INFO|Microsoft.AspNetCore.Hosting.Diagnostics|Request starting HTTP/1.1 GET http://localhost:6084/WeatherForecast - - 
2024-02-02 14:14:33.2849|0|DEBUG|Microsoft.AspNetCore.HostFiltering.HostFilteringMiddleware|Wildcard detected, all requests with hosts will be allowed. 
2024-02-02 14:14:33.2849|0|TRACE|Microsoft.AspNetCore.HostFiltering.HostFilteringMiddleware|All hosts are allowed. 
2024-02-02 14:14:33.3203|0|DEBUG|Microsoft.AspNetCore.StaticFiles.StaticFileMiddleware|The request path  does not match the path filter 
2024-02-02 14:14:33.3203|0|WARN|Microsoft.AspNetCore.HttpsPolicy.HttpsRedirectionMiddleware|Failed to determine the https port for redirect. 
2024-02-02 14:14:33.3672|0|DEBUG|Microsoft.AspNetCore.Routing.Matching.DfaMatcher|1 candidate(s) found for the request path '/WeatherForecast' 
2024-02-02 14:14:33.3672|0|DEBUG|Microsoft.AspNetCore.Routing.Matching.DfaMatcher|Endpoint 'WMS_UI_API.Controllers.WeatherForecastController.Get (WMS UI API)' with route pattern 'WeatherForecast' is valid for the request path '/WeatherForecast' 
2024-02-02 14:14:33.3672|0|DEBUG|Microsoft.AspNetCore.Routing.EndpointRoutingMiddleware|Request matched endpoint 'WMS_UI_API.Controllers.WeatherForecastController.Get (WMS UI API)' 
2024-02-02 14:14:33.3672|0|DEBUG|WMS_UI_API.Middlewares.ExceptionHandler|Log Initilized 
2024-02-02 14:14:33.9471|0|DEBUG|Microsoft.AspNetCore.Authentication.JwtBearer.JwtBearerHandler|AuthenticationScheme: Bearer was not authenticated. 
2024-02-02 14:14:33.9471|0|INFO|Microsoft.AspNetCore.Routing.EndpointMiddleware|Executing endpoint 'WMS_UI_API.Controllers.WeatherForecastController.Get (WMS UI API)' 
2024-02-02 14:14:33.9471|0|INFO|Microsoft.AspNetCore.Mvc.Infrastructure.ControllerActionInvoker|Route matched with {action = "Get", controller = "WeatherForecast"}. Executing controller action with signature System.Collections.Generic.IEnumerable`1[WMS_UI_API.WeatherForecast] Get() on controller WMS_UI_API.Controllers.WeatherForecastController (WMS UI API). 
2024-02-02 14:14:33.9471|0|DEBUG|Microsoft.AspNetCore.Mvc.Infrastructure.ControllerActionInvoker|Execution plan of authorization filters (in the following order): None 
2024-02-02 14:14:33.9471|0|DEBUG|Microsoft.AspNetCore.Mvc.Infrastructure.ControllerActionInvoker|Execution plan of resource filters (in the following order): None 
2024-02-02 14:14:33.9471|0|DEBUG|Microsoft.AspNetCore.Mvc.Infrastructure.ControllerActionInvoker|Execution plan of action filters (in the following order): Microsoft.AspNetCore.Mvc.ModelBinding.UnsupportedContentTypeFilter (Order: -3000), Microsoft.AspNetCore.Mvc.Infrastructure.ModelStateInvalidFilter (Order: -2000) 
2024-02-02 14:14:33.9471|0|DEBUG|Microsoft.AspNetCore.Mvc.Infrastructure.ControllerActionInvoker|Execution plan of exception filters (in the following order): None 
2024-02-02 14:14:33.9471|0|DEBUG|Microsoft.AspNetCore.Mvc.Infrastructure.ControllerActionInvoker|Execution plan of result filters (in the following order): Microsoft.AspNetCore.Mvc.Infrastructure.ClientErrorResultFilter (Order: -2000) 
2024-02-02 14:14:33.9471|0|DEBUG|Microsoft.AspNetCore.Mvc.Infrastructure.ControllerActionInvoker|Executing controller factory for controller WMS_UI_API.Controllers.WeatherForecastController (WMS UI API) 
2024-02-02 14:14:33.9471|0|DEBUG|Microsoft.AspNetCore.Mvc.Infrastructure.ControllerActionInvoker|Executed controller factory for controller WMS_UI_API.Controllers.WeatherForecastController (WMS UI API) 
2024-02-02 14:14:33.9471|0|TRACE|Microsoft.AspNetCore.Mvc.Infrastructure.ControllerActionInvoker|Action Filter: Before executing OnActionExecuting on filter Microsoft.AspNetCore.Mvc.ModelBinding.UnsupportedContentTypeFilter. 
2024-02-02 14:14:33.9471|0|TRACE|Microsoft.AspNetCore.Mvc.Infrastructure.ControllerActionInvoker|Action Filter: After executing OnActionExecuting on filter Microsoft.AspNetCore.Mvc.ModelBinding.UnsupportedContentTypeFilter. 
2024-02-02 14:14:33.9471|0|TRACE|Microsoft.AspNetCore.Mvc.Infrastructure.ControllerActionInvoker|Action Filter: Before executing OnActionExecuting on filter Microsoft.AspNetCore.Mvc.Infrastructure.ModelStateInvalidFilter. 
2024-02-02 14:14:33.9471|0|TRACE|Microsoft.AspNetCore.Mvc.Infrastructure.ControllerActionInvoker|Action Filter: After executing OnActionExecuting on filter Microsoft.AspNetCore.Mvc.Infrastructure.ModelStateInvalidFilter. 
2024-02-02 14:14:33.9471|0|INFO|Microsoft.AspNetCore.Mvc.Infrastructure.ControllerActionInvoker|Executing action method WMS_UI_API.Controllers.WeatherForecastController.Get (WMS UI API) - Validation state: Valid 
2024-02-02 14:14:33.9471|0|INFO|WMS_UI_API.Controllers.WeatherForecastController|Connection intiation at 08:44:33 
2024-02-02 14:14:33.9768|0|INFO|Microsoft.AspNetCore.Mvc.Infrastructure.ControllerActionInvoker|Executed action method WMS_UI_API.Controllers.WeatherForecastController.Get (WMS UI API), returned result Microsoft.AspNetCore.Mvc.ObjectResult in 5.6854ms. 
2024-02-02 14:14:33.9768|0|TRACE|Microsoft.AspNetCore.Mvc.Infrastructure.ControllerActionInvoker|Action Filter: Before executing OnActionExecuted on filter Microsoft.AspNetCore.Mvc.Infrastructure.ModelStateInvalidFilter. 
2024-02-02 14:14:33.9768|0|TRACE|Microsoft.AspNetCore.Mvc.Infrastructure.ControllerActionInvoker|Action Filter: After executing OnActionExecuted on filter Microsoft.AspNetCore.Mvc.Infrastructure.ModelStateInvalidFilter. 
2024-02-02 14:14:33.9768|0|TRACE|Microsoft.AspNetCore.Mvc.Infrastructure.ControllerActionInvoker|Action Filter: Before executing OnActionExecuted on filter Microsoft.AspNetCore.Mvc.ModelBinding.UnsupportedContentTypeFilter. 
2024-02-02 14:14:33.9768|0|TRACE|Microsoft.AspNetCore.Mvc.Infrastructure.ControllerActionInvoker|Action Filter: After executing OnActionExecuted on filter Microsoft.AspNetCore.Mvc.ModelBinding.UnsupportedContentTypeFilter. 
2024-02-02 14:14:33.9768|0|TRACE|Microsoft.AspNetCore.Mvc.Infrastructure.ControllerActionInvoker|Result Filter: Before executing OnResultExecuting on filter Microsoft.AspNetCore.Mvc.Infrastructure.ClientErrorResultFilter. 
2024-02-02 14:14:33.9768|0|TRACE|Microsoft.AspNetCore.Mvc.Infrastructure.ControllerActionInvoker|Result Filter: After executing OnResultExecuting on filter Microsoft.AspNetCore.Mvc.Infrastructure.ClientErrorResultFilter. 
2024-02-02 14:14:33.9768|0|TRACE|Microsoft.AspNetCore.Mvc.Infrastructure.ControllerActionInvoker|Before executing action result Microsoft.AspNetCore.Mvc.ObjectResult. 
2024-02-02 14:14:33.9768|0|DEBUG|Microsoft.AspNetCore.Mvc.Infrastructure.DefaultOutputFormatterSelector|List of registered output formatters, in the following order: Microsoft.AspNetCore.Mvc.Formatters.HttpNoContentOutputFormatter, Microsoft.AspNetCore.Mvc.Formatters.StringOutputFormatter, Microsoft.AspNetCore.Mvc.Formatters.StreamOutputFormatter, Microsoft.AspNetCore.Mvc.Formatters.SystemTextJsonOutputFormatter 
2024-02-02 14:14:33.9768|0|DEBUG|Microsoft.AspNetCore.Mvc.Infrastructure.DefaultOutputFormatterSelector|No information found on request to perform content negotiation. 
2024-02-02 14:14:33.9768|0|DEBUG|Microsoft.AspNetCore.Mvc.Infrastructure.DefaultOutputFormatterSelector|Attempting to select an output formatter without using a content type as no explicit content types were specified for the response. 
2024-02-02 14:14:33.9768|0|DEBUG|Microsoft.AspNetCore.Mvc.Infrastructure.DefaultOutputFormatterSelector|Attempting to select the first formatter in the output formatters list which can write the result. 
2024-02-02 14:14:33.9768|0|DEBUG|Microsoft.AspNetCore.Mvc.Infrastructure.DefaultOutputFormatterSelector|Selected output formatter 'Microsoft.AspNetCore.Mvc.Formatters.SystemTextJsonOutputFormatter' and content type 'application/json' to write the response. 
2024-02-02 14:14:33.9768|0|INFO|Microsoft.AspNetCore.Mvc.Infrastructure.ObjectResultExecutor|Executing ObjectResult, writing value of type 'WMS_UI_API.WeatherForecast[]'. 
2024-02-02 14:14:34.0182|0|TRACE|Microsoft.AspNetCore.Mvc.Infrastructure.ControllerActionInvoker|After executing action result Microsoft.AspNetCore.Mvc.ObjectResult. 
2024-02-02 14:14:34.0182|0|TRACE|Microsoft.AspNetCore.Mvc.Infrastructure.ControllerActionInvoker|Result Filter: Before executing OnResultExecuted on filter Microsoft.AspNetCore.Mvc.Infrastructure.ClientErrorResultFilter. 
2024-02-02 14:14:34.0182|0|TRACE|Microsoft.AspNetCore.Mvc.Infrastructure.ControllerActionInvoker|Result Filter: After executing OnResultExecuted on filter Microsoft.AspNetCore.Mvc.Infrastructure.ClientErrorResultFilter. 
2024-02-02 14:14:34.0182|0|INFO|Microsoft.AspNetCore.Mvc.Infrastructure.ControllerActionInvoker|Executed action WMS_UI_API.Controllers.WeatherForecastController.Get (WMS UI API) in 58.1259ms 
2024-02-02 14:14:34.0182|0|INFO|Microsoft.AspNetCore.Routing.EndpointMiddleware|Executed endpoint 'WMS_UI_API.Controllers.WeatherForecastController.Get (WMS UI API)' 
2024-02-02 14:14:34.0182|0|DEBUG|Microsoft.AspNetCore.Server.Kestrel.Connections|Connection id "0HN13PCMQ5M5K" completed keep alive response. 
2024-02-02 14:14:34.0182|0|INFO|Microsoft.AspNetCore.Hosting.Diagnostics|Request finished HTTP/1.1 GET http://localhost:6084/WeatherForecast - - - 200 - application/json;+charset=utf-8 780.1675ms 
2024-02-02 14:14:34.0525|0|INFO|Microsoft.AspNetCore.Hosting.Diagnostics|Request starting HTTP/1.1 GET http://localhost:6084/favicon.ico - - 
2024-02-02 14:14:34.0525|0|TRACE|Microsoft.AspNetCore.HostFiltering.HostFilteringMiddleware|All hosts are allowed. 
2024-02-02 14:14:34.0525|0|DEBUG|Microsoft.AspNetCore.StaticFiles.StaticFileMiddleware|The request path  does not match the path filter 
2024-02-02 14:14:34.0525|0|DEBUG|Microsoft.AspNetCore.Routing.Matching.DfaMatcher|No candidates found for the request path '/favicon.ico' 
2024-02-02 14:14:34.0525|0|DEBUG|Microsoft.AspNetCore.Routing.EndpointRoutingMiddleware|Request did not match any endpoints 
2024-02-02 14:14:34.0525|0|DEBUG|WMS_UI_API.Middlewares.ExceptionHandler|Log Initilized 
2024-02-02 14:14:34.0525|0|DEBUG|Microsoft.AspNetCore.Authentication.JwtBearer.JwtBearerHandler|AuthenticationScheme: Bearer was not authenticated. 
2024-02-02 14:14:34.0525|0|DEBUG|Microsoft.AspNetCore.Server.Kestrel.Connections|Connection id "0HN13PCMQ5M5K" completed keep alive response. 
2024-02-02 14:14:34.0525|0|INFO|Microsoft.AspNetCore.Hosting.Diagnostics|Request finished HTTP/1.1 GET http://localhost:6084/favicon.ico - - - 404 0 - 1.9734ms 
2024-02-02 14:14:35.3790|0|INFO|Microsoft.AspNetCore.Hosting.Diagnostics|Request starting HTTP/1.1 GET http://localhost:6084/swagger/index.html - - 
2024-02-02 14:14:35.3790|0|TRACE|Microsoft.AspNetCore.HostFiltering.HostFilteringMiddleware|All hosts are allowed. 
2024-02-02 14:14:35.4205|0|DEBUG|Microsoft.AspNetCore.Watch.BrowserRefresh.BrowserRefreshMiddleware|Response markup is scheduled to include browser refresh script injection. 
2024-02-02 14:14:35.5354|0|INFO|Microsoft.AspNetCore.Hosting.Diagnostics|Request starting HTTP/1.1 GET http://localhost:6084/_framework/aspnetcore-browser-refresh.js - - 
2024-02-02 14:14:35.5354|0|DEBUG|Microsoft.AspNetCore.Server.Kestrel.Connections|Connection id "0HN13PCMQ5M5L" completed keep alive response. 
2024-02-02 14:14:35.5354|0|INFO|Microsoft.AspNetCore.Hosting.Diagnostics|Request finished HTTP/1.1 GET http://localhost:6084/_framework/aspnetcore-browser-refresh.js - - - 200 11989 application/javascript;+charset=utf-8 2.4740ms 
2024-02-02 14:14:35.5354|0|DEBUG|Microsoft.AspNetCore.Watch.BrowserRefresh.BrowserRefreshMiddleware|Response markup was updated to include browser refresh script injection. 
2024-02-02 14:14:35.5354|0|DEBUG|Microsoft.AspNetCore.Server.Kestrel.Connections|Connection id "0HN13PCMQ5M5K" completed keep alive response. 
2024-02-02 14:14:35.5354|0|INFO|Microsoft.AspNetCore.Hosting.Diagnostics|Request finished HTTP/1.1 GET http://localhost:6084/swagger/index.html - - - 200 - text/html;charset=utf-8 159.6455ms 
2024-02-02 14:14:35.5354|0|INFO|Microsoft.AspNetCore.Hosting.Diagnostics|Request starting HTTP/1.1 GET http://localhost:6084/_vs/browserLink - - 
2024-02-02 14:14:35.5801|0|DEBUG|Microsoft.AspNetCore.Server.Kestrel.Connections|Connection id "0HN13PCMQ5M5K" completed keep alive response. 
2024-02-02 14:14:35.5801|0|INFO|Microsoft.AspNetCore.Hosting.Diagnostics|Request finished HTTP/1.1 GET http://localhost:6084/_vs/browserLink - - - 200 - text/javascript;+charset=UTF-8 38.0765ms 
2024-02-02 14:14:35.6075|0|INFO|Microsoft.AspNetCore.Hosting.Diagnostics|Request starting HTTP/1.1 GET http://localhost:6084/swagger/v1/swagger.json - - 
2024-02-02 14:14:35.6075|0|TRACE|Microsoft.AspNetCore.HostFiltering.HostFilteringMiddleware|All hosts are allowed. 
2024-02-02 14:14:35.7394|0|DEBUG|Microsoft.AspNetCore.Server.Kestrel.Connections|Connection id "0HN13PCMQ5M5K" completed keep alive response. 
2024-02-02 14:14:35.7394|0|INFO|Microsoft.AspNetCore.Hosting.Diagnostics|Request finished HTTP/1.1 GET http://localhost:6084/swagger/v1/swagger.json - - - 200 - application/json;charset=utf-8 131.9083ms 
2024-02-02 14:14:57.1976|0|INFO|Microsoft.AspNetCore.Hosting.Diagnostics|Request starting HTTP/1.1 POST http://localhost:6084/api/InprocessQC/ValidateItemNewFlow application/json 72 
2024-02-02 14:14:57.1976|0|TRACE|Microsoft.AspNetCore.HostFiltering.HostFilteringMiddleware|All hosts are allowed. 
2024-02-02 14:14:57.1976|0|DEBUG|Microsoft.AspNetCore.StaticFiles.StaticFileMiddleware|POST requests are not supported 
2024-02-02 14:14:57.1976|0|DEBUG|Microsoft.AspNetCore.Cors.Infrastructure.CorsService|The request has an origin header: 'http://localhost:6084'. 
2024-02-02 14:14:57.1976|0|INFO|Microsoft.AspNetCore.Cors.Infrastructure.CorsService|CORS policy execution failed. 
2024-02-02 14:14:57.1976|0|INFO|Microsoft.AspNetCore.Cors.Infrastructure.CorsService|Request origin http://localhost:6084 does not have permission to access the resource. 
2024-02-02 14:14:57.1976|0|DEBUG|Microsoft.AspNetCore.Cors.Infrastructure.CorsService|The request has an origin header: 'http://localhost:6084'. 
2024-02-02 14:14:57.1976|0|INFO|Microsoft.AspNetCore.Cors.Infrastructure.CorsService|CORS policy execution successful. 
2024-02-02 14:14:57.1976|0|DEBUG|Microsoft.AspNetCore.Routing.Matching.DfaMatcher|1 candidate(s) found for the request path '/api/InprocessQC/ValidateItemNewFlow' 
2024-02-02 14:14:57.1976|0|DEBUG|Microsoft.AspNetCore.Routing.Matching.DfaMatcher|Endpoint 'WMS_UI_API.Controllers.InprocessQCController.ValidateItemNewFlow (WMS UI API)' with route pattern 'api/InprocessQC/ValidateItemNewFlow' is valid for the request path '/api/InprocessQC/ValidateItemNewFlow' 
2024-02-02 14:14:57.1976|0|DEBUG|Microsoft.AspNetCore.Routing.EndpointRoutingMiddleware|Request matched endpoint 'WMS_UI_API.Controllers.InprocessQCController.ValidateItemNewFlow (WMS UI API)' 
2024-02-02 14:14:57.1976|0|DEBUG|WMS_UI_API.Middlewares.ExceptionHandler|Log Initilized 
2024-02-02 14:14:57.1976|0|DEBUG|Microsoft.AspNetCore.Authentication.JwtBearer.JwtBearerHandler|AuthenticationScheme: Bearer was not authenticated. 
2024-02-02 14:14:57.1976|0|INFO|Microsoft.AspNetCore.Routing.EndpointMiddleware|Executing endpoint 'WMS_UI_API.Controllers.InprocessQCController.ValidateItemNewFlow (WMS UI API)' 
2024-02-02 14:14:57.2261|0|INFO|Microsoft.AspNetCore.Mvc.Infrastructure.ControllerActionInvoker|Route matched with {action = "ValidateItemNewFlow", controller = "InprocessQC"}. Executing controller action with signature System.Threading.Tasks.Task`1[Microsoft.AspNetCore.Mvc.ActionResult`1[System.Collections.Generic.IEnumerable`1[WMS_UI_API.Models.RECItem]]] ValidateItemNewFlow(WMS_UI_API.Models.ValidateItemQRInputQC) on controller WMS_UI_API.Controllers.InprocessQCController (WMS UI API). 
2024-02-02 14:14:57.2261|0|DEBUG|Microsoft.AspNetCore.Mvc.Infrastructure.ControllerActionInvoker|Execution plan of authorization filters (in the following order): None 
2024-02-02 14:14:57.2261|0|DEBUG|Microsoft.AspNetCore.Mvc.Infrastructure.ControllerActionInvoker|Execution plan of resource filters (in the following order): None 
2024-02-02 14:14:57.2261|0|DEBUG|Microsoft.AspNetCore.Mvc.Infrastructure.ControllerActionInvoker|Execution plan of action filters (in the following order): Microsoft.AspNetCore.Mvc.ModelBinding.UnsupportedContentTypeFilter (Order: -3000), Microsoft.AspNetCore.Mvc.Infrastructure.ModelStateInvalidFilter (Order: -2000) 
2024-02-02 14:14:57.2261|0|DEBUG|Microsoft.AspNetCore.Mvc.Infrastructure.ControllerActionInvoker|Execution plan of exception filters (in the following order): None 
2024-02-02 14:14:57.2261|0|DEBUG|Microsoft.AspNetCore.Mvc.Infrastructure.ControllerActionInvoker|Execution plan of result filters (in the following order): Microsoft.AspNetCore.Mvc.Infrastructure.ClientErrorResultFilter (Order: -2000) 
2024-02-02 14:14:57.2261|0|DEBUG|Microsoft.AspNetCore.Mvc.Infrastructure.ControllerActionInvoker|Executing controller factory for controller WMS_UI_API.Controllers.InprocessQCController (WMS UI API) 
2024-02-02 14:14:57.7346|0|DEBUG|Microsoft.AspNetCore.Mvc.Infrastructure.ControllerActionInvoker|Executed controller factory for controller WMS_UI_API.Controllers.InprocessQCController (WMS UI API) 
2024-02-02 14:14:57.7346|0|DEBUG|Microsoft.AspNetCore.Mvc.ModelBinding.ParameterBinder|Attempting to bind parameter 'payload' of type 'WMS_UI_API.Models.ValidateItemQRInputQC' ... 
2024-02-02 14:14:57.7346|0|DEBUG|Microsoft.AspNetCore.Mvc.ModelBinding.Binders.BodyModelBinder|Attempting to bind parameter 'payload' of type 'WMS_UI_API.Models.ValidateItemQRInputQC' using the name '' in request data ... 
2024-02-02 14:14:57.7346|0|DEBUG|Microsoft.AspNetCore.Mvc.ModelBinding.Binders.BodyModelBinder|Selected input formatter 'Microsoft.AspNetCore.Mvc.Formatters.SystemTextJsonInputFormatter' for content type 'application/json'. 
2024-02-02 14:14:57.7472|0|DEBUG|Microsoft.AspNetCore.Server.Kestrel|Connection id "0HN13PCMQ5M5K", Request id "0HN13PCMQ5M5K:00000007": started reading request body. 
2024-02-02 14:14:57.7472|0|DEBUG|Microsoft.AspNetCore.Server.Kestrel|Connection id "0HN13PCMQ5M5K", Request id "0HN13PCMQ5M5K:00000007": done reading request body. 
2024-02-02 14:14:57.7534|0|DEBUG|Microsoft.AspNetCore.Mvc.Formatters.SystemTextJsonInputFormatter|JSON input formatter succeeded, deserializing to type 'WMS_UI_API.Models.ValidateItemQRInputQC' 
2024-02-02 14:14:57.7534|0|DEBUG|Microsoft.AspNetCore.Mvc.ModelBinding.Binders.BodyModelBinder|Done attempting to bind parameter 'payload' of type 'WMS_UI_API.Models.ValidateItemQRInputQC'. 
2024-02-02 14:14:57.7534|0|DEBUG|Microsoft.AspNetCore.Mvc.ModelBinding.ParameterBinder|Done attempting to bind parameter 'payload' of type 'WMS_UI_API.Models.ValidateItemQRInputQC'. 
2024-02-02 14:14:57.7534|0|DEBUG|Microsoft.AspNetCore.Mvc.ModelBinding.ParameterBinder|Attempting to validate the bound parameter 'payload' of type 'WMS_UI_API.Models.ValidateItemQRInputQC' ... 
2024-02-02 14:14:57.7534|0|DEBUG|Microsoft.AspNetCore.Mvc.ModelBinding.ParameterBinder|Done attempting to validate the bound parameter 'payload' of type 'WMS_UI_API.Models.ValidateItemQRInputQC'. 
2024-02-02 14:14:57.7534|0|TRACE|Microsoft.AspNetCore.Mvc.Infrastructure.ControllerActionInvoker|Action Filter: Before executing OnActionExecuting on filter Microsoft.AspNetCore.Mvc.ModelBinding.UnsupportedContentTypeFilter. 
2024-02-02 14:14:57.7534|0|TRACE|Microsoft.AspNetCore.Mvc.Infrastructure.ControllerActionInvoker|Action Filter: After executing OnActionExecuting on filter Microsoft.AspNetCore.Mvc.ModelBinding.UnsupportedContentTypeFilter. 
2024-02-02 14:14:57.7534|0|TRACE|Microsoft.AspNetCore.Mvc.Infrastructure.ControllerActionInvoker|Action Filter: Before executing OnActionExecuting on filter Microsoft.AspNetCore.Mvc.Infrastructure.ModelStateInvalidFilter. 
2024-02-02 14:14:57.7534|0|TRACE|Microsoft.AspNetCore.Mvc.Infrastructure.ControllerActionInvoker|Action Filter: After executing OnActionExecuting on filter Microsoft.AspNetCore.Mvc.Infrastructure.ModelStateInvalidFilter. 
2024-02-02 14:14:57.7534|0|INFO|Microsoft.AspNetCore.Mvc.Infrastructure.ControllerActionInvoker|Executing action method WMS_UI_API.Controllers.InprocessQCController.ValidateItemNewFlow (WMS UI API) - Validation state: Valid 
2024-02-02 14:14:57.7534|0|TRACE|Microsoft.AspNetCore.Mvc.Infrastructure.ControllerActionInvoker|Executing action method WMS_UI_API.Controllers.InprocessQCController.ValidateItemNewFlow (WMS UI API) with arguments (WMS_UI_API.Models.ValidateItemQRInputQC) 
2024-02-02 14:14:57.8404|0|INFO|WMS_UI_API.Controllers.InprocessQCController| Calling InprocessQCController : ValidateItemNewFlow()  
2024-02-02 14:14:57.8686|0|INFO|WMS_UI_API.Controllers.InprocessQCController| InprocessQCController : Query : 
                SELECT * FROM QIT_Production_QR_Detail A 
                WHERE ISNULL(A.BranchID, @bID) = @bID and A.QRCodeId = @dQR   
2024-02-02 14:14:58.0857|0|INFO|WMS_UI_API.Controllers.InprocessQCController| InprocessQCController : Query :  SELECT A.* FROM QIT_QRStock_ProToReceipt A WHERE A.QRCodeID = @dQR AND ISNULL(A.BranchID, @bID) = @bID   
2024-02-02 14:14:58.0919|0|INFO|WMS_UI_API.Controllers.InprocessQCController| InprocessQCController : ValidateItemNewFlow() Query :  SELECT A.ItemCode, A.QRCodeID, B.U_QA
                            FROM QIT_QRStock_ProToReceipt A 
                            INNER JOIN KCMPL_LIVE0512.dbo.OITM B ON A.ItemCode collate SQL_Latin1_General_CP850_CI_AS = B.ItemCode
                            WHERE A.QRCodeID = @dQR AND B.U_QA in (2) AND ISNULL(A.BranchID, @bID) = @bID   
2024-02-02 14:14:58.0964|0|INFO|WMS_UI_API.Controllers.InprocessQCController| InprocessQCController : ValidateItemNewFlow : QC already done Query :  
                SELECT * FROM 
                (
                    SELECT 
                    (
                        SELECT ISNULL(SUM(A.Qty),0) from QIT_Production_QR_Detail A
                        WHERE A.QRCodeID = @dQR AND ISNULL(A.BranchID, @bID) = @bID
                    ) -
                    (
                        SELECT ISNULL(SUM(A.Qty),0) QCQty FROM QIT_InProcQC_Detail A   
                        WHERE A.QRCodeID = @dQR AND ISNULL(A.BranchID, @bID) = @bID
                    ) as PendQty
                ) as A
                WHERE A.PendQty = 0    
2024-02-02 14:14:58.0964|0|INFO|WMS_UI_API.Controllers.InprocessQCController| InprocessQCController : ValidateItemNewFlow() Query :  
                SELECT A.* FROM
                (
                    SELECT A.DocEntry ProOrdDocEntry, A.DocNum ProOrdDocNum, A.QRCodeID HeaderQRCodeID, B.QRCodeID DetailQRCodeID, B.RecNo,
                           C.DocEntry RecDocEntry, C.DocNum RecDocNum, C.CardCode, C.CardName,
		                   C.DocDate, D.ItemCode, D.Dscription ItemName, E.Qty RecQty, B.Qty QRQty, 
                           ( SELECT ISNULL(sum(Qty),0) FROM QIT_InProcQC_Detail WHERE QRCodeID = @dQR ) QCQty,          
                           D.Project, F.UomCode, D.WhsCode,
                           E.ToWhs FromWhs, ISNULL(E.ToBinAbsEntry,0) FromBin, 
                           ( SELECT BinCode FROM KCMPL_LIVE0512.dbo.OBIN WHERE AbsEntry = E.ToBinAbsEntry) FromBinCode
                    FROM QIT_Production_QR_Header A 
                        INNER JOIN QIT_Production_QR_Detail B ON A.HeaderSrNo = B.HeaderSrNo
                        INNER JOIN KCMPL_LIVE0512.dbo.OIGN C ON C.CANCELED = 'N' AND C.DocEntry = 
                              ( SELECT DISTINCT DocEntry FROM QIT_Trans_ProToReceipt Z1 
                                INNER JOIN QIT_QRStock_ProToReceipt Z2 ON Z1.TransSeq = Z2.TransSeq 
                                WHERE Z2.QRCodeID = @dQR 
                              )
                        INNER JOIN KCMPL_LIVE0512.dbo.IGN1 D ON D.DocEntry = C.DocEntry AND 
                              D.ItemCode collate SQL_Latin1_General_CP850_CI_AS = B.ItemCode  
                        INNER JOIN QIT_ProQRStock_InvTrans E ON E.QRCodeID = B.QRCodeID
                        INNER JOIN QIT_Item_Master F ON F.ItemCode collate SQL_Latin1_General_CP850_CI_AS = D.ItemCode
                    WHERE B.QRCodeID = @dQR AND ISNULL(A.BranchID, @bID) = @bID AND
                          E.TransId = ( SELECT MIN(TRansID) FROM QIT_ProQRStock_InvTrans 
                                        WHERE QRCodeID = @dQR and ItemCode = B.ItemCode AND RecNo = B.RecNo 
                                      )
                ) as A
                  
2024-02-02 14:14:58.1236|0|INFO|Microsoft.AspNetCore.Mvc.Infrastructure.ControllerActionInvoker|Executed action method WMS_UI_API.Controllers.InprocessQCController.ValidateItemNewFlow (WMS UI API), returned result Microsoft.AspNetCore.Mvc.BadRequestObjectResult in 360.6834ms. 
2024-02-02 14:14:58.1236|0|TRACE|Microsoft.AspNetCore.Mvc.Infrastructure.ControllerActionInvoker|Action Filter: Before executing OnActionExecuted on filter Microsoft.AspNetCore.Mvc.Infrastructure.ModelStateInvalidFilter. 
2024-02-02 14:14:58.1236|0|TRACE|Microsoft.AspNetCore.Mvc.Infrastructure.ControllerActionInvoker|Action Filter: After executing OnActionExecuted on filter Microsoft.AspNetCore.Mvc.Infrastructure.ModelStateInvalidFilter. 
2024-02-02 14:14:58.1236|0|TRACE|Microsoft.AspNetCore.Mvc.Infrastructure.ControllerActionInvoker|Action Filter: Before executing OnActionExecuted on filter Microsoft.AspNetCore.Mvc.ModelBinding.UnsupportedContentTypeFilter. 
2024-02-02 14:14:58.1236|0|TRACE|Microsoft.AspNetCore.Mvc.Infrastructure.ControllerActionInvoker|Action Filter: After executing OnActionExecuted on filter Microsoft.AspNetCore.Mvc.ModelBinding.UnsupportedContentTypeFilter. 
2024-02-02 14:14:58.1236|0|TRACE|Microsoft.AspNetCore.Mvc.Infrastructure.ControllerActionInvoker|Result Filter: Before executing OnResultExecuting on filter Microsoft.AspNetCore.Mvc.Infrastructure.ClientErrorResultFilter. 
2024-02-02 14:14:58.1236|0|TRACE|Microsoft.AspNetCore.Mvc.Infrastructure.ControllerActionInvoker|Result Filter: After executing OnResultExecuting on filter Microsoft.AspNetCore.Mvc.Infrastructure.ClientErrorResultFilter. 
2024-02-02 14:14:58.1236|0|TRACE|Microsoft.AspNetCore.Mvc.Infrastructure.ControllerActionInvoker|Before executing action result Microsoft.AspNetCore.Mvc.BadRequestObjectResult. 
2024-02-02 14:14:58.1236|0|DEBUG|Microsoft.AspNetCore.Mvc.Infrastructure.DefaultOutputFormatterSelector|List of registered output formatters, in the following order: Microsoft.AspNetCore.Mvc.Formatters.HttpNoContentOutputFormatter, Microsoft.AspNetCore.Mvc.Formatters.StringOutputFormatter, Microsoft.AspNetCore.Mvc.Formatters.StreamOutputFormatter, Microsoft.AspNetCore.Mvc.Formatters.SystemTextJsonOutputFormatter 
2024-02-02 14:14:58.1236|0|DEBUG|Microsoft.AspNetCore.Mvc.Infrastructure.DefaultOutputFormatterSelector|Attempting to select an output formatter based on Accept header 'text/plain'. 
2024-02-02 14:14:58.1236|0|DEBUG|Microsoft.AspNetCore.Mvc.Infrastructure.DefaultOutputFormatterSelector|Could not find an output formatter based on content negotiation. Accepted types were (text/plain) 
2024-02-02 14:14:58.1236|0|DEBUG|Microsoft.AspNetCore.Mvc.Infrastructure.DefaultOutputFormatterSelector|Attempting to select an output formatter without using a content type as no explicit content types were specified for the response. 
2024-02-02 14:14:58.1236|0|DEBUG|Microsoft.AspNetCore.Mvc.Infrastructure.DefaultOutputFormatterSelector|Attempting to select the first formatter in the output formatters list which can write the result. 
2024-02-02 14:14:58.1236|0|DEBUG|Microsoft.AspNetCore.Mvc.Infrastructure.DefaultOutputFormatterSelector|Selected output formatter 'Microsoft.AspNetCore.Mvc.Formatters.SystemTextJsonOutputFormatter' and content type 'application/json' to write the response. 
2024-02-02 14:14:58.1236|0|INFO|Microsoft.AspNetCore.Mvc.Infrastructure.ObjectResultExecutor|Executing BadRequestObjectResult, writing value of type '<>f__AnonymousType1`2[[System.String, System.Private.CoreLib, Version=6.0.0.0, Culture=neutral, PublicKeyToken=7cec85d7bea7798e],[System.String, System.Private.CoreLib, Version=6.0.0.0, Culture=neutral, PublicKeyToken=7cec85d7bea7798e]]'. 
2024-02-02 14:14:58.1301|0|TRACE|Microsoft.AspNetCore.Mvc.Infrastructure.ControllerActionInvoker|After executing action result Microsoft.AspNetCore.Mvc.BadRequestObjectResult. 
2024-02-02 14:14:58.1301|0|TRACE|Microsoft.AspNetCore.Mvc.Infrastructure.ControllerActionInvoker|Result Filter: Before executing OnResultExecuted on filter Microsoft.AspNetCore.Mvc.Infrastructure.ClientErrorResultFilter. 
2024-02-02 14:14:58.1301|0|TRACE|Microsoft.AspNetCore.Mvc.Infrastructure.ControllerActionInvoker|Result Filter: After executing OnResultExecuted on filter Microsoft.AspNetCore.Mvc.Infrastructure.ClientErrorResultFilter. 
2024-02-02 14:14:58.1301|0|INFO|Microsoft.AspNetCore.Mvc.Infrastructure.ControllerActionInvoker|Executed action WMS_UI_API.Controllers.InprocessQCController.ValidateItemNewFlow (WMS UI API) in 904.1892ms 
2024-02-02 14:14:58.1301|0|INFO|Microsoft.AspNetCore.Routing.EndpointMiddleware|Executed endpoint 'WMS_UI_API.Controllers.InprocessQCController.ValidateItemNewFlow (WMS UI API)' 
2024-02-02 14:14:58.1301|0|DEBUG|Microsoft.AspNetCore.Server.Kestrel.Connections|Connection id "0HN13PCMQ5M5K" completed keep alive response. 
2024-02-02 14:14:58.1301|0|INFO|Microsoft.AspNetCore.Hosting.Diagnostics|Request finished HTTP/1.1 POST http://localhost:6084/api/InprocessQC/ValidateItemNewFlow application/json 72 - 400 - application/json;+charset=utf-8 933.1300ms 
2024-02-02 14:15:10.8941|0|INFO|Microsoft.AspNetCore.Hosting.Diagnostics|Request starting HTTP/1.1 POST http://localhost:6084/api/InprocessQC/ValidateItemNewFlow application/json 72 
2024-02-02 14:15:10.8941|0|TRACE|Microsoft.AspNetCore.HostFiltering.HostFilteringMiddleware|All hosts are allowed. 
2024-02-02 14:15:10.8941|0|DEBUG|Microsoft.AspNetCore.StaticFiles.StaticFileMiddleware|POST requests are not supported 
2024-02-02 14:15:10.8941|0|DEBUG|Microsoft.AspNetCore.Cors.Infrastructure.CorsService|The request has an origin header: 'http://localhost:6084'. 
2024-02-02 14:15:10.8941|0|INFO|Microsoft.AspNetCore.Cors.Infrastructure.CorsService|CORS policy execution failed. 
2024-02-02 14:15:10.8941|0|INFO|Microsoft.AspNetCore.Cors.Infrastructure.CorsService|Request origin http://localhost:6084 does not have permission to access the resource. 
2024-02-02 14:15:10.8941|0|DEBUG|Microsoft.AspNetCore.Cors.Infrastructure.CorsService|The request has an origin header: 'http://localhost:6084'. 
2024-02-02 14:15:10.8941|0|INFO|Microsoft.AspNetCore.Cors.Infrastructure.CorsService|CORS policy execution successful. 
2024-02-02 14:15:10.8941|0|DEBUG|Microsoft.AspNetCore.Routing.Matching.DfaMatcher|1 candidate(s) found for the request path '/api/InprocessQC/ValidateItemNewFlow' 
2024-02-02 14:15:10.8941|0|DEBUG|Microsoft.AspNetCore.Routing.Matching.DfaMatcher|Endpoint 'WMS_UI_API.Controllers.InprocessQCController.ValidateItemNewFlow (WMS UI API)' with route pattern 'api/InprocessQC/ValidateItemNewFlow' is valid for the request path '/api/InprocessQC/ValidateItemNewFlow' 
2024-02-02 14:15:10.8941|0|DEBUG|Microsoft.AspNetCore.Routing.EndpointRoutingMiddleware|Request matched endpoint 'WMS_UI_API.Controllers.InprocessQCController.ValidateItemNewFlow (WMS UI API)' 
2024-02-02 14:15:10.8941|0|DEBUG|WMS_UI_API.Middlewares.ExceptionHandler|Log Initilized 
2024-02-02 14:15:10.8941|0|DEBUG|Microsoft.AspNetCore.Authentication.JwtBearer.JwtBearerHandler|AuthenticationScheme: Bearer was not authenticated. 
2024-02-02 14:15:10.8941|0|INFO|Microsoft.AspNetCore.Routing.EndpointMiddleware|Executing endpoint 'WMS_UI_API.Controllers.InprocessQCController.ValidateItemNewFlow (WMS UI API)' 
2024-02-02 14:15:10.8941|0|INFO|Microsoft.AspNetCore.Mvc.Infrastructure.ControllerActionInvoker|Route matched with {action = "ValidateItemNewFlow", controller = "InprocessQC"}. Executing controller action with signature System.Threading.Tasks.Task`1[Microsoft.AspNetCore.Mvc.ActionResult`1[System.Collections.Generic.IEnumerable`1[WMS_UI_API.Models.RECItem]]] ValidateItemNewFlow(WMS_UI_API.Models.ValidateItemQRInputQC) on controller WMS_UI_API.Controllers.InprocessQCController (WMS UI API). 
2024-02-02 14:15:10.8941|0|DEBUG|Microsoft.AspNetCore.Mvc.Infrastructure.ControllerActionInvoker|Execution plan of authorization filters (in the following order): None 
2024-02-02 14:15:10.8941|0|DEBUG|Microsoft.AspNetCore.Mvc.Infrastructure.ControllerActionInvoker|Execution plan of resource filters (in the following order): None 
2024-02-02 14:15:10.8941|0|DEBUG|Microsoft.AspNetCore.Mvc.Infrastructure.ControllerActionInvoker|Execution plan of action filters (in the following order): Microsoft.AspNetCore.Mvc.ModelBinding.UnsupportedContentTypeFilter (Order: -3000), Microsoft.AspNetCore.Mvc.Infrastructure.ModelStateInvalidFilter (Order: -2000) 
2024-02-02 14:15:10.8941|0|DEBUG|Microsoft.AspNetCore.Mvc.Infrastructure.ControllerActionInvoker|Execution plan of exception filters (in the following order): None 
2024-02-02 14:15:10.8941|0|DEBUG|Microsoft.AspNetCore.Mvc.Infrastructure.ControllerActionInvoker|Execution plan of result filters (in the following order): Microsoft.AspNetCore.Mvc.Infrastructure.ClientErrorResultFilter (Order: -2000) 
2024-02-02 14:15:10.8941|0|DEBUG|Microsoft.AspNetCore.Mvc.Infrastructure.ControllerActionInvoker|Executing controller factory for controller WMS_UI_API.Controllers.InprocessQCController (WMS UI API) 
2024-02-02 14:15:10.8941|0|DEBUG|Microsoft.AspNetCore.Mvc.Infrastructure.ControllerActionInvoker|Executed controller factory for controller WMS_UI_API.Controllers.InprocessQCController (WMS UI API) 
2024-02-02 14:15:10.8941|0|DEBUG|Microsoft.AspNetCore.Mvc.ModelBinding.ParameterBinder|Attempting to bind parameter 'payload' of type 'WMS_UI_API.Models.ValidateItemQRInputQC' ... 
2024-02-02 14:15:10.8941|0|DEBUG|Microsoft.AspNetCore.Mvc.ModelBinding.Binders.BodyModelBinder|Attempting to bind parameter 'payload' of type 'WMS_UI_API.Models.ValidateItemQRInputQC' using the name '' in request data ... 
2024-02-02 14:15:10.8941|0|DEBUG|Microsoft.AspNetCore.Mvc.ModelBinding.Binders.BodyModelBinder|Selected input formatter 'Microsoft.AspNetCore.Mvc.Formatters.SystemTextJsonInputFormatter' for content type 'application/json'. 
2024-02-02 14:15:10.8941|0|DEBUG|Microsoft.AspNetCore.Server.Kestrel|Connection id "0HN13PCMQ5M5K", Request id "0HN13PCMQ5M5K:00000008": started reading request body. 
2024-02-02 14:15:10.8941|0|DEBUG|Microsoft.AspNetCore.Server.Kestrel|Connection id "0HN13PCMQ5M5K", Request id "0HN13PCMQ5M5K:00000008": done reading request body. 
2024-02-02 14:15:10.8941|0|DEBUG|Microsoft.AspNetCore.Mvc.Formatters.SystemTextJsonInputFormatter|JSON input formatter succeeded, deserializing to type 'WMS_UI_API.Models.ValidateItemQRInputQC' 
2024-02-02 14:15:10.8941|0|DEBUG|Microsoft.AspNetCore.Mvc.ModelBinding.Binders.BodyModelBinder|Done attempting to bind parameter 'payload' of type 'WMS_UI_API.Models.ValidateItemQRInputQC'. 
2024-02-02 14:15:10.8941|0|DEBUG|Microsoft.AspNetCore.Mvc.ModelBinding.ParameterBinder|Done attempting to bind parameter 'payload' of type 'WMS_UI_API.Models.ValidateItemQRInputQC'. 
2024-02-02 14:15:10.8941|0|DEBUG|Microsoft.AspNetCore.Mvc.ModelBinding.ParameterBinder|Attempting to validate the bound parameter 'payload' of type 'WMS_UI_API.Models.ValidateItemQRInputQC' ... 
2024-02-02 14:15:10.8941|0|DEBUG|Microsoft.AspNetCore.Mvc.ModelBinding.ParameterBinder|Done attempting to validate the bound parameter 'payload' of type 'WMS_UI_API.Models.ValidateItemQRInputQC'. 
2024-02-02 14:15:10.8941|0|TRACE|Microsoft.AspNetCore.Mvc.Infrastructure.ControllerActionInvoker|Action Filter: Before executing OnActionExecuting on filter Microsoft.AspNetCore.Mvc.ModelBinding.UnsupportedContentTypeFilter. 
2024-02-02 14:15:10.8941|0|TRACE|Microsoft.AspNetCore.Mvc.Infrastructure.ControllerActionInvoker|Action Filter: After executing OnActionExecuting on filter Microsoft.AspNetCore.Mvc.ModelBinding.UnsupportedContentTypeFilter. 
2024-02-02 14:15:10.8941|0|TRACE|Microsoft.AspNetCore.Mvc.Infrastructure.ControllerActionInvoker|Action Filter: Before executing OnActionExecuting on filter Microsoft.AspNetCore.Mvc.Infrastructure.ModelStateInvalidFilter. 
2024-02-02 14:15:10.8941|0|TRACE|Microsoft.AspNetCore.Mvc.Infrastructure.ControllerActionInvoker|Action Filter: After executing OnActionExecuting on filter Microsoft.AspNetCore.Mvc.Infrastructure.ModelStateInvalidFilter. 
2024-02-02 14:15:10.8941|0|INFO|Microsoft.AspNetCore.Mvc.Infrastructure.ControllerActionInvoker|Executing action method WMS_UI_API.Controllers.InprocessQCController.ValidateItemNewFlow (WMS UI API) - Validation state: Valid 
2024-02-02 14:15:10.8941|0|TRACE|Microsoft.AspNetCore.Mvc.Infrastructure.ControllerActionInvoker|Executing action method WMS_UI_API.Controllers.InprocessQCController.ValidateItemNewFlow (WMS UI API) with arguments (WMS_UI_API.Models.ValidateItemQRInputQC) 
2024-02-02 14:15:10.8941|0|INFO|WMS_UI_API.Controllers.InprocessQCController| Calling InprocessQCController : ValidateItemNewFlow()  
2024-02-02 14:15:10.8941|0|INFO|WMS_UI_API.Controllers.InprocessQCController| InprocessQCController : Query : 
                SELECT * FROM QIT_Production_QR_Detail A 
                WHERE ISNULL(A.BranchID, @bID) = @bID and A.QRCodeId = @dQR   
2024-02-02 14:15:10.8941|0|INFO|WMS_UI_API.Controllers.InprocessQCController| InprocessQCController : Query :  SELECT A.* FROM QIT_QRStock_ProToReceipt A WHERE A.QRCodeID = @dQR AND ISNULL(A.BranchID, @bID) = @bID   
2024-02-02 14:15:10.9096|0|INFO|WMS_UI_API.Controllers.InprocessQCController| InprocessQCController : ValidateItemNewFlow() Query :  SELECT A.ItemCode, A.QRCodeID, B.U_QA
                            FROM QIT_QRStock_ProToReceipt A 
                            INNER JOIN KCMPL_LIVE0512.dbo.OITM B ON A.ItemCode collate SQL_Latin1_General_CP850_CI_AS = B.ItemCode
                            WHERE A.QRCodeID = @dQR AND B.U_QA in (2) AND ISNULL(A.BranchID, @bID) = @bID   
2024-02-02 14:15:10.9096|0|INFO|WMS_UI_API.Controllers.InprocessQCController| InprocessQCController : ValidateItemNewFlow : QC already done Query :  
                SELECT * FROM 
                (
                    SELECT 
                    (
                        SELECT ISNULL(SUM(A.Qty),0) from QIT_Production_QR_Detail A
                        WHERE A.QRCodeID = @dQR AND ISNULL(A.BranchID, @bID) = @bID
                    ) -
                    (
                        SELECT ISNULL(SUM(A.Qty),0) QCQty FROM QIT_InProcQC_Detail A   
                        WHERE A.QRCodeID = @dQR AND ISNULL(A.BranchID, @bID) = @bID
                    ) as PendQty
                ) as A
                WHERE A.PendQty = 0    
2024-02-02 14:15:10.9096|0|INFO|WMS_UI_API.Controllers.InprocessQCController| InprocessQCController : ValidateItemNewFlow() Query :  
                SELECT A.* FROM
                (
                    SELECT A.DocEntry ProOrdDocEntry, A.DocNum ProOrdDocNum, A.QRCodeID HeaderQRCodeID, B.QRCodeID DetailQRCodeID, B.RecNo,
                           C.DocEntry RecDocEntry, C.DocNum RecDocNum, C.CardCode, C.CardName,
		                   C.DocDate, D.ItemCode, D.Dscription ItemName, E.Qty RecQty, B.Qty QRQty, 
                           ( SELECT ISNULL(sum(Qty),0) FROM QIT_InProcQC_Detail WHERE QRCodeID = @dQR ) QCQty,          
                           D.Project, F.UomCode, D.WhsCode,
                           E.ToWhs FromWhs, ISNULL(E.ToBinAbsEntry,0) FromBin, 
                           ( SELECT BinCode FROM KCMPL_LIVE0512.dbo.OBIN WHERE AbsEntry = E.ToBinAbsEntry) FromBinCode
                    FROM QIT_Production_QR_Header A 
                        INNER JOIN QIT_Production_QR_Detail B ON A.HeaderSrNo = B.HeaderSrNo
                        INNER JOIN KCMPL_LIVE0512.dbo.OIGN C ON C.CANCELED = 'N' AND C.DocEntry = 
                              ( SELECT DISTINCT DocEntry FROM QIT_Trans_ProToReceipt Z1 
                                INNER JOIN QIT_QRStock_ProToReceipt Z2 ON Z1.TransSeq = Z2.TransSeq 
                                WHERE Z2.QRCodeID = @dQR 
                              )
                        INNER JOIN KCMPL_LIVE0512.dbo.IGN1 D ON D.DocEntry = C.DocEntry AND 
                              D.ItemCode collate SQL_Latin1_General_CP850_CI_AS = B.ItemCode  
                        INNER JOIN QIT_ProQRStock_InvTrans E ON E.QRCodeID = B.QRCodeID
                        INNER JOIN QIT_Item_Master F ON F.ItemCode collate SQL_Latin1_General_CP850_CI_AS = D.ItemCode
                    WHERE B.QRCodeID = @dQR AND ISNULL(A.BranchID, @bID) = @bID AND
                          E.TransId = ( SELECT MIN(TRansID) FROM QIT_ProQRStock_InvTrans 
                                        WHERE QRCodeID = @dQR and ItemCode = B.ItemCode AND RecNo = B.RecNo 
                                      )
                ) as A
                  
2024-02-02 14:15:11.1548|0|INFO|Microsoft.AspNetCore.Mvc.Infrastructure.ControllerActionInvoker|Executed action method WMS_UI_API.Controllers.InprocessQCController.ValidateItemNewFlow (WMS UI API), returned result Microsoft.AspNetCore.Mvc.ObjectResult in 251.4723ms. 
2024-02-02 14:15:11.1548|0|TRACE|Microsoft.AspNetCore.Mvc.Infrastructure.ControllerActionInvoker|Action Filter: Before executing OnActionExecuted on filter Microsoft.AspNetCore.Mvc.Infrastructure.ModelStateInvalidFilter. 
2024-02-02 14:15:11.1548|0|TRACE|Microsoft.AspNetCore.Mvc.Infrastructure.ControllerActionInvoker|Action Filter: After executing OnActionExecuted on filter Microsoft.AspNetCore.Mvc.Infrastructure.ModelStateInvalidFilter. 
2024-02-02 14:15:11.1548|0|TRACE|Microsoft.AspNetCore.Mvc.Infrastructure.ControllerActionInvoker|Action Filter: Before executing OnActionExecuted on filter Microsoft.AspNetCore.Mvc.ModelBinding.UnsupportedContentTypeFilter. 
2024-02-02 14:15:11.1548|0|TRACE|Microsoft.AspNetCore.Mvc.Infrastructure.ControllerActionInvoker|Action Filter: After executing OnActionExecuted on filter Microsoft.AspNetCore.Mvc.ModelBinding.UnsupportedContentTypeFilter. 
2024-02-02 14:15:11.1548|0|TRACE|Microsoft.AspNetCore.Mvc.Infrastructure.ControllerActionInvoker|Result Filter: Before executing OnResultExecuting on filter Microsoft.AspNetCore.Mvc.Infrastructure.ClientErrorResultFilter. 
2024-02-02 14:15:11.1548|0|TRACE|Microsoft.AspNetCore.Mvc.Infrastructure.ControllerActionInvoker|Result Filter: After executing OnResultExecuting on filter Microsoft.AspNetCore.Mvc.Infrastructure.ClientErrorResultFilter. 
2024-02-02 14:15:11.1548|0|TRACE|Microsoft.AspNetCore.Mvc.Infrastructure.ControllerActionInvoker|Before executing action result Microsoft.AspNetCore.Mvc.ObjectResult. 
2024-02-02 14:15:11.1548|0|DEBUG|Microsoft.AspNetCore.Mvc.Infrastructure.DefaultOutputFormatterSelector|List of registered output formatters, in the following order: Microsoft.AspNetCore.Mvc.Formatters.HttpNoContentOutputFormatter, Microsoft.AspNetCore.Mvc.Formatters.StringOutputFormatter, Microsoft.AspNetCore.Mvc.Formatters.StreamOutputFormatter, Microsoft.AspNetCore.Mvc.Formatters.SystemTextJsonOutputFormatter 
2024-02-02 14:15:11.1548|0|DEBUG|Microsoft.AspNetCore.Mvc.Infrastructure.DefaultOutputFormatterSelector|Attempting to select an output formatter based on Accept header 'text/plain'. 
2024-02-02 14:15:11.1548|0|DEBUG|Microsoft.AspNetCore.Mvc.Infrastructure.DefaultOutputFormatterSelector|Could not find an output formatter based on content negotiation. Accepted types were (text/plain) 
2024-02-02 14:15:11.1548|0|DEBUG|Microsoft.AspNetCore.Mvc.Infrastructure.DefaultOutputFormatterSelector|Attempting to select an output formatter without using a content type as no explicit content types were specified for the response. 
2024-02-02 14:15:11.1548|0|DEBUG|Microsoft.AspNetCore.Mvc.Infrastructure.DefaultOutputFormatterSelector|Attempting to select the first formatter in the output formatters list which can write the result. 
2024-02-02 14:15:11.1548|0|DEBUG|Microsoft.AspNetCore.Mvc.Infrastructure.DefaultOutputFormatterSelector|Selected output formatter 'Microsoft.AspNetCore.Mvc.Formatters.SystemTextJsonOutputFormatter' and content type 'application/json' to write the response. 
2024-02-02 14:15:11.1548|0|INFO|Microsoft.AspNetCore.Mvc.Infrastructure.ObjectResultExecutor|Executing ObjectResult, writing value of type 'System.Collections.Generic.List`1[[WMS_UI_API.Models.RECItem, WMS UI API, Version=1.0.0.0, Culture=neutral, PublicKeyToken=null]]'. 
2024-02-02 14:15:11.1548|0|TRACE|Microsoft.AspNetCore.Mvc.Infrastructure.ControllerActionInvoker|After executing action result Microsoft.AspNetCore.Mvc.ObjectResult. 
2024-02-02 14:15:11.1548|0|TRACE|Microsoft.AspNetCore.Mvc.Infrastructure.ControllerActionInvoker|Result Filter: Before executing OnResultExecuted on filter Microsoft.AspNetCore.Mvc.Infrastructure.ClientErrorResultFilter. 
2024-02-02 14:15:11.1548|0|TRACE|Microsoft.AspNetCore.Mvc.Infrastructure.ControllerActionInvoker|Result Filter: After executing OnResultExecuted on filter Microsoft.AspNetCore.Mvc.Infrastructure.ClientErrorResultFilter. 
2024-02-02 14:15:11.1548|0|INFO|Microsoft.AspNetCore.Mvc.Infrastructure.ControllerActionInvoker|Executed action WMS_UI_API.Controllers.InprocessQCController.ValidateItemNewFlow (WMS UI API) in 254.9551ms 
2024-02-02 14:15:11.1548|0|INFO|Microsoft.AspNetCore.Routing.EndpointMiddleware|Executed endpoint 'WMS_UI_API.Controllers.InprocessQCController.ValidateItemNewFlow (WMS UI API)' 
2024-02-02 14:15:11.1548|0|DEBUG|Microsoft.AspNetCore.Server.Kestrel.Connections|Connection id "0HN13PCMQ5M5K" completed keep alive response. 
2024-02-02 14:15:11.1548|0|INFO|Microsoft.AspNetCore.Hosting.Diagnostics|Request finished HTTP/1.1 POST http://localhost:6084/api/InprocessQC/ValidateItemNewFlow application/json 72 - 200 - application/json;+charset=utf-8 262.6910ms 
2024-02-02 14:19:54.7606|0|DEBUG|Microsoft.AspNetCore.Server.Kestrel.Transport.Sockets|Connection id "0HN13PCMQ5M5L" received FIN. 
2024-02-02 14:19:54.7606|0|DEBUG|Microsoft.AspNetCore.Server.Kestrel.Transport.Sockets|Connection id "0HN13PCMQ5M5L" sending FIN because: "The Socket transport's send loop completed gracefully." 
2024-02-02 14:19:54.7739|0|DEBUG|Microsoft.AspNetCore.Server.Kestrel.Connections|Connection id "0HN13PCMQ5M5L" disconnecting. 
2024-02-02 14:19:54.7739|0|DEBUG|Microsoft.AspNetCore.Server.Kestrel.Connections|Connection id "0HN13PCMQ5M5L" stopped. 
2024-02-02 14:20:40.3025|0|DEBUG|Microsoft.AspNetCore.Server.Kestrel.Transport.Sockets|Connection id "0HN13PCMQ5M5K" received FIN. 
2024-02-02 14:20:40.3025|0|DEBUG|Microsoft.AspNetCore.Server.Kestrel.Connections|Connection id "0HN13PCMQ5M5K" disconnecting. 
2024-02-02 14:20:40.3025|0|DEBUG|Microsoft.AspNetCore.Server.Kestrel.Transport.Sockets|Connection id "0HN13PCMQ5M5K" sending FIN because: "The Socket transport's send loop completed gracefully." 
2024-02-02 14:20:40.3217|0|DEBUG|Microsoft.AspNetCore.Server.Kestrel.Connections|Connection id "0HN13PCMQ5M5K" stopped. 
2024-02-02 15:50:45.8800|0|DEBUG|WMS_UI_API.Program|NLogeer initilized in 'Main' 
2024-02-02 15:50:47.0793|0|DEBUG|Microsoft.Extensions.Hosting.Internal.Host|Hosting starting 
2024-02-02 15:50:47.1128|0|INFO|Microsoft.AspNetCore.DataProtection.KeyManagement.XmlKeyManager|User profile is available. Using 'C:\Users\Administrator\AppData\Local\ASP.NET\DataProtection-Keys' as key repository and Windows DPAPI to encrypt keys at rest. 
2024-02-02 15:50:47.1255|0|DEBUG|Microsoft.AspNetCore.DataProtection.Repositories.FileSystemXmlRepository|Reading data from file 'C:\Users\Administrator\AppData\Local\ASP.NET\DataProtection-Keys\key-8d5202c6-241b-48a1-bf3b-b9600653df67.xml'. 
2024-02-02 15:50:47.1255|0|DEBUG|Microsoft.AspNetCore.DataProtection.Repositories.FileSystemXmlRepository|Reading data from file 'C:\Users\Administrator\AppData\Local\ASP.NET\DataProtection-Keys\key-d4ba379b-ed04-4785-b05a-ff62577380f2.xml'. 
2024-02-02 15:50:47.1255|0|DEBUG|Microsoft.AspNetCore.DataProtection.KeyManagement.XmlKeyManager|Found key {8d5202c6-241b-48a1-bf3b-b9600653df67}. 
2024-02-02 15:50:47.1312|0|DEBUG|Microsoft.AspNetCore.DataProtection.KeyManagement.XmlKeyManager|Found key {d4ba379b-ed04-4785-b05a-ff62577380f2}. 
2024-02-02 15:50:47.1312|0|DEBUG|Microsoft.AspNetCore.DataProtection.KeyManagement.DefaultKeyResolver|Considering key {d4ba379b-ed04-4785-b05a-ff62577380f2} with expiration date 2024-04-24 11:52:15Z as default key. 
2024-02-02 15:50:47.1312|0|DEBUG|Microsoft.AspNetCore.DataProtection.TypeForwardingActivator|Forwarded activator type request from Microsoft.AspNetCore.DataProtection.XmlEncryption.DpapiXmlDecryptor, Microsoft.AspNetCore.DataProtection, Version=6.0.0.0, Culture=neutral, PublicKeyToken=adb9793829ddae60 to Microsoft.AspNetCore.DataProtection.XmlEncryption.DpapiXmlDecryptor, Microsoft.AspNetCore.DataProtection, Culture=neutral, PublicKeyToken=adb9793829ddae60 
2024-02-02 15:50:47.1312|0|DEBUG|Microsoft.AspNetCore.DataProtection.XmlEncryption.DpapiXmlDecryptor|Decrypting secret element using Windows DPAPI. 
2024-02-02 15:50:47.1312|0|DEBUG|Microsoft.AspNetCore.DataProtection.TypeForwardingActivator|Forwarded activator type request from Microsoft.AspNetCore.DataProtection.AuthenticatedEncryption.ConfigurationModel.AuthenticatedEncryptorDescriptorDeserializer, Microsoft.AspNetCore.DataProtection, Version=6.0.0.0, Culture=neutral, PublicKeyToken=adb9793829ddae60 to Microsoft.AspNetCore.DataProtection.AuthenticatedEncryption.ConfigurationModel.AuthenticatedEncryptorDescriptorDeserializer, Microsoft.AspNetCore.DataProtection, Culture=neutral, PublicKeyToken=adb9793829ddae60 
2024-02-02 15:50:47.1312|0|DEBUG|Microsoft.AspNetCore.DataProtection.AuthenticatedEncryption.CngCbcAuthenticatedEncryptorFactory|Opening CNG algorithm 'AES' from provider '(null)' with chaining mode CBC. 
2024-02-02 15:50:47.1312|0|DEBUG|Microsoft.AspNetCore.DataProtection.AuthenticatedEncryption.CngCbcAuthenticatedEncryptorFactory|Opening CNG algorithm 'SHA256' from provider '(null)' with HMAC. 
2024-02-02 15:50:47.1467|0|DEBUG|Microsoft.AspNetCore.DataProtection.KeyManagement.KeyRingProvider|Using key {d4ba379b-ed04-4785-b05a-ff62577380f2} as the default key. 
2024-02-02 15:50:47.1467|0|DEBUG|Microsoft.AspNetCore.DataProtection.Internal.DataProtectionHostedService|Key ring with default key {d4ba379b-ed04-4785-b05a-ff62577380f2} was loaded during application startup. 
2024-02-02 15:50:47.2513|0|DEBUG|Microsoft.AspNetCore.Mvc.ModelBinding.ModelBinderFactory|Registered model binder providers, in the following order: Microsoft.AspNetCore.Mvc.ModelBinding.Binders.BinderTypeModelBinderProvider, Microsoft.AspNetCore.Mvc.ModelBinding.Binders.ServicesModelBinderProvider, Microsoft.AspNetCore.Mvc.ModelBinding.Binders.BodyModelBinderProvider, Microsoft.AspNetCore.Mvc.ModelBinding.Binders.HeaderModelBinderProvider, Microsoft.AspNetCore.Mvc.ModelBinding.Binders.FloatingPointTypeModelBinderProvider, Microsoft.AspNetCore.Mvc.ModelBinding.Binders.EnumTypeModelBinderProvider, Microsoft.AspNetCore.Mvc.ModelBinding.Binders.DateTimeModelBinderProvider, Microsoft.AspNetCore.Mvc.ModelBinding.Binders.SimpleTypeModelBinderProvider, Microsoft.AspNetCore.Mvc.ModelBinding.Binders.CancellationTokenModelBinderProvider, Microsoft.AspNetCore.Mvc.ModelBinding.Binders.ByteArrayModelBinderProvider, Microsoft.AspNetCore.Mvc.ModelBinding.Binders.FormFileModelBinderProvider, Microsoft.AspNetCore.Mvc.ModelBinding.Binders.FormCollectionModelBinderProvider, Microsoft.AspNetCore.Mvc.ModelBinding.Binders.KeyValuePairModelBinderProvider, Microsoft.AspNetCore.Mvc.ModelBinding.Binders.DictionaryModelBinderProvider, Microsoft.AspNetCore.Mvc.ModelBinding.Binders.ArrayModelBinderProvider, Microsoft.AspNetCore.Mvc.ModelBinding.Binders.CollectionModelBinderProvider, Microsoft.AspNetCore.Mvc.ModelBinding.Binders.ComplexObjectModelBinderProvider 
2024-02-02 15:50:47.3894|0|DEBUG|Microsoft.AspNetCore.SignalR.Internal.DefaultHubProtocolResolver|Registered SignalR Protocol: json, implemented by Microsoft.AspNetCore.SignalR.Protocol.JsonHubProtocol. 
2024-02-02 15:50:47.4095|0|TRACE|Microsoft.AspNetCore.SignalR.Internal.DefaultHubDispatcher|'NotificationHub' hub method 'NewEntryAdded' is bound. 
2024-02-02 15:50:47.4545|0|INFO|Microsoft.Hosting.Lifetime|Now listening on: http://localhost:6084 
2024-02-02 15:50:47.4743|0|DEBUG|Microsoft.AspNetCore.Hosting.Diagnostics|Loaded hosting startup assembly WMS UI API 
2024-02-02 15:50:47.4743|0|DEBUG|Microsoft.AspNetCore.Hosting.Diagnostics|Loaded hosting startup assembly Microsoft.AspNetCore.Watch.BrowserRefresh 
2024-02-02 15:50:47.4743|0|DEBUG|Microsoft.AspNetCore.Hosting.Diagnostics|Loaded hosting startup assembly Microsoft.WebTools.BrowserLink.Net 
2024-02-02 15:50:47.4743|0|TRACE|Microsoft.AspNetCore.Http.Connections.Internal.HttpConnectionManager|Starting connection heartbeat. 
2024-02-02 15:50:47.4743|0|INFO|Microsoft.Hosting.Lifetime|Application started. Press Ctrl+C to shut down. 
2024-02-02 15:50:47.4743|0|INFO|Microsoft.Hosting.Lifetime|Hosting environment: Development 
2024-02-02 15:50:47.4743|0|INFO|Microsoft.Hosting.Lifetime|Content root path: C:\WMS UI API - Kuster - Check multiple PO\WMS UI API 
2024-02-02 15:50:47.4743|0|DEBUG|Microsoft.Extensions.Hosting.Internal.Host|Hosting started 
2024-02-02 15:50:47.6097|0|DEBUG|Microsoft.AspNetCore.Server.Kestrel.Connections|Connection id "0HN13R2FOD818" accepted. 
2024-02-02 15:50:47.6097|0|DEBUG|Microsoft.AspNetCore.Server.Kestrel.Connections|Connection id "0HN13R2FOD819" accepted. 
2024-02-02 15:50:47.6097|0|DEBUG|Microsoft.AspNetCore.Server.Kestrel.Connections|Connection id "0HN13R2FOD819" started. 
2024-02-02 15:50:47.6097|0|DEBUG|Microsoft.AspNetCore.Server.Kestrel.Connections|Connection id "0HN13R2FOD818" started. 
2024-02-02 15:50:47.6388|0|DEBUG|Microsoft.AspNetCore.Server.Kestrel.Transport.Sockets|Connection id "0HN13R2FOD819" received FIN. 
2024-02-02 15:50:47.6388|0|DEBUG|Microsoft.AspNetCore.Server.Kestrel.Transport.Sockets|Connection id "0HN13R2FOD818" received FIN. 
2024-02-02 15:50:47.6388|0|DEBUG|Microsoft.AspNetCore.Server.Kestrel.Transport.Sockets|Connection id "0HN13R2FOD818" sending FIN because: "The Socket transport's send loop completed gracefully." 
2024-02-02 15:50:47.6388|0|DEBUG|Microsoft.AspNetCore.Server.Kestrel.Transport.Sockets|Connection id "0HN13R2FOD819" sending FIN because: "The Socket transport's send loop completed gracefully." 
2024-02-02 15:50:47.6483|0|DEBUG|Microsoft.AspNetCore.Server.Kestrel.Connections|Connection id "0HN13R2FOD819" disconnecting. 
2024-02-02 15:50:47.6483|0|DEBUG|Microsoft.AspNetCore.Server.Kestrel.Connections|Connection id "0HN13R2FOD818" disconnecting. 
2024-02-02 15:50:47.6483|0|DEBUG|Microsoft.AspNetCore.Server.Kestrel.Connections|Connection id "0HN13R2FOD819" stopped. 
2024-02-02 15:50:47.6483|0|DEBUG|Microsoft.AspNetCore.Server.Kestrel.Connections|Connection id "0HN13R2FOD818" stopped. 
2024-02-02 15:50:47.7671|0|DEBUG|Microsoft.AspNetCore.Server.Kestrel.Connections|Connection id "0HN13R2FOD81A" accepted. 
2024-02-02 15:50:47.7671|0|DEBUG|Microsoft.AspNetCore.Server.Kestrel.Connections|Connection id "0HN13R2FOD81A" started. 
2024-02-02 15:50:47.7757|0|DEBUG|Microsoft.AspNetCore.Server.Kestrel.Connections|Connection id "0HN13R2FOD81B" accepted. 
2024-02-02 15:50:47.7757|0|DEBUG|Microsoft.AspNetCore.Server.Kestrel.Connections|Connection id "0HN13R2FOD81B" started. 
2024-02-02 15:50:47.7956|0|INFO|Microsoft.AspNetCore.Hosting.Diagnostics|Request starting HTTP/1.1 GET http://localhost:6084/WeatherForecast - - 
2024-02-02 15:50:47.8236|0|DEBUG|Microsoft.AspNetCore.HostFiltering.HostFilteringMiddleware|Wildcard detected, all requests with hosts will be allowed. 
2024-02-02 15:50:47.8236|0|TRACE|Microsoft.AspNetCore.HostFiltering.HostFilteringMiddleware|All hosts are allowed. 
2024-02-02 15:50:47.8483|0|DEBUG|Microsoft.AspNetCore.StaticFiles.StaticFileMiddleware|The request path  does not match the path filter 
2024-02-02 15:50:47.8517|0|WARN|Microsoft.AspNetCore.HttpsPolicy.HttpsRedirectionMiddleware|Failed to determine the https port for redirect. 
2024-02-02 15:50:47.8794|0|DEBUG|Microsoft.AspNetCore.Routing.Matching.DfaMatcher|1 candidate(s) found for the request path '/WeatherForecast' 
2024-02-02 15:50:47.8843|0|DEBUG|Microsoft.AspNetCore.Routing.Matching.DfaMatcher|Endpoint 'WMS_UI_API.Controllers.WeatherForecastController.Get (WMS UI API)' with route pattern 'WeatherForecast' is valid for the request path '/WeatherForecast' 
2024-02-02 15:50:47.8843|0|DEBUG|Microsoft.AspNetCore.Routing.EndpointRoutingMiddleware|Request matched endpoint 'WMS_UI_API.Controllers.WeatherForecastController.Get (WMS UI API)' 
2024-02-02 15:50:47.8843|0|DEBUG|WMS_UI_API.Middlewares.ExceptionHandler|Log Initilized 
2024-02-02 15:50:48.4463|0|DEBUG|Microsoft.AspNetCore.Authentication.JwtBearer.JwtBearerHandler|AuthenticationScheme: Bearer was not authenticated. 
2024-02-02 15:50:48.4463|0|INFO|Microsoft.AspNetCore.Routing.EndpointMiddleware|Executing endpoint 'WMS_UI_API.Controllers.WeatherForecastController.Get (WMS UI API)' 
2024-02-02 15:50:48.4594|0|INFO|Microsoft.AspNetCore.Mvc.Infrastructure.ControllerActionInvoker|Route matched with {action = "Get", controller = "WeatherForecast"}. Executing controller action with signature System.Collections.Generic.IEnumerable`1[WMS_UI_API.WeatherForecast] Get() on controller WMS_UI_API.Controllers.WeatherForecastController (WMS UI API). 
2024-02-02 15:50:48.4594|0|DEBUG|Microsoft.AspNetCore.Mvc.Infrastructure.ControllerActionInvoker|Execution plan of authorization filters (in the following order): None 
2024-02-02 15:50:48.4594|0|DEBUG|Microsoft.AspNetCore.Mvc.Infrastructure.ControllerActionInvoker|Execution plan of resource filters (in the following order): None 
2024-02-02 15:50:48.4594|0|DEBUG|Microsoft.AspNetCore.Mvc.Infrastructure.ControllerActionInvoker|Execution plan of action filters (in the following order): Microsoft.AspNetCore.Mvc.ModelBinding.UnsupportedContentTypeFilter (Order: -3000), Microsoft.AspNetCore.Mvc.Infrastructure.ModelStateInvalidFilter (Order: -2000) 
2024-02-02 15:50:48.4594|0|DEBUG|Microsoft.AspNetCore.Mvc.Infrastructure.ControllerActionInvoker|Execution plan of exception filters (in the following order): None 
2024-02-02 15:50:48.4594|0|DEBUG|Microsoft.AspNetCore.Mvc.Infrastructure.ControllerActionInvoker|Execution plan of result filters (in the following order): Microsoft.AspNetCore.Mvc.Infrastructure.ClientErrorResultFilter (Order: -2000) 
2024-02-02 15:50:48.4594|0|DEBUG|Microsoft.AspNetCore.Mvc.Infrastructure.ControllerActionInvoker|Executing controller factory for controller WMS_UI_API.Controllers.WeatherForecastController (WMS UI API) 
2024-02-02 15:50:48.4594|0|DEBUG|Microsoft.AspNetCore.Mvc.Infrastructure.ControllerActionInvoker|Executed controller factory for controller WMS_UI_API.Controllers.WeatherForecastController (WMS UI API) 
2024-02-02 15:50:48.4594|0|TRACE|Microsoft.AspNetCore.Mvc.Infrastructure.ControllerActionInvoker|Action Filter: Before executing OnActionExecuting on filter Microsoft.AspNetCore.Mvc.ModelBinding.UnsupportedContentTypeFilter. 
2024-02-02 15:50:48.4594|0|TRACE|Microsoft.AspNetCore.Mvc.Infrastructure.ControllerActionInvoker|Action Filter: After executing OnActionExecuting on filter Microsoft.AspNetCore.Mvc.ModelBinding.UnsupportedContentTypeFilter. 
2024-02-02 15:50:48.4594|0|TRACE|Microsoft.AspNetCore.Mvc.Infrastructure.ControllerActionInvoker|Action Filter: Before executing OnActionExecuting on filter Microsoft.AspNetCore.Mvc.Infrastructure.ModelStateInvalidFilter. 
2024-02-02 15:50:48.4594|0|TRACE|Microsoft.AspNetCore.Mvc.Infrastructure.ControllerActionInvoker|Action Filter: After executing OnActionExecuting on filter Microsoft.AspNetCore.Mvc.Infrastructure.ModelStateInvalidFilter. 
2024-02-02 15:50:48.4594|0|INFO|Microsoft.AspNetCore.Mvc.Infrastructure.ControllerActionInvoker|Executing action method WMS_UI_API.Controllers.WeatherForecastController.Get (WMS UI API) - Validation state: Valid 
2024-02-02 15:50:48.4594|0|INFO|WMS_UI_API.Controllers.WeatherForecastController|Connection intiation at 10:20:48 
2024-02-02 15:50:48.4594|0|INFO|Microsoft.AspNetCore.Mvc.Infrastructure.ControllerActionInvoker|Executed action method WMS_UI_API.Controllers.WeatherForecastController.Get (WMS UI API), returned result Microsoft.AspNetCore.Mvc.ObjectResult in 3.9788ms. 
2024-02-02 15:50:48.4594|0|TRACE|Microsoft.AspNetCore.Mvc.Infrastructure.ControllerActionInvoker|Action Filter: Before executing OnActionExecuted on filter Microsoft.AspNetCore.Mvc.Infrastructure.ModelStateInvalidFilter. 
2024-02-02 15:50:48.4594|0|TRACE|Microsoft.AspNetCore.Mvc.Infrastructure.ControllerActionInvoker|Action Filter: After executing OnActionExecuted on filter Microsoft.AspNetCore.Mvc.Infrastructure.ModelStateInvalidFilter. 
2024-02-02 15:50:48.4594|0|TRACE|Microsoft.AspNetCore.Mvc.Infrastructure.ControllerActionInvoker|Action Filter: Before executing OnActionExecuted on filter Microsoft.AspNetCore.Mvc.ModelBinding.UnsupportedContentTypeFilter. 
2024-02-02 15:50:48.4594|0|TRACE|Microsoft.AspNetCore.Mvc.Infrastructure.ControllerActionInvoker|Action Filter: After executing OnActionExecuted on filter Microsoft.AspNetCore.Mvc.ModelBinding.UnsupportedContentTypeFilter. 
2024-02-02 15:50:48.4594|0|TRACE|Microsoft.AspNetCore.Mvc.Infrastructure.ControllerActionInvoker|Result Filter: Before executing OnResultExecuting on filter Microsoft.AspNetCore.Mvc.Infrastructure.ClientErrorResultFilter. 
2024-02-02 15:50:48.4594|0|TRACE|Microsoft.AspNetCore.Mvc.Infrastructure.ControllerActionInvoker|Result Filter: After executing OnResultExecuting on filter Microsoft.AspNetCore.Mvc.Infrastructure.ClientErrorResultFilter. 
2024-02-02 15:50:48.4594|0|TRACE|Microsoft.AspNetCore.Mvc.Infrastructure.ControllerActionInvoker|Before executing action result Microsoft.AspNetCore.Mvc.ObjectResult. 
2024-02-02 15:50:48.4746|0|DEBUG|Microsoft.AspNetCore.Mvc.Infrastructure.DefaultOutputFormatterSelector|List of registered output formatters, in the following order: Microsoft.AspNetCore.Mvc.Formatters.HttpNoContentOutputFormatter, Microsoft.AspNetCore.Mvc.Formatters.StringOutputFormatter, Microsoft.AspNetCore.Mvc.Formatters.StreamOutputFormatter, Microsoft.AspNetCore.Mvc.Formatters.SystemTextJsonOutputFormatter 
2024-02-02 15:50:48.4746|0|DEBUG|Microsoft.AspNetCore.Mvc.Infrastructure.DefaultOutputFormatterSelector|No information found on request to perform content negotiation. 
2024-02-02 15:50:48.4746|0|DEBUG|Microsoft.AspNetCore.Mvc.Infrastructure.DefaultOutputFormatterSelector|Attempting to select an output formatter without using a content type as no explicit content types were specified for the response. 
2024-02-02 15:50:48.4746|0|DEBUG|Microsoft.AspNetCore.Mvc.Infrastructure.DefaultOutputFormatterSelector|Attempting to select the first formatter in the output formatters list which can write the result. 
2024-02-02 15:50:48.4746|0|DEBUG|Microsoft.AspNetCore.Mvc.Infrastructure.DefaultOutputFormatterSelector|Selected output formatter 'Microsoft.AspNetCore.Mvc.Formatters.SystemTextJsonOutputFormatter' and content type 'application/json' to write the response. 
2024-02-02 15:50:48.4746|0|INFO|Microsoft.AspNetCore.Mvc.Infrastructure.ObjectResultExecutor|Executing ObjectResult, writing value of type 'WMS_UI_API.WeatherForecast[]'. 
2024-02-02 15:50:48.5136|0|TRACE|Microsoft.AspNetCore.Mvc.Infrastructure.ControllerActionInvoker|After executing action result Microsoft.AspNetCore.Mvc.ObjectResult. 
2024-02-02 15:50:48.5136|0|TRACE|Microsoft.AspNetCore.Mvc.Infrastructure.ControllerActionInvoker|Result Filter: Before executing OnResultExecuted on filter Microsoft.AspNetCore.Mvc.Infrastructure.ClientErrorResultFilter. 
2024-02-02 15:50:48.5136|0|TRACE|Microsoft.AspNetCore.Mvc.Infrastructure.ControllerActionInvoker|Result Filter: After executing OnResultExecuted on filter Microsoft.AspNetCore.Mvc.Infrastructure.ClientErrorResultFilter. 
2024-02-02 15:50:48.5136|0|INFO|Microsoft.AspNetCore.Mvc.Infrastructure.ControllerActionInvoker|Executed action WMS_UI_API.Controllers.WeatherForecastController.Get (WMS UI API) in 53.9927ms 
2024-02-02 15:50:48.5136|0|INFO|Microsoft.AspNetCore.Routing.EndpointMiddleware|Executed endpoint 'WMS_UI_API.Controllers.WeatherForecastController.Get (WMS UI API)' 
2024-02-02 15:50:48.5204|0|DEBUG|Microsoft.AspNetCore.Server.Kestrel.Connections|Connection id "0HN13R2FOD81A" completed keep alive response. 
2024-02-02 15:50:48.5204|0|INFO|Microsoft.AspNetCore.Hosting.Diagnostics|Request finished HTTP/1.1 GET http://localhost:6084/WeatherForecast - - - 200 - application/json;+charset=utf-8 728.9758ms 
2024-02-02 15:50:55.3936|0|INFO|Microsoft.AspNetCore.Hosting.Diagnostics|Request starting HTTP/1.1 GET http://localhost:6084/swagger/index.html - - 
2024-02-02 15:50:55.3936|0|TRACE|Microsoft.AspNetCore.HostFiltering.HostFilteringMiddleware|All hosts are allowed. 
2024-02-02 15:50:55.4452|0|DEBUG|Microsoft.AspNetCore.Watch.BrowserRefresh.BrowserRefreshMiddleware|Response markup is scheduled to include browser refresh script injection. 
2024-02-02 15:50:55.5308|0|INFO|Microsoft.AspNetCore.Hosting.Diagnostics|Request starting HTTP/1.1 GET http://localhost:6084/_vs/browserLink - - 
2024-02-02 15:50:55.5308|0|DEBUG|Microsoft.AspNetCore.Watch.BrowserRefresh.BrowserRefreshMiddleware|Response markup was updated to include browser refresh script injection. 
2024-02-02 15:50:55.5308|0|DEBUG|Microsoft.AspNetCore.Server.Kestrel.Connections|Connection id "0HN13R2FOD81A" completed keep alive response. 
2024-02-02 15:50:55.5308|0|INFO|Microsoft.AspNetCore.Hosting.Diagnostics|Request finished HTTP/1.1 GET http://localhost:6084/swagger/index.html - - - 200 - text/html;charset=utf-8 138.9638ms 
2024-02-02 15:50:55.5308|0|INFO|Microsoft.AspNetCore.Hosting.Diagnostics|Request starting HTTP/1.1 GET http://localhost:6084/_framework/aspnetcore-browser-refresh.js - - 
2024-02-02 15:50:55.5396|0|DEBUG|Microsoft.AspNetCore.Server.Kestrel.Connections|Connection id "0HN13R2FOD81A" completed keep alive response. 
2024-02-02 15:50:55.5396|0|INFO|Microsoft.AspNetCore.Hosting.Diagnostics|Request finished HTTP/1.1 GET http://localhost:6084/_framework/aspnetcore-browser-refresh.js - - - 200 11989 application/javascript;+charset=utf-8 4.3988ms 
2024-02-02 15:50:55.5537|0|DEBUG|Microsoft.AspNetCore.Server.Kestrel.Connections|Connection id "0HN13R2FOD81B" completed keep alive response. 
2024-02-02 15:50:55.5537|0|INFO|Microsoft.AspNetCore.Hosting.Diagnostics|Request finished HTTP/1.1 GET http://localhost:6084/_vs/browserLink - - - 200 - text/javascript;+charset=UTF-8 23.0434ms 
2024-02-02 15:50:55.5911|0|INFO|Microsoft.AspNetCore.Hosting.Diagnostics|Request starting HTTP/1.1 GET http://localhost:6084/swagger/v1/swagger.json - - 
2024-02-02 15:50:55.5911|0|TRACE|Microsoft.AspNetCore.HostFiltering.HostFilteringMiddleware|All hosts are allowed. 
2024-02-02 15:50:55.7388|0|DEBUG|Microsoft.AspNetCore.Server.Kestrel.Connections|Connection id "0HN13R2FOD81B" completed keep alive response. 
2024-02-02 15:50:55.7388|0|INFO|Microsoft.AspNetCore.Hosting.Diagnostics|Request finished HTTP/1.1 GET http://localhost:6084/swagger/v1/swagger.json - - - 200 - application/json;charset=utf-8 147.7454ms 
2024-02-02 15:51:13.5203|0|INFO|Microsoft.AspNetCore.Hosting.Diagnostics|Request starting HTTP/1.1 POST http://localhost:6084/api/Production/GetProOrdListReceipt - 0 
2024-02-02 15:51:13.5203|0|TRACE|Microsoft.AspNetCore.HostFiltering.HostFilteringMiddleware|All hosts are allowed. 
2024-02-02 15:51:13.5203|0|DEBUG|Microsoft.AspNetCore.StaticFiles.StaticFileMiddleware|POST requests are not supported 
2024-02-02 15:51:13.5203|0|DEBUG|Microsoft.AspNetCore.Cors.Infrastructure.CorsService|The request has an origin header: 'http://localhost:6084'. 
2024-02-02 15:51:13.5203|0|INFO|Microsoft.AspNetCore.Cors.Infrastructure.CorsService|CORS policy execution failed. 
2024-02-02 15:51:13.5203|0|INFO|Microsoft.AspNetCore.Cors.Infrastructure.CorsService|Request origin http://localhost:6084 does not have permission to access the resource. 
2024-02-02 15:51:13.5203|0|DEBUG|Microsoft.AspNetCore.Cors.Infrastructure.CorsService|The request has an origin header: 'http://localhost:6084'. 
2024-02-02 15:51:13.5203|0|INFO|Microsoft.AspNetCore.Cors.Infrastructure.CorsService|CORS policy execution successful. 
2024-02-02 15:51:13.5203|0|DEBUG|Microsoft.AspNetCore.Routing.Matching.DfaMatcher|1 candidate(s) found for the request path '/api/Production/GetProOrdListReceipt' 
2024-02-02 15:51:13.5203|0|DEBUG|Microsoft.AspNetCore.Routing.Matching.DfaMatcher|Endpoint 'WMS_UI_API.Controllers.ProductionController.GetProOrdListReceipt (WMS UI API)' with route pattern 'api/Production/GetProOrdListReceipt' is valid for the request path '/api/Production/GetProOrdListReceipt' 
2024-02-02 15:51:13.5203|0|DEBUG|Microsoft.AspNetCore.Routing.EndpointRoutingMiddleware|Request matched endpoint 'WMS_UI_API.Controllers.ProductionController.GetProOrdListReceipt (WMS UI API)' 
2024-02-02 15:51:13.5203|0|DEBUG|WMS_UI_API.Middlewares.ExceptionHandler|Log Initilized 
2024-02-02 15:51:13.5203|0|DEBUG|Microsoft.AspNetCore.Authentication.JwtBearer.JwtBearerHandler|AuthenticationScheme: Bearer was not authenticated. 
2024-02-02 15:51:13.5203|0|INFO|Microsoft.AspNetCore.Routing.EndpointMiddleware|Executing endpoint 'WMS_UI_API.Controllers.ProductionController.GetProOrdListReceipt (WMS UI API)' 
2024-02-02 15:51:13.5368|0|INFO|Microsoft.AspNetCore.Mvc.Infrastructure.ControllerActionInvoker|Route matched with {action = "GetProOrdListReceipt", controller = "Production"}. Executing controller action with signature System.Threading.Tasks.Task`1[Microsoft.AspNetCore.Mvc.ActionResult`1[System.Collections.Generic.IEnumerable`1[WMS_UI_API.Models.ProductionOrderReceipt]]] GetProOrdListReceipt() on controller WMS_UI_API.Controllers.ProductionController (WMS UI API). 
2024-02-02 15:51:13.5368|0|DEBUG|Microsoft.AspNetCore.Mvc.Infrastructure.ControllerActionInvoker|Execution plan of authorization filters (in the following order): None 
2024-02-02 15:51:13.5368|0|DEBUG|Microsoft.AspNetCore.Mvc.Infrastructure.ControllerActionInvoker|Execution plan of resource filters (in the following order): None 
2024-02-02 15:51:13.5368|0|DEBUG|Microsoft.AspNetCore.Mvc.Infrastructure.ControllerActionInvoker|Execution plan of action filters (in the following order): Microsoft.AspNetCore.Mvc.ModelBinding.UnsupportedContentTypeFilter (Order: -3000), Microsoft.AspNetCore.Mvc.Infrastructure.ModelStateInvalidFilter (Order: -2000) 
2024-02-02 15:51:13.5368|0|DEBUG|Microsoft.AspNetCore.Mvc.Infrastructure.ControllerActionInvoker|Execution plan of exception filters (in the following order): None 
2024-02-02 15:51:13.5368|0|DEBUG|Microsoft.AspNetCore.Mvc.Infrastructure.ControllerActionInvoker|Execution plan of result filters (in the following order): Microsoft.AspNetCore.Mvc.Infrastructure.ClientErrorResultFilter (Order: -2000) 
2024-02-02 15:51:13.5368|0|DEBUG|Microsoft.AspNetCore.Mvc.Infrastructure.ControllerActionInvoker|Executing controller factory for controller WMS_UI_API.Controllers.ProductionController (WMS UI API) 
2024-02-02 15:51:14.0384|0|DEBUG|Microsoft.AspNetCore.Mvc.Infrastructure.ControllerActionInvoker|Executed controller factory for controller WMS_UI_API.Controllers.ProductionController (WMS UI API) 
2024-02-02 15:51:14.0384|0|TRACE|Microsoft.AspNetCore.Mvc.Infrastructure.ControllerActionInvoker|Action Filter: Before executing OnActionExecuting on filter Microsoft.AspNetCore.Mvc.ModelBinding.UnsupportedContentTypeFilter. 
2024-02-02 15:51:14.0384|0|TRACE|Microsoft.AspNetCore.Mvc.Infrastructure.ControllerActionInvoker|Action Filter: After executing OnActionExecuting on filter Microsoft.AspNetCore.Mvc.ModelBinding.UnsupportedContentTypeFilter. 
2024-02-02 15:51:14.0384|0|TRACE|Microsoft.AspNetCore.Mvc.Infrastructure.ControllerActionInvoker|Action Filter: Before executing OnActionExecuting on filter Microsoft.AspNetCore.Mvc.Infrastructure.ModelStateInvalidFilter. 
2024-02-02 15:51:14.0384|0|TRACE|Microsoft.AspNetCore.Mvc.Infrastructure.ControllerActionInvoker|Action Filter: After executing OnActionExecuting on filter Microsoft.AspNetCore.Mvc.Infrastructure.ModelStateInvalidFilter. 
2024-02-02 15:51:14.0384|0|INFO|Microsoft.AspNetCore.Mvc.Infrastructure.ControllerActionInvoker|Executing action method WMS_UI_API.Controllers.ProductionController.GetProOrdListReceipt (WMS UI API) - Validation state: Valid 
2024-02-02 15:51:14.1329|0|INFO|WMS_UI_API.Controllers.ProductionController| Calling ProductionController : GetProOrdListReceipt()  
2024-02-02 15:51:14.1584|0|INFO|WMS_UI_API.Controllers.ProductionController| ProductionController : GetProOrdListReceipt() Query :  
                SELECT B.*, ( SELECT BinActivat FROM KCMPL_LIVE0512.dbo.OWHS WHERE WhsCode = B.Warehouse) BinActivat,
                       case when C.U_QA in (2) then 'Y' else 'N' end QARequired
                FROM 
                (
                    SELECT A.* FROM 
                    (
	                    SELECT distinct T0.[DocEntry], T0.[DocNum], T1.[SeriesName], T0.[Type], T0.[DueDate], T0.[ItemCode], T0.[ProdName], 
		                       ISNULL(T0.[PlannedQty],0) - ISNULL(( select sum(ReceiptQty) FROM QIT_Draft_Receipt where ProOrdDocEntry = T0.DocEntry ),0) Quantity, 
                               T0.[PlannedQty] , T0.CmpltQty, 
                               T0.Warehouse, T0.Uom UomCode, T0.[Comments], T0.Project,
                               ISNULL(( SELECT SUM(ReceiptQty) FROM QIT_Draft_Receipt WHERE ProOrdDocEntry = T0.DocEntry ),0) ReceiptQty
	                    FROM  KCMPL_LIVE0512.dbo.OWOR T0  
		                      INNER JOIN KCMPL_LIVE0512.dbo.NNM1 T1 ON T0.[Series] = T1.[Series]  
                              INNER JOIN QIT_Trans_ProToIssue T2 ON T0.DocEntry = T2.BaseDocEntry
	                    WHERE T0.[Status] = 'R' AND T0.[Type] = 'S' AND T0.[PlannedQty] > T0.[CmpltQty]    
                    ) AS A
                    WHERE concat(A.DocEntry, A.DocNum) not in 
                    (
	                    SELECT DISTINCT concat(po.DocEntry, DocNum)
	                    FROM KCMPL_LIVE0512.dbo.OWOR po INNER JOIN KCMPL_LIVE0512.dbo.WOR1 poi ON po.DocEntry = poi.DocEntry
	                    WHERE poi.IssuedQty = 0
                    )
                ) as B INNER JOIN KCMPL_LIVE0512.dbo.OITM C ON B.ItemCode = C.ItemCode
                -- ORDER BY A.[DocNum],A.[DocEntry]
                  
2024-02-02 15:51:14.6708|0|INFO|Microsoft.AspNetCore.Mvc.Infrastructure.ControllerActionInvoker|Executed action method WMS_UI_API.Controllers.ProductionController.GetProOrdListReceipt (WMS UI API), returned result Microsoft.AspNetCore.Mvc.ObjectResult in 632.2241ms. 
2024-02-02 15:51:14.6708|0|TRACE|Microsoft.AspNetCore.Mvc.Infrastructure.ControllerActionInvoker|Action Filter: Before executing OnActionExecuted on filter Microsoft.AspNetCore.Mvc.Infrastructure.ModelStateInvalidFilter. 
2024-02-02 15:51:14.6708|0|TRACE|Microsoft.AspNetCore.Mvc.Infrastructure.ControllerActionInvoker|Action Filter: After executing OnActionExecuted on filter Microsoft.AspNetCore.Mvc.Infrastructure.ModelStateInvalidFilter. 
2024-02-02 15:51:14.6708|0|TRACE|Microsoft.AspNetCore.Mvc.Infrastructure.ControllerActionInvoker|Action Filter: Before executing OnActionExecuted on filter Microsoft.AspNetCore.Mvc.ModelBinding.UnsupportedContentTypeFilter. 
2024-02-02 15:51:14.6708|0|TRACE|Microsoft.AspNetCore.Mvc.Infrastructure.ControllerActionInvoker|Action Filter: After executing OnActionExecuted on filter Microsoft.AspNetCore.Mvc.ModelBinding.UnsupportedContentTypeFilter. 
2024-02-02 15:51:14.6708|0|TRACE|Microsoft.AspNetCore.Mvc.Infrastructure.ControllerActionInvoker|Result Filter: Before executing OnResultExecuting on filter Microsoft.AspNetCore.Mvc.Infrastructure.ClientErrorResultFilter. 
2024-02-02 15:51:14.6708|0|TRACE|Microsoft.AspNetCore.Mvc.Infrastructure.ControllerActionInvoker|Result Filter: After executing OnResultExecuting on filter Microsoft.AspNetCore.Mvc.Infrastructure.ClientErrorResultFilter. 
2024-02-02 15:51:14.6708|0|TRACE|Microsoft.AspNetCore.Mvc.Infrastructure.ControllerActionInvoker|Before executing action result Microsoft.AspNetCore.Mvc.ObjectResult. 
2024-02-02 15:51:14.6708|0|DEBUG|Microsoft.AspNetCore.Mvc.Infrastructure.DefaultOutputFormatterSelector|List of registered output formatters, in the following order: Microsoft.AspNetCore.Mvc.Formatters.HttpNoContentOutputFormatter, Microsoft.AspNetCore.Mvc.Formatters.StringOutputFormatter, Microsoft.AspNetCore.Mvc.Formatters.StreamOutputFormatter, Microsoft.AspNetCore.Mvc.Formatters.SystemTextJsonOutputFormatter 
2024-02-02 15:51:14.6708|0|DEBUG|Microsoft.AspNetCore.Mvc.Infrastructure.DefaultOutputFormatterSelector|Attempting to select an output formatter based on Accept header 'text/plain'. 
2024-02-02 15:51:14.6708|0|DEBUG|Microsoft.AspNetCore.Mvc.Infrastructure.DefaultOutputFormatterSelector|Could not find an output formatter based on content negotiation. Accepted types were (text/plain) 
2024-02-02 15:51:14.6708|0|DEBUG|Microsoft.AspNetCore.Mvc.Infrastructure.DefaultOutputFormatterSelector|Attempting to select an output formatter without using a content type as no explicit content types were specified for the response. 
2024-02-02 15:51:14.6708|0|DEBUG|Microsoft.AspNetCore.Mvc.Infrastructure.DefaultOutputFormatterSelector|Attempting to select the first formatter in the output formatters list which can write the result. 
2024-02-02 15:51:14.6708|0|DEBUG|Microsoft.AspNetCore.Mvc.Infrastructure.DefaultOutputFormatterSelector|Selected output formatter 'Microsoft.AspNetCore.Mvc.Formatters.SystemTextJsonOutputFormatter' and content type 'application/json' to write the response. 
2024-02-02 15:51:14.6708|0|INFO|Microsoft.AspNetCore.Mvc.Infrastructure.ObjectResultExecutor|Executing ObjectResult, writing value of type 'System.Collections.Generic.List`1[[WMS_UI_API.Models.ProductionOrderReceipt, WMS UI API, Version=1.0.0.0, Culture=neutral, PublicKeyToken=null]]'. 
2024-02-02 15:51:14.6798|0|TRACE|Microsoft.AspNetCore.Mvc.Infrastructure.ControllerActionInvoker|After executing action result Microsoft.AspNetCore.Mvc.ObjectResult. 
2024-02-02 15:51:14.6798|0|TRACE|Microsoft.AspNetCore.Mvc.Infrastructure.ControllerActionInvoker|Result Filter: Before executing OnResultExecuted on filter Microsoft.AspNetCore.Mvc.Infrastructure.ClientErrorResultFilter. 
2024-02-02 15:51:14.6798|0|TRACE|Microsoft.AspNetCore.Mvc.Infrastructure.ControllerActionInvoker|Result Filter: After executing OnResultExecuted on filter Microsoft.AspNetCore.Mvc.Infrastructure.ClientErrorResultFilter. 
2024-02-02 15:51:14.6798|0|INFO|Microsoft.AspNetCore.Mvc.Infrastructure.ControllerActionInvoker|Executed action WMS_UI_API.Controllers.ProductionController.GetProOrdListReceipt (WMS UI API) in 1142.9054ms 
2024-02-02 15:51:14.6798|0|INFO|Microsoft.AspNetCore.Routing.EndpointMiddleware|Executed endpoint 'WMS_UI_API.Controllers.ProductionController.GetProOrdListReceipt (WMS UI API)' 
2024-02-02 15:51:14.6798|0|DEBUG|Microsoft.AspNetCore.Server.Kestrel.Connections|Connection id "0HN13R2FOD81B" completed keep alive response. 
2024-02-02 15:51:14.6798|0|INFO|Microsoft.AspNetCore.Hosting.Diagnostics|Request finished HTTP/1.1 POST http://localhost:6084/api/Production/GetProOrdListReceipt - 0 - 200 - application/json;+charset=utf-8 1159.5783ms 
