2024-02-29 15:32:24.1861|0|DEBUG|WMS_UI_API.Program|NLogeer initilized in 'Main' 
2024-02-29 15:32:25.1804|0|DEBUG|Microsoft.Extensions.Hosting.Internal.Host|Hosting starting 
2024-02-29 15:32:25.2215|0|INFO|Microsoft.AspNetCore.DataProtection.KeyManagement.XmlKeyManager|User profile is available. Using 'C:\Users\Administrator\AppData\Local\ASP.NET\DataProtection-Keys' as key repository and Windows DPAPI to encrypt keys at rest. 
2024-02-29 15:32:25.2487|0|DEBUG|Microsoft.AspNetCore.DataProtection.Repositories.FileSystemXmlRepository|Reading data from file 'C:\Users\Administrator\AppData\Local\ASP.NET\DataProtection-Keys\key-8d5202c6-241b-48a1-bf3b-b9600653df67.xml'. 
2024-02-29 15:32:25.2487|0|DEBUG|Microsoft.AspNetCore.DataProtection.Repositories.FileSystemXmlRepository|Reading data from file 'C:\Users\Administrator\AppData\Local\ASP.NET\DataProtection-Keys\key-d4ba379b-ed04-4785-b05a-ff62577380f2.xml'. 
2024-02-29 15:32:25.2687|0|DEBUG|Microsoft.AspNetCore.DataProtection.KeyManagement.XmlKeyManager|Found key {8d5202c6-241b-48a1-bf3b-b9600653df67}. 
2024-02-29 15:32:25.2687|0|DEBUG|Microsoft.AspNetCore.DataProtection.KeyManagement.XmlKeyManager|Found key {d4ba379b-ed04-4785-b05a-ff62577380f2}. 
2024-02-29 15:32:25.2687|0|DEBUG|Microsoft.AspNetCore.DataProtection.KeyManagement.DefaultKeyResolver|Considering key {d4ba379b-ed04-4785-b05a-ff62577380f2} with expiration date 2024-04-24 11:52:15Z as default key. 
2024-02-29 15:32:25.2804|0|DEBUG|Microsoft.AspNetCore.DataProtection.TypeForwardingActivator|Forwarded activator type request from Microsoft.AspNetCore.DataProtection.XmlEncryption.DpapiXmlDecryptor, Microsoft.AspNetCore.DataProtection, Version=6.0.0.0, Culture=neutral, PublicKeyToken=adb9793829ddae60 to Microsoft.AspNetCore.DataProtection.XmlEncryption.DpapiXmlDecryptor, Microsoft.AspNetCore.DataProtection, Culture=neutral, PublicKeyToken=adb9793829ddae60 
2024-02-29 15:32:25.2804|0|DEBUG|Microsoft.AspNetCore.DataProtection.XmlEncryption.DpapiXmlDecryptor|Decrypting secret element using Windows DPAPI. 
2024-02-29 15:32:25.2804|0|DEBUG|Microsoft.AspNetCore.DataProtection.TypeForwardingActivator|Forwarded activator type request from Microsoft.AspNetCore.DataProtection.AuthenticatedEncryption.ConfigurationModel.AuthenticatedEncryptorDescriptorDeserializer, Microsoft.AspNetCore.DataProtection, Version=6.0.0.0, Culture=neutral, PublicKeyToken=adb9793829ddae60 to Microsoft.AspNetCore.DataProtection.AuthenticatedEncryption.ConfigurationModel.AuthenticatedEncryptorDescriptorDeserializer, Microsoft.AspNetCore.DataProtection, Culture=neutral, PublicKeyToken=adb9793829ddae60 
2024-02-29 15:32:25.2804|0|DEBUG|Microsoft.AspNetCore.DataProtection.AuthenticatedEncryption.CngCbcAuthenticatedEncryptorFactory|Opening CNG algorithm 'AES' from provider '(null)' with chaining mode CBC. 
2024-02-29 15:32:25.2804|0|DEBUG|Microsoft.AspNetCore.DataProtection.AuthenticatedEncryption.CngCbcAuthenticatedEncryptorFactory|Opening CNG algorithm 'SHA256' from provider '(null)' with HMAC. 
2024-02-29 15:32:25.2804|0|DEBUG|Microsoft.AspNetCore.DataProtection.KeyManagement.KeyRingProvider|Using key {d4ba379b-ed04-4785-b05a-ff62577380f2} as the default key. 
2024-02-29 15:32:25.2804|0|DEBUG|Microsoft.AspNetCore.DataProtection.Internal.DataProtectionHostedService|Key ring with default key {d4ba379b-ed04-4785-b05a-ff62577380f2} was loaded during application startup. 
2024-02-29 15:32:25.4288|0|DEBUG|Microsoft.AspNetCore.Mvc.ModelBinding.ModelBinderFactory|Registered model binder providers, in the following order: Microsoft.AspNetCore.Mvc.ModelBinding.Binders.BinderTypeModelBinderProvider, Microsoft.AspNetCore.Mvc.ModelBinding.Binders.ServicesModelBinderProvider, Microsoft.AspNetCore.Mvc.ModelBinding.Binders.BodyModelBinderProvider, Microsoft.AspNetCore.Mvc.ModelBinding.Binders.HeaderModelBinderProvider, Microsoft.AspNetCore.Mvc.ModelBinding.Binders.FloatingPointTypeModelBinderProvider, Microsoft.AspNetCore.Mvc.ModelBinding.Binders.EnumTypeModelBinderProvider, Microsoft.AspNetCore.Mvc.ModelBinding.Binders.DateTimeModelBinderProvider, Microsoft.AspNetCore.Mvc.ModelBinding.Binders.SimpleTypeModelBinderProvider, Microsoft.AspNetCore.Mvc.ModelBinding.Binders.CancellationTokenModelBinderProvider, Microsoft.AspNetCore.Mvc.ModelBinding.Binders.ByteArrayModelBinderProvider, Microsoft.AspNetCore.Mvc.ModelBinding.Binders.FormFileModelBinderProvider, Microsoft.AspNetCore.Mvc.ModelBinding.Binders.FormCollectionModelBinderProvider, Microsoft.AspNetCore.Mvc.ModelBinding.Binders.KeyValuePairModelBinderProvider, Microsoft.AspNetCore.Mvc.ModelBinding.Binders.DictionaryModelBinderProvider, Microsoft.AspNetCore.Mvc.ModelBinding.Binders.ArrayModelBinderProvider, Microsoft.AspNetCore.Mvc.ModelBinding.Binders.CollectionModelBinderProvider, Microsoft.AspNetCore.Mvc.ModelBinding.Binders.ComplexObjectModelBinderProvider 
2024-02-29 15:32:25.5124|0|DEBUG|Microsoft.AspNetCore.SignalR.Internal.DefaultHubProtocolResolver|Registered SignalR Protocol: json, implemented by Microsoft.AspNetCore.SignalR.Protocol.JsonHubProtocol. 
2024-02-29 15:32:25.5351|0|TRACE|Microsoft.AspNetCore.SignalR.Internal.DefaultHubDispatcher|'NotificationHub' hub method 'NewEntryAdded' is bound. 
2024-02-29 15:32:25.6244|0|INFO|Microsoft.Hosting.Lifetime|Now listening on: http://localhost:6084 
2024-02-29 15:32:25.6548|0|DEBUG|Microsoft.AspNetCore.Hosting.Diagnostics|Loaded hosting startup assembly WMS UI API 
2024-02-29 15:32:25.6548|0|DEBUG|Microsoft.AspNetCore.Hosting.Diagnostics|Loaded hosting startup assembly Microsoft.AspNetCore.Watch.BrowserRefresh 
2024-02-29 15:32:25.6548|0|DEBUG|Microsoft.AspNetCore.Hosting.Diagnostics|Loaded hosting startup assembly Microsoft.WebTools.BrowserLink.Net 
2024-02-29 15:32:25.6548|0|TRACE|Microsoft.AspNetCore.Http.Connections.Internal.HttpConnectionManager|Starting connection heartbeat. 
2024-02-29 15:32:25.6548|0|INFO|Microsoft.Hosting.Lifetime|Application started. Press Ctrl+C to shut down. 
2024-02-29 15:32:25.6548|0|INFO|Microsoft.Hosting.Lifetime|Hosting environment: Development 
2024-02-29 15:32:25.6548|0|INFO|Microsoft.Hosting.Lifetime|Content root path: C:\WMS UI API - Kuster - Check multiple PO\WMS UI API 
2024-02-29 15:32:25.6548|0|DEBUG|Microsoft.Extensions.Hosting.Internal.Host|Hosting started 
2024-02-29 15:32:25.6959|0|DEBUG|Microsoft.AspNetCore.Server.Kestrel.Connections|Connection id "0HN1P1M3U647R" accepted. 
2024-02-29 15:32:25.6959|0|DEBUG|Microsoft.AspNetCore.Server.Kestrel.Connections|Connection id "0HN1P1M3U647R" started. 
2024-02-29 15:32:25.6959|0|DEBUG|Microsoft.AspNetCore.Server.Kestrel.Connections|Connection id "0HN1P1M3U647S" accepted. 
2024-02-29 15:32:25.6959|0|DEBUG|Microsoft.AspNetCore.Server.Kestrel.Connections|Connection id "0HN1P1M3U647S" started. 
2024-02-29 15:32:25.7330|0|DEBUG|Microsoft.AspNetCore.Server.Kestrel.Transport.Sockets|Connection id "0HN1P1M3U647S" received FIN. 
2024-02-29 15:32:25.7330|0|DEBUG|Microsoft.AspNetCore.Server.Kestrel.Transport.Sockets|Connection id "0HN1P1M3U647R" received FIN. 
2024-02-29 15:32:25.7657|0|DEBUG|Microsoft.AspNetCore.Server.Kestrel.Transport.Sockets|Connection id "0HN1P1M3U647R" sending FIN because: "The Socket transport's send loop completed gracefully." 
2024-02-29 15:32:25.7657|0|DEBUG|Microsoft.AspNetCore.Server.Kestrel.Transport.Sockets|Connection id "0HN1P1M3U647S" sending FIN because: "The Socket transport's send loop completed gracefully." 
2024-02-29 15:32:25.7657|0|DEBUG|Microsoft.AspNetCore.Server.Kestrel.Connections|Connection id "0HN1P1M3U647S" disconnecting. 
2024-02-29 15:32:25.7657|0|DEBUG|Microsoft.AspNetCore.Server.Kestrel.Connections|Connection id "0HN1P1M3U647R" disconnecting. 
2024-02-29 15:32:25.7657|0|DEBUG|Microsoft.AspNetCore.Server.Kestrel.Connections|Connection id "0HN1P1M3U647S" stopped. 
2024-02-29 15:32:25.7657|0|DEBUG|Microsoft.AspNetCore.Server.Kestrel.Connections|Connection id "0HN1P1M3U647R" stopped. 
2024-02-29 15:32:25.8788|0|DEBUG|Microsoft.AspNetCore.Server.Kestrel.Connections|Connection id "0HN1P1M3U647T" accepted. 
2024-02-29 15:32:25.8788|0|DEBUG|Microsoft.AspNetCore.Server.Kestrel.Connections|Connection id "0HN1P1M3U647T" started. 
2024-02-29 15:32:25.8788|0|DEBUG|Microsoft.AspNetCore.Server.Kestrel.Connections|Connection id "0HN1P1M3U647U" accepted. 
2024-02-29 15:32:25.8788|0|DEBUG|Microsoft.AspNetCore.Server.Kestrel.Connections|Connection id "0HN1P1M3U647U" started. 
2024-02-29 15:32:25.9182|0|INFO|Microsoft.AspNetCore.Hosting.Diagnostics|Request starting HTTP/1.1 GET http://localhost:6084/WeatherForecast - - 
2024-02-29 15:32:25.9463|0|DEBUG|Microsoft.AspNetCore.HostFiltering.HostFilteringMiddleware|Wildcard detected, all requests with hosts will be allowed. 
2024-02-29 15:32:25.9463|0|TRACE|Microsoft.AspNetCore.HostFiltering.HostFilteringMiddleware|All hosts are allowed. 
2024-02-29 15:32:25.9781|0|DEBUG|Microsoft.AspNetCore.StaticFiles.StaticFileMiddleware|The request path  does not match the path filter 
2024-02-29 15:32:25.9781|0|WARN|Microsoft.AspNetCore.HttpsPolicy.HttpsRedirectionMiddleware|Failed to determine the https port for redirect. 
2024-02-29 15:32:26.0132|0|DEBUG|Microsoft.AspNetCore.Routing.Matching.DfaMatcher|1 candidate(s) found for the request path '/WeatherForecast' 
2024-02-29 15:32:26.0165|0|DEBUG|Microsoft.AspNetCore.Routing.Matching.DfaMatcher|Endpoint 'WMS_UI_API.Controllers.WeatherForecastController.Get (WMS UI API)' with route pattern 'WeatherForecast' is valid for the request path '/WeatherForecast' 
2024-02-29 15:32:26.0165|0|DEBUG|Microsoft.AspNetCore.Routing.EndpointRoutingMiddleware|Request matched endpoint 'WMS_UI_API.Controllers.WeatherForecastController.Get (WMS UI API)' 
2024-02-29 15:32:26.0165|0|DEBUG|WMS_UI_API.Middlewares.ExceptionHandler|Log Initilized 
2024-02-29 15:32:26.5016|0|DEBUG|Microsoft.AspNetCore.Authentication.JwtBearer.JwtBearerHandler|AuthenticationScheme: Bearer was not authenticated. 
2024-02-29 15:32:26.5016|0|INFO|Microsoft.AspNetCore.Routing.EndpointMiddleware|Executing endpoint 'WMS_UI_API.Controllers.WeatherForecastController.Get (WMS UI API)' 
2024-02-29 15:32:26.5141|0|INFO|Microsoft.AspNetCore.Mvc.Infrastructure.ControllerActionInvoker|Route matched with {action = "Get", controller = "WeatherForecast"}. Executing controller action with signature System.Collections.Generic.IEnumerable`1[WMS_UI_API.WeatherForecast] Get() on controller WMS_UI_API.Controllers.WeatherForecastController (WMS UI API). 
2024-02-29 15:32:26.5141|0|DEBUG|Microsoft.AspNetCore.Mvc.Infrastructure.ControllerActionInvoker|Execution plan of authorization filters (in the following order): None 
2024-02-29 15:32:26.5141|0|DEBUG|Microsoft.AspNetCore.Mvc.Infrastructure.ControllerActionInvoker|Execution plan of resource filters (in the following order): None 
2024-02-29 15:32:26.5141|0|DEBUG|Microsoft.AspNetCore.Mvc.Infrastructure.ControllerActionInvoker|Execution plan of action filters (in the following order): Microsoft.AspNetCore.Mvc.ModelBinding.UnsupportedContentTypeFilter (Order: -3000), Microsoft.AspNetCore.Mvc.Infrastructure.ModelStateInvalidFilter (Order: -2000) 
2024-02-29 15:32:26.5141|0|DEBUG|Microsoft.AspNetCore.Mvc.Infrastructure.ControllerActionInvoker|Execution plan of exception filters (in the following order): None 
2024-02-29 15:32:26.5141|0|DEBUG|Microsoft.AspNetCore.Mvc.Infrastructure.ControllerActionInvoker|Execution plan of result filters (in the following order): Microsoft.AspNetCore.Mvc.Infrastructure.ClientErrorResultFilter (Order: -2000) 
2024-02-29 15:32:26.5141|0|DEBUG|Microsoft.AspNetCore.Mvc.Infrastructure.ControllerActionInvoker|Executing controller factory for controller WMS_UI_API.Controllers.WeatherForecastController (WMS UI API) 
2024-02-29 15:32:26.5141|0|DEBUG|Microsoft.AspNetCore.Mvc.Infrastructure.ControllerActionInvoker|Executed controller factory for controller WMS_UI_API.Controllers.WeatherForecastController (WMS UI API) 
2024-02-29 15:32:26.5141|0|TRACE|Microsoft.AspNetCore.Mvc.Infrastructure.ControllerActionInvoker|Action Filter: Before executing OnActionExecuting on filter Microsoft.AspNetCore.Mvc.ModelBinding.UnsupportedContentTypeFilter. 
2024-02-29 15:32:26.5141|0|TRACE|Microsoft.AspNetCore.Mvc.Infrastructure.ControllerActionInvoker|Action Filter: After executing OnActionExecuting on filter Microsoft.AspNetCore.Mvc.ModelBinding.UnsupportedContentTypeFilter. 
2024-02-29 15:32:26.5141|0|TRACE|Microsoft.AspNetCore.Mvc.Infrastructure.ControllerActionInvoker|Action Filter: Before executing OnActionExecuting on filter Microsoft.AspNetCore.Mvc.Infrastructure.ModelStateInvalidFilter. 
2024-02-29 15:32:26.5141|0|TRACE|Microsoft.AspNetCore.Mvc.Infrastructure.ControllerActionInvoker|Action Filter: After executing OnActionExecuting on filter Microsoft.AspNetCore.Mvc.Infrastructure.ModelStateInvalidFilter. 
2024-02-29 15:32:26.5141|0|INFO|Microsoft.AspNetCore.Mvc.Infrastructure.ControllerActionInvoker|Executing action method WMS_UI_API.Controllers.WeatherForecastController.Get (WMS UI API) - Validation state: Valid 
2024-02-29 15:32:26.5141|0|INFO|WMS_UI_API.Controllers.WeatherForecastController|Connection intiation at 10:02:26 
2024-02-29 15:32:26.5297|0|INFO|Microsoft.AspNetCore.Mvc.Infrastructure.ControllerActionInvoker|Executed action method WMS_UI_API.Controllers.WeatherForecastController.Get (WMS UI API), returned result Microsoft.AspNetCore.Mvc.ObjectResult in 5.6826ms. 
2024-02-29 15:32:26.5297|0|TRACE|Microsoft.AspNetCore.Mvc.Infrastructure.ControllerActionInvoker|Action Filter: Before executing OnActionExecuted on filter Microsoft.AspNetCore.Mvc.Infrastructure.ModelStateInvalidFilter. 
2024-02-29 15:32:26.5297|0|TRACE|Microsoft.AspNetCore.Mvc.Infrastructure.ControllerActionInvoker|Action Filter: After executing OnActionExecuted on filter Microsoft.AspNetCore.Mvc.Infrastructure.ModelStateInvalidFilter. 
2024-02-29 15:32:26.5297|0|TRACE|Microsoft.AspNetCore.Mvc.Infrastructure.ControllerActionInvoker|Action Filter: Before executing OnActionExecuted on filter Microsoft.AspNetCore.Mvc.ModelBinding.UnsupportedContentTypeFilter. 
2024-02-29 15:32:26.5297|0|TRACE|Microsoft.AspNetCore.Mvc.Infrastructure.ControllerActionInvoker|Action Filter: After executing OnActionExecuted on filter Microsoft.AspNetCore.Mvc.ModelBinding.UnsupportedContentTypeFilter. 
2024-02-29 15:32:26.5297|0|TRACE|Microsoft.AspNetCore.Mvc.Infrastructure.ControllerActionInvoker|Result Filter: Before executing OnResultExecuting on filter Microsoft.AspNetCore.Mvc.Infrastructure.ClientErrorResultFilter. 
2024-02-29 15:32:26.5297|0|TRACE|Microsoft.AspNetCore.Mvc.Infrastructure.ControllerActionInvoker|Result Filter: After executing OnResultExecuting on filter Microsoft.AspNetCore.Mvc.Infrastructure.ClientErrorResultFilter. 
2024-02-29 15:32:26.5297|0|TRACE|Microsoft.AspNetCore.Mvc.Infrastructure.ControllerActionInvoker|Before executing action result Microsoft.AspNetCore.Mvc.ObjectResult. 
2024-02-29 15:32:26.5297|0|DEBUG|Microsoft.AspNetCore.Mvc.Infrastructure.DefaultOutputFormatterSelector|List of registered output formatters, in the following order: Microsoft.AspNetCore.Mvc.Formatters.HttpNoContentOutputFormatter, Microsoft.AspNetCore.Mvc.Formatters.StringOutputFormatter, Microsoft.AspNetCore.Mvc.Formatters.StreamOutputFormatter, Microsoft.AspNetCore.Mvc.Formatters.SystemTextJsonOutputFormatter 
2024-02-29 15:32:26.5297|0|DEBUG|Microsoft.AspNetCore.Mvc.Infrastructure.DefaultOutputFormatterSelector|No information found on request to perform content negotiation. 
2024-02-29 15:32:26.5297|0|DEBUG|Microsoft.AspNetCore.Mvc.Infrastructure.DefaultOutputFormatterSelector|Attempting to select an output formatter without using a content type as no explicit content types were specified for the response. 
2024-02-29 15:32:26.5297|0|DEBUG|Microsoft.AspNetCore.Mvc.Infrastructure.DefaultOutputFormatterSelector|Attempting to select the first formatter in the output formatters list which can write the result. 
2024-02-29 15:32:26.5297|0|DEBUG|Microsoft.AspNetCore.Mvc.Infrastructure.DefaultOutputFormatterSelector|Selected output formatter 'Microsoft.AspNetCore.Mvc.Formatters.SystemTextJsonOutputFormatter' and content type 'application/json' to write the response. 
2024-02-29 15:32:26.5297|0|INFO|Microsoft.AspNetCore.Mvc.Infrastructure.ObjectResultExecutor|Executing ObjectResult, writing value of type 'WMS_UI_API.WeatherForecast[]'. 
2024-02-29 15:32:26.5797|0|TRACE|Microsoft.AspNetCore.Mvc.Infrastructure.ControllerActionInvoker|After executing action result Microsoft.AspNetCore.Mvc.ObjectResult. 
2024-02-29 15:32:26.5797|0|TRACE|Microsoft.AspNetCore.Mvc.Infrastructure.ControllerActionInvoker|Result Filter: Before executing OnResultExecuted on filter Microsoft.AspNetCore.Mvc.Infrastructure.ClientErrorResultFilter. 
2024-02-29 15:32:26.5797|0|TRACE|Microsoft.AspNetCore.Mvc.Infrastructure.ControllerActionInvoker|Result Filter: After executing OnResultExecuted on filter Microsoft.AspNetCore.Mvc.Infrastructure.ClientErrorResultFilter. 
2024-02-29 15:32:26.5797|0|INFO|Microsoft.AspNetCore.Mvc.Infrastructure.ControllerActionInvoker|Executed action WMS_UI_API.Controllers.WeatherForecastController.Get (WMS UI API) in 63.7337ms 
2024-02-29 15:32:26.5797|0|INFO|Microsoft.AspNetCore.Routing.EndpointMiddleware|Executed endpoint 'WMS_UI_API.Controllers.WeatherForecastController.Get (WMS UI API)' 
2024-02-29 15:32:26.5797|0|DEBUG|Microsoft.AspNetCore.Server.Kestrel.Connections|Connection id "0HN1P1M3U647T" completed keep alive response. 
2024-02-29 15:32:26.5797|0|INFO|Microsoft.AspNetCore.Hosting.Diagnostics|Request finished HTTP/1.1 GET http://localhost:6084/WeatherForecast - - - 200 - application/json;+charset=utf-8 675.5256ms 
2024-02-29 15:32:26.6017|0|INFO|Microsoft.AspNetCore.Hosting.Diagnostics|Request starting HTTP/1.1 GET http://localhost:6084/favicon.ico - - 
2024-02-29 15:32:26.6017|0|TRACE|Microsoft.AspNetCore.HostFiltering.HostFilteringMiddleware|All hosts are allowed. 
2024-02-29 15:32:26.6017|0|DEBUG|Microsoft.AspNetCore.StaticFiles.StaticFileMiddleware|The request path  does not match the path filter 
2024-02-29 15:32:26.6017|0|DEBUG|Microsoft.AspNetCore.Routing.Matching.DfaMatcher|No candidates found for the request path '/favicon.ico' 
2024-02-29 15:32:26.6017|0|DEBUG|Microsoft.AspNetCore.Routing.EndpointRoutingMiddleware|Request did not match any endpoints 
2024-02-29 15:32:26.6017|0|DEBUG|WMS_UI_API.Middlewares.ExceptionHandler|Log Initilized 
2024-02-29 15:32:26.6017|0|DEBUG|Microsoft.AspNetCore.Authentication.JwtBearer.JwtBearerHandler|AuthenticationScheme: Bearer was not authenticated. 
2024-02-29 15:32:26.6017|0|DEBUG|Microsoft.AspNetCore.Server.Kestrel.Connections|Connection id "0HN1P1M3U647T" completed keep alive response. 
2024-02-29 15:32:26.6017|0|INFO|Microsoft.AspNetCore.Hosting.Diagnostics|Request finished HTTP/1.1 GET http://localhost:6084/favicon.ico - - - 404 0 - 1.7435ms 
2024-02-29 15:32:42.3188|0|INFO|Microsoft.AspNetCore.Hosting.Diagnostics|Request starting HTTP/1.1 GET http://localhost:6084/swagger/index.html - - 
2024-02-29 15:32:42.3188|0|TRACE|Microsoft.AspNetCore.HostFiltering.HostFilteringMiddleware|All hosts are allowed. 
2024-02-29 15:32:42.3692|0|DEBUG|Microsoft.AspNetCore.Watch.BrowserRefresh.BrowserRefreshMiddleware|Response markup is scheduled to include browser refresh script injection. 
2024-02-29 15:32:42.5440|0|INFO|Microsoft.AspNetCore.Hosting.Diagnostics|Request starting HTTP/1.1 GET http://localhost:6084/swagger/swagger-ui.css - - 
2024-02-29 15:32:42.5440|0|TRACE|Microsoft.AspNetCore.HostFiltering.HostFilteringMiddleware|All hosts are allowed. 
2024-02-29 15:32:42.5459|0|DEBUG|Microsoft.AspNetCore.Server.Kestrel.Connections|Connection id "0HN1P1M3U647V" accepted. 
2024-02-29 15:32:42.5459|0|DEBUG|Microsoft.AspNetCore.Server.Kestrel.Connections|Connection id "0HN1P1M3U647V" started. 
2024-02-29 15:32:42.5459|0|DEBUG|Microsoft.AspNetCore.Server.Kestrel.Connections|Connection id "0HN1P1M3U6480" accepted. 
2024-02-29 15:32:42.5459|0|INFO|Microsoft.AspNetCore.Hosting.Diagnostics|Request starting HTTP/1.1 GET http://localhost:6084/swagger/swagger-ui-bundle.js - - 
2024-02-29 15:32:42.5459|0|DEBUG|Microsoft.AspNetCore.Server.Kestrel.Connections|Connection id "0HN1P1M3U6480" started. 
2024-02-29 15:32:42.5459|0|TRACE|Microsoft.AspNetCore.HostFiltering.HostFilteringMiddleware|All hosts are allowed. 
2024-02-29 15:32:42.5459|0|INFO|Microsoft.AspNetCore.Hosting.Diagnostics|Request starting HTTP/1.1 GET http://localhost:6084/swagger/swagger-ui-standalone-preset.js - - 
2024-02-29 15:32:42.5459|0|TRACE|Microsoft.AspNetCore.HostFiltering.HostFilteringMiddleware|All hosts are allowed. 
2024-02-29 15:32:42.5459|0|DEBUG|Microsoft.AspNetCore.Server.Kestrel.Connections|Connection id "0HN1P1M3U6481" accepted. 
2024-02-29 15:32:42.5459|0|DEBUG|Microsoft.AspNetCore.Server.Kestrel.Connections|Connection id "0HN1P1M3U6481" started. 
2024-02-29 15:32:42.5459|0|INFO|Microsoft.AspNetCore.Hosting.Diagnostics|Request starting HTTP/1.1 GET http://localhost:6084/_framework/aspnetcore-browser-refresh.js - - 
2024-02-29 15:32:42.5459|0|DEBUG|Microsoft.AspNetCore.Server.Kestrel.Connections|Connection id "0HN1P1M3U6482" accepted. 
2024-02-29 15:32:42.5459|0|DEBUG|Microsoft.AspNetCore.Server.Kestrel.Connections|Connection id "0HN1P1M3U6482" started. 
2024-02-29 15:32:42.5459|0|INFO|Microsoft.AspNetCore.Hosting.Diagnostics|Request starting HTTP/1.1 GET http://localhost:6084/_vs/browserLink - - 
2024-02-29 15:32:42.5618|0|TRACE|Microsoft.AspNetCore.StaticFiles.StaticFileMiddleware|Range header's value is empty. 
2024-02-29 15:32:42.5618|0|TRACE|Microsoft.AspNetCore.StaticFiles.StaticFileMiddleware|Range header's value is empty. 
2024-02-29 15:32:42.5618|0|TRACE|Microsoft.AspNetCore.StaticFiles.StaticFileMiddleware|Range header's value is empty. 
2024-02-29 15:32:42.5618|0|DEBUG|Microsoft.AspNetCore.Server.Kestrel.Connections|Connection id "0HN1P1M3U6481" completed keep alive response. 
2024-02-29 15:32:42.5618|0|INFO|Microsoft.AspNetCore.Hosting.Diagnostics|Request finished HTTP/1.1 GET http://localhost:6084/_framework/aspnetcore-browser-refresh.js - - - 200 11990 application/javascript;+charset=utf-8 13.0398ms 
2024-02-29 15:32:42.5618|0|DEBUG|Microsoft.AspNetCore.Watch.BrowserRefresh.BrowserRefreshMiddleware|Response markup was updated to include browser refresh script injection. 
2024-02-29 15:32:42.5618|0|DEBUG|Microsoft.AspNetCore.Server.Kestrel.Connections|Connection id "0HN1P1M3U647T" completed keep alive response. 
2024-02-29 15:32:42.5618|0|INFO|Microsoft.AspNetCore.Hosting.Diagnostics|Request finished HTTP/1.1 GET http://localhost:6084/swagger/index.html - - - 200 - text/html;charset=utf-8 250.9539ms 
2024-02-29 15:32:42.5964|0|INFO|Microsoft.AspNetCore.StaticFiles.StaticFileMiddleware|Sending file. Request path: '/swagger-ui.css'. Physical path: 'N/A' 
2024-02-29 15:32:42.5964|0|DEBUG|Microsoft.AspNetCore.Server.Kestrel.Connections|Connection id "0HN1P1M3U647U" completed keep alive response. 
2024-02-29 15:32:42.5964|0|INFO|Microsoft.AspNetCore.Hosting.Diagnostics|Request finished HTTP/1.1 GET http://localhost:6084/swagger/swagger-ui.css - - - 200 143632 text/css 52.6231ms 
2024-02-29 15:32:42.5964|0|INFO|Microsoft.AspNetCore.StaticFiles.StaticFileMiddleware|Sending file. Request path: '/swagger-ui-standalone-preset.js'. Physical path: 'N/A' 
2024-02-29 15:32:42.5964|0|DEBUG|Microsoft.AspNetCore.Server.Kestrel.Connections|Connection id "0HN1P1M3U6480" completed keep alive response. 
2024-02-29 15:32:42.5964|0|INFO|Microsoft.AspNetCore.Hosting.Diagnostics|Request finished HTTP/1.1 GET http://localhost:6084/swagger/swagger-ui-standalone-preset.js - - - 200 337162 application/javascript 45.6784ms 
2024-02-29 15:32:42.6154|0|DEBUG|Microsoft.AspNetCore.Server.Kestrel.Connections|Connection id "0HN1P1M3U6482" completed keep alive response. 
2024-02-29 15:32:42.6154|0|INFO|Microsoft.AspNetCore.Hosting.Diagnostics|Request finished HTTP/1.1 GET http://localhost:6084/_vs/browserLink - - - 200 - text/javascript;+charset=UTF-8 56.9057ms 
2024-02-29 15:32:42.6154|0|INFO|Microsoft.AspNetCore.StaticFiles.StaticFileMiddleware|Sending file. Request path: '/swagger-ui-bundle.js'. Physical path: 'N/A' 
2024-02-29 15:32:42.6154|0|DEBUG|Microsoft.AspNetCore.Server.Kestrel.Connections|Connection id "0HN1P1M3U647V" completed keep alive response. 
2024-02-29 15:32:42.6154|0|INFO|Microsoft.AspNetCore.Hosting.Diagnostics|Request finished HTTP/1.1 GET http://localhost:6084/swagger/swagger-ui-bundle.js - - - 200 1092889 application/javascript 65.0971ms 
2024-02-29 15:32:42.6946|0|INFO|Microsoft.AspNetCore.Hosting.Diagnostics|Request starting HTTP/1.1 GET http://localhost:6084/swagger/v1/swagger.json - - 
2024-02-29 15:32:42.6946|0|TRACE|Microsoft.AspNetCore.HostFiltering.HostFilteringMiddleware|All hosts are allowed. 
2024-02-29 15:32:42.8675|0|DEBUG|Microsoft.AspNetCore.Server.Kestrel.Connections|Connection id "0HN1P1M3U647V" completed keep alive response. 
2024-02-29 15:32:42.8675|0|INFO|Microsoft.AspNetCore.Hosting.Diagnostics|Request finished HTTP/1.1 GET http://localhost:6084/swagger/v1/swagger.json - - - 200 - application/json;charset=utf-8 173.0033ms 
2024-02-29 15:33:01.6446|0|INFO|Microsoft.AspNetCore.Hosting.Diagnostics|Request starting HTTP/1.1 POST http://localhost:6084/api/Production/ValidateItemQR application/json 83 
2024-02-29 15:33:01.6446|0|TRACE|Microsoft.AspNetCore.HostFiltering.HostFilteringMiddleware|All hosts are allowed. 
2024-02-29 15:33:01.6446|0|DEBUG|Microsoft.AspNetCore.StaticFiles.StaticFileMiddleware|POST requests are not supported 
2024-02-29 15:33:01.6446|0|DEBUG|Microsoft.AspNetCore.Cors.Infrastructure.CorsService|The request has an origin header: 'http://localhost:6084'. 
2024-02-29 15:33:01.6446|0|INFO|Microsoft.AspNetCore.Cors.Infrastructure.CorsService|CORS policy execution failed. 
2024-02-29 15:33:01.6446|0|INFO|Microsoft.AspNetCore.Cors.Infrastructure.CorsService|Request origin http://localhost:6084 does not have permission to access the resource. 
2024-02-29 15:33:01.6446|0|DEBUG|Microsoft.AspNetCore.Cors.Infrastructure.CorsService|The request has an origin header: 'http://localhost:6084'. 
2024-02-29 15:33:01.6446|0|INFO|Microsoft.AspNetCore.Cors.Infrastructure.CorsService|CORS policy execution successful. 
2024-02-29 15:33:01.6446|0|DEBUG|Microsoft.AspNetCore.Routing.Matching.DfaMatcher|1 candidate(s) found for the request path '/api/Production/ValidateItemQR' 
2024-02-29 15:33:01.6446|0|DEBUG|Microsoft.AspNetCore.Routing.Matching.DfaMatcher|Endpoint 'WMS_UI_API.Controllers.ProductionController.ValidateItemQR (WMS UI API)' with route pattern 'api/Production/ValidateItemQR' is valid for the request path '/api/Production/ValidateItemQR' 
2024-02-29 15:33:01.6446|0|DEBUG|Microsoft.AspNetCore.Routing.EndpointRoutingMiddleware|Request matched endpoint 'WMS_UI_API.Controllers.ProductionController.ValidateItemQR (WMS UI API)' 
2024-02-29 15:33:01.6446|0|DEBUG|WMS_UI_API.Middlewares.ExceptionHandler|Log Initilized 
2024-02-29 15:33:01.6446|0|DEBUG|Microsoft.AspNetCore.Authentication.JwtBearer.JwtBearerHandler|AuthenticationScheme: Bearer was not authenticated. 
2024-02-29 15:33:01.6446|0|INFO|Microsoft.AspNetCore.Routing.EndpointMiddleware|Executing endpoint 'WMS_UI_API.Controllers.ProductionController.ValidateItemQR (WMS UI API)' 
2024-02-29 15:33:01.6446|0|INFO|Microsoft.AspNetCore.Mvc.Infrastructure.ControllerActionInvoker|Route matched with {action = "ValidateItemQR", controller = "Production"}. Executing controller action with signature System.Threading.Tasks.Task`1[Microsoft.AspNetCore.Mvc.ActionResult`1[System.Collections.Generic.IEnumerable`1[WMS_UI_API.Models.ValidItemCls]]] ValidateItemQR(WMS_UI_API.Models.ProItemValidateCls) on controller WMS_UI_API.Controllers.ProductionController (WMS UI API). 
2024-02-29 15:33:01.6446|0|DEBUG|Microsoft.AspNetCore.Mvc.Infrastructure.ControllerActionInvoker|Execution plan of authorization filters (in the following order): None 
2024-02-29 15:33:01.6446|0|DEBUG|Microsoft.AspNetCore.Mvc.Infrastructure.ControllerActionInvoker|Execution plan of resource filters (in the following order): None 
2024-02-29 15:33:01.6446|0|DEBUG|Microsoft.AspNetCore.Mvc.Infrastructure.ControllerActionInvoker|Execution plan of action filters (in the following order): Microsoft.AspNetCore.Mvc.ModelBinding.UnsupportedContentTypeFilter (Order: -3000), Microsoft.AspNetCore.Mvc.Infrastructure.ModelStateInvalidFilter (Order: -2000) 
2024-02-29 15:33:01.6446|0|DEBUG|Microsoft.AspNetCore.Mvc.Infrastructure.ControllerActionInvoker|Execution plan of exception filters (in the following order): None 
2024-02-29 15:33:01.6446|0|DEBUG|Microsoft.AspNetCore.Mvc.Infrastructure.ControllerActionInvoker|Execution plan of result filters (in the following order): Microsoft.AspNetCore.Mvc.Infrastructure.ClientErrorResultFilter (Order: -2000) 
2024-02-29 15:33:01.6446|0|DEBUG|Microsoft.AspNetCore.Mvc.Infrastructure.ControllerActionInvoker|Executing controller factory for controller WMS_UI_API.Controllers.ProductionController (WMS UI API) 
2024-02-29 15:33:02.1547|0|DEBUG|Microsoft.AspNetCore.Mvc.Infrastructure.ControllerActionInvoker|Executed controller factory for controller WMS_UI_API.Controllers.ProductionController (WMS UI API) 
2024-02-29 15:33:02.1547|0|DEBUG|Microsoft.AspNetCore.Mvc.ModelBinding.ParameterBinder|Attempting to bind parameter 'payload' of type 'WMS_UI_API.Models.ProItemValidateCls' ... 
2024-02-29 15:33:02.1609|0|DEBUG|Microsoft.AspNetCore.Mvc.ModelBinding.Binders.BodyModelBinder|Attempting to bind parameter 'payload' of type 'WMS_UI_API.Models.ProItemValidateCls' using the name '' in request data ... 
2024-02-29 15:33:02.1609|0|DEBUG|Microsoft.AspNetCore.Mvc.ModelBinding.Binders.BodyModelBinder|Selected input formatter 'Microsoft.AspNetCore.Mvc.Formatters.SystemTextJsonInputFormatter' for content type 'application/json'. 
2024-02-29 15:33:02.1609|0|DEBUG|Microsoft.AspNetCore.Server.Kestrel|Connection id "0HN1P1M3U647V", Request id "0HN1P1M3U647V:00000004": started reading request body. 
2024-02-29 15:33:02.1609|0|DEBUG|Microsoft.AspNetCore.Server.Kestrel|Connection id "0HN1P1M3U647V", Request id "0HN1P1M3U647V:00000004": done reading request body. 
2024-02-29 15:33:02.1609|0|DEBUG|Microsoft.AspNetCore.Mvc.Formatters.SystemTextJsonInputFormatter|JSON input formatter succeeded, deserializing to type 'WMS_UI_API.Models.ProItemValidateCls' 
2024-02-29 15:33:02.1609|0|DEBUG|Microsoft.AspNetCore.Mvc.ModelBinding.Binders.BodyModelBinder|Done attempting to bind parameter 'payload' of type 'WMS_UI_API.Models.ProItemValidateCls'. 
2024-02-29 15:33:02.1609|0|DEBUG|Microsoft.AspNetCore.Mvc.ModelBinding.ParameterBinder|Done attempting to bind parameter 'payload' of type 'WMS_UI_API.Models.ProItemValidateCls'. 
2024-02-29 15:33:02.1609|0|DEBUG|Microsoft.AspNetCore.Mvc.ModelBinding.ParameterBinder|Attempting to validate the bound parameter 'payload' of type 'WMS_UI_API.Models.ProItemValidateCls' ... 
2024-02-29 15:33:02.1767|0|DEBUG|Microsoft.AspNetCore.Mvc.ModelBinding.ParameterBinder|Done attempting to validate the bound parameter 'payload' of type 'WMS_UI_API.Models.ProItemValidateCls'. 
2024-02-29 15:33:02.1767|0|TRACE|Microsoft.AspNetCore.Mvc.Infrastructure.ControllerActionInvoker|Action Filter: Before executing OnActionExecuting on filter Microsoft.AspNetCore.Mvc.ModelBinding.UnsupportedContentTypeFilter. 
2024-02-29 15:33:02.1767|0|TRACE|Microsoft.AspNetCore.Mvc.Infrastructure.ControllerActionInvoker|Action Filter: After executing OnActionExecuting on filter Microsoft.AspNetCore.Mvc.ModelBinding.UnsupportedContentTypeFilter. 
2024-02-29 15:33:02.1767|0|TRACE|Microsoft.AspNetCore.Mvc.Infrastructure.ControllerActionInvoker|Action Filter: Before executing OnActionExecuting on filter Microsoft.AspNetCore.Mvc.Infrastructure.ModelStateInvalidFilter. 
2024-02-29 15:33:02.1767|0|TRACE|Microsoft.AspNetCore.Mvc.Infrastructure.ControllerActionInvoker|Action Filter: After executing OnActionExecuting on filter Microsoft.AspNetCore.Mvc.Infrastructure.ModelStateInvalidFilter. 
2024-02-29 15:33:02.1767|0|INFO|Microsoft.AspNetCore.Mvc.Infrastructure.ControllerActionInvoker|Executing action method WMS_UI_API.Controllers.ProductionController.ValidateItemQR (WMS UI API) - Validation state: Valid 
2024-02-29 15:33:02.1767|0|TRACE|Microsoft.AspNetCore.Mvc.Infrastructure.ControllerActionInvoker|Executing action method WMS_UI_API.Controllers.ProductionController.ValidateItemQR (WMS UI API) with arguments (WMS_UI_API.Models.ProItemValidateCls) 
2024-02-29 15:33:02.2949|0|INFO|WMS_UI_API.Controllers.ProductionController| Calling ProductionController : ValidateItemQR()  
2024-02-29 15:33:02.3297|0|INFO|WMS_UI_API.Controllers.ProductionController| ProductionController : Item QR Query :  SELECT * FROM QIT_QR_Detail WHERE QRCodeID = @qr   
2024-02-29 15:33:02.5358|0|INFO|WMS_UI_API.Controllers.ProductionController| ProductionController : Product QR Query :  SELECT * FROM QIT_Production_QR_Detail WHERE QRCodeID = @qr   
2024-02-29 15:33:02.5358|0|INFO|WMS_UI_API.Controllers.ProductionController| ProductionController : Item QR Query :  SELECT * FROM QIT_OpeningStock_QR_Detail WHERE QRCodeID = @qr   
2024-02-29 15:33:02.5550|0|INFO|WMS_UI_API.Controllers.ProductionController| ProductionController : ValidateItemQR() Query : 
                    SELECT *,
                           ISNULL(( SELECT SUM(ISNULL(Qty,0)) from QIT_WMS.dbo.QIT_Temp_ProIssue 
                                    WHERE ProOrdDocNum = A.DocNum AND ItemCode collate SQL_Latin1_General_CP850_CI_AS = A.ItemCode
                           ),0) ProOrdWiseTempQty,
                           ISNULL(( SELECT SUM(ISNULL(Qty,0)) from QIT_WMS.dbo.QIT_Temp_ProIssue 
                                    WHERE ItemCode collate SQL_Latin1_General_CP850_CI_AS = A.ItemCode
                           ),0) ItemTempQty
                    FROM (
                    SELECT -- A.BranchID, A.GateInNo, A.QRCodeID DetailQRCodeID, B.QRCodeID HeaderQRCodeID, A.QRMngBy,
	                       C.DocEntry, C.DocNum, A.OpeningNo GateRecNo, A.QRCodeID DetailQRCodeID,
                           D.ItemCode, E.ItemName, D.PlannedQty, D.IssuedQty, '' IssQty,
                           E.UomCode, D.Project, E.ItemMngBy, A.BatchSerialNo, D.LineNum, A.Qty QRQty,
                           F.WhsCode BatchWhsCode, F.Quantity BatchAvailQty, D.wareHouse ProWhsCode,
                           ISNULL((select sum(IssQty) from QIT_WMS.dbo.QIT_Draft_Issue t 
		                           where t.QRCodeID  = A.QRCodeID and t.BatchSerialNo = A.BatchSerialNo and 
			                             t.ItemCode collate SQL_Latin1_General_CP850_CI_AS = D.ItemCode and 
			                             t.WhsCode collate SQL_Latin1_General_CP850_CI_AS= D.wareHouse and 
			                             t.WhsCode collate SQL_Latin1_General_CP850_CI_AS = F.WhsCode),0) DraftIssueQtyByQR,
                           ISNULL((select sum(IssQty) from QIT_WMS.dbo.QIT_Draft_Issue t 
		                           where t.QRCodeID  = A.QRCodeID and t.BatchSerialNo = A.BatchSerialNo and 
                                         t.ProOrdDocEntry = C.DocEntry AND
			                             t.ItemCode collate SQL_Latin1_General_CP850_CI_AS = D.ItemCode and 
			                             t.WhsCode collate SQL_Latin1_General_CP850_CI_AS= D.wareHouse and 
			                             t.WhsCode collate SQL_Latin1_General_CP850_CI_AS = F.WhsCode),0) DraftIssueQtyByQRPro,
                           C.Project QRProject,
                           ISNULL(H.ToBinAbsEntry,0) FromBin, (select BinCode from OBIN where AbsEntry = H.ToBinAbsEntry) FromBinCode
                    FROM QIT_WMS.dbo.QIT_OpeningStock_QR_Detail A  
	                     INNER JOIN QIT_WMS.dbo.QIT_OpeningStock_QR_Header B ON A.HeaderSrNo = B.HeaderSrNo
	                     INNER JOIN OWOR C ON 1=1 and C.DocEntry = @docEntry
	                     INNER JOIN WOR1 D ON C.DocEntry = D.DocEntry AND D.ItemCode collate SQL_Latin1_General_CP1_CI_AS = A.ItemCode
                         INNER JOIN QIT_WMS.dbo.QIT_Item_Master E on E.ItemCode = A.ItemCode 
                         INNER JOIN [OBTQ] F ON 1=1   
                         INNER  JOIN [dbo].[OBTN] G ON F.[ItemCode] = G.[ItemCode] AND F.[SysNumber] = G.[SysNumber] 
                         INNER JOIN QIT_WMS.dbo.QIT_OSQRStock_InvTrans H ON H.QRCodeID = A.QRCodeID and 
                                    H.TransId=(SELECT MAX(A1.TRansId) FROM QIT_WMS.dbo.QIT_OSQRStock_InvTrans A1 WHERE A1.QRCodeId = @dQR )
                    WHERE A.QRCodeID = @dQR AND F.Quantity <> 0 AND G.DistNumber = @batch AND F.ItemCode = @itemCode

                    UNION

                    SELECT -- A.BranchID, A.GateInNo, A.QRCodeID DetailQRCodeID, B.QRCodeID HeaderQRCodeID, A.QRMngBy,
	                       C.DocEntry, C.DocNum, A.OpeningNo GateRecNo, A.QRCodeID DetailQRCodeID,
                           D.ItemCode, E.ItemName, D.PlannedQty, D.IssuedQty, '' IssQty,
                           E.UomCode, D.Project, E.ItemMngBy, A.BatchSerialNo, D.LineNum, A.Qty QRQty,
                           F.WhsCode BatchWhsCode, F.Quantity BatchAvailQty, D.wareHouse ProWhsCode,
                           ISNULL((select sum(IssQty) from QIT_WMS.dbo.QIT_Draft_Issue t 
		                           where t.QRCodeID  = A.QRCodeID and t.BatchSerialNo = A.BatchSerialNo and 
			                             t.ItemCode collate SQL_Latin1_General_CP850_CI_AS = D.ItemCode and 
			                             t.WhsCode collate SQL_Latin1_General_CP850_CI_AS= D.wareHouse and 
			                             t.WhsCode collate SQL_Latin1_General_CP850_CI_AS = F.WhsCode),0) DraftIssueQtyByQR, 
                           ISNULL((select sum(IssQty) from QIT_WMS.dbo.QIT_Draft_Issue t 
		                           where t.QRCodeID  = A.QRCodeID and t.BatchSerialNo = A.BatchSerialNo and 
                                         t.ProOrdDocEntry = C.DocEntry AND
			                             t.ItemCode collate SQL_Latin1_General_CP850_CI_AS = D.ItemCode and 
			                             t.WhsCode collate SQL_Latin1_General_CP850_CI_AS= D.wareHouse and 
			                             t.WhsCode collate SQL_Latin1_General_CP850_CI_AS = F.WhsCode),0) DraftIssueQtyByQRPro,
                           C.Project QRProject,
                           ISNULL(H.ToBinAbsEntry,0) FromBin, (select BinCode from OBIN where AbsEntry = H.ToBinAbsEntry) FromBinCode
                    FROM QIT_WMS.dbo.QIT_OpeningStock_QR_Detail A  
	                     INNER JOIN QIT_WMS.dbo.QIT_OpeningStock_QR_Header B ON A.HeaderSrNo = B.HeaderSrNo
	                     INNER JOIN OWOR C ON 1=1 and C.DocEntry = @docEntry
	                     INNER JOIN WOR1 D ON C.DocEntry = D.DocEntry AND D.ItemCode collate SQL_Latin1_General_CP1_CI_AS = A.ItemCode
                         INNER JOIN QIT_WMS.dbo.QIT_Item_Master E on E.ItemCode = A.ItemCode 
                         INNER JOIN [OSRQ] F ON 1=1   
                         INNER JOIN [dbo].[OSRN] G ON F.[ItemCode] = G.[ItemCode] AND F.[SysNumber] = G.[SysNumber] 
                         INNER JOIN QIT_WMS.dbo.QIT_OSQRStock_InvTrans H ON H.QRCodeID = A.QRCodeID and 
                                    H.TransId=(SELECT MAX(A1.TRansId) FROM QIT_WMS.dbo.QIT_OSQRStock_InvTrans A1 WHERE A1.QRCodeId = @dQR )
                    WHERE A.QRCodeID = @dQR AND F.Quantity <> 0 AND G.DistNumber = @batch AND F.ItemCode = @itemCode
                    ) AS A
                      
2024-02-29 15:33:02.5615|0|INFO|Microsoft.AspNetCore.Mvc.Infrastructure.ControllerActionInvoker|Executed action method WMS_UI_API.Controllers.ProductionController.ValidateItemQR (WMS UI API), returned result Microsoft.AspNetCore.Mvc.BadRequestObjectResult in 381.237ms. 
2024-02-29 15:33:02.5615|0|TRACE|Microsoft.AspNetCore.Mvc.Infrastructure.ControllerActionInvoker|Action Filter: Before executing OnActionExecuted on filter Microsoft.AspNetCore.Mvc.Infrastructure.ModelStateInvalidFilter. 
2024-02-29 15:33:02.5615|0|TRACE|Microsoft.AspNetCore.Mvc.Infrastructure.ControllerActionInvoker|Action Filter: After executing OnActionExecuted on filter Microsoft.AspNetCore.Mvc.Infrastructure.ModelStateInvalidFilter. 
2024-02-29 15:33:02.5615|0|TRACE|Microsoft.AspNetCore.Mvc.Infrastructure.ControllerActionInvoker|Action Filter: Before executing OnActionExecuted on filter Microsoft.AspNetCore.Mvc.ModelBinding.UnsupportedContentTypeFilter. 
2024-02-29 15:33:02.5615|0|TRACE|Microsoft.AspNetCore.Mvc.Infrastructure.ControllerActionInvoker|Action Filter: After executing OnActionExecuted on filter Microsoft.AspNetCore.Mvc.ModelBinding.UnsupportedContentTypeFilter. 
2024-02-29 15:33:02.5615|0|TRACE|Microsoft.AspNetCore.Mvc.Infrastructure.ControllerActionInvoker|Result Filter: Before executing OnResultExecuting on filter Microsoft.AspNetCore.Mvc.Infrastructure.ClientErrorResultFilter. 
2024-02-29 15:33:02.5615|0|TRACE|Microsoft.AspNetCore.Mvc.Infrastructure.ControllerActionInvoker|Result Filter: After executing OnResultExecuting on filter Microsoft.AspNetCore.Mvc.Infrastructure.ClientErrorResultFilter. 
2024-02-29 15:33:02.5615|0|TRACE|Microsoft.AspNetCore.Mvc.Infrastructure.ControllerActionInvoker|Before executing action result Microsoft.AspNetCore.Mvc.BadRequestObjectResult. 
2024-02-29 15:33:02.5615|0|DEBUG|Microsoft.AspNetCore.Mvc.Infrastructure.DefaultOutputFormatterSelector|List of registered output formatters, in the following order: Microsoft.AspNetCore.Mvc.Formatters.HttpNoContentOutputFormatter, Microsoft.AspNetCore.Mvc.Formatters.StringOutputFormatter, Microsoft.AspNetCore.Mvc.Formatters.StreamOutputFormatter, Microsoft.AspNetCore.Mvc.Formatters.SystemTextJsonOutputFormatter 
2024-02-29 15:33:02.5615|0|DEBUG|Microsoft.AspNetCore.Mvc.Infrastructure.DefaultOutputFormatterSelector|Attempting to select an output formatter based on Accept header 'text/plain'. 
2024-02-29 15:33:02.5615|0|DEBUG|Microsoft.AspNetCore.Mvc.Infrastructure.DefaultOutputFormatterSelector|Could not find an output formatter based on content negotiation. Accepted types were (text/plain) 
2024-02-29 15:33:02.5615|0|DEBUG|Microsoft.AspNetCore.Mvc.Infrastructure.DefaultOutputFormatterSelector|Attempting to select an output formatter without using a content type as no explicit content types were specified for the response. 
2024-02-29 15:33:02.5615|0|DEBUG|Microsoft.AspNetCore.Mvc.Infrastructure.DefaultOutputFormatterSelector|Attempting to select the first formatter in the output formatters list which can write the result. 
2024-02-29 15:33:02.5615|0|DEBUG|Microsoft.AspNetCore.Mvc.Infrastructure.DefaultOutputFormatterSelector|Selected output formatter 'Microsoft.AspNetCore.Mvc.Formatters.SystemTextJsonOutputFormatter' and content type 'application/json' to write the response. 
2024-02-29 15:33:02.5615|0|INFO|Microsoft.AspNetCore.Mvc.Infrastructure.ObjectResultExecutor|Executing BadRequestObjectResult, writing value of type '<>f__AnonymousType1`2[[System.String, System.Private.CoreLib, Version=6.0.0.0, Culture=neutral, PublicKeyToken=7cec85d7bea7798e],[System.String, System.Private.CoreLib, Version=6.0.0.0, Culture=neutral, PublicKeyToken=7cec85d7bea7798e]]'. 
2024-02-29 15:33:02.5615|0|TRACE|Microsoft.AspNetCore.Mvc.Infrastructure.ControllerActionInvoker|After executing action result Microsoft.AspNetCore.Mvc.BadRequestObjectResult. 
2024-02-29 15:33:02.5615|0|TRACE|Microsoft.AspNetCore.Mvc.Infrastructure.ControllerActionInvoker|Result Filter: Before executing OnResultExecuted on filter Microsoft.AspNetCore.Mvc.Infrastructure.ClientErrorResultFilter. 
2024-02-29 15:33:02.5615|0|TRACE|Microsoft.AspNetCore.Mvc.Infrastructure.ControllerActionInvoker|Result Filter: After executing OnResultExecuted on filter Microsoft.AspNetCore.Mvc.Infrastructure.ClientErrorResultFilter. 
2024-02-29 15:33:02.5615|0|INFO|Microsoft.AspNetCore.Mvc.Infrastructure.ControllerActionInvoker|Executed action WMS_UI_API.Controllers.ProductionController.ValidateItemQR (WMS UI API) in 898.8814ms 
2024-02-29 15:33:02.5615|0|INFO|Microsoft.AspNetCore.Routing.EndpointMiddleware|Executed endpoint 'WMS_UI_API.Controllers.ProductionController.ValidateItemQR (WMS UI API)' 
2024-02-29 15:33:02.5615|0|DEBUG|Microsoft.AspNetCore.Server.Kestrel.Connections|Connection id "0HN1P1M3U647V" completed keep alive response. 
2024-02-29 15:33:02.5615|0|INFO|Microsoft.AspNetCore.Hosting.Diagnostics|Request finished HTTP/1.1 POST http://localhost:6084/api/Production/ValidateItemQR application/json 83 - 400 - application/json;+charset=utf-8 920.0181ms 
2024-02-29 15:33:23.9841|0|INFO|Microsoft.AspNetCore.Hosting.Diagnostics|Request starting HTTP/1.1 POST http://localhost:6084/api/Production/ValidateItemQR application/json 83 
2024-02-29 15:33:23.9841|0|TRACE|Microsoft.AspNetCore.HostFiltering.HostFilteringMiddleware|All hosts are allowed. 
2024-02-29 15:33:23.9841|0|DEBUG|Microsoft.AspNetCore.StaticFiles.StaticFileMiddleware|POST requests are not supported 
2024-02-29 15:33:23.9841|0|DEBUG|Microsoft.AspNetCore.Cors.Infrastructure.CorsService|The request has an origin header: 'http://localhost:6084'. 
2024-02-29 15:33:23.9841|0|INFO|Microsoft.AspNetCore.Cors.Infrastructure.CorsService|CORS policy execution failed. 
2024-02-29 15:33:23.9841|0|INFO|Microsoft.AspNetCore.Cors.Infrastructure.CorsService|Request origin http://localhost:6084 does not have permission to access the resource. 
2024-02-29 15:33:23.9841|0|DEBUG|Microsoft.AspNetCore.Cors.Infrastructure.CorsService|The request has an origin header: 'http://localhost:6084'. 
2024-02-29 15:33:23.9841|0|INFO|Microsoft.AspNetCore.Cors.Infrastructure.CorsService|CORS policy execution successful. 
2024-02-29 15:33:23.9841|0|DEBUG|Microsoft.AspNetCore.Routing.Matching.DfaMatcher|1 candidate(s) found for the request path '/api/Production/ValidateItemQR' 
2024-02-29 15:33:23.9841|0|DEBUG|Microsoft.AspNetCore.Routing.Matching.DfaMatcher|Endpoint 'WMS_UI_API.Controllers.ProductionController.ValidateItemQR (WMS UI API)' with route pattern 'api/Production/ValidateItemQR' is valid for the request path '/api/Production/ValidateItemQR' 
2024-02-29 15:33:23.9841|0|DEBUG|Microsoft.AspNetCore.Routing.EndpointRoutingMiddleware|Request matched endpoint 'WMS_UI_API.Controllers.ProductionController.ValidateItemQR (WMS UI API)' 
2024-02-29 15:33:23.9841|0|DEBUG|WMS_UI_API.Middlewares.ExceptionHandler|Log Initilized 
2024-02-29 15:33:23.9841|0|DEBUG|Microsoft.AspNetCore.Authentication.JwtBearer.JwtBearerHandler|AuthenticationScheme: Bearer was not authenticated. 
2024-02-29 15:33:23.9841|0|INFO|Microsoft.AspNetCore.Routing.EndpointMiddleware|Executing endpoint 'WMS_UI_API.Controllers.ProductionController.ValidateItemQR (WMS UI API)' 
2024-02-29 15:33:23.9841|0|INFO|Microsoft.AspNetCore.Mvc.Infrastructure.ControllerActionInvoker|Route matched with {action = "ValidateItemQR", controller = "Production"}. Executing controller action with signature System.Threading.Tasks.Task`1[Microsoft.AspNetCore.Mvc.ActionResult`1[System.Collections.Generic.IEnumerable`1[WMS_UI_API.Models.ValidItemCls]]] ValidateItemQR(WMS_UI_API.Models.ProItemValidateCls) on controller WMS_UI_API.Controllers.ProductionController (WMS UI API). 
2024-02-29 15:33:23.9841|0|DEBUG|Microsoft.AspNetCore.Mvc.Infrastructure.ControllerActionInvoker|Execution plan of authorization filters (in the following order): None 
2024-02-29 15:33:23.9841|0|DEBUG|Microsoft.AspNetCore.Mvc.Infrastructure.ControllerActionInvoker|Execution plan of resource filters (in the following order): None 
2024-02-29 15:33:23.9841|0|DEBUG|Microsoft.AspNetCore.Mvc.Infrastructure.ControllerActionInvoker|Execution plan of action filters (in the following order): Microsoft.AspNetCore.Mvc.ModelBinding.UnsupportedContentTypeFilter (Order: -3000), Microsoft.AspNetCore.Mvc.Infrastructure.ModelStateInvalidFilter (Order: -2000) 
2024-02-29 15:33:23.9841|0|DEBUG|Microsoft.AspNetCore.Mvc.Infrastructure.ControllerActionInvoker|Execution plan of exception filters (in the following order): None 
2024-02-29 15:33:23.9841|0|DEBUG|Microsoft.AspNetCore.Mvc.Infrastructure.ControllerActionInvoker|Execution plan of result filters (in the following order): Microsoft.AspNetCore.Mvc.Infrastructure.ClientErrorResultFilter (Order: -2000) 
2024-02-29 15:33:23.9841|0|DEBUG|Microsoft.AspNetCore.Mvc.Infrastructure.ControllerActionInvoker|Executing controller factory for controller WMS_UI_API.Controllers.ProductionController (WMS UI API) 
2024-02-29 15:33:23.9841|0|DEBUG|Microsoft.AspNetCore.Mvc.Infrastructure.ControllerActionInvoker|Executed controller factory for controller WMS_UI_API.Controllers.ProductionController (WMS UI API) 
2024-02-29 15:33:23.9841|0|DEBUG|Microsoft.AspNetCore.Mvc.ModelBinding.ParameterBinder|Attempting to bind parameter 'payload' of type 'WMS_UI_API.Models.ProItemValidateCls' ... 
2024-02-29 15:33:23.9841|0|DEBUG|Microsoft.AspNetCore.Mvc.ModelBinding.Binders.BodyModelBinder|Attempting to bind parameter 'payload' of type 'WMS_UI_API.Models.ProItemValidateCls' using the name '' in request data ... 
2024-02-29 15:33:23.9841|0|DEBUG|Microsoft.AspNetCore.Mvc.ModelBinding.Binders.BodyModelBinder|Selected input formatter 'Microsoft.AspNetCore.Mvc.Formatters.SystemTextJsonInputFormatter' for content type 'application/json'. 
2024-02-29 15:33:23.9841|0|DEBUG|Microsoft.AspNetCore.Server.Kestrel|Connection id "0HN1P1M3U647V", Request id "0HN1P1M3U647V:00000005": started reading request body. 
2024-02-29 15:33:23.9841|0|DEBUG|Microsoft.AspNetCore.Server.Kestrel|Connection id "0HN1P1M3U647V", Request id "0HN1P1M3U647V:00000005": done reading request body. 
2024-02-29 15:33:23.9841|0|DEBUG|Microsoft.AspNetCore.Mvc.Formatters.SystemTextJsonInputFormatter|JSON input formatter succeeded, deserializing to type 'WMS_UI_API.Models.ProItemValidateCls' 
2024-02-29 15:33:23.9841|0|DEBUG|Microsoft.AspNetCore.Mvc.ModelBinding.Binders.BodyModelBinder|Done attempting to bind parameter 'payload' of type 'WMS_UI_API.Models.ProItemValidateCls'. 
2024-02-29 15:33:23.9841|0|DEBUG|Microsoft.AspNetCore.Mvc.ModelBinding.ParameterBinder|Done attempting to bind parameter 'payload' of type 'WMS_UI_API.Models.ProItemValidateCls'. 
2024-02-29 15:33:23.9841|0|DEBUG|Microsoft.AspNetCore.Mvc.ModelBinding.ParameterBinder|Attempting to validate the bound parameter 'payload' of type 'WMS_UI_API.Models.ProItemValidateCls' ... 
2024-02-29 15:33:23.9841|0|DEBUG|Microsoft.AspNetCore.Mvc.ModelBinding.ParameterBinder|Done attempting to validate the bound parameter 'payload' of type 'WMS_UI_API.Models.ProItemValidateCls'. 
2024-02-29 15:33:23.9841|0|TRACE|Microsoft.AspNetCore.Mvc.Infrastructure.ControllerActionInvoker|Action Filter: Before executing OnActionExecuting on filter Microsoft.AspNetCore.Mvc.ModelBinding.UnsupportedContentTypeFilter. 
2024-02-29 15:33:23.9841|0|TRACE|Microsoft.AspNetCore.Mvc.Infrastructure.ControllerActionInvoker|Action Filter: After executing OnActionExecuting on filter Microsoft.AspNetCore.Mvc.ModelBinding.UnsupportedContentTypeFilter. 
2024-02-29 15:33:23.9841|0|TRACE|Microsoft.AspNetCore.Mvc.Infrastructure.ControllerActionInvoker|Action Filter: Before executing OnActionExecuting on filter Microsoft.AspNetCore.Mvc.Infrastructure.ModelStateInvalidFilter. 
2024-02-29 15:33:23.9841|0|TRACE|Microsoft.AspNetCore.Mvc.Infrastructure.ControllerActionInvoker|Action Filter: After executing OnActionExecuting on filter Microsoft.AspNetCore.Mvc.Infrastructure.ModelStateInvalidFilter. 
2024-02-29 15:33:23.9841|0|INFO|Microsoft.AspNetCore.Mvc.Infrastructure.ControllerActionInvoker|Executing action method WMS_UI_API.Controllers.ProductionController.ValidateItemQR (WMS UI API) - Validation state: Valid 
2024-02-29 15:33:23.9841|0|TRACE|Microsoft.AspNetCore.Mvc.Infrastructure.ControllerActionInvoker|Executing action method WMS_UI_API.Controllers.ProductionController.ValidateItemQR (WMS UI API) with arguments (WMS_UI_API.Models.ProItemValidateCls) 
2024-02-29 15:33:23.9841|0|INFO|WMS_UI_API.Controllers.ProductionController| Calling ProductionController : ValidateItemQR()  
2024-02-29 15:33:23.9985|0|INFO|WMS_UI_API.Controllers.ProductionController| ProductionController : Item QR Query :  SELECT * FROM QIT_QR_Detail WHERE QRCodeID = @qr   
2024-02-29 15:33:23.9985|0|INFO|WMS_UI_API.Controllers.ProductionController| ProductionController : Product QR Query :  SELECT * FROM QIT_Production_QR_Detail WHERE QRCodeID = @qr   
2024-02-29 15:33:23.9985|0|INFO|WMS_UI_API.Controllers.ProductionController| ProductionController : Item QR Query :  SELECT * FROM QIT_OpeningStock_QR_Detail WHERE QRCodeID = @qr   
2024-02-29 15:33:23.9985|0|INFO|WMS_UI_API.Controllers.ProductionController| ProductionController : ValidateItemQR() Query : 
                    SELECT *,
                           ISNULL(( SELECT SUM(ISNULL(Qty,0)) from QIT_WMS.dbo.QIT_Temp_ProIssue 
                                    WHERE ProOrdDocNum = A.DocNum AND ItemCode collate SQL_Latin1_General_CP850_CI_AS = A.ItemCode
                           ),0) ProOrdWiseTempQty,
                           ISNULL(( SELECT SUM(ISNULL(Qty,0)) from QIT_WMS.dbo.QIT_Temp_ProIssue 
                                    WHERE ItemCode collate SQL_Latin1_General_CP850_CI_AS = A.ItemCode
                           ),0) ItemTempQty
                    FROM (
                    SELECT -- A.BranchID, A.GateInNo, A.QRCodeID DetailQRCodeID, B.QRCodeID HeaderQRCodeID, A.QRMngBy,
	                       C.DocEntry, C.DocNum, A.OpeningNo GateRecNo, A.QRCodeID DetailQRCodeID,
                           D.ItemCode, E.ItemName, D.PlannedQty, D.IssuedQty, '' IssQty,
                           E.UomCode, D.Project, E.ItemMngBy, A.BatchSerialNo, D.LineNum, A.Qty QRQty,
                           F.WhsCode BatchWhsCode, F.Quantity BatchAvailQty, D.wareHouse ProWhsCode,
                           ISNULL((select sum(IssQty) from QIT_WMS.dbo.QIT_Draft_Issue t 
		                           where t.QRCodeID  = A.QRCodeID and t.BatchSerialNo = A.BatchSerialNo and 
			                             t.ItemCode collate SQL_Latin1_General_CP850_CI_AS = D.ItemCode and 
			                             t.WhsCode collate SQL_Latin1_General_CP850_CI_AS= D.wareHouse and 
			                             t.WhsCode collate SQL_Latin1_General_CP850_CI_AS = F.WhsCode),0) DraftIssueQtyByQR,
                           ISNULL((select sum(IssQty) from QIT_WMS.dbo.QIT_Draft_Issue t 
		                           where t.QRCodeID  = A.QRCodeID and t.BatchSerialNo = A.BatchSerialNo and 
                                         t.ProOrdDocEntry = C.DocEntry AND
			                             t.ItemCode collate SQL_Latin1_General_CP850_CI_AS = D.ItemCode and 
			                             t.WhsCode collate SQL_Latin1_General_CP850_CI_AS= D.wareHouse and 
			                             t.WhsCode collate SQL_Latin1_General_CP850_CI_AS = F.WhsCode),0) DraftIssueQtyByQRPro,
                           C.Project QRProject,
                           ISNULL(H.ToBinAbsEntry,0) FromBin, (select BinCode from OBIN where AbsEntry = H.ToBinAbsEntry) FromBinCode
                    FROM QIT_WMS.dbo.QIT_OpeningStock_QR_Detail A  
	                     INNER JOIN QIT_WMS.dbo.QIT_OpeningStock_QR_Header B ON A.HeaderSrNo = B.HeaderSrNo
	                     INNER JOIN OWOR C ON 1=1 and C.DocEntry = @docEntry
	                     INNER JOIN WOR1 D ON C.DocEntry = D.DocEntry AND D.ItemCode collate SQL_Latin1_General_CP1_CI_AS = A.ItemCode
                         INNER JOIN QIT_WMS.dbo.QIT_Item_Master E on E.ItemCode = A.ItemCode 
                         INNER JOIN [OBTQ] F ON 1=1   
                         INNER  JOIN [dbo].[OBTN] G ON F.[ItemCode] = G.[ItemCode] AND F.[SysNumber] = G.[SysNumber] 
                         INNER JOIN QIT_WMS.dbo.QIT_OSQRStock_InvTrans H ON H.QRCodeID = A.QRCodeID and 
                                    H.TransId=(SELECT MAX(A1.TRansId) FROM QIT_WMS.dbo.QIT_OSQRStock_InvTrans A1 WHERE A1.QRCodeId = @dQR )
                    WHERE A.QRCodeID = @dQR AND F.Quantity <> 0 AND G.DistNumber = @batch AND F.ItemCode = @itemCode

                    UNION

                    SELECT -- A.BranchID, A.GateInNo, A.QRCodeID DetailQRCodeID, B.QRCodeID HeaderQRCodeID, A.QRMngBy,
	                       C.DocEntry, C.DocNum, A.OpeningNo GateRecNo, A.QRCodeID DetailQRCodeID,
                           D.ItemCode, E.ItemName, D.PlannedQty, D.IssuedQty, '' IssQty,
                           E.UomCode, D.Project, E.ItemMngBy, A.BatchSerialNo, D.LineNum, A.Qty QRQty,
                           F.WhsCode BatchWhsCode, F.Quantity BatchAvailQty, D.wareHouse ProWhsCode,
                           ISNULL((select sum(IssQty) from QIT_WMS.dbo.QIT_Draft_Issue t 
		                           where t.QRCodeID  = A.QRCodeID and t.BatchSerialNo = A.BatchSerialNo and 
			                             t.ItemCode collate SQL_Latin1_General_CP850_CI_AS = D.ItemCode and 
			                             t.WhsCode collate SQL_Latin1_General_CP850_CI_AS= D.wareHouse and 
			                             t.WhsCode collate SQL_Latin1_General_CP850_CI_AS = F.WhsCode),0) DraftIssueQtyByQR, 
                           ISNULL((select sum(IssQty) from QIT_WMS.dbo.QIT_Draft_Issue t 
		                           where t.QRCodeID  = A.QRCodeID and t.BatchSerialNo = A.BatchSerialNo and 
                                         t.ProOrdDocEntry = C.DocEntry AND
			                             t.ItemCode collate SQL_Latin1_General_CP850_CI_AS = D.ItemCode and 
			                             t.WhsCode collate SQL_Latin1_General_CP850_CI_AS= D.wareHouse and 
			                             t.WhsCode collate SQL_Latin1_General_CP850_CI_AS = F.WhsCode),0) DraftIssueQtyByQRPro,
                           C.Project QRProject,
                           ISNULL(H.ToBinAbsEntry,0) FromBin, (select BinCode from OBIN where AbsEntry = H.ToBinAbsEntry) FromBinCode
                    FROM QIT_WMS.dbo.QIT_OpeningStock_QR_Detail A  
	                     INNER JOIN QIT_WMS.dbo.QIT_OpeningStock_QR_Header B ON A.HeaderSrNo = B.HeaderSrNo
	                     INNER JOIN OWOR C ON 1=1 and C.DocEntry = @docEntry
	                     INNER JOIN WOR1 D ON C.DocEntry = D.DocEntry AND D.ItemCode collate SQL_Latin1_General_CP1_CI_AS = A.ItemCode
                         INNER JOIN QIT_WMS.dbo.QIT_Item_Master E on E.ItemCode = A.ItemCode 
                         INNER JOIN [OSRQ] F ON 1=1   
                         INNER JOIN [dbo].[OSRN] G ON F.[ItemCode] = G.[ItemCode] AND F.[SysNumber] = G.[SysNumber] 
                         INNER JOIN QIT_WMS.dbo.QIT_OSQRStock_InvTrans H ON H.QRCodeID = A.QRCodeID and 
                                    H.TransId=(SELECT MAX(A1.TRansId) FROM QIT_WMS.dbo.QIT_OSQRStock_InvTrans A1 WHERE A1.QRCodeId = @dQR )
                    WHERE A.QRCodeID = @dQR AND F.Quantity <> 0 AND G.DistNumber = @batch AND F.ItemCode = @itemCode
                    ) AS A
                      
2024-02-29 15:34:14.2212|0|INFO|Microsoft.AspNetCore.Mvc.Infrastructure.ControllerActionInvoker|Executed action method WMS_UI_API.Controllers.ProductionController.ValidateItemQR (WMS UI API), returned result Microsoft.AspNetCore.Mvc.ObjectResult in 50228.1886ms. 
2024-02-29 15:34:14.2212|0|TRACE|Microsoft.AspNetCore.Mvc.Infrastructure.ControllerActionInvoker|Action Filter: Before executing OnActionExecuted on filter Microsoft.AspNetCore.Mvc.Infrastructure.ModelStateInvalidFilter. 
2024-02-29 15:34:14.2212|0|TRACE|Microsoft.AspNetCore.Mvc.Infrastructure.ControllerActionInvoker|Action Filter: After executing OnActionExecuted on filter Microsoft.AspNetCore.Mvc.Infrastructure.ModelStateInvalidFilter. 
2024-02-29 15:34:14.2212|0|TRACE|Microsoft.AspNetCore.Mvc.Infrastructure.ControllerActionInvoker|Action Filter: Before executing OnActionExecuted on filter Microsoft.AspNetCore.Mvc.ModelBinding.UnsupportedContentTypeFilter. 
2024-02-29 15:34:14.2212|0|TRACE|Microsoft.AspNetCore.Mvc.Infrastructure.ControllerActionInvoker|Action Filter: After executing OnActionExecuted on filter Microsoft.AspNetCore.Mvc.ModelBinding.UnsupportedContentTypeFilter. 
2024-02-29 15:34:14.2212|0|TRACE|Microsoft.AspNetCore.Mvc.Infrastructure.ControllerActionInvoker|Result Filter: Before executing OnResultExecuting on filter Microsoft.AspNetCore.Mvc.Infrastructure.ClientErrorResultFilter. 
2024-02-29 15:34:14.2212|0|TRACE|Microsoft.AspNetCore.Mvc.Infrastructure.ControllerActionInvoker|Result Filter: After executing OnResultExecuting on filter Microsoft.AspNetCore.Mvc.Infrastructure.ClientErrorResultFilter. 
2024-02-29 15:34:14.2212|0|TRACE|Microsoft.AspNetCore.Mvc.Infrastructure.ControllerActionInvoker|Before executing action result Microsoft.AspNetCore.Mvc.ObjectResult. 
2024-02-29 15:34:14.2212|0|DEBUG|Microsoft.AspNetCore.Mvc.Infrastructure.DefaultOutputFormatterSelector|List of registered output formatters, in the following order: Microsoft.AspNetCore.Mvc.Formatters.HttpNoContentOutputFormatter, Microsoft.AspNetCore.Mvc.Formatters.StringOutputFormatter, Microsoft.AspNetCore.Mvc.Formatters.StreamOutputFormatter, Microsoft.AspNetCore.Mvc.Formatters.SystemTextJsonOutputFormatter 
2024-02-29 15:34:14.2212|0|DEBUG|Microsoft.AspNetCore.Mvc.Infrastructure.DefaultOutputFormatterSelector|Attempting to select an output formatter based on Accept header 'text/plain'. 
2024-02-29 15:34:14.2212|0|DEBUG|Microsoft.AspNetCore.Mvc.Infrastructure.DefaultOutputFormatterSelector|Could not find an output formatter based on content negotiation. Accepted types were (text/plain) 
2024-02-29 15:34:14.2212|0|DEBUG|Microsoft.AspNetCore.Mvc.Infrastructure.DefaultOutputFormatterSelector|Attempting to select an output formatter without using a content type as no explicit content types were specified for the response. 
2024-02-29 15:34:14.2212|0|DEBUG|Microsoft.AspNetCore.Mvc.Infrastructure.DefaultOutputFormatterSelector|Attempting to select the first formatter in the output formatters list which can write the result. 
2024-02-29 15:34:14.2212|0|DEBUG|Microsoft.AspNetCore.Mvc.Infrastructure.DefaultOutputFormatterSelector|Selected output formatter 'Microsoft.AspNetCore.Mvc.Formatters.SystemTextJsonOutputFormatter' and content type 'application/json' to write the response. 
2024-02-29 15:34:14.2212|0|INFO|Microsoft.AspNetCore.Mvc.Infrastructure.ObjectResultExecutor|Executing ObjectResult, writing value of type 'System.Collections.Generic.List`1[[WMS_UI_API.Models.ValidItemCls, WMS UI API, Version=1.0.0.0, Culture=neutral, PublicKeyToken=null]]'. 
2024-02-29 15:34:14.2212|0|TRACE|Microsoft.AspNetCore.Mvc.Infrastructure.ControllerActionInvoker|After executing action result Microsoft.AspNetCore.Mvc.ObjectResult. 
2024-02-29 15:34:14.2212|0|TRACE|Microsoft.AspNetCore.Mvc.Infrastructure.ControllerActionInvoker|Result Filter: Before executing OnResultExecuted on filter Microsoft.AspNetCore.Mvc.Infrastructure.ClientErrorResultFilter. 
2024-02-29 15:34:14.2212|0|TRACE|Microsoft.AspNetCore.Mvc.Infrastructure.ControllerActionInvoker|Result Filter: After executing OnResultExecuted on filter Microsoft.AspNetCore.Mvc.Infrastructure.ClientErrorResultFilter. 
2024-02-29 15:34:14.2212|0|INFO|Microsoft.AspNetCore.Mvc.Infrastructure.ControllerActionInvoker|Executed action WMS_UI_API.Controllers.ProductionController.ValidateItemQR (WMS UI API) in 50236.792ms 
2024-02-29 15:34:14.2212|0|INFO|Microsoft.AspNetCore.Routing.EndpointMiddleware|Executed endpoint 'WMS_UI_API.Controllers.ProductionController.ValidateItemQR (WMS UI API)' 
2024-02-29 15:34:14.2212|0|DEBUG|Microsoft.AspNetCore.Server.Kestrel.Connections|Connection id "0HN1P1M3U647V" completed keep alive response. 
2024-02-29 15:34:14.2212|0|INFO|Microsoft.AspNetCore.Hosting.Diagnostics|Request finished HTTP/1.1 POST http://localhost:6084/api/Production/ValidateItemQR application/json 83 - 200 - application/json;+charset=utf-8 50244.2723ms 
2024-02-29 15:37:43.0987|0|DEBUG|Microsoft.AspNetCore.Server.Kestrel.Transport.Sockets|Connection id "0HN1P1M3U6481" received FIN. 
2024-02-29 15:37:43.1114|0|DEBUG|Microsoft.AspNetCore.Server.Kestrel.Transport.Sockets|Connection id "0HN1P1M3U647T" received FIN. 
2024-02-29 15:37:43.1114|0|DEBUG|Microsoft.AspNetCore.Server.Kestrel.Transport.Sockets|Connection id "0HN1P1M3U647U" received FIN. 
2024-02-29 15:37:43.1239|0|DEBUG|Microsoft.AspNetCore.Server.Kestrel.Transport.Sockets|Connection id "0HN1P1M3U6480" received FIN. 
2024-02-29 15:37:43.1239|0|DEBUG|Microsoft.AspNetCore.Server.Kestrel.Connections|Connection id "0HN1P1M3U6481" disconnecting. 
2024-02-29 15:37:43.1239|0|DEBUG|Microsoft.AspNetCore.Server.Kestrel.Transport.Sockets|Connection id "0HN1P1M3U6482" received FIN. 
2024-02-29 15:37:43.1239|0|DEBUG|Microsoft.AspNetCore.Server.Kestrel.Connections|Connection id "0HN1P1M3U647T" disconnecting. 
2024-02-29 15:37:43.1239|0|DEBUG|Microsoft.AspNetCore.Server.Kestrel.Connections|Connection id "0HN1P1M3U647T" stopped. 
2024-02-29 15:37:43.1239|0|DEBUG|Microsoft.AspNetCore.Server.Kestrel.Connections|Connection id "0HN1P1M3U6481" stopped. 
2024-02-29 15:37:43.1239|0|DEBUG|Microsoft.AspNetCore.Server.Kestrel.Connections|Connection id "0HN1P1M3U647U" disconnecting. 
2024-02-29 15:37:43.1239|0|DEBUG|Microsoft.AspNetCore.Server.Kestrel.Connections|Connection id "0HN1P1M3U647U" stopped. 
2024-02-29 15:37:43.1239|0|DEBUG|Microsoft.AspNetCore.Server.Kestrel.Transport.Sockets|Connection id "0HN1P1M3U647T" sending FIN because: "The Socket transport's send loop completed gracefully." 
2024-02-29 15:37:43.1445|0|DEBUG|Microsoft.AspNetCore.Server.Kestrel.Connections|Connection id "0HN1P1M3U6480" disconnecting. 
2024-02-29 15:37:43.1445|0|DEBUG|Microsoft.AspNetCore.Server.Kestrel.Connections|Connection id "0HN1P1M3U6482" disconnecting. 
2024-02-29 15:37:43.1445|0|DEBUG|Microsoft.AspNetCore.Server.Kestrel.Transport.Sockets|Connection id "0HN1P1M3U6480" sending FIN because: "The Socket transport's send loop completed gracefully." 
2024-02-29 15:37:43.1445|0|DEBUG|Microsoft.AspNetCore.Server.Kestrel.Connections|Connection id "0HN1P1M3U6482" stopped. 
2024-02-29 15:37:43.1445|0|DEBUG|Microsoft.AspNetCore.Server.Kestrel.Transport.Sockets|Connection id "0HN1P1M3U6481" sending FIN because: "The Socket transport's send loop completed gracefully." 
2024-02-29 15:37:43.1445|0|DEBUG|Microsoft.AspNetCore.Server.Kestrel.Transport.Sockets|Connection id "0HN1P1M3U647U" sending FIN because: "The Socket transport's send loop completed gracefully." 
2024-02-29 15:37:43.1445|0|DEBUG|Microsoft.AspNetCore.Server.Kestrel.Transport.Sockets|Connection id "0HN1P1M3U6482" sending FIN because: "The Socket transport's send loop completed gracefully." 
2024-02-29 15:37:43.1542|0|DEBUG|Microsoft.AspNetCore.Server.Kestrel.Connections|Connection id "0HN1P1M3U6480" stopped. 
2024-02-29 15:42:43.1015|0|DEBUG|Microsoft.AspNetCore.Server.Kestrel.Transport.Sockets|Connection id "0HN1P1M3U647V" received FIN. 
2024-02-29 15:42:43.1015|0|DEBUG|Microsoft.AspNetCore.Server.Kestrel.Connections|Connection id "0HN1P1M3U647V" disconnecting. 
2024-02-29 15:42:43.1015|0|DEBUG|Microsoft.AspNetCore.Server.Kestrel.Connections|Connection id "0HN1P1M3U647V" stopped. 
2024-02-29 15:42:43.1015|0|DEBUG|Microsoft.AspNetCore.Server.Kestrel.Transport.Sockets|Connection id "0HN1P1M3U647V" sending FIN because: "The Socket transport's send loop completed gracefully." 
