2024-01-15 12:48:41.4211|0|DEBUG|WMS_UI_API.Program|NLogeer initilized in 'Main' 
2024-01-15 12:48:43.5587|0|DEBUG|Microsoft.Extensions.Hosting.Internal.Host|Hosting starting 
2024-01-15 12:48:43.6572|0|INFO|Microsoft.AspNetCore.DataProtection.KeyManagement.XmlKeyManager|User profile is available. Using 'C:\Users\Administrator\AppData\Local\ASP.NET\DataProtection-Keys' as key repository and Windows DPAPI to encrypt keys at rest. 
2024-01-15 12:48:43.6888|0|DEBUG|Microsoft.AspNetCore.DataProtection.Repositories.FileSystemXmlRepository|Reading data from file 'C:\Users\Administrator\AppData\Local\ASP.NET\DataProtection-Keys\key-8d5202c6-241b-48a1-bf3b-b9600653df67.xml'. 
2024-01-15 12:48:43.7060|0|DEBUG|Microsoft.AspNetCore.DataProtection.KeyManagement.XmlKeyManager|Found key {8d5202c6-241b-48a1-bf3b-b9600653df67}. 
2024-01-15 12:48:43.7060|0|DEBUG|Microsoft.AspNetCore.DataProtection.KeyManagement.DefaultKeyResolver|Considering key {8d5202c6-241b-48a1-bf3b-b9600653df67} with expiration date 2024-01-27 11:46:44Z as default key. 
2024-01-15 12:48:43.7180|0|DEBUG|Microsoft.AspNetCore.DataProtection.TypeForwardingActivator|Forwarded activator type request from Microsoft.AspNetCore.DataProtection.XmlEncryption.DpapiXmlDecryptor, Microsoft.AspNetCore.DataProtection, Version=6.0.0.0, Culture=neutral, PublicKeyToken=adb9793829ddae60 to Microsoft.AspNetCore.DataProtection.XmlEncryption.DpapiXmlDecryptor, Microsoft.AspNetCore.DataProtection, Culture=neutral, PublicKeyToken=adb9793829ddae60 
2024-01-15 12:48:43.7180|0|DEBUG|Microsoft.AspNetCore.DataProtection.XmlEncryption.DpapiXmlDecryptor|Decrypting secret element using Windows DPAPI. 
2024-01-15 12:48:43.7180|0|DEBUG|Microsoft.AspNetCore.DataProtection.TypeForwardingActivator|Forwarded activator type request from Microsoft.AspNetCore.DataProtection.AuthenticatedEncryption.ConfigurationModel.AuthenticatedEncryptorDescriptorDeserializer, Microsoft.AspNetCore.DataProtection, Version=6.0.0.0, Culture=neutral, PublicKeyToken=adb9793829ddae60 to Microsoft.AspNetCore.DataProtection.AuthenticatedEncryption.ConfigurationModel.AuthenticatedEncryptorDescriptorDeserializer, Microsoft.AspNetCore.DataProtection, Culture=neutral, PublicKeyToken=adb9793829ddae60 
2024-01-15 12:48:43.7180|0|DEBUG|Microsoft.AspNetCore.DataProtection.AuthenticatedEncryption.CngCbcAuthenticatedEncryptorFactory|Opening CNG algorithm 'AES' from provider '(null)' with chaining mode CBC. 
2024-01-15 12:48:43.7180|0|DEBUG|Microsoft.AspNetCore.DataProtection.AuthenticatedEncryption.CngCbcAuthenticatedEncryptorFactory|Opening CNG algorithm 'SHA256' from provider '(null)' with HMAC. 
2024-01-15 12:48:43.7180|0|DEBUG|Microsoft.AspNetCore.DataProtection.KeyManagement.KeyRingProvider|Using key {8d5202c6-241b-48a1-bf3b-b9600653df67} as the default key. 
2024-01-15 12:48:43.7180|0|DEBUG|Microsoft.AspNetCore.DataProtection.Internal.DataProtectionHostedService|Key ring with default key {8d5202c6-241b-48a1-bf3b-b9600653df67} was loaded during application startup. 
2024-01-15 12:48:43.9876|0|DEBUG|Microsoft.AspNetCore.Mvc.ModelBinding.ModelBinderFactory|Registered model binder providers, in the following order: Microsoft.AspNetCore.Mvc.ModelBinding.Binders.BinderTypeModelBinderProvider, Microsoft.AspNetCore.Mvc.ModelBinding.Binders.ServicesModelBinderProvider, Microsoft.AspNetCore.Mvc.ModelBinding.Binders.BodyModelBinderProvider, Microsoft.AspNetCore.Mvc.ModelBinding.Binders.HeaderModelBinderProvider, Microsoft.AspNetCore.Mvc.ModelBinding.Binders.FloatingPointTypeModelBinderProvider, Microsoft.AspNetCore.Mvc.ModelBinding.Binders.EnumTypeModelBinderProvider, Microsoft.AspNetCore.Mvc.ModelBinding.Binders.DateTimeModelBinderProvider, Microsoft.AspNetCore.Mvc.ModelBinding.Binders.SimpleTypeModelBinderProvider, Microsoft.AspNetCore.Mvc.ModelBinding.Binders.CancellationTokenModelBinderProvider, Microsoft.AspNetCore.Mvc.ModelBinding.Binders.ByteArrayModelBinderProvider, Microsoft.AspNetCore.Mvc.ModelBinding.Binders.FormFileModelBinderProvider, Microsoft.AspNetCore.Mvc.ModelBinding.Binders.FormCollectionModelBinderProvider, Microsoft.AspNetCore.Mvc.ModelBinding.Binders.KeyValuePairModelBinderProvider, Microsoft.AspNetCore.Mvc.ModelBinding.Binders.DictionaryModelBinderProvider, Microsoft.AspNetCore.Mvc.ModelBinding.Binders.ArrayModelBinderProvider, Microsoft.AspNetCore.Mvc.ModelBinding.Binders.CollectionModelBinderProvider, Microsoft.AspNetCore.Mvc.ModelBinding.Binders.ComplexObjectModelBinderProvider 
2024-01-15 12:48:44.1334|0|DEBUG|Microsoft.AspNetCore.SignalR.Internal.DefaultHubProtocolResolver|Registered SignalR Protocol: json, implemented by Microsoft.AspNetCore.SignalR.Protocol.JsonHubProtocol. 
2024-01-15 12:48:44.1843|0|TRACE|Microsoft.AspNetCore.SignalR.Internal.DefaultHubDispatcher|'NotificationHub' hub method 'NewEntryAdded' is bound. 
2024-01-15 12:48:44.3583|0|INFO|Microsoft.Hosting.Lifetime|Now listening on: http://localhost:6084 
2024-01-15 12:48:44.4091|0|DEBUG|Microsoft.AspNetCore.Server.Kestrel.Connections|Connection id "0HN0LJ8QLLNSN" accepted. 
2024-01-15 12:48:44.4091|0|DEBUG|Microsoft.AspNetCore.Server.Kestrel.Connections|Connection id "0HN0LJ8QLLNSN" started. 
2024-01-15 12:48:44.4091|0|DEBUG|Microsoft.AspNetCore.Server.Kestrel.Connections|Connection id "0HN0LJ8QLLNSO" accepted. 
2024-01-15 12:48:44.4091|0|DEBUG|Microsoft.AspNetCore.Server.Kestrel.Connections|Connection id "0HN0LJ8QLLNSO" started. 
2024-01-15 12:48:44.4560|0|DEBUG|Microsoft.AspNetCore.Hosting.Diagnostics|Loaded hosting startup assembly WMS UI API 
2024-01-15 12:48:44.4560|0|DEBUG|Microsoft.AspNetCore.Hosting.Diagnostics|Loaded hosting startup assembly Microsoft.AspNetCore.Watch.BrowserRefresh 
2024-01-15 12:48:44.4560|0|DEBUG|Microsoft.AspNetCore.Hosting.Diagnostics|Loaded hosting startup assembly Microsoft.WebTools.BrowserLink.Net 
2024-01-15 12:48:44.4560|0|TRACE|Microsoft.AspNetCore.Http.Connections.Internal.HttpConnectionManager|Starting connection heartbeat. 
2024-01-15 12:48:44.4560|0|INFO|Microsoft.Hosting.Lifetime|Application started. Press Ctrl+C to shut down. 
2024-01-15 12:48:44.4560|0|INFO|Microsoft.Hosting.Lifetime|Hosting environment: Development 
2024-01-15 12:48:44.4560|0|INFO|Microsoft.Hosting.Lifetime|Content root path: C:\WMS UI API - Kuster - Check multiple PO\WMS UI API 
2024-01-15 12:48:44.4560|0|DEBUG|Microsoft.Extensions.Hosting.Internal.Host|Hosting started 
2024-01-15 12:48:45.2091|0|DEBUG|Microsoft.AspNetCore.Server.Kestrel.Connections|Connection id "0HN0LJ8QLLNSP" accepted. 
2024-01-15 12:48:45.2091|0|DEBUG|Microsoft.AspNetCore.Server.Kestrel.Connections|Connection id "0HN0LJ8QLLNSP" started. 
2024-01-15 12:48:45.2091|0|DEBUG|Microsoft.AspNetCore.Server.Kestrel.Connections|Connection id "0HN0LJ8QLLNSQ" accepted. 
2024-01-15 12:48:45.2180|0|DEBUG|Microsoft.AspNetCore.Server.Kestrel.Connections|Connection id "0HN0LJ8QLLNSQ" started. 
2024-01-15 12:48:45.2626|0|INFO|Microsoft.AspNetCore.Hosting.Diagnostics|Request starting HTTP/1.1 GET http://localhost:6084/WeatherForecast - - 
2024-01-15 12:48:45.3127|0|DEBUG|Microsoft.AspNetCore.HostFiltering.HostFilteringMiddleware|Wildcard detected, all requests with hosts will be allowed. 
2024-01-15 12:48:45.3127|0|TRACE|Microsoft.AspNetCore.HostFiltering.HostFilteringMiddleware|All hosts are allowed. 
2024-01-15 12:48:45.3835|0|DEBUG|Microsoft.AspNetCore.StaticFiles.StaticFileMiddleware|The request path  does not match the path filter 
2024-01-15 12:48:45.3835|0|WARN|Microsoft.AspNetCore.HttpsPolicy.HttpsRedirectionMiddleware|Failed to determine the https port for redirect. 
2024-01-15 12:48:45.4207|0|DEBUG|Microsoft.AspNetCore.Routing.Matching.DfaMatcher|1 candidate(s) found for the request path '/WeatherForecast' 
2024-01-15 12:48:45.4239|0|DEBUG|Microsoft.AspNetCore.Routing.Matching.DfaMatcher|Endpoint 'WMS_UI_API.Controllers.WeatherForecastController.Get (WMS UI API)' with route pattern 'WeatherForecast' is valid for the request path '/WeatherForecast' 
2024-01-15 12:48:45.4239|0|DEBUG|Microsoft.AspNetCore.Routing.EndpointRoutingMiddleware|Request matched endpoint 'WMS_UI_API.Controllers.WeatherForecastController.Get (WMS UI API)' 
2024-01-15 12:48:45.4239|0|DEBUG|WMS_UI_API.Middlewares.ExceptionHandler|Log Initilized 
2024-01-15 12:48:45.5099|0|DEBUG|Microsoft.AspNetCore.Authentication.JwtBearer.JwtBearerHandler|AuthenticationScheme: Bearer was not authenticated. 
2024-01-15 12:48:45.5099|0|INFO|Microsoft.AspNetCore.Routing.EndpointMiddleware|Executing endpoint 'WMS_UI_API.Controllers.WeatherForecastController.Get (WMS UI API)' 
2024-01-15 12:48:45.5237|0|INFO|Microsoft.AspNetCore.Mvc.Infrastructure.ControllerActionInvoker|Route matched with {action = "Get", controller = "WeatherForecast"}. Executing controller action with signature System.Collections.Generic.IEnumerable`1[WMS_UI_API.WeatherForecast] Get() on controller WMS_UI_API.Controllers.WeatherForecastController (WMS UI API). 
2024-01-15 12:48:45.5237|0|DEBUG|Microsoft.AspNetCore.Mvc.Infrastructure.ControllerActionInvoker|Execution plan of authorization filters (in the following order): None 
2024-01-15 12:48:45.5237|0|DEBUG|Microsoft.AspNetCore.Mvc.Infrastructure.ControllerActionInvoker|Execution plan of resource filters (in the following order): None 
2024-01-15 12:48:45.5237|0|DEBUG|Microsoft.AspNetCore.Mvc.Infrastructure.ControllerActionInvoker|Execution plan of action filters (in the following order): Microsoft.AspNetCore.Mvc.ModelBinding.UnsupportedContentTypeFilter (Order: -3000), Microsoft.AspNetCore.Mvc.Infrastructure.ModelStateInvalidFilter (Order: -2000) 
2024-01-15 12:48:45.5237|0|DEBUG|Microsoft.AspNetCore.Mvc.Infrastructure.ControllerActionInvoker|Execution plan of exception filters (in the following order): None 
2024-01-15 12:48:45.5237|0|DEBUG|Microsoft.AspNetCore.Mvc.Infrastructure.ControllerActionInvoker|Execution plan of result filters (in the following order): Microsoft.AspNetCore.Mvc.Infrastructure.ClientErrorResultFilter (Order: -2000) 
2024-01-15 12:48:45.5237|0|DEBUG|Microsoft.AspNetCore.Mvc.Infrastructure.ControllerActionInvoker|Executing controller factory for controller WMS_UI_API.Controllers.WeatherForecastController (WMS UI API) 
2024-01-15 12:48:45.5237|0|DEBUG|Microsoft.AspNetCore.Mvc.Infrastructure.ControllerActionInvoker|Executed controller factory for controller WMS_UI_API.Controllers.WeatherForecastController (WMS UI API) 
2024-01-15 12:48:45.5237|0|TRACE|Microsoft.AspNetCore.Mvc.Infrastructure.ControllerActionInvoker|Action Filter: Before executing OnActionExecuting on filter Microsoft.AspNetCore.Mvc.ModelBinding.UnsupportedContentTypeFilter. 
2024-01-15 12:48:45.5237|0|TRACE|Microsoft.AspNetCore.Mvc.Infrastructure.ControllerActionInvoker|Action Filter: After executing OnActionExecuting on filter Microsoft.AspNetCore.Mvc.ModelBinding.UnsupportedContentTypeFilter. 
2024-01-15 12:48:45.5237|0|TRACE|Microsoft.AspNetCore.Mvc.Infrastructure.ControllerActionInvoker|Action Filter: Before executing OnActionExecuting on filter Microsoft.AspNetCore.Mvc.Infrastructure.ModelStateInvalidFilter. 
2024-01-15 12:48:45.5237|0|TRACE|Microsoft.AspNetCore.Mvc.Infrastructure.ControllerActionInvoker|Action Filter: After executing OnActionExecuting on filter Microsoft.AspNetCore.Mvc.Infrastructure.ModelStateInvalidFilter. 
2024-01-15 12:48:45.5237|0|INFO|Microsoft.AspNetCore.Mvc.Infrastructure.ControllerActionInvoker|Executing action method WMS_UI_API.Controllers.WeatherForecastController.Get (WMS UI API) - Validation state: Valid 
2024-01-15 12:48:45.5324|0|INFO|WMS_UI_API.Controllers.WeatherForecastController|Connection intiation at 07:18:45 
2024-01-15 12:48:45.5324|0|INFO|Microsoft.AspNetCore.Mvc.Infrastructure.ControllerActionInvoker|Executed action method WMS_UI_API.Controllers.WeatherForecastController.Get (WMS UI API), returned result Microsoft.AspNetCore.Mvc.ObjectResult in 5.0953ms. 
2024-01-15 12:48:45.5324|0|TRACE|Microsoft.AspNetCore.Mvc.Infrastructure.ControllerActionInvoker|Action Filter: Before executing OnActionExecuted on filter Microsoft.AspNetCore.Mvc.Infrastructure.ModelStateInvalidFilter. 
2024-01-15 12:48:45.5324|0|TRACE|Microsoft.AspNetCore.Mvc.Infrastructure.ControllerActionInvoker|Action Filter: After executing OnActionExecuted on filter Microsoft.AspNetCore.Mvc.Infrastructure.ModelStateInvalidFilter. 
2024-01-15 12:48:45.5324|0|TRACE|Microsoft.AspNetCore.Mvc.Infrastructure.ControllerActionInvoker|Action Filter: Before executing OnActionExecuted on filter Microsoft.AspNetCore.Mvc.ModelBinding.UnsupportedContentTypeFilter. 
2024-01-15 12:48:45.5324|0|TRACE|Microsoft.AspNetCore.Mvc.Infrastructure.ControllerActionInvoker|Action Filter: After executing OnActionExecuted on filter Microsoft.AspNetCore.Mvc.ModelBinding.UnsupportedContentTypeFilter. 
2024-01-15 12:48:45.5324|0|TRACE|Microsoft.AspNetCore.Mvc.Infrastructure.ControllerActionInvoker|Result Filter: Before executing OnResultExecuting on filter Microsoft.AspNetCore.Mvc.Infrastructure.ClientErrorResultFilter. 
2024-01-15 12:48:45.5324|0|TRACE|Microsoft.AspNetCore.Mvc.Infrastructure.ControllerActionInvoker|Result Filter: After executing OnResultExecuting on filter Microsoft.AspNetCore.Mvc.Infrastructure.ClientErrorResultFilter. 
2024-01-15 12:48:45.5324|0|TRACE|Microsoft.AspNetCore.Mvc.Infrastructure.ControllerActionInvoker|Before executing action result Microsoft.AspNetCore.Mvc.ObjectResult. 
2024-01-15 12:48:45.5324|0|DEBUG|Microsoft.AspNetCore.Mvc.Infrastructure.DefaultOutputFormatterSelector|List of registered output formatters, in the following order: Microsoft.AspNetCore.Mvc.Formatters.HttpNoContentOutputFormatter, Microsoft.AspNetCore.Mvc.Formatters.StringOutputFormatter, Microsoft.AspNetCore.Mvc.Formatters.StreamOutputFormatter, Microsoft.AspNetCore.Mvc.Formatters.SystemTextJsonOutputFormatter 
2024-01-15 12:48:45.5460|0|DEBUG|Microsoft.AspNetCore.Mvc.Infrastructure.DefaultOutputFormatterSelector|No information found on request to perform content negotiation. 
2024-01-15 12:48:45.5460|0|DEBUG|Microsoft.AspNetCore.Mvc.Infrastructure.DefaultOutputFormatterSelector|Attempting to select an output formatter without using a content type as no explicit content types were specified for the response. 
2024-01-15 12:48:45.5460|0|DEBUG|Microsoft.AspNetCore.Mvc.Infrastructure.DefaultOutputFormatterSelector|Attempting to select the first formatter in the output formatters list which can write the result. 
2024-01-15 12:48:45.5460|0|DEBUG|Microsoft.AspNetCore.Mvc.Infrastructure.DefaultOutputFormatterSelector|Selected output formatter 'Microsoft.AspNetCore.Mvc.Formatters.SystemTextJsonOutputFormatter' and content type 'application/json' to write the response. 
2024-01-15 12:48:45.5460|0|INFO|Microsoft.AspNetCore.Mvc.Infrastructure.ObjectResultExecutor|Executing ObjectResult, writing value of type 'WMS_UI_API.WeatherForecast[]'. 
2024-01-15 12:48:45.8810|0|TRACE|Microsoft.AspNetCore.Mvc.Infrastructure.ControllerActionInvoker|After executing action result Microsoft.AspNetCore.Mvc.ObjectResult. 
2024-01-15 12:48:45.8810|0|TRACE|Microsoft.AspNetCore.Mvc.Infrastructure.ControllerActionInvoker|Result Filter: Before executing OnResultExecuted on filter Microsoft.AspNetCore.Mvc.Infrastructure.ClientErrorResultFilter. 
2024-01-15 12:48:45.8810|0|TRACE|Microsoft.AspNetCore.Mvc.Infrastructure.ControllerActionInvoker|Result Filter: After executing OnResultExecuted on filter Microsoft.AspNetCore.Mvc.Infrastructure.ClientErrorResultFilter. 
2024-01-15 12:48:45.8810|0|INFO|Microsoft.AspNetCore.Mvc.Infrastructure.ControllerActionInvoker|Executed action WMS_UI_API.Controllers.WeatherForecastController.Get (WMS UI API) in 357.7524ms 
2024-01-15 12:48:45.8810|0|INFO|Microsoft.AspNetCore.Routing.EndpointMiddleware|Executed endpoint 'WMS_UI_API.Controllers.WeatherForecastController.Get (WMS UI API)' 
2024-01-15 12:48:45.8810|0|DEBUG|Microsoft.AspNetCore.Server.Kestrel.Connections|Connection id "0HN0LJ8QLLNSQ" completed keep alive response. 
2024-01-15 12:48:45.8907|0|INFO|Microsoft.AspNetCore.Hosting.Diagnostics|Request finished HTTP/1.1 GET http://localhost:6084/WeatherForecast - - - 200 - application/json;+charset=utf-8 631.5942ms 
2024-01-15 12:48:45.9053|0|INFO|Microsoft.AspNetCore.Hosting.Diagnostics|Request starting HTTP/1.1 GET http://localhost:6084/favicon.ico - - 
2024-01-15 12:48:45.9053|0|TRACE|Microsoft.AspNetCore.HostFiltering.HostFilteringMiddleware|All hosts are allowed. 
2024-01-15 12:48:45.9053|0|DEBUG|Microsoft.AspNetCore.StaticFiles.StaticFileMiddleware|The request path  does not match the path filter 
2024-01-15 12:48:45.9053|0|DEBUG|Microsoft.AspNetCore.Routing.Matching.DfaMatcher|No candidates found for the request path '/favicon.ico' 
2024-01-15 12:48:45.9053|0|DEBUG|Microsoft.AspNetCore.Routing.EndpointRoutingMiddleware|Request did not match any endpoints 
2024-01-15 12:48:45.9053|0|DEBUG|WMS_UI_API.Middlewares.ExceptionHandler|Log Initilized 
2024-01-15 12:48:45.9053|0|DEBUG|Microsoft.AspNetCore.Authentication.JwtBearer.JwtBearerHandler|AuthenticationScheme: Bearer was not authenticated. 
2024-01-15 12:48:45.9053|0|DEBUG|Microsoft.AspNetCore.Server.Kestrel.Connections|Connection id "0HN0LJ8QLLNSQ" completed keep alive response. 
2024-01-15 12:48:45.9053|0|INFO|Microsoft.AspNetCore.Hosting.Diagnostics|Request finished HTTP/1.1 GET http://localhost:6084/favicon.ico - - - 404 0 - 1.4316ms 
2024-01-15 12:48:47.8153|0|INFO|Microsoft.AspNetCore.Hosting.Diagnostics|Request starting HTTP/1.1 GET http://localhost:6084/swagger/index.html - - 
2024-01-15 12:48:47.8153|0|TRACE|Microsoft.AspNetCore.HostFiltering.HostFilteringMiddleware|All hosts are allowed. 
2024-01-15 12:48:47.8673|0|DEBUG|Microsoft.AspNetCore.Watch.BrowserRefresh.BrowserRefreshMiddleware|Response markup is scheduled to include browser refresh script injection. 
2024-01-15 12:48:48.0414|0|INFO|Microsoft.AspNetCore.Hosting.Diagnostics|Request starting HTTP/1.1 GET http://localhost:6084/_framework/aspnetcore-browser-refresh.js - - 
2024-01-15 12:48:48.0414|0|DEBUG|Microsoft.AspNetCore.Server.Kestrel.Connections|Connection id "0HN0LJ8QLLNSR" accepted. 
2024-01-15 12:48:48.0414|0|DEBUG|Microsoft.AspNetCore.Server.Kestrel.Connections|Connection id "0HN0LJ8QLLNSR" started. 
2024-01-15 12:48:48.0414|0|INFO|Microsoft.AspNetCore.Hosting.Diagnostics|Request starting HTTP/1.1 GET http://localhost:6084/_vs/browserLink - - 
2024-01-15 12:48:48.0414|0|DEBUG|Microsoft.AspNetCore.Server.Kestrel.Connections|Connection id "0HN0LJ8QLLNSP" completed keep alive response. 
2024-01-15 12:48:48.0414|0|INFO|Microsoft.AspNetCore.Hosting.Diagnostics|Request finished HTTP/1.1 GET http://localhost:6084/_framework/aspnetcore-browser-refresh.js - - - 200 11990 application/javascript;+charset=utf-8 3.6961ms 
2024-01-15 12:48:48.0513|0|DEBUG|Microsoft.AspNetCore.Watch.BrowserRefresh.BrowserRefreshMiddleware|Response markup was updated to include browser refresh script injection. 
2024-01-15 12:48:48.0513|0|DEBUG|Microsoft.AspNetCore.Server.Kestrel.Connections|Connection id "0HN0LJ8QLLNSQ" completed keep alive response. 
2024-01-15 12:48:48.0513|0|INFO|Microsoft.AspNetCore.Hosting.Diagnostics|Request finished HTTP/1.1 GET http://localhost:6084/swagger/index.html - - - 200 - text/html;charset=utf-8 236.5246ms 
2024-01-15 12:48:48.0893|0|DEBUG|Microsoft.AspNetCore.Server.Kestrel.Connections|Connection id "0HN0LJ8QLLNSR" completed keep alive response. 
2024-01-15 12:48:48.0893|0|INFO|Microsoft.AspNetCore.Hosting.Diagnostics|Request finished HTTP/1.1 GET http://localhost:6084/_vs/browserLink - - - 200 - text/javascript;+charset=UTF-8 47.2197ms 
2024-01-15 12:48:48.1177|0|INFO|Microsoft.AspNetCore.Hosting.Diagnostics|Request starting HTTP/1.1 GET http://localhost:6084/swagger/v1/swagger.json - - 
2024-01-15 12:48:48.1177|0|TRACE|Microsoft.AspNetCore.HostFiltering.HostFilteringMiddleware|All hosts are allowed. 
2024-01-15 12:48:48.2579|0|DEBUG|Microsoft.AspNetCore.Server.Kestrel.Connections|Connection id "0HN0LJ8QLLNSR" completed keep alive response. 
2024-01-15 12:48:48.2579|0|INFO|Microsoft.AspNetCore.Hosting.Diagnostics|Request finished HTTP/1.1 GET http://localhost:6084/swagger/v1/swagger.json - - - 200 - application/json;charset=utf-8 140.2650ms 
2024-01-15 12:48:48.5886|0|DEBUG|Microsoft.AspNetCore.Server.Kestrel.Transport.Sockets|Connection id "0HN0LJ8QLLNSP" received FIN. 
2024-01-15 12:48:48.5886|0|DEBUG|Microsoft.AspNetCore.Server.Kestrel.Transport.Sockets|Connection id "0HN0LJ8QLLNSQ" received FIN. 
2024-01-15 12:48:48.5886|0|DEBUG|Microsoft.AspNetCore.Server.Kestrel.Transport.Sockets|Connection id "0HN0LJ8QLLNSR" received FIN. 
2024-01-15 12:48:48.5886|0|DEBUG|Microsoft.AspNetCore.Server.Kestrel.Transport.Sockets|Connection id "0HN0LJ8QLLNSQ" sending FIN because: "The Socket transport's send loop completed gracefully." 
2024-01-15 12:48:48.5886|0|DEBUG|Microsoft.AspNetCore.Server.Kestrel.Transport.Sockets|Connection id "0HN0LJ8QLLNSP" sending FIN because: "The Socket transport's send loop completed gracefully." 
2024-01-15 12:48:48.5992|0|DEBUG|Microsoft.AspNetCore.Server.Kestrel.Connections|Connection id "0HN0LJ8QLLNSR" disconnecting. 
2024-01-15 12:48:48.5992|0|DEBUG|Microsoft.AspNetCore.Server.Kestrel.Connections|Connection id "0HN0LJ8QLLNSQ" disconnecting. 
2024-01-15 12:48:48.5992|0|DEBUG|Microsoft.AspNetCore.Server.Kestrel.Connections|Connection id "0HN0LJ8QLLNSP" disconnecting. 
2024-01-15 12:48:48.5992|0|DEBUG|Microsoft.AspNetCore.Server.Kestrel.Transport.Sockets|Connection id "0HN0LJ8QLLNSR" sending FIN because: "The Socket transport's send loop completed gracefully." 
2024-01-15 12:48:48.5992|0|DEBUG|Microsoft.AspNetCore.Server.Kestrel.Connections|Connection id "0HN0LJ8QLLNSQ" stopped. 
2024-01-15 12:48:48.5992|0|DEBUG|Microsoft.AspNetCore.Server.Kestrel.Connections|Connection id "0HN0LJ8QLLNSP" stopped. 
2024-01-15 12:48:48.5992|0|DEBUG|Microsoft.AspNetCore.Server.Kestrel.Connections|Connection id "0HN0LJ8QLLNSR" stopped. 
2024-01-15 12:48:55.7591|0|DEBUG|Microsoft.AspNetCore.Server.Kestrel.Connections|Connection id "0HN0LJ8QLLNSS" accepted. 
2024-01-15 12:48:55.7591|0|DEBUG|Microsoft.AspNetCore.Server.Kestrel.Connections|Connection id "0HN0LJ8QLLNSS" started. 
2024-01-15 12:48:55.7591|0|INFO|Microsoft.AspNetCore.Hosting.Diagnostics|Request starting HTTP/1.1 GET http://localhost:6084/api/StockOpening/Warehouse?BranchID=1 - - 
2024-01-15 12:48:55.7591|0|TRACE|Microsoft.AspNetCore.HostFiltering.HostFilteringMiddleware|All hosts are allowed. 
2024-01-15 12:48:55.7591|0|DEBUG|Microsoft.AspNetCore.StaticFiles.StaticFileMiddleware|The request path  does not match the path filter 
2024-01-15 12:48:55.7591|0|DEBUG|Microsoft.AspNetCore.Routing.Matching.DfaMatcher|1 candidate(s) found for the request path '/api/StockOpening/Warehouse' 
2024-01-15 12:48:55.7591|0|DEBUG|Microsoft.AspNetCore.Routing.Matching.DfaMatcher|Endpoint 'WMS_UI_API.Controllers.StockOpeningController.GetWarehouse (WMS UI API)' with route pattern 'api/StockOpening/Warehouse' is valid for the request path '/api/StockOpening/Warehouse' 
2024-01-15 12:48:55.7591|0|DEBUG|Microsoft.AspNetCore.Routing.EndpointRoutingMiddleware|Request matched endpoint 'WMS_UI_API.Controllers.StockOpeningController.GetWarehouse (WMS UI API)' 
2024-01-15 12:48:55.7591|0|DEBUG|WMS_UI_API.Middlewares.ExceptionHandler|Log Initilized 
2024-01-15 12:48:55.7591|0|DEBUG|Microsoft.AspNetCore.Authentication.JwtBearer.JwtBearerHandler|AuthenticationScheme: Bearer was not authenticated. 
2024-01-15 12:48:55.7591|0|INFO|Microsoft.AspNetCore.Routing.EndpointMiddleware|Executing endpoint 'WMS_UI_API.Controllers.StockOpeningController.GetWarehouse (WMS UI API)' 
2024-01-15 12:48:55.7815|0|INFO|Microsoft.AspNetCore.Mvc.Infrastructure.ControllerActionInvoker|Route matched with {action = "GetWarehouse", controller = "StockOpening"}. Executing controller action with signature System.Threading.Tasks.Task`1[Microsoft.AspNetCore.Mvc.ActionResult`1[System.Collections.Generic.IEnumerable`1[WMS_UI_API.Models.OS_Warehouse]]] GetWarehouse(Int32) on controller WMS_UI_API.Controllers.StockOpeningController (WMS UI API). 
2024-01-15 12:48:55.7815|0|DEBUG|Microsoft.AspNetCore.Mvc.Infrastructure.ControllerActionInvoker|Execution plan of authorization filters (in the following order): None 
2024-01-15 12:48:55.7815|0|DEBUG|Microsoft.AspNetCore.Mvc.Infrastructure.ControllerActionInvoker|Execution plan of resource filters (in the following order): None 
2024-01-15 12:48:55.7815|0|DEBUG|Microsoft.AspNetCore.Mvc.Infrastructure.ControllerActionInvoker|Execution plan of action filters (in the following order): Microsoft.AspNetCore.Mvc.ModelBinding.UnsupportedContentTypeFilter (Order: -3000), Microsoft.AspNetCore.Mvc.Infrastructure.ModelStateInvalidFilter (Order: -2000) 
2024-01-15 12:48:55.7815|0|DEBUG|Microsoft.AspNetCore.Mvc.Infrastructure.ControllerActionInvoker|Execution plan of exception filters (in the following order): None 
2024-01-15 12:48:55.7815|0|DEBUG|Microsoft.AspNetCore.Mvc.Infrastructure.ControllerActionInvoker|Execution plan of result filters (in the following order): Microsoft.AspNetCore.Mvc.Infrastructure.ClientErrorResultFilter (Order: -2000) 
2024-01-15 12:48:55.7815|0|DEBUG|Microsoft.AspNetCore.Mvc.Infrastructure.ControllerActionInvoker|Executing controller factory for controller WMS_UI_API.Controllers.StockOpeningController (WMS UI API) 
2024-01-15 12:48:55.7815|0|DEBUG|Microsoft.AspNetCore.Mvc.Infrastructure.ControllerActionInvoker|Executed controller factory for controller WMS_UI_API.Controllers.StockOpeningController (WMS UI API) 
2024-01-15 12:48:55.7815|0|DEBUG|Microsoft.AspNetCore.Mvc.ModelBinding.ParameterBinder|Attempting to bind parameter 'BranchID' of type 'System.Int32' ... 
2024-01-15 12:48:55.7815|0|DEBUG|Microsoft.AspNetCore.Mvc.ModelBinding.Binders.SimpleTypeModelBinder|Attempting to bind parameter 'BranchID' of type 'System.Int32' using the name 'BranchID' in request data ... 
2024-01-15 12:48:55.7815|0|DEBUG|Microsoft.AspNetCore.Mvc.ModelBinding.Binders.SimpleTypeModelBinder|Done attempting to bind parameter 'BranchID' of type 'System.Int32'. 
2024-01-15 12:48:55.7815|0|DEBUG|Microsoft.AspNetCore.Mvc.ModelBinding.ParameterBinder|Done attempting to bind parameter 'BranchID' of type 'System.Int32'. 
2024-01-15 12:48:55.7815|0|DEBUG|Microsoft.AspNetCore.Mvc.ModelBinding.ParameterBinder|Attempting to validate the bound parameter 'BranchID' of type 'System.Int32' ... 
2024-01-15 12:48:55.7815|0|DEBUG|Microsoft.AspNetCore.Mvc.ModelBinding.ParameterBinder|Done attempting to validate the bound parameter 'BranchID' of type 'System.Int32'. 
2024-01-15 12:48:55.7815|0|TRACE|Microsoft.AspNetCore.Mvc.Infrastructure.ControllerActionInvoker|Action Filter: Before executing OnActionExecuting on filter Microsoft.AspNetCore.Mvc.ModelBinding.UnsupportedContentTypeFilter. 
2024-01-15 12:48:55.7815|0|TRACE|Microsoft.AspNetCore.Mvc.Infrastructure.ControllerActionInvoker|Action Filter: After executing OnActionExecuting on filter Microsoft.AspNetCore.Mvc.ModelBinding.UnsupportedContentTypeFilter. 
2024-01-15 12:48:55.7815|0|TRACE|Microsoft.AspNetCore.Mvc.Infrastructure.ControllerActionInvoker|Action Filter: Before executing OnActionExecuting on filter Microsoft.AspNetCore.Mvc.Infrastructure.ModelStateInvalidFilter. 
2024-01-15 12:48:55.7815|0|TRACE|Microsoft.AspNetCore.Mvc.Infrastructure.ControllerActionInvoker|Action Filter: After executing OnActionExecuting on filter Microsoft.AspNetCore.Mvc.Infrastructure.ModelStateInvalidFilter. 
2024-01-15 12:48:55.7815|0|INFO|Microsoft.AspNetCore.Mvc.Infrastructure.ControllerActionInvoker|Executing action method WMS_UI_API.Controllers.StockOpeningController.GetWarehouse (WMS UI API) - Validation state: Valid 
2024-01-15 12:48:55.7815|0|TRACE|Microsoft.AspNetCore.Mvc.Infrastructure.ControllerActionInvoker|Executing action method WMS_UI_API.Controllers.StockOpeningController.GetWarehouse (WMS UI API) with arguments (1) 
2024-01-15 12:48:55.9119|0|INFO|WMS_UI_API.Controllers.StockOpeningController| Calling StockOpeningController : GetWarehouse()  
2024-01-15 12:48:55.9591|0|INFO|WMS_UI_API.Controllers.StockOpeningController| StockOpeningController : GetWarehouse() Query :     
                SELECT A.WhsCode, B.WhsName, B.BinActivat BinActivate
                FROM
                (
                    SELECT DISTINCT WhsCode FROM KCMPL_LIVE0512.dbo.OITW WHERE OnHand > 0
                ) as A INNER JOIN KCMPL_LIVE0512.dbo.OWHS B ON A.WhsCode = B.WhsCode and ISNULL(B.BPLid, @bid) = @bid
                  
2024-01-15 12:48:56.5328|0|INFO|Microsoft.AspNetCore.Mvc.Infrastructure.ControllerActionInvoker|Executed action method WMS_UI_API.Controllers.StockOpeningController.GetWarehouse (WMS UI API), returned result Microsoft.AspNetCore.Mvc.ObjectResult in 741.6299ms. 
2024-01-15 12:48:56.5328|0|TRACE|Microsoft.AspNetCore.Mvc.Infrastructure.ControllerActionInvoker|Action Filter: Before executing OnActionExecuted on filter Microsoft.AspNetCore.Mvc.Infrastructure.ModelStateInvalidFilter. 
2024-01-15 12:48:56.5328|0|TRACE|Microsoft.AspNetCore.Mvc.Infrastructure.ControllerActionInvoker|Action Filter: After executing OnActionExecuted on filter Microsoft.AspNetCore.Mvc.Infrastructure.ModelStateInvalidFilter. 
2024-01-15 12:48:56.5328|0|TRACE|Microsoft.AspNetCore.Mvc.Infrastructure.ControllerActionInvoker|Action Filter: Before executing OnActionExecuted on filter Microsoft.AspNetCore.Mvc.ModelBinding.UnsupportedContentTypeFilter. 
2024-01-15 12:48:56.5328|0|TRACE|Microsoft.AspNetCore.Mvc.Infrastructure.ControllerActionInvoker|Action Filter: After executing OnActionExecuted on filter Microsoft.AspNetCore.Mvc.ModelBinding.UnsupportedContentTypeFilter. 
2024-01-15 12:48:56.5328|0|TRACE|Microsoft.AspNetCore.Mvc.Infrastructure.ControllerActionInvoker|Result Filter: Before executing OnResultExecuting on filter Microsoft.AspNetCore.Mvc.Infrastructure.ClientErrorResultFilter. 
2024-01-15 12:48:56.5328|0|TRACE|Microsoft.AspNetCore.Mvc.Infrastructure.ControllerActionInvoker|Result Filter: After executing OnResultExecuting on filter Microsoft.AspNetCore.Mvc.Infrastructure.ClientErrorResultFilter. 
2024-01-15 12:48:56.5328|0|TRACE|Microsoft.AspNetCore.Mvc.Infrastructure.ControllerActionInvoker|Before executing action result Microsoft.AspNetCore.Mvc.ObjectResult. 
2024-01-15 12:48:56.5328|0|DEBUG|Microsoft.AspNetCore.Mvc.Infrastructure.DefaultOutputFormatterSelector|List of registered output formatters, in the following order: Microsoft.AspNetCore.Mvc.Formatters.HttpNoContentOutputFormatter, Microsoft.AspNetCore.Mvc.Formatters.StringOutputFormatter, Microsoft.AspNetCore.Mvc.Formatters.StreamOutputFormatter, Microsoft.AspNetCore.Mvc.Formatters.SystemTextJsonOutputFormatter 
2024-01-15 12:48:56.5328|0|DEBUG|Microsoft.AspNetCore.Mvc.Infrastructure.DefaultOutputFormatterSelector|Attempting to select an output formatter based on Accept header 'text/plain'. 
2024-01-15 12:48:56.5328|0|DEBUG|Microsoft.AspNetCore.Mvc.Infrastructure.DefaultOutputFormatterSelector|Could not find an output formatter based on content negotiation. Accepted types were (text/plain) 
2024-01-15 12:48:56.5328|0|DEBUG|Microsoft.AspNetCore.Mvc.Infrastructure.DefaultOutputFormatterSelector|Attempting to select an output formatter without using a content type as no explicit content types were specified for the response. 
2024-01-15 12:48:56.5328|0|DEBUG|Microsoft.AspNetCore.Mvc.Infrastructure.DefaultOutputFormatterSelector|Attempting to select the first formatter in the output formatters list which can write the result. 
2024-01-15 12:48:56.5328|0|DEBUG|Microsoft.AspNetCore.Mvc.Infrastructure.DefaultOutputFormatterSelector|Selected output formatter 'Microsoft.AspNetCore.Mvc.Formatters.SystemTextJsonOutputFormatter' and content type 'application/json' to write the response. 
2024-01-15 12:48:56.5328|0|INFO|Microsoft.AspNetCore.Mvc.Infrastructure.ObjectResultExecutor|Executing ObjectResult, writing value of type 'System.Collections.Generic.List`1[[WMS_UI_API.Models.OS_Warehouse, WMS UI API, Version=1.0.0.0, Culture=neutral, PublicKeyToken=null]]'. 
2024-01-15 12:48:56.5328|0|TRACE|Microsoft.AspNetCore.Mvc.Infrastructure.ControllerActionInvoker|After executing action result Microsoft.AspNetCore.Mvc.ObjectResult. 
2024-01-15 12:48:56.5328|0|TRACE|Microsoft.AspNetCore.Mvc.Infrastructure.ControllerActionInvoker|Result Filter: Before executing OnResultExecuted on filter Microsoft.AspNetCore.Mvc.Infrastructure.ClientErrorResultFilter. 
2024-01-15 12:48:56.5328|0|TRACE|Microsoft.AspNetCore.Mvc.Infrastructure.ControllerActionInvoker|Result Filter: After executing OnResultExecuted on filter Microsoft.AspNetCore.Mvc.Infrastructure.ClientErrorResultFilter. 
2024-01-15 12:48:56.5328|0|INFO|Microsoft.AspNetCore.Mvc.Infrastructure.ControllerActionInvoker|Executed action WMS_UI_API.Controllers.StockOpeningController.GetWarehouse (WMS UI API) in 753.392ms 
2024-01-15 12:48:56.5328|0|INFO|Microsoft.AspNetCore.Routing.EndpointMiddleware|Executed endpoint 'WMS_UI_API.Controllers.StockOpeningController.GetWarehouse (WMS UI API)' 
2024-01-15 12:48:56.5328|0|DEBUG|Microsoft.AspNetCore.Server.Kestrel.Connections|Connection id "0HN0LJ8QLLNSS" completed keep alive response. 
2024-01-15 12:48:56.5328|0|INFO|Microsoft.AspNetCore.Hosting.Diagnostics|Request finished HTTP/1.1 GET http://localhost:6084/api/StockOpening/Warehouse?BranchID=1 - - - 200 - application/json;+charset=utf-8 775.3343ms 
2024-01-15 12:49:02.7014|0|DEBUG|Microsoft.AspNetCore.Server.Kestrel.Connections|Connection id "0HN0LJ8QLLNST" accepted. 
2024-01-15 12:49:02.7014|0|DEBUG|Microsoft.AspNetCore.Server.Kestrel.Connections|Connection id "0HN0LJ8QLLNST" started. 
2024-01-15 12:49:02.7103|0|INFO|Microsoft.AspNetCore.Hosting.Diagnostics|Request starting HTTP/1.1 GET http://localhost:6084/_framework/aspnetcore-browser-refresh.js - - 
2024-01-15 12:49:02.7103|0|INFO|Microsoft.AspNetCore.Hosting.Diagnostics|Request starting HTTP/1.1 GET http://localhost:6084/_vs/browserLink - - 
2024-01-15 12:49:02.7103|0|DEBUG|Microsoft.AspNetCore.Server.Kestrel.Connections|Connection id "0HN0LJ8QLLNSS" completed keep alive response. 
2024-01-15 12:49:02.7103|0|INFO|Microsoft.AspNetCore.Hosting.Diagnostics|Request finished HTTP/1.1 GET http://localhost:6084/_framework/aspnetcore-browser-refresh.js - - - 200 11990 application/javascript;+charset=utf-8 0.3132ms 
2024-01-15 12:49:02.7103|0|DEBUG|Microsoft.AspNetCore.Server.Kestrel.Connections|Connection id "0HN0LJ8QLLNST" completed keep alive response. 
2024-01-15 12:49:02.7103|0|INFO|Microsoft.AspNetCore.Hosting.Diagnostics|Request finished HTTP/1.1 GET http://localhost:6084/_vs/browserLink - - - 200 - text/javascript;+charset=UTF-8 5.4479ms 
2024-01-15 12:49:02.7586|0|INFO|Microsoft.AspNetCore.Hosting.Diagnostics|Request starting HTTP/1.1 GET http://localhost:6084/swagger/v1/swagger.json - - 
2024-01-15 12:49:02.7586|0|TRACE|Microsoft.AspNetCore.HostFiltering.HostFilteringMiddleware|All hosts are allowed. 
2024-01-15 12:49:02.8015|0|DEBUG|Microsoft.AspNetCore.Server.Kestrel.Connections|Connection id "0HN0LJ8QLLNST" completed keep alive response. 
2024-01-15 12:49:02.8015|0|INFO|Microsoft.AspNetCore.Hosting.Diagnostics|Request finished HTTP/1.1 GET http://localhost:6084/swagger/v1/swagger.json - - - 200 - application/json;charset=utf-8 43.0206ms 
2024-01-15 12:49:19.6107|0|INFO|Microsoft.AspNetCore.Hosting.Diagnostics|Request starting HTTP/1.1 GET http://localhost:6084/api/StockOpening/BinLocation?BranchID=1&WhsCode=VD-ASLY - - 
2024-01-15 12:49:19.6107|0|TRACE|Microsoft.AspNetCore.HostFiltering.HostFilteringMiddleware|All hosts are allowed. 
2024-01-15 12:49:19.6107|0|DEBUG|Microsoft.AspNetCore.StaticFiles.StaticFileMiddleware|The request path  does not match the path filter 
2024-01-15 12:49:19.6107|0|DEBUG|Microsoft.AspNetCore.Routing.Matching.DfaMatcher|1 candidate(s) found for the request path '/api/StockOpening/BinLocation' 
2024-01-15 12:49:19.6107|0|DEBUG|Microsoft.AspNetCore.Routing.Matching.DfaMatcher|Endpoint 'WMS_UI_API.Controllers.StockOpeningController.GetBinLocation (WMS UI API)' with route pattern 'api/StockOpening/BinLocation' is valid for the request path '/api/StockOpening/BinLocation' 
2024-01-15 12:49:19.6107|0|DEBUG|Microsoft.AspNetCore.Routing.EndpointRoutingMiddleware|Request matched endpoint 'WMS_UI_API.Controllers.StockOpeningController.GetBinLocation (WMS UI API)' 
2024-01-15 12:49:19.6107|0|DEBUG|WMS_UI_API.Middlewares.ExceptionHandler|Log Initilized 
2024-01-15 12:49:19.6107|0|DEBUG|Microsoft.AspNetCore.Authentication.JwtBearer.JwtBearerHandler|AuthenticationScheme: Bearer was not authenticated. 
2024-01-15 12:49:19.6107|0|INFO|Microsoft.AspNetCore.Routing.EndpointMiddleware|Executing endpoint 'WMS_UI_API.Controllers.StockOpeningController.GetBinLocation (WMS UI API)' 
2024-01-15 12:49:19.6107|0|INFO|Microsoft.AspNetCore.Mvc.Infrastructure.ControllerActionInvoker|Route matched with {action = "GetBinLocation", controller = "StockOpening"}. Executing controller action with signature System.Threading.Tasks.Task`1[Microsoft.AspNetCore.Mvc.ActionResult`1[System.Collections.Generic.IEnumerable`1[WMS_UI_API.Models.OS_BinLocation]]] GetBinLocation(Int32, System.String) on controller WMS_UI_API.Controllers.StockOpeningController (WMS UI API). 
2024-01-15 12:49:19.6107|0|DEBUG|Microsoft.AspNetCore.Mvc.Infrastructure.ControllerActionInvoker|Execution plan of authorization filters (in the following order): None 
2024-01-15 12:49:19.6107|0|DEBUG|Microsoft.AspNetCore.Mvc.Infrastructure.ControllerActionInvoker|Execution plan of resource filters (in the following order): None 
2024-01-15 12:49:19.6107|0|DEBUG|Microsoft.AspNetCore.Mvc.Infrastructure.ControllerActionInvoker|Execution plan of action filters (in the following order): Microsoft.AspNetCore.Mvc.ModelBinding.UnsupportedContentTypeFilter (Order: -3000), Microsoft.AspNetCore.Mvc.Infrastructure.ModelStateInvalidFilter (Order: -2000) 
2024-01-15 12:49:19.6107|0|DEBUG|Microsoft.AspNetCore.Mvc.Infrastructure.ControllerActionInvoker|Execution plan of exception filters (in the following order): None 
2024-01-15 12:49:19.6107|0|DEBUG|Microsoft.AspNetCore.Mvc.Infrastructure.ControllerActionInvoker|Execution plan of result filters (in the following order): Microsoft.AspNetCore.Mvc.Infrastructure.ClientErrorResultFilter (Order: -2000) 
2024-01-15 12:49:19.6107|0|DEBUG|Microsoft.AspNetCore.Mvc.Infrastructure.ControllerActionInvoker|Executing controller factory for controller WMS_UI_API.Controllers.StockOpeningController (WMS UI API) 
2024-01-15 12:49:19.6107|0|DEBUG|Microsoft.AspNetCore.Mvc.Infrastructure.ControllerActionInvoker|Executed controller factory for controller WMS_UI_API.Controllers.StockOpeningController (WMS UI API) 
2024-01-15 12:49:19.6107|0|DEBUG|Microsoft.AspNetCore.Mvc.ModelBinding.ParameterBinder|Attempting to bind parameter 'BranchID' of type 'System.Int32' ... 
2024-01-15 12:49:19.6107|0|DEBUG|Microsoft.AspNetCore.Mvc.ModelBinding.Binders.SimpleTypeModelBinder|Attempting to bind parameter 'BranchID' of type 'System.Int32' using the name 'BranchID' in request data ... 
2024-01-15 12:49:19.6107|0|DEBUG|Microsoft.AspNetCore.Mvc.ModelBinding.Binders.SimpleTypeModelBinder|Done attempting to bind parameter 'BranchID' of type 'System.Int32'. 
2024-01-15 12:49:19.6107|0|DEBUG|Microsoft.AspNetCore.Mvc.ModelBinding.ParameterBinder|Done attempting to bind parameter 'BranchID' of type 'System.Int32'. 
2024-01-15 12:49:19.6107|0|DEBUG|Microsoft.AspNetCore.Mvc.ModelBinding.ParameterBinder|Attempting to validate the bound parameter 'BranchID' of type 'System.Int32' ... 
2024-01-15 12:49:19.6107|0|DEBUG|Microsoft.AspNetCore.Mvc.ModelBinding.ParameterBinder|Done attempting to validate the bound parameter 'BranchID' of type 'System.Int32'. 
2024-01-15 12:49:19.6107|0|DEBUG|Microsoft.AspNetCore.Mvc.ModelBinding.ParameterBinder|Attempting to bind parameter 'WhsCode' of type 'System.String' ... 
2024-01-15 12:49:19.6107|0|DEBUG|Microsoft.AspNetCore.Mvc.ModelBinding.Binders.SimpleTypeModelBinder|Attempting to bind parameter 'WhsCode' of type 'System.String' using the name 'WhsCode' in request data ... 
2024-01-15 12:49:19.6107|0|DEBUG|Microsoft.AspNetCore.Mvc.ModelBinding.Binders.SimpleTypeModelBinder|Done attempting to bind parameter 'WhsCode' of type 'System.String'. 
2024-01-15 12:49:19.6107|0|DEBUG|Microsoft.AspNetCore.Mvc.ModelBinding.ParameterBinder|Done attempting to bind parameter 'WhsCode' of type 'System.String'. 
2024-01-15 12:49:19.6107|0|DEBUG|Microsoft.AspNetCore.Mvc.ModelBinding.ParameterBinder|Attempting to validate the bound parameter 'WhsCode' of type 'System.String' ... 
2024-01-15 12:49:19.6306|0|DEBUG|Microsoft.AspNetCore.Mvc.ModelBinding.ParameterBinder|Done attempting to validate the bound parameter 'WhsCode' of type 'System.String'. 
2024-01-15 12:49:19.6306|0|TRACE|Microsoft.AspNetCore.Mvc.Infrastructure.ControllerActionInvoker|Action Filter: Before executing OnActionExecuting on filter Microsoft.AspNetCore.Mvc.ModelBinding.UnsupportedContentTypeFilter. 
2024-01-15 12:49:19.6306|0|TRACE|Microsoft.AspNetCore.Mvc.Infrastructure.ControllerActionInvoker|Action Filter: After executing OnActionExecuting on filter Microsoft.AspNetCore.Mvc.ModelBinding.UnsupportedContentTypeFilter. 
2024-01-15 12:49:19.6306|0|TRACE|Microsoft.AspNetCore.Mvc.Infrastructure.ControllerActionInvoker|Action Filter: Before executing OnActionExecuting on filter Microsoft.AspNetCore.Mvc.Infrastructure.ModelStateInvalidFilter. 
2024-01-15 12:49:19.6306|0|TRACE|Microsoft.AspNetCore.Mvc.Infrastructure.ControllerActionInvoker|Action Filter: After executing OnActionExecuting on filter Microsoft.AspNetCore.Mvc.Infrastructure.ModelStateInvalidFilter. 
2024-01-15 12:49:19.6306|0|INFO|Microsoft.AspNetCore.Mvc.Infrastructure.ControllerActionInvoker|Executing action method WMS_UI_API.Controllers.StockOpeningController.GetBinLocation (WMS UI API) - Validation state: Valid 
2024-01-15 12:49:19.6306|0|TRACE|Microsoft.AspNetCore.Mvc.Infrastructure.ControllerActionInvoker|Executing action method WMS_UI_API.Controllers.StockOpeningController.GetBinLocation (WMS UI API) with arguments (1, VD-ASLY) 
2024-01-15 12:49:19.6306|0|INFO|WMS_UI_API.Controllers.StockOpeningController| Calling StockOpeningController : GetBinLocation()  
2024-01-15 12:49:19.6306|0|INFO|WMS_UI_API.Controllers.StockOpeningController| StockOpeningController : GetBinLocation() Query :  
                SELECT A.BinAbs AbsEntry, B.BinCode 
                FROM 
                (
                     SELECT DISTINCT BinAbs FROM KCMPL_LIVE0512.dbo.OIBQ WHERE WhsCode = @whsCode and OnHandQty > 0
                ) as A
                INNER JOIN KCMPL_LIVE0512.dbo.OBIN B ON A.BinAbs = B.AbsEntry and B.WhsCode = @whsCode
                INNER JOIN KCMPL_LIVE0512.dbo.OWHS C ON C.WhsCode = B.WhsCode and ISNULL(C.BPLid, @bid) = @bid 
                  
2024-01-15 12:49:19.6543|0|INFO|Microsoft.AspNetCore.Mvc.Infrastructure.ControllerActionInvoker|Executed action method WMS_UI_API.Controllers.StockOpeningController.GetBinLocation (WMS UI API), returned result Microsoft.AspNetCore.Mvc.BadRequestObjectResult in 23.5342ms. 
2024-01-15 12:49:19.6543|0|TRACE|Microsoft.AspNetCore.Mvc.Infrastructure.ControllerActionInvoker|Action Filter: Before executing OnActionExecuted on filter Microsoft.AspNetCore.Mvc.Infrastructure.ModelStateInvalidFilter. 
2024-01-15 12:49:19.6543|0|TRACE|Microsoft.AspNetCore.Mvc.Infrastructure.ControllerActionInvoker|Action Filter: After executing OnActionExecuted on filter Microsoft.AspNetCore.Mvc.Infrastructure.ModelStateInvalidFilter. 
2024-01-15 12:49:19.6543|0|TRACE|Microsoft.AspNetCore.Mvc.Infrastructure.ControllerActionInvoker|Action Filter: Before executing OnActionExecuted on filter Microsoft.AspNetCore.Mvc.ModelBinding.UnsupportedContentTypeFilter. 
2024-01-15 12:49:19.6543|0|TRACE|Microsoft.AspNetCore.Mvc.Infrastructure.ControllerActionInvoker|Action Filter: After executing OnActionExecuted on filter Microsoft.AspNetCore.Mvc.ModelBinding.UnsupportedContentTypeFilter. 
2024-01-15 12:49:19.6543|0|TRACE|Microsoft.AspNetCore.Mvc.Infrastructure.ControllerActionInvoker|Result Filter: Before executing OnResultExecuting on filter Microsoft.AspNetCore.Mvc.Infrastructure.ClientErrorResultFilter. 
2024-01-15 12:49:19.6543|0|TRACE|Microsoft.AspNetCore.Mvc.Infrastructure.ControllerActionInvoker|Result Filter: After executing OnResultExecuting on filter Microsoft.AspNetCore.Mvc.Infrastructure.ClientErrorResultFilter. 
2024-01-15 12:49:19.6543|0|TRACE|Microsoft.AspNetCore.Mvc.Infrastructure.ControllerActionInvoker|Before executing action result Microsoft.AspNetCore.Mvc.BadRequestObjectResult. 
2024-01-15 12:49:19.6543|0|DEBUG|Microsoft.AspNetCore.Mvc.Infrastructure.DefaultOutputFormatterSelector|List of registered output formatters, in the following order: Microsoft.AspNetCore.Mvc.Formatters.HttpNoContentOutputFormatter, Microsoft.AspNetCore.Mvc.Formatters.StringOutputFormatter, Microsoft.AspNetCore.Mvc.Formatters.StreamOutputFormatter, Microsoft.AspNetCore.Mvc.Formatters.SystemTextJsonOutputFormatter 
2024-01-15 12:49:19.6543|0|DEBUG|Microsoft.AspNetCore.Mvc.Infrastructure.DefaultOutputFormatterSelector|Attempting to select an output formatter based on Accept header 'text/plain'. 
2024-01-15 12:49:19.6543|0|DEBUG|Microsoft.AspNetCore.Mvc.Infrastructure.DefaultOutputFormatterSelector|Could not find an output formatter based on content negotiation. Accepted types were (text/plain) 
2024-01-15 12:49:19.6543|0|DEBUG|Microsoft.AspNetCore.Mvc.Infrastructure.DefaultOutputFormatterSelector|Attempting to select an output formatter without using a content type as no explicit content types were specified for the response. 
2024-01-15 12:49:19.6543|0|DEBUG|Microsoft.AspNetCore.Mvc.Infrastructure.DefaultOutputFormatterSelector|Attempting to select the first formatter in the output formatters list which can write the result. 
2024-01-15 12:49:19.6543|0|DEBUG|Microsoft.AspNetCore.Mvc.Infrastructure.DefaultOutputFormatterSelector|Selected output formatter 'Microsoft.AspNetCore.Mvc.Formatters.SystemTextJsonOutputFormatter' and content type 'application/json' to write the response. 
2024-01-15 12:49:19.6543|0|INFO|Microsoft.AspNetCore.Mvc.Infrastructure.ObjectResultExecutor|Executing BadRequestObjectResult, writing value of type '<>f__AnonymousType4`3[[System.String, System.Private.CoreLib, Version=6.0.0.0, Culture=neutral, PublicKeyToken=7cec85d7bea7798e],[System.String, System.Private.CoreLib, Version=6.0.0.0, Culture=neutral, PublicKeyToken=7cec85d7bea7798e],[System.String, System.Private.CoreLib, Version=6.0.0.0, Culture=neutral, PublicKeyToken=7cec85d7bea7798e]]'. 
2024-01-15 12:49:19.6556|0|TRACE|Microsoft.AspNetCore.Mvc.Infrastructure.ControllerActionInvoker|After executing action result Microsoft.AspNetCore.Mvc.BadRequestObjectResult. 
2024-01-15 12:49:19.6556|0|TRACE|Microsoft.AspNetCore.Mvc.Infrastructure.ControllerActionInvoker|Result Filter: Before executing OnResultExecuted on filter Microsoft.AspNetCore.Mvc.Infrastructure.ClientErrorResultFilter. 
2024-01-15 12:49:19.6556|0|TRACE|Microsoft.AspNetCore.Mvc.Infrastructure.ControllerActionInvoker|Result Filter: After executing OnResultExecuted on filter Microsoft.AspNetCore.Mvc.Infrastructure.ClientErrorResultFilter. 
2024-01-15 12:49:19.6556|0|INFO|Microsoft.AspNetCore.Mvc.Infrastructure.ControllerActionInvoker|Executed action WMS_UI_API.Controllers.StockOpeningController.GetBinLocation (WMS UI API) in 33.8131ms 
2024-01-15 12:49:19.6556|0|INFO|Microsoft.AspNetCore.Routing.EndpointMiddleware|Executed endpoint 'WMS_UI_API.Controllers.StockOpeningController.GetBinLocation (WMS UI API)' 
2024-01-15 12:49:19.6556|0|DEBUG|Microsoft.AspNetCore.Server.Kestrel.Connections|Connection id "0HN0LJ8QLLNST" completed keep alive response. 
2024-01-15 12:49:19.6556|0|INFO|Microsoft.AspNetCore.Hosting.Diagnostics|Request finished HTTP/1.1 GET http://localhost:6084/api/StockOpening/BinLocation?BranchID=1&WhsCode=VD-ASLY - - - 400 - application/json;+charset=utf-8 45.0141ms 
2024-01-15 12:49:25.5854|0|INFO|Microsoft.AspNetCore.Hosting.Diagnostics|Request starting HTTP/1.1 GET http://localhost:6084/api/StockOpening/BinLocation?BranchID=1&WhsCode=VD-sub - - 
2024-01-15 12:49:25.5854|0|TRACE|Microsoft.AspNetCore.HostFiltering.HostFilteringMiddleware|All hosts are allowed. 
2024-01-15 12:49:25.5854|0|DEBUG|Microsoft.AspNetCore.StaticFiles.StaticFileMiddleware|The request path  does not match the path filter 
2024-01-15 12:49:25.5854|0|DEBUG|Microsoft.AspNetCore.Routing.Matching.DfaMatcher|1 candidate(s) found for the request path '/api/StockOpening/BinLocation' 
2024-01-15 12:49:25.5854|0|DEBUG|Microsoft.AspNetCore.Routing.Matching.DfaMatcher|Endpoint 'WMS_UI_API.Controllers.StockOpeningController.GetBinLocation (WMS UI API)' with route pattern 'api/StockOpening/BinLocation' is valid for the request path '/api/StockOpening/BinLocation' 
2024-01-15 12:49:25.5854|0|DEBUG|Microsoft.AspNetCore.Routing.EndpointRoutingMiddleware|Request matched endpoint 'WMS_UI_API.Controllers.StockOpeningController.GetBinLocation (WMS UI API)' 
2024-01-15 12:49:25.5854|0|DEBUG|WMS_UI_API.Middlewares.ExceptionHandler|Log Initilized 
2024-01-15 12:49:25.5854|0|DEBUG|Microsoft.AspNetCore.Authentication.JwtBearer.JwtBearerHandler|AuthenticationScheme: Bearer was not authenticated. 
2024-01-15 12:49:25.5854|0|INFO|Microsoft.AspNetCore.Routing.EndpointMiddleware|Executing endpoint 'WMS_UI_API.Controllers.StockOpeningController.GetBinLocation (WMS UI API)' 
2024-01-15 12:49:25.5854|0|INFO|Microsoft.AspNetCore.Mvc.Infrastructure.ControllerActionInvoker|Route matched with {action = "GetBinLocation", controller = "StockOpening"}. Executing controller action with signature System.Threading.Tasks.Task`1[Microsoft.AspNetCore.Mvc.ActionResult`1[System.Collections.Generic.IEnumerable`1[WMS_UI_API.Models.OS_BinLocation]]] GetBinLocation(Int32, System.String) on controller WMS_UI_API.Controllers.StockOpeningController (WMS UI API). 
2024-01-15 12:49:25.5854|0|DEBUG|Microsoft.AspNetCore.Mvc.Infrastructure.ControllerActionInvoker|Execution plan of authorization filters (in the following order): None 
2024-01-15 12:49:25.5854|0|DEBUG|Microsoft.AspNetCore.Mvc.Infrastructure.ControllerActionInvoker|Execution plan of resource filters (in the following order): None 
2024-01-15 12:49:25.5854|0|DEBUG|Microsoft.AspNetCore.Mvc.Infrastructure.ControllerActionInvoker|Execution plan of action filters (in the following order): Microsoft.AspNetCore.Mvc.ModelBinding.UnsupportedContentTypeFilter (Order: -3000), Microsoft.AspNetCore.Mvc.Infrastructure.ModelStateInvalidFilter (Order: -2000) 
2024-01-15 12:49:25.5854|0|DEBUG|Microsoft.AspNetCore.Mvc.Infrastructure.ControllerActionInvoker|Execution plan of exception filters (in the following order): None 
2024-01-15 12:49:25.5854|0|DEBUG|Microsoft.AspNetCore.Mvc.Infrastructure.ControllerActionInvoker|Execution plan of result filters (in the following order): Microsoft.AspNetCore.Mvc.Infrastructure.ClientErrorResultFilter (Order: -2000) 
2024-01-15 12:49:25.5854|0|DEBUG|Microsoft.AspNetCore.Mvc.Infrastructure.ControllerActionInvoker|Executing controller factory for controller WMS_UI_API.Controllers.StockOpeningController (WMS UI API) 
2024-01-15 12:49:25.5854|0|DEBUG|Microsoft.AspNetCore.Mvc.Infrastructure.ControllerActionInvoker|Executed controller factory for controller WMS_UI_API.Controllers.StockOpeningController (WMS UI API) 
2024-01-15 12:49:25.5854|0|DEBUG|Microsoft.AspNetCore.Mvc.ModelBinding.ParameterBinder|Attempting to bind parameter 'BranchID' of type 'System.Int32' ... 
2024-01-15 12:49:25.5854|0|DEBUG|Microsoft.AspNetCore.Mvc.ModelBinding.Binders.SimpleTypeModelBinder|Attempting to bind parameter 'BranchID' of type 'System.Int32' using the name 'BranchID' in request data ... 
2024-01-15 12:49:25.5854|0|DEBUG|Microsoft.AspNetCore.Mvc.ModelBinding.Binders.SimpleTypeModelBinder|Done attempting to bind parameter 'BranchID' of type 'System.Int32'. 
2024-01-15 12:49:25.5854|0|DEBUG|Microsoft.AspNetCore.Mvc.ModelBinding.ParameterBinder|Done attempting to bind parameter 'BranchID' of type 'System.Int32'. 
2024-01-15 12:49:25.5854|0|DEBUG|Microsoft.AspNetCore.Mvc.ModelBinding.ParameterBinder|Attempting to validate the bound parameter 'BranchID' of type 'System.Int32' ... 
2024-01-15 12:49:25.5854|0|DEBUG|Microsoft.AspNetCore.Mvc.ModelBinding.ParameterBinder|Done attempting to validate the bound parameter 'BranchID' of type 'System.Int32'. 
2024-01-15 12:49:25.5854|0|DEBUG|Microsoft.AspNetCore.Mvc.ModelBinding.ParameterBinder|Attempting to bind parameter 'WhsCode' of type 'System.String' ... 
2024-01-15 12:49:25.5854|0|DEBUG|Microsoft.AspNetCore.Mvc.ModelBinding.Binders.SimpleTypeModelBinder|Attempting to bind parameter 'WhsCode' of type 'System.String' using the name 'WhsCode' in request data ... 
2024-01-15 12:49:25.5854|0|DEBUG|Microsoft.AspNetCore.Mvc.ModelBinding.Binders.SimpleTypeModelBinder|Done attempting to bind parameter 'WhsCode' of type 'System.String'. 
2024-01-15 12:49:25.5854|0|DEBUG|Microsoft.AspNetCore.Mvc.ModelBinding.ParameterBinder|Done attempting to bind parameter 'WhsCode' of type 'System.String'. 
2024-01-15 12:49:25.5854|0|DEBUG|Microsoft.AspNetCore.Mvc.ModelBinding.ParameterBinder|Attempting to validate the bound parameter 'WhsCode' of type 'System.String' ... 
2024-01-15 12:49:25.5854|0|DEBUG|Microsoft.AspNetCore.Mvc.ModelBinding.ParameterBinder|Done attempting to validate the bound parameter 'WhsCode' of type 'System.String'. 
2024-01-15 12:49:25.5854|0|TRACE|Microsoft.AspNetCore.Mvc.Infrastructure.ControllerActionInvoker|Action Filter: Before executing OnActionExecuting on filter Microsoft.AspNetCore.Mvc.ModelBinding.UnsupportedContentTypeFilter. 
2024-01-15 12:49:25.5854|0|TRACE|Microsoft.AspNetCore.Mvc.Infrastructure.ControllerActionInvoker|Action Filter: After executing OnActionExecuting on filter Microsoft.AspNetCore.Mvc.ModelBinding.UnsupportedContentTypeFilter. 
2024-01-15 12:49:25.5854|0|TRACE|Microsoft.AspNetCore.Mvc.Infrastructure.ControllerActionInvoker|Action Filter: Before executing OnActionExecuting on filter Microsoft.AspNetCore.Mvc.Infrastructure.ModelStateInvalidFilter. 
2024-01-15 12:49:25.5854|0|TRACE|Microsoft.AspNetCore.Mvc.Infrastructure.ControllerActionInvoker|Action Filter: After executing OnActionExecuting on filter Microsoft.AspNetCore.Mvc.Infrastructure.ModelStateInvalidFilter. 
2024-01-15 12:49:25.5854|0|INFO|Microsoft.AspNetCore.Mvc.Infrastructure.ControllerActionInvoker|Executing action method WMS_UI_API.Controllers.StockOpeningController.GetBinLocation (WMS UI API) - Validation state: Valid 
2024-01-15 12:49:25.5854|0|TRACE|Microsoft.AspNetCore.Mvc.Infrastructure.ControllerActionInvoker|Executing action method WMS_UI_API.Controllers.StockOpeningController.GetBinLocation (WMS UI API) with arguments (1, VD-sub) 
2024-01-15 12:49:25.5854|0|INFO|WMS_UI_API.Controllers.StockOpeningController| Calling StockOpeningController : GetBinLocation()  
2024-01-15 12:49:25.5854|0|INFO|WMS_UI_API.Controllers.StockOpeningController| StockOpeningController : GetBinLocation() Query :  
                SELECT A.BinAbs AbsEntry, B.BinCode 
                FROM 
                (
                     SELECT DISTINCT BinAbs FROM KCMPL_LIVE0512.dbo.OIBQ WHERE WhsCode = @whsCode and OnHandQty > 0
                ) as A
                INNER JOIN KCMPL_LIVE0512.dbo.OBIN B ON A.BinAbs = B.AbsEntry and B.WhsCode = @whsCode
                INNER JOIN KCMPL_LIVE0512.dbo.OWHS C ON C.WhsCode = B.WhsCode and ISNULL(C.BPLid, @bid) = @bid 
                  
2024-01-15 12:49:25.6160|0|INFO|Microsoft.AspNetCore.Mvc.Infrastructure.ControllerActionInvoker|Executed action method WMS_UI_API.Controllers.StockOpeningController.GetBinLocation (WMS UI API), returned result Microsoft.AspNetCore.Mvc.ObjectResult in 29.2893ms. 
2024-01-15 12:49:25.6160|0|TRACE|Microsoft.AspNetCore.Mvc.Infrastructure.ControllerActionInvoker|Action Filter: Before executing OnActionExecuted on filter Microsoft.AspNetCore.Mvc.Infrastructure.ModelStateInvalidFilter. 
2024-01-15 12:49:25.6160|0|TRACE|Microsoft.AspNetCore.Mvc.Infrastructure.ControllerActionInvoker|Action Filter: After executing OnActionExecuted on filter Microsoft.AspNetCore.Mvc.Infrastructure.ModelStateInvalidFilter. 
2024-01-15 12:49:25.6160|0|TRACE|Microsoft.AspNetCore.Mvc.Infrastructure.ControllerActionInvoker|Action Filter: Before executing OnActionExecuted on filter Microsoft.AspNetCore.Mvc.ModelBinding.UnsupportedContentTypeFilter. 
2024-01-15 12:49:25.6160|0|TRACE|Microsoft.AspNetCore.Mvc.Infrastructure.ControllerActionInvoker|Action Filter: After executing OnActionExecuted on filter Microsoft.AspNetCore.Mvc.ModelBinding.UnsupportedContentTypeFilter. 
2024-01-15 12:49:25.6160|0|TRACE|Microsoft.AspNetCore.Mvc.Infrastructure.ControllerActionInvoker|Result Filter: Before executing OnResultExecuting on filter Microsoft.AspNetCore.Mvc.Infrastructure.ClientErrorResultFilter. 
2024-01-15 12:49:25.6160|0|TRACE|Microsoft.AspNetCore.Mvc.Infrastructure.ControllerActionInvoker|Result Filter: After executing OnResultExecuting on filter Microsoft.AspNetCore.Mvc.Infrastructure.ClientErrorResultFilter. 
2024-01-15 12:49:25.6160|0|TRACE|Microsoft.AspNetCore.Mvc.Infrastructure.ControllerActionInvoker|Before executing action result Microsoft.AspNetCore.Mvc.ObjectResult. 
2024-01-15 12:49:25.6160|0|DEBUG|Microsoft.AspNetCore.Mvc.Infrastructure.DefaultOutputFormatterSelector|List of registered output formatters, in the following order: Microsoft.AspNetCore.Mvc.Formatters.HttpNoContentOutputFormatter, Microsoft.AspNetCore.Mvc.Formatters.StringOutputFormatter, Microsoft.AspNetCore.Mvc.Formatters.StreamOutputFormatter, Microsoft.AspNetCore.Mvc.Formatters.SystemTextJsonOutputFormatter 
2024-01-15 12:49:25.6160|0|DEBUG|Microsoft.AspNetCore.Mvc.Infrastructure.DefaultOutputFormatterSelector|Attempting to select an output formatter based on Accept header 'text/plain'. 
2024-01-15 12:49:25.6160|0|DEBUG|Microsoft.AspNetCore.Mvc.Infrastructure.DefaultOutputFormatterSelector|Could not find an output formatter based on content negotiation. Accepted types were (text/plain) 
2024-01-15 12:49:25.6160|0|DEBUG|Microsoft.AspNetCore.Mvc.Infrastructure.DefaultOutputFormatterSelector|Attempting to select an output formatter without using a content type as no explicit content types were specified for the response. 
2024-01-15 12:49:25.6160|0|DEBUG|Microsoft.AspNetCore.Mvc.Infrastructure.DefaultOutputFormatterSelector|Attempting to select the first formatter in the output formatters list which can write the result. 
2024-01-15 12:49:25.6160|0|DEBUG|Microsoft.AspNetCore.Mvc.Infrastructure.DefaultOutputFormatterSelector|Selected output formatter 'Microsoft.AspNetCore.Mvc.Formatters.SystemTextJsonOutputFormatter' and content type 'application/json' to write the response. 
2024-01-15 12:49:25.6160|0|INFO|Microsoft.AspNetCore.Mvc.Infrastructure.ObjectResultExecutor|Executing ObjectResult, writing value of type 'System.Collections.Generic.List`1[[WMS_UI_API.Models.OS_BinLocation, WMS UI API, Version=1.0.0.0, Culture=neutral, PublicKeyToken=null]]'. 
2024-01-15 12:49:25.6160|0|TRACE|Microsoft.AspNetCore.Mvc.Infrastructure.ControllerActionInvoker|After executing action result Microsoft.AspNetCore.Mvc.ObjectResult. 
2024-01-15 12:49:25.6160|0|TRACE|Microsoft.AspNetCore.Mvc.Infrastructure.ControllerActionInvoker|Result Filter: Before executing OnResultExecuted on filter Microsoft.AspNetCore.Mvc.Infrastructure.ClientErrorResultFilter. 
2024-01-15 12:49:25.6160|0|TRACE|Microsoft.AspNetCore.Mvc.Infrastructure.ControllerActionInvoker|Result Filter: After executing OnResultExecuted on filter Microsoft.AspNetCore.Mvc.Infrastructure.ClientErrorResultFilter. 
2024-01-15 12:49:25.6160|0|INFO|Microsoft.AspNetCore.Mvc.Infrastructure.ControllerActionInvoker|Executed action WMS_UI_API.Controllers.StockOpeningController.GetBinLocation (WMS UI API) in 32.0989ms 
2024-01-15 12:49:25.6160|0|INFO|Microsoft.AspNetCore.Routing.EndpointMiddleware|Executed endpoint 'WMS_UI_API.Controllers.StockOpeningController.GetBinLocation (WMS UI API)' 
2024-01-15 12:49:25.6160|0|DEBUG|Microsoft.AspNetCore.Server.Kestrel.Connections|Connection id "0HN0LJ8QLLNST" completed keep alive response. 
2024-01-15 12:49:25.6160|0|INFO|Microsoft.AspNetCore.Hosting.Diagnostics|Request finished HTTP/1.1 GET http://localhost:6084/api/StockOpening/BinLocation?BranchID=1&WhsCode=VD-sub - - - 200 - application/json;+charset=utf-8 33.0771ms 
2024-01-15 12:50:05.8774|0|DEBUG|Microsoft.AspNetCore.Server.Kestrel.Transport.Sockets|Connection id "0HN0LJ8QLLNSS" received FIN. 
2024-01-15 12:50:05.8774|0|DEBUG|Microsoft.AspNetCore.Server.Kestrel.Transport.Sockets|Connection id "0HN0LJ8QLLNST" received FIN. 
2024-01-15 12:50:05.8774|0|DEBUG|Microsoft.AspNetCore.Server.Kestrel.Connections|Connection id "0HN0LJ8QLLNSS" disconnecting. 
2024-01-15 12:50:05.8774|0|DEBUG|Microsoft.AspNetCore.Server.Kestrel.Connections|Connection id "0HN0LJ8QLLNSS" stopped. 
2024-01-15 12:50:05.8774|0|DEBUG|Microsoft.AspNetCore.Server.Kestrel.Transport.Sockets|Connection id "0HN0LJ8QLLNSS" sending FIN because: "The Socket transport's send loop completed gracefully." 
2024-01-15 12:50:05.8774|0|DEBUG|Microsoft.AspNetCore.Server.Kestrel.Connections|Connection id "0HN0LJ8QLLNST" disconnecting. 
2024-01-15 12:50:05.8774|0|DEBUG|Microsoft.AspNetCore.Server.Kestrel.Connections|Connection id "0HN0LJ8QLLNST" stopped. 
2024-01-15 12:50:05.8936|0|DEBUG|Microsoft.AspNetCore.Server.Kestrel.Transport.Sockets|Connection id "0HN0LJ8QLLNST" sending FIN because: "The Socket transport's send loop completed gracefully." 
2024-01-15 16:23:13.0349|0|DEBUG|WMS_UI_API.Program|NLogeer initilized in 'Main' 
2024-01-15 16:23:13.7804|0|DEBUG|Microsoft.Extensions.Hosting.Internal.Host|Hosting starting 
2024-01-15 16:23:13.8135|0|INFO|Microsoft.AspNetCore.DataProtection.KeyManagement.XmlKeyManager|User profile is available. Using 'C:\Users\Administrator\AppData\Local\ASP.NET\DataProtection-Keys' as key repository and Windows DPAPI to encrypt keys at rest. 
2024-01-15 16:23:13.8135|0|DEBUG|Microsoft.AspNetCore.DataProtection.Repositories.FileSystemXmlRepository|Reading data from file 'C:\Users\Administrator\AppData\Local\ASP.NET\DataProtection-Keys\key-8d5202c6-241b-48a1-bf3b-b9600653df67.xml'. 
2024-01-15 16:23:13.8361|0|DEBUG|Microsoft.AspNetCore.DataProtection.KeyManagement.XmlKeyManager|Found key {8d5202c6-241b-48a1-bf3b-b9600653df67}. 
2024-01-15 16:23:13.8361|0|DEBUG|Microsoft.AspNetCore.DataProtection.KeyManagement.DefaultKeyResolver|Considering key {8d5202c6-241b-48a1-bf3b-b9600653df67} with expiration date 2024-01-27 11:46:44Z as default key. 
2024-01-15 16:23:13.8445|0|DEBUG|Microsoft.AspNetCore.DataProtection.TypeForwardingActivator|Forwarded activator type request from Microsoft.AspNetCore.DataProtection.XmlEncryption.DpapiXmlDecryptor, Microsoft.AspNetCore.DataProtection, Version=6.0.0.0, Culture=neutral, PublicKeyToken=adb9793829ddae60 to Microsoft.AspNetCore.DataProtection.XmlEncryption.DpapiXmlDecryptor, Microsoft.AspNetCore.DataProtection, Culture=neutral, PublicKeyToken=adb9793829ddae60 
2024-01-15 16:23:13.8445|0|DEBUG|Microsoft.AspNetCore.DataProtection.XmlEncryption.DpapiXmlDecryptor|Decrypting secret element using Windows DPAPI. 
2024-01-15 16:23:13.8445|0|DEBUG|Microsoft.AspNetCore.DataProtection.TypeForwardingActivator|Forwarded activator type request from Microsoft.AspNetCore.DataProtection.AuthenticatedEncryption.ConfigurationModel.AuthenticatedEncryptorDescriptorDeserializer, Microsoft.AspNetCore.DataProtection, Version=6.0.0.0, Culture=neutral, PublicKeyToken=adb9793829ddae60 to Microsoft.AspNetCore.DataProtection.AuthenticatedEncryption.ConfigurationModel.AuthenticatedEncryptorDescriptorDeserializer, Microsoft.AspNetCore.DataProtection, Culture=neutral, PublicKeyToken=adb9793829ddae60 
2024-01-15 16:23:13.8445|0|DEBUG|Microsoft.AspNetCore.DataProtection.AuthenticatedEncryption.CngCbcAuthenticatedEncryptorFactory|Opening CNG algorithm 'AES' from provider '(null)' with chaining mode CBC. 
2024-01-15 16:23:13.8445|0|DEBUG|Microsoft.AspNetCore.DataProtection.AuthenticatedEncryption.CngCbcAuthenticatedEncryptorFactory|Opening CNG algorithm 'SHA256' from provider '(null)' with HMAC. 
2024-01-15 16:23:13.8445|0|DEBUG|Microsoft.AspNetCore.DataProtection.KeyManagement.KeyRingProvider|Using key {8d5202c6-241b-48a1-bf3b-b9600653df67} as the default key. 
2024-01-15 16:23:13.8445|0|DEBUG|Microsoft.AspNetCore.DataProtection.Internal.DataProtectionHostedService|Key ring with default key {8d5202c6-241b-48a1-bf3b-b9600653df67} was loaded during application startup. 
2024-01-15 16:23:13.9794|0|DEBUG|Microsoft.AspNetCore.Mvc.ModelBinding.ModelBinderFactory|Registered model binder providers, in the following order: Microsoft.AspNetCore.Mvc.ModelBinding.Binders.BinderTypeModelBinderProvider, Microsoft.AspNetCore.Mvc.ModelBinding.Binders.ServicesModelBinderProvider, Microsoft.AspNetCore.Mvc.ModelBinding.Binders.BodyModelBinderProvider, Microsoft.AspNetCore.Mvc.ModelBinding.Binders.HeaderModelBinderProvider, Microsoft.AspNetCore.Mvc.ModelBinding.Binders.FloatingPointTypeModelBinderProvider, Microsoft.AspNetCore.Mvc.ModelBinding.Binders.EnumTypeModelBinderProvider, Microsoft.AspNetCore.Mvc.ModelBinding.Binders.DateTimeModelBinderProvider, Microsoft.AspNetCore.Mvc.ModelBinding.Binders.SimpleTypeModelBinderProvider, Microsoft.AspNetCore.Mvc.ModelBinding.Binders.CancellationTokenModelBinderProvider, Microsoft.AspNetCore.Mvc.ModelBinding.Binders.ByteArrayModelBinderProvider, Microsoft.AspNetCore.Mvc.ModelBinding.Binders.FormFileModelBinderProvider, Microsoft.AspNetCore.Mvc.ModelBinding.Binders.FormCollectionModelBinderProvider, Microsoft.AspNetCore.Mvc.ModelBinding.Binders.KeyValuePairModelBinderProvider, Microsoft.AspNetCore.Mvc.ModelBinding.Binders.DictionaryModelBinderProvider, Microsoft.AspNetCore.Mvc.ModelBinding.Binders.ArrayModelBinderProvider, Microsoft.AspNetCore.Mvc.ModelBinding.Binders.CollectionModelBinderProvider, Microsoft.AspNetCore.Mvc.ModelBinding.Binders.ComplexObjectModelBinderProvider 
2024-01-15 16:23:14.0456|0|DEBUG|Microsoft.AspNetCore.SignalR.Internal.DefaultHubProtocolResolver|Registered SignalR Protocol: json, implemented by Microsoft.AspNetCore.SignalR.Protocol.JsonHubProtocol. 
2024-01-15 16:23:14.0654|0|TRACE|Microsoft.AspNetCore.SignalR.Internal.DefaultHubDispatcher|'NotificationHub' hub method 'NewEntryAdded' is bound. 
2024-01-15 16:23:14.1350|0|INFO|Microsoft.Hosting.Lifetime|Now listening on: http://localhost:6084 
2024-01-15 16:23:14.1557|0|DEBUG|Microsoft.AspNetCore.Hosting.Diagnostics|Loaded hosting startup assembly WMS UI API 
2024-01-15 16:23:14.1557|0|DEBUG|Microsoft.AspNetCore.Hosting.Diagnostics|Loaded hosting startup assembly Microsoft.AspNetCore.Watch.BrowserRefresh 
2024-01-15 16:23:14.1557|0|DEBUG|Microsoft.AspNetCore.Hosting.Diagnostics|Loaded hosting startup assembly Microsoft.WebTools.BrowserLink.Net 
2024-01-15 16:23:14.1557|0|TRACE|Microsoft.AspNetCore.Http.Connections.Internal.HttpConnectionManager|Starting connection heartbeat. 
2024-01-15 16:23:14.1557|0|INFO|Microsoft.Hosting.Lifetime|Application started. Press Ctrl+C to shut down. 
2024-01-15 16:23:14.1557|0|INFO|Microsoft.Hosting.Lifetime|Hosting environment: Development 
2024-01-15 16:23:14.1557|0|INFO|Microsoft.Hosting.Lifetime|Content root path: C:\WMS UI API - Kuster - Check multiple PO\WMS UI API 
2024-01-15 16:23:14.1557|0|DEBUG|Microsoft.Extensions.Hosting.Internal.Host|Hosting started 
2024-01-15 16:23:14.1891|0|DEBUG|Microsoft.AspNetCore.Server.Kestrel.Transport.Sockets|Connection id "0HN0LN0M5FO03" received FIN. 
2024-01-15 16:23:14.1891|0|DEBUG|Microsoft.AspNetCore.Server.Kestrel.Transport.Sockets|Connection id "0HN0LN0M5FO02" received FIN. 
2024-01-15 16:23:14.1891|0|DEBUG|Microsoft.AspNetCore.Server.Kestrel.Connections|Connection id "0HN0LN0M5FO03" accepted. 
2024-01-15 16:23:14.1891|0|DEBUG|Microsoft.AspNetCore.Server.Kestrel.Connections|Connection id "0HN0LN0M5FO02" accepted. 
2024-01-15 16:23:14.1891|0|DEBUG|Microsoft.AspNetCore.Server.Kestrel.Connections|Connection id "0HN0LN0M5FO02" started. 
2024-01-15 16:23:14.1891|0|DEBUG|Microsoft.AspNetCore.Server.Kestrel.Connections|Connection id "0HN0LN0M5FO03" started. 
2024-01-15 16:23:14.2056|0|DEBUG|Microsoft.AspNetCore.Server.Kestrel.Transport.Sockets|Connection id "0HN0LN0M5FO02" sending FIN because: "The Socket transport's send loop completed gracefully." 
2024-01-15 16:23:14.2056|0|DEBUG|Microsoft.AspNetCore.Server.Kestrel.Transport.Sockets|Connection id "0HN0LN0M5FO03" sending FIN because: "The Socket transport's send loop completed gracefully." 
2024-01-15 16:23:14.2056|0|DEBUG|Microsoft.AspNetCore.Server.Kestrel.Connections|Connection id "0HN0LN0M5FO03" disconnecting. 
2024-01-15 16:23:14.2056|0|DEBUG|Microsoft.AspNetCore.Server.Kestrel.Connections|Connection id "0HN0LN0M5FO02" disconnecting. 
2024-01-15 16:23:14.2056|0|DEBUG|Microsoft.AspNetCore.Server.Kestrel.Connections|Connection id "0HN0LN0M5FO03" stopped. 
2024-01-15 16:23:14.2056|0|DEBUG|Microsoft.AspNetCore.Server.Kestrel.Connections|Connection id "0HN0LN0M5FO02" stopped. 
2024-01-15 16:23:14.6034|0|DEBUG|Microsoft.AspNetCore.Server.Kestrel.Connections|Connection id "0HN0LN0M5FO04" accepted. 
2024-01-15 16:23:14.6034|0|DEBUG|Microsoft.AspNetCore.Server.Kestrel.Connections|Connection id "0HN0LN0M5FO05" accepted. 
2024-01-15 16:23:14.6235|0|DEBUG|Microsoft.AspNetCore.Server.Kestrel.Connections|Connection id "0HN0LN0M5FO04" started. 
2024-01-15 16:23:14.6235|0|DEBUG|Microsoft.AspNetCore.Server.Kestrel.Connections|Connection id "0HN0LN0M5FO05" started. 
2024-01-15 16:23:14.6615|0|INFO|Microsoft.AspNetCore.Hosting.Diagnostics|Request starting HTTP/1.1 GET http://localhost:6084/WeatherForecast - - 
2024-01-15 16:23:14.7027|0|DEBUG|Microsoft.AspNetCore.HostFiltering.HostFilteringMiddleware|Wildcard detected, all requests with hosts will be allowed. 
2024-01-15 16:23:14.7027|0|TRACE|Microsoft.AspNetCore.HostFiltering.HostFilteringMiddleware|All hosts are allowed. 
2024-01-15 16:23:14.7414|0|DEBUG|Microsoft.AspNetCore.StaticFiles.StaticFileMiddleware|The request path  does not match the path filter 
2024-01-15 16:23:14.7414|0|WARN|Microsoft.AspNetCore.HttpsPolicy.HttpsRedirectionMiddleware|Failed to determine the https port for redirect. 
2024-01-15 16:23:14.8184|0|DEBUG|Microsoft.AspNetCore.Routing.Matching.DfaMatcher|1 candidate(s) found for the request path '/WeatherForecast' 
2024-01-15 16:23:14.8184|0|DEBUG|Microsoft.AspNetCore.Routing.Matching.DfaMatcher|Endpoint 'WMS_UI_API.Controllers.WeatherForecastController.Get (WMS UI API)' with route pattern 'WeatherForecast' is valid for the request path '/WeatherForecast' 
2024-01-15 16:23:14.8184|0|DEBUG|Microsoft.AspNetCore.Routing.EndpointRoutingMiddleware|Request matched endpoint 'WMS_UI_API.Controllers.WeatherForecastController.Get (WMS UI API)' 
2024-01-15 16:23:14.8184|0|DEBUG|WMS_UI_API.Middlewares.ExceptionHandler|Log Initilized 
2024-01-15 16:23:14.8953|0|DEBUG|Microsoft.AspNetCore.Authentication.JwtBearer.JwtBearerHandler|AuthenticationScheme: Bearer was not authenticated. 
2024-01-15 16:23:14.8953|0|INFO|Microsoft.AspNetCore.Routing.EndpointMiddleware|Executing endpoint 'WMS_UI_API.Controllers.WeatherForecastController.Get (WMS UI API)' 
2024-01-15 16:23:14.9152|0|INFO|Microsoft.AspNetCore.Mvc.Infrastructure.ControllerActionInvoker|Route matched with {action = "Get", controller = "WeatherForecast"}. Executing controller action with signature System.Collections.Generic.IEnumerable`1[WMS_UI_API.WeatherForecast] Get() on controller WMS_UI_API.Controllers.WeatherForecastController (WMS UI API). 
2024-01-15 16:23:14.9152|0|DEBUG|Microsoft.AspNetCore.Mvc.Infrastructure.ControllerActionInvoker|Execution plan of authorization filters (in the following order): None 
2024-01-15 16:23:14.9152|0|DEBUG|Microsoft.AspNetCore.Mvc.Infrastructure.ControllerActionInvoker|Execution plan of resource filters (in the following order): None 
2024-01-15 16:23:14.9152|0|DEBUG|Microsoft.AspNetCore.Mvc.Infrastructure.ControllerActionInvoker|Execution plan of action filters (in the following order): Microsoft.AspNetCore.Mvc.ModelBinding.UnsupportedContentTypeFilter (Order: -3000), Microsoft.AspNetCore.Mvc.Infrastructure.ModelStateInvalidFilter (Order: -2000) 
2024-01-15 16:23:14.9152|0|DEBUG|Microsoft.AspNetCore.Mvc.Infrastructure.ControllerActionInvoker|Execution plan of exception filters (in the following order): None 
2024-01-15 16:23:14.9152|0|DEBUG|Microsoft.AspNetCore.Mvc.Infrastructure.ControllerActionInvoker|Execution plan of result filters (in the following order): Microsoft.AspNetCore.Mvc.Infrastructure.ClientErrorResultFilter (Order: -2000) 
2024-01-15 16:23:14.9152|0|DEBUG|Microsoft.AspNetCore.Mvc.Infrastructure.ControllerActionInvoker|Executing controller factory for controller WMS_UI_API.Controllers.WeatherForecastController (WMS UI API) 
2024-01-15 16:23:14.9152|0|DEBUG|Microsoft.AspNetCore.Mvc.Infrastructure.ControllerActionInvoker|Executed controller factory for controller WMS_UI_API.Controllers.WeatherForecastController (WMS UI API) 
2024-01-15 16:23:14.9152|0|TRACE|Microsoft.AspNetCore.Mvc.Infrastructure.ControllerActionInvoker|Action Filter: Before executing OnActionExecuting on filter Microsoft.AspNetCore.Mvc.ModelBinding.UnsupportedContentTypeFilter. 
2024-01-15 16:23:14.9152|0|TRACE|Microsoft.AspNetCore.Mvc.Infrastructure.ControllerActionInvoker|Action Filter: After executing OnActionExecuting on filter Microsoft.AspNetCore.Mvc.ModelBinding.UnsupportedContentTypeFilter. 
2024-01-15 16:23:14.9152|0|TRACE|Microsoft.AspNetCore.Mvc.Infrastructure.ControllerActionInvoker|Action Filter: Before executing OnActionExecuting on filter Microsoft.AspNetCore.Mvc.Infrastructure.ModelStateInvalidFilter. 
2024-01-15 16:23:14.9152|0|TRACE|Microsoft.AspNetCore.Mvc.Infrastructure.ControllerActionInvoker|Action Filter: After executing OnActionExecuting on filter Microsoft.AspNetCore.Mvc.Infrastructure.ModelStateInvalidFilter. 
2024-01-15 16:23:14.9152|0|INFO|Microsoft.AspNetCore.Mvc.Infrastructure.ControllerActionInvoker|Executing action method WMS_UI_API.Controllers.WeatherForecastController.Get (WMS UI API) - Validation state: Valid 
2024-01-15 16:23:14.9251|0|INFO|WMS_UI_API.Controllers.WeatherForecastController|Connection intiation at 10:53:14 
2024-01-15 16:23:14.9251|0|INFO|Microsoft.AspNetCore.Mvc.Infrastructure.ControllerActionInvoker|Executed action method WMS_UI_API.Controllers.WeatherForecastController.Get (WMS UI API), returned result Microsoft.AspNetCore.Mvc.ObjectResult in 6.6911ms. 
2024-01-15 16:23:14.9251|0|TRACE|Microsoft.AspNetCore.Mvc.Infrastructure.ControllerActionInvoker|Action Filter: Before executing OnActionExecuted on filter Microsoft.AspNetCore.Mvc.Infrastructure.ModelStateInvalidFilter. 
2024-01-15 16:23:14.9251|0|TRACE|Microsoft.AspNetCore.Mvc.Infrastructure.ControllerActionInvoker|Action Filter: After executing OnActionExecuted on filter Microsoft.AspNetCore.Mvc.Infrastructure.ModelStateInvalidFilter. 
2024-01-15 16:23:14.9251|0|TRACE|Microsoft.AspNetCore.Mvc.Infrastructure.ControllerActionInvoker|Action Filter: Before executing OnActionExecuted on filter Microsoft.AspNetCore.Mvc.ModelBinding.UnsupportedContentTypeFilter. 
2024-01-15 16:23:14.9251|0|TRACE|Microsoft.AspNetCore.Mvc.Infrastructure.ControllerActionInvoker|Action Filter: After executing OnActionExecuted on filter Microsoft.AspNetCore.Mvc.ModelBinding.UnsupportedContentTypeFilter. 
2024-01-15 16:23:14.9251|0|TRACE|Microsoft.AspNetCore.Mvc.Infrastructure.ControllerActionInvoker|Result Filter: Before executing OnResultExecuting on filter Microsoft.AspNetCore.Mvc.Infrastructure.ClientErrorResultFilter. 
2024-01-15 16:23:14.9251|0|TRACE|Microsoft.AspNetCore.Mvc.Infrastructure.ControllerActionInvoker|Result Filter: After executing OnResultExecuting on filter Microsoft.AspNetCore.Mvc.Infrastructure.ClientErrorResultFilter. 
2024-01-15 16:23:14.9251|0|TRACE|Microsoft.AspNetCore.Mvc.Infrastructure.ControllerActionInvoker|Before executing action result Microsoft.AspNetCore.Mvc.ObjectResult. 
2024-01-15 16:23:14.9251|0|DEBUG|Microsoft.AspNetCore.Mvc.Infrastructure.DefaultOutputFormatterSelector|List of registered output formatters, in the following order: Microsoft.AspNetCore.Mvc.Formatters.HttpNoContentOutputFormatter, Microsoft.AspNetCore.Mvc.Formatters.StringOutputFormatter, Microsoft.AspNetCore.Mvc.Formatters.StreamOutputFormatter, Microsoft.AspNetCore.Mvc.Formatters.SystemTextJsonOutputFormatter 
2024-01-15 16:23:14.9251|0|DEBUG|Microsoft.AspNetCore.Mvc.Infrastructure.DefaultOutputFormatterSelector|No information found on request to perform content negotiation. 
2024-01-15 16:23:14.9251|0|DEBUG|Microsoft.AspNetCore.Mvc.Infrastructure.DefaultOutputFormatterSelector|Attempting to select an output formatter without using a content type as no explicit content types were specified for the response. 
2024-01-15 16:23:14.9251|0|DEBUG|Microsoft.AspNetCore.Mvc.Infrastructure.DefaultOutputFormatterSelector|Attempting to select the first formatter in the output formatters list which can write the result. 
2024-01-15 16:23:14.9251|0|DEBUG|Microsoft.AspNetCore.Mvc.Infrastructure.DefaultOutputFormatterSelector|Selected output formatter 'Microsoft.AspNetCore.Mvc.Formatters.SystemTextJsonOutputFormatter' and content type 'application/json' to write the response. 
2024-01-15 16:23:14.9251|0|INFO|Microsoft.AspNetCore.Mvc.Infrastructure.ObjectResultExecutor|Executing ObjectResult, writing value of type 'WMS_UI_API.WeatherForecast[]'. 
2024-01-15 16:23:14.9690|0|TRACE|Microsoft.AspNetCore.Mvc.Infrastructure.ControllerActionInvoker|After executing action result Microsoft.AspNetCore.Mvc.ObjectResult. 
2024-01-15 16:23:14.9690|0|TRACE|Microsoft.AspNetCore.Mvc.Infrastructure.ControllerActionInvoker|Result Filter: Before executing OnResultExecuted on filter Microsoft.AspNetCore.Mvc.Infrastructure.ClientErrorResultFilter. 
2024-01-15 16:23:14.9690|0|TRACE|Microsoft.AspNetCore.Mvc.Infrastructure.ControllerActionInvoker|Result Filter: After executing OnResultExecuted on filter Microsoft.AspNetCore.Mvc.Infrastructure.ClientErrorResultFilter. 
2024-01-15 16:23:14.9690|0|INFO|Microsoft.AspNetCore.Mvc.Infrastructure.ControllerActionInvoker|Executed action WMS_UI_API.Controllers.WeatherForecastController.Get (WMS UI API) in 53.4775ms 
2024-01-15 16:23:14.9690|0|INFO|Microsoft.AspNetCore.Routing.EndpointMiddleware|Executed endpoint 'WMS_UI_API.Controllers.WeatherForecastController.Get (WMS UI API)' 
2024-01-15 16:23:14.9690|0|DEBUG|Microsoft.AspNetCore.Server.Kestrel.Connections|Connection id "0HN0LN0M5FO05" completed keep alive response. 
2024-01-15 16:23:14.9690|0|INFO|Microsoft.AspNetCore.Hosting.Diagnostics|Request finished HTTP/1.1 GET http://localhost:6084/WeatherForecast - - - 200 - application/json;+charset=utf-8 321.1436ms 
2024-01-15 16:23:15.0155|0|INFO|Microsoft.AspNetCore.Hosting.Diagnostics|Request starting HTTP/1.1 GET http://localhost:6084/favicon.ico - - 
2024-01-15 16:23:15.0155|0|TRACE|Microsoft.AspNetCore.HostFiltering.HostFilteringMiddleware|All hosts are allowed. 
2024-01-15 16:23:15.0155|0|DEBUG|Microsoft.AspNetCore.StaticFiles.StaticFileMiddleware|The request path  does not match the path filter 
2024-01-15 16:23:15.0155|0|DEBUG|Microsoft.AspNetCore.Routing.Matching.DfaMatcher|No candidates found for the request path '/favicon.ico' 
2024-01-15 16:23:15.0155|0|DEBUG|Microsoft.AspNetCore.Routing.EndpointRoutingMiddleware|Request did not match any endpoints 
2024-01-15 16:23:15.0155|0|DEBUG|WMS_UI_API.Middlewares.ExceptionHandler|Log Initilized 
2024-01-15 16:23:15.0155|0|DEBUG|Microsoft.AspNetCore.Authentication.JwtBearer.JwtBearerHandler|AuthenticationScheme: Bearer was not authenticated. 
2024-01-15 16:23:15.0155|0|DEBUG|Microsoft.AspNetCore.Server.Kestrel.Connections|Connection id "0HN0LN0M5FO05" completed keep alive response. 
2024-01-15 16:23:15.0155|0|INFO|Microsoft.AspNetCore.Hosting.Diagnostics|Request finished HTTP/1.1 GET http://localhost:6084/favicon.ico - - - 404 0 - 12.5514ms 
2024-01-15 16:23:16.9665|0|DEBUG|Microsoft.AspNetCore.Server.Kestrel.Transport.Sockets|Connection id "0HN0LN0M5FO05" received FIN. 
2024-01-15 16:23:16.9665|0|DEBUG|Microsoft.AspNetCore.Server.Kestrel.Transport.Sockets|Connection id "0HN0LN0M5FO04" received FIN. 
2024-01-15 16:23:16.9665|0|DEBUG|Microsoft.AspNetCore.Server.Kestrel.Transport.Sockets|Connection id "0HN0LN0M5FO05" sending FIN because: "The Socket transport's send loop completed gracefully." 
2024-01-15 16:23:16.9665|0|DEBUG|Microsoft.AspNetCore.Server.Kestrel.Transport.Sockets|Connection id "0HN0LN0M5FO04" sending FIN because: "The Socket transport's send loop completed gracefully." 
2024-01-15 16:23:16.9665|0|DEBUG|Microsoft.AspNetCore.Server.Kestrel.Connections|Connection id "0HN0LN0M5FO04" disconnecting. 
2024-01-15 16:23:16.9665|0|DEBUG|Microsoft.AspNetCore.Server.Kestrel.Connections|Connection id "0HN0LN0M5FO05" disconnecting. 
2024-01-15 16:23:16.9709|0|DEBUG|Microsoft.AspNetCore.Server.Kestrel.Connections|Connection id "0HN0LN0M5FO05" stopped. 
2024-01-15 16:23:16.9709|0|DEBUG|Microsoft.AspNetCore.Server.Kestrel.Connections|Connection id "0HN0LN0M5FO04" stopped. 
2024-01-15 16:23:24.8880|0|DEBUG|Microsoft.AspNetCore.Server.Kestrel.Connections|Connection id "0HN0LN0M5FO06" accepted. 
2024-01-15 16:23:24.8880|0|DEBUG|Microsoft.AspNetCore.Server.Kestrel.Connections|Connection id "0HN0LN0M5FO06" started. 
2024-01-15 16:23:24.8880|0|INFO|Microsoft.AspNetCore.Hosting.Diagnostics|Request starting HTTP/1.1 GET http://localhost:6084/swagger/index.html - - 
2024-01-15 16:23:24.8880|0|TRACE|Microsoft.AspNetCore.HostFiltering.HostFilteringMiddleware|All hosts are allowed. 
2024-01-15 16:23:24.9338|0|DEBUG|Microsoft.AspNetCore.Watch.BrowserRefresh.BrowserRefreshMiddleware|Response markup is scheduled to include browser refresh script injection. 
2024-01-15 16:23:25.0523|0|DEBUG|Microsoft.AspNetCore.Server.Kestrel.Connections|Connection id "0HN0LN0M5FO07" accepted. 
2024-01-15 16:23:25.0523|0|DEBUG|Microsoft.AspNetCore.Server.Kestrel.Connections|Connection id "0HN0LN0M5FO07" started. 
2024-01-15 16:23:25.0523|0|INFO|Microsoft.AspNetCore.Hosting.Diagnostics|Request starting HTTP/1.1 GET http://localhost:6084/_framework/aspnetcore-browser-refresh.js - - 
2024-01-15 16:23:25.0523|0|DEBUG|Microsoft.AspNetCore.Server.Kestrel.Connections|Connection id "0HN0LN0M5FO07" completed keep alive response. 
2024-01-15 16:23:25.0523|0|INFO|Microsoft.AspNetCore.Hosting.Diagnostics|Request finished HTTP/1.1 GET http://localhost:6084/_framework/aspnetcore-browser-refresh.js - - - 200 11990 application/javascript;+charset=utf-8 2.7599ms 
2024-01-15 16:23:25.0523|0|DEBUG|Microsoft.AspNetCore.Watch.BrowserRefresh.BrowserRefreshMiddleware|Response markup was updated to include browser refresh script injection. 
2024-01-15 16:23:25.0523|0|DEBUG|Microsoft.AspNetCore.Server.Kestrel.Connections|Connection id "0HN0LN0M5FO06" completed keep alive response. 
2024-01-15 16:23:25.0523|0|INFO|Microsoft.AspNetCore.Hosting.Diagnostics|Request finished HTTP/1.1 GET http://localhost:6084/swagger/index.html - - - 200 - text/html;charset=utf-8 168.2535ms 
2024-01-15 16:23:25.0523|0|INFO|Microsoft.AspNetCore.Hosting.Diagnostics|Request starting HTTP/1.1 GET http://localhost:6084/_vs/browserLink - - 
2024-01-15 16:23:25.0832|0|DEBUG|Microsoft.AspNetCore.Server.Kestrel.Connections|Connection id "0HN0LN0M5FO06" completed keep alive response. 
2024-01-15 16:23:25.0832|0|INFO|Microsoft.AspNetCore.Hosting.Diagnostics|Request finished HTTP/1.1 GET http://localhost:6084/_vs/browserLink - - - 200 - text/javascript;+charset=UTF-8 24.7428ms 
2024-01-15 16:23:25.1178|0|INFO|Microsoft.AspNetCore.Hosting.Diagnostics|Request starting HTTP/1.1 GET http://localhost:6084/swagger/v1/swagger.json - - 
2024-01-15 16:23:25.1178|0|TRACE|Microsoft.AspNetCore.HostFiltering.HostFilteringMiddleware|All hosts are allowed. 
2024-01-15 16:23:25.2391|0|DEBUG|Microsoft.AspNetCore.Server.Kestrel.Connections|Connection id "0HN0LN0M5FO06" completed keep alive response. 
2024-01-15 16:23:25.2391|0|INFO|Microsoft.AspNetCore.Hosting.Diagnostics|Request finished HTTP/1.1 GET http://localhost:6084/swagger/v1/swagger.json - - - 200 - application/json;charset=utf-8 121.4475ms 
2024-01-15 16:23:28.5783|0|DEBUG|Microsoft.AspNetCore.Server.Kestrel.Transport.Sockets|Connection id "0HN0LN0M5FO07" received FIN. 
2024-01-15 16:23:28.5783|0|DEBUG|Microsoft.AspNetCore.Server.Kestrel.Transport.Sockets|Connection id "0HN0LN0M5FO06" received FIN. 
2024-01-15 16:23:28.5783|0|DEBUG|Microsoft.AspNetCore.Server.Kestrel.Connections|Connection id "0HN0LN0M5FO07" disconnecting. 
2024-01-15 16:23:28.5783|0|DEBUG|Microsoft.AspNetCore.Server.Kestrel.Connections|Connection id "0HN0LN0M5FO06" disconnecting. 
2024-01-15 16:23:28.5783|0|DEBUG|Microsoft.AspNetCore.Server.Kestrel.Connections|Connection id "0HN0LN0M5FO06" stopped. 
2024-01-15 16:23:28.5783|0|DEBUG|Microsoft.AspNetCore.Server.Kestrel.Connections|Connection id "0HN0LN0M5FO07" stopped. 
2024-01-15 16:23:28.5783|0|DEBUG|Microsoft.AspNetCore.Server.Kestrel.Transport.Sockets|Connection id "0HN0LN0M5FO06" sending FIN because: "The Socket transport's send loop completed gracefully." 
2024-01-15 16:23:28.5783|0|DEBUG|Microsoft.AspNetCore.Server.Kestrel.Transport.Sockets|Connection id "0HN0LN0M5FO07" sending FIN because: "The Socket transport's send loop completed gracefully." 
