2024-01-01 17:27:40.3608|0|DEBUG|WMS_UI_API.Program|NLogeer initilized in 'Main' 
2024-01-01 17:27:41.2373|0|DEBUG|Microsoft.Extensions.Hosting.Internal.Host|Hosting starting 
2024-01-01 17:27:41.2767|0|INFO|Microsoft.AspNetCore.DataProtection.KeyManagement.XmlKeyManager|User profile is available. Using 'C:\Users\Administrator\AppData\Local\ASP.NET\DataProtection-Keys' as key repository and Windows DPAPI to encrypt keys at rest. 
2024-01-01 17:27:41.3017|0|DEBUG|Microsoft.AspNetCore.DataProtection.Repositories.FileSystemXmlRepository|Reading data from file 'C:\Users\Administrator\AppData\Local\ASP.NET\DataProtection-Keys\key-8d5202c6-241b-48a1-bf3b-b9600653df67.xml'. 
2024-01-01 17:27:41.3189|0|DEBUG|Microsoft.AspNetCore.DataProtection.KeyManagement.XmlKeyManager|Found key {8d5202c6-241b-48a1-bf3b-b9600653df67}. 
2024-01-01 17:27:41.3290|0|DEBUG|Microsoft.AspNetCore.DataProtection.KeyManagement.DefaultKeyResolver|Considering key {8d5202c6-241b-48a1-bf3b-b9600653df67} with expiration date 2024-01-27 11:46:44Z as default key. 
2024-01-01 17:27:41.3290|0|DEBUG|Microsoft.AspNetCore.DataProtection.TypeForwardingActivator|Forwarded activator type request from Microsoft.AspNetCore.DataProtection.XmlEncryption.DpapiXmlDecryptor, Microsoft.AspNetCore.DataProtection, Version=6.0.0.0, Culture=neutral, PublicKeyToken=adb9793829ddae60 to Microsoft.AspNetCore.DataProtection.XmlEncryption.DpapiXmlDecryptor, Microsoft.AspNetCore.DataProtection, Culture=neutral, PublicKeyToken=adb9793829ddae60 
2024-01-01 17:27:41.3290|0|DEBUG|Microsoft.AspNetCore.DataProtection.XmlEncryption.DpapiXmlDecryptor|Decrypting secret element using Windows DPAPI. 
2024-01-01 17:27:41.3290|0|DEBUG|Microsoft.AspNetCore.DataProtection.TypeForwardingActivator|Forwarded activator type request from Microsoft.AspNetCore.DataProtection.AuthenticatedEncryption.ConfigurationModel.AuthenticatedEncryptorDescriptorDeserializer, Microsoft.AspNetCore.DataProtection, Version=6.0.0.0, Culture=neutral, PublicKeyToken=adb9793829ddae60 to Microsoft.AspNetCore.DataProtection.AuthenticatedEncryption.ConfigurationModel.AuthenticatedEncryptorDescriptorDeserializer, Microsoft.AspNetCore.DataProtection, Culture=neutral, PublicKeyToken=adb9793829ddae60 
2024-01-01 17:27:41.3290|0|DEBUG|Microsoft.AspNetCore.DataProtection.AuthenticatedEncryption.CngCbcAuthenticatedEncryptorFactory|Opening CNG algorithm 'AES' from provider '(null)' with chaining mode CBC. 
2024-01-01 17:27:41.3290|0|DEBUG|Microsoft.AspNetCore.DataProtection.AuthenticatedEncryption.CngCbcAuthenticatedEncryptorFactory|Opening CNG algorithm 'SHA256' from provider '(null)' with HMAC. 
2024-01-01 17:27:41.3290|0|DEBUG|Microsoft.AspNetCore.DataProtection.KeyManagement.KeyRingProvider|Using key {8d5202c6-241b-48a1-bf3b-b9600653df67} as the default key. 
2024-01-01 17:27:41.3290|0|DEBUG|Microsoft.AspNetCore.DataProtection.Internal.DataProtectionHostedService|Key ring with default key {8d5202c6-241b-48a1-bf3b-b9600653df67} was loaded during application startup. 
2024-01-01 17:27:41.4836|0|DEBUG|Microsoft.AspNetCore.Mvc.ModelBinding.ModelBinderFactory|Registered model binder providers, in the following order: Microsoft.AspNetCore.Mvc.ModelBinding.Binders.BinderTypeModelBinderProvider, Microsoft.AspNetCore.Mvc.ModelBinding.Binders.ServicesModelBinderProvider, Microsoft.AspNetCore.Mvc.ModelBinding.Binders.BodyModelBinderProvider, Microsoft.AspNetCore.Mvc.ModelBinding.Binders.HeaderModelBinderProvider, Microsoft.AspNetCore.Mvc.ModelBinding.Binders.FloatingPointTypeModelBinderProvider, Microsoft.AspNetCore.Mvc.ModelBinding.Binders.EnumTypeModelBinderProvider, Microsoft.AspNetCore.Mvc.ModelBinding.Binders.DateTimeModelBinderProvider, Microsoft.AspNetCore.Mvc.ModelBinding.Binders.SimpleTypeModelBinderProvider, Microsoft.AspNetCore.Mvc.ModelBinding.Binders.CancellationTokenModelBinderProvider, Microsoft.AspNetCore.Mvc.ModelBinding.Binders.ByteArrayModelBinderProvider, Microsoft.AspNetCore.Mvc.ModelBinding.Binders.FormFileModelBinderProvider, Microsoft.AspNetCore.Mvc.ModelBinding.Binders.FormCollectionModelBinderProvider, Microsoft.AspNetCore.Mvc.ModelBinding.Binders.KeyValuePairModelBinderProvider, Microsoft.AspNetCore.Mvc.ModelBinding.Binders.DictionaryModelBinderProvider, Microsoft.AspNetCore.Mvc.ModelBinding.Binders.ArrayModelBinderProvider, Microsoft.AspNetCore.Mvc.ModelBinding.Binders.CollectionModelBinderProvider, Microsoft.AspNetCore.Mvc.ModelBinding.Binders.ComplexObjectModelBinderProvider 
2024-01-01 17:27:41.5589|0|DEBUG|Microsoft.AspNetCore.SignalR.Internal.DefaultHubProtocolResolver|Registered SignalR Protocol: json, implemented by Microsoft.AspNetCore.SignalR.Protocol.JsonHubProtocol. 
2024-01-01 17:27:41.5846|0|TRACE|Microsoft.AspNetCore.SignalR.Internal.DefaultHubDispatcher|'NotificationHub' hub method 'NewEntryAdded' is bound. 
2024-01-01 17:27:41.6497|0|INFO|Microsoft.Hosting.Lifetime|Now listening on: http://localhost:6084 
2024-01-01 17:27:41.6842|0|DEBUG|Microsoft.AspNetCore.Hosting.Diagnostics|Loaded hosting startup assembly WMS UI API 
2024-01-01 17:27:41.6842|0|DEBUG|Microsoft.AspNetCore.Hosting.Diagnostics|Loaded hosting startup assembly Microsoft.AspNetCore.Watch.BrowserRefresh 
2024-01-01 17:27:41.6842|0|DEBUG|Microsoft.AspNetCore.Hosting.Diagnostics|Loaded hosting startup assembly Microsoft.WebTools.BrowserLink.Net 
2024-01-01 17:27:41.6842|0|TRACE|Microsoft.AspNetCore.Http.Connections.Internal.HttpConnectionManager|Starting connection heartbeat. 
2024-01-01 17:27:41.6842|0|INFO|Microsoft.Hosting.Lifetime|Application started. Press Ctrl+C to shut down. 
2024-01-01 17:27:41.6842|0|INFO|Microsoft.Hosting.Lifetime|Hosting environment: Development 
2024-01-01 17:27:41.6842|0|INFO|Microsoft.Hosting.Lifetime|Content root path: C:\WMS UI API - Kuster - Check multiple PO\WMS UI API 
2024-01-01 17:27:41.6842|0|DEBUG|Microsoft.Extensions.Hosting.Internal.Host|Hosting started 
2024-01-01 17:27:41.7653|0|DEBUG|Microsoft.AspNetCore.Server.Kestrel.Transport.Sockets|Connection id "0HN0AO3DT141D" received FIN. 
2024-01-01 17:27:41.7717|0|DEBUG|Microsoft.AspNetCore.Server.Kestrel.Connections|Connection id "0HN0AO3DT141D" accepted. 
2024-01-01 17:27:41.7717|0|DEBUG|Microsoft.AspNetCore.Server.Kestrel.Connections|Connection id "0HN0AO3DT141D" started. 
2024-01-01 17:27:41.7910|0|DEBUG|Microsoft.AspNetCore.Server.Kestrel.Transport.Sockets|Connection id "0HN0AO3DT141D" sending FIN because: "The Socket transport's send loop completed gracefully." 
2024-01-01 17:27:41.7910|0|DEBUG|Microsoft.AspNetCore.Server.Kestrel.Connections|Connection id "0HN0AO3DT141D" disconnecting. 
2024-01-01 17:27:41.7983|0|DEBUG|Microsoft.AspNetCore.Server.Kestrel.Connections|Connection id "0HN0AO3DT141D" stopped. 
2024-01-01 17:27:42.7924|0|DEBUG|Microsoft.AspNetCore.Server.Kestrel.Connections|Connection id "0HN0AO3DT141E" accepted. 
2024-01-01 17:27:42.7924|0|DEBUG|Microsoft.AspNetCore.Server.Kestrel.Connections|Connection id "0HN0AO3DT141E" started. 
2024-01-01 17:27:42.8087|0|DEBUG|Microsoft.AspNetCore.Server.Kestrel.Connections|Connection id "0HN0AO3DT141F" accepted. 
2024-01-01 17:27:42.8087|0|DEBUG|Microsoft.AspNetCore.Server.Kestrel.Connections|Connection id "0HN0AO3DT141F" started. 
2024-01-01 17:27:42.8726|0|INFO|Microsoft.AspNetCore.Hosting.Diagnostics|Request starting HTTP/1.1 GET http://localhost:6084/WeatherForecast - - 
2024-01-01 17:27:42.9268|0|DEBUG|Microsoft.AspNetCore.HostFiltering.HostFilteringMiddleware|Wildcard detected, all requests with hosts will be allowed. 
2024-01-01 17:27:42.9268|0|TRACE|Microsoft.AspNetCore.HostFiltering.HostFilteringMiddleware|All hosts are allowed. 
2024-01-01 17:27:42.9653|0|DEBUG|Microsoft.AspNetCore.StaticFiles.StaticFileMiddleware|The request path  does not match the path filter 
2024-01-01 17:27:42.9653|0|WARN|Microsoft.AspNetCore.HttpsPolicy.HttpsRedirectionMiddleware|Failed to determine the https port for redirect. 
2024-01-01 17:27:43.0022|0|DEBUG|Microsoft.AspNetCore.Routing.Matching.DfaMatcher|1 candidate(s) found for the request path '/WeatherForecast' 
2024-01-01 17:27:43.0053|0|DEBUG|Microsoft.AspNetCore.Routing.Matching.DfaMatcher|Endpoint 'WMS_UI_API.Controllers.WeatherForecastController.Get (WMS UI API)' with route pattern 'WeatherForecast' is valid for the request path '/WeatherForecast' 
2024-01-01 17:27:43.0053|0|DEBUG|Microsoft.AspNetCore.Routing.EndpointRoutingMiddleware|Request matched endpoint 'WMS_UI_API.Controllers.WeatherForecastController.Get (WMS UI API)' 
2024-01-01 17:27:43.0053|0|DEBUG|WMS_UI_API.Middlewares.ExceptionHandler|Log Initilized 
2024-01-01 17:27:43.4965|0|DEBUG|Microsoft.AspNetCore.Authentication.JwtBearer.JwtBearerHandler|AuthenticationScheme: Bearer was not authenticated. 
2024-01-01 17:27:43.4965|0|INFO|Microsoft.AspNetCore.Routing.EndpointMiddleware|Executing endpoint 'WMS_UI_API.Controllers.WeatherForecastController.Get (WMS UI API)' 
2024-01-01 17:27:43.5096|0|INFO|Microsoft.AspNetCore.Mvc.Infrastructure.ControllerActionInvoker|Route matched with {action = "Get", controller = "WeatherForecast"}. Executing controller action with signature System.Collections.Generic.IEnumerable`1[WMS_UI_API.WeatherForecast] Get() on controller WMS_UI_API.Controllers.WeatherForecastController (WMS UI API). 
2024-01-01 17:27:43.5096|0|DEBUG|Microsoft.AspNetCore.Mvc.Infrastructure.ControllerActionInvoker|Execution plan of authorization filters (in the following order): None 
2024-01-01 17:27:43.5096|0|DEBUG|Microsoft.AspNetCore.Mvc.Infrastructure.ControllerActionInvoker|Execution plan of resource filters (in the following order): None 
2024-01-01 17:27:43.5096|0|DEBUG|Microsoft.AspNetCore.Mvc.Infrastructure.ControllerActionInvoker|Execution plan of action filters (in the following order): Microsoft.AspNetCore.Mvc.ModelBinding.UnsupportedContentTypeFilter (Order: -3000), Microsoft.AspNetCore.Mvc.Infrastructure.ModelStateInvalidFilter (Order: -2000) 
2024-01-01 17:27:43.5096|0|DEBUG|Microsoft.AspNetCore.Mvc.Infrastructure.ControllerActionInvoker|Execution plan of exception filters (in the following order): None 
2024-01-01 17:27:43.5096|0|DEBUG|Microsoft.AspNetCore.Mvc.Infrastructure.ControllerActionInvoker|Execution plan of result filters (in the following order): Microsoft.AspNetCore.Mvc.Infrastructure.ClientErrorResultFilter (Order: -2000) 
2024-01-01 17:27:43.5096|0|DEBUG|Microsoft.AspNetCore.Mvc.Infrastructure.ControllerActionInvoker|Executing controller factory for controller WMS_UI_API.Controllers.WeatherForecastController (WMS UI API) 
2024-01-01 17:27:43.5096|0|DEBUG|Microsoft.AspNetCore.Mvc.Infrastructure.ControllerActionInvoker|Executed controller factory for controller WMS_UI_API.Controllers.WeatherForecastController (WMS UI API) 
2024-01-01 17:27:43.5096|0|TRACE|Microsoft.AspNetCore.Mvc.Infrastructure.ControllerActionInvoker|Action Filter: Before executing OnActionExecuting on filter Microsoft.AspNetCore.Mvc.ModelBinding.UnsupportedContentTypeFilter. 
2024-01-01 17:27:43.5096|0|TRACE|Microsoft.AspNetCore.Mvc.Infrastructure.ControllerActionInvoker|Action Filter: After executing OnActionExecuting on filter Microsoft.AspNetCore.Mvc.ModelBinding.UnsupportedContentTypeFilter. 
2024-01-01 17:27:43.5096|0|TRACE|Microsoft.AspNetCore.Mvc.Infrastructure.ControllerActionInvoker|Action Filter: Before executing OnActionExecuting on filter Microsoft.AspNetCore.Mvc.Infrastructure.ModelStateInvalidFilter. 
2024-01-01 17:27:43.5096|0|TRACE|Microsoft.AspNetCore.Mvc.Infrastructure.ControllerActionInvoker|Action Filter: After executing OnActionExecuting on filter Microsoft.AspNetCore.Mvc.Infrastructure.ModelStateInvalidFilter. 
2024-01-01 17:27:43.5193|0|INFO|Microsoft.AspNetCore.Mvc.Infrastructure.ControllerActionInvoker|Executing action method WMS_UI_API.Controllers.WeatherForecastController.Get (WMS UI API) - Validation state: Valid 
2024-01-01 17:27:43.5193|0|INFO|WMS_UI_API.Controllers.WeatherForecastController|Connection intiation at 11:57:43 
2024-01-01 17:27:43.5193|0|INFO|Microsoft.AspNetCore.Mvc.Infrastructure.ControllerActionInvoker|Executed action method WMS_UI_API.Controllers.WeatherForecastController.Get (WMS UI API), returned result Microsoft.AspNetCore.Mvc.ObjectResult in 6.0616ms. 
2024-01-01 17:27:43.5193|0|TRACE|Microsoft.AspNetCore.Mvc.Infrastructure.ControllerActionInvoker|Action Filter: Before executing OnActionExecuted on filter Microsoft.AspNetCore.Mvc.Infrastructure.ModelStateInvalidFilter. 
2024-01-01 17:27:43.5193|0|TRACE|Microsoft.AspNetCore.Mvc.Infrastructure.ControllerActionInvoker|Action Filter: After executing OnActionExecuted on filter Microsoft.AspNetCore.Mvc.Infrastructure.ModelStateInvalidFilter. 
2024-01-01 17:27:43.5193|0|TRACE|Microsoft.AspNetCore.Mvc.Infrastructure.ControllerActionInvoker|Action Filter: Before executing OnActionExecuted on filter Microsoft.AspNetCore.Mvc.ModelBinding.UnsupportedContentTypeFilter. 
2024-01-01 17:27:43.5193|0|TRACE|Microsoft.AspNetCore.Mvc.Infrastructure.ControllerActionInvoker|Action Filter: After executing OnActionExecuted on filter Microsoft.AspNetCore.Mvc.ModelBinding.UnsupportedContentTypeFilter. 
2024-01-01 17:27:43.5193|0|TRACE|Microsoft.AspNetCore.Mvc.Infrastructure.ControllerActionInvoker|Result Filter: Before executing OnResultExecuting on filter Microsoft.AspNetCore.Mvc.Infrastructure.ClientErrorResultFilter. 
2024-01-01 17:27:43.5193|0|TRACE|Microsoft.AspNetCore.Mvc.Infrastructure.ControllerActionInvoker|Result Filter: After executing OnResultExecuting on filter Microsoft.AspNetCore.Mvc.Infrastructure.ClientErrorResultFilter. 
2024-01-01 17:27:43.5193|0|TRACE|Microsoft.AspNetCore.Mvc.Infrastructure.ControllerActionInvoker|Before executing action result Microsoft.AspNetCore.Mvc.ObjectResult. 
2024-01-01 17:27:43.5193|0|DEBUG|Microsoft.AspNetCore.Mvc.Infrastructure.DefaultOutputFormatterSelector|List of registered output formatters, in the following order: Microsoft.AspNetCore.Mvc.Formatters.HttpNoContentOutputFormatter, Microsoft.AspNetCore.Mvc.Formatters.StringOutputFormatter, Microsoft.AspNetCore.Mvc.Formatters.StreamOutputFormatter, Microsoft.AspNetCore.Mvc.Formatters.SystemTextJsonOutputFormatter 
2024-01-01 17:27:43.5327|0|DEBUG|Microsoft.AspNetCore.Mvc.Infrastructure.DefaultOutputFormatterSelector|No information found on request to perform content negotiation. 
2024-01-01 17:27:43.5327|0|DEBUG|Microsoft.AspNetCore.Mvc.Infrastructure.DefaultOutputFormatterSelector|Attempting to select an output formatter without using a content type as no explicit content types were specified for the response. 
2024-01-01 17:27:43.5327|0|DEBUG|Microsoft.AspNetCore.Mvc.Infrastructure.DefaultOutputFormatterSelector|Attempting to select the first formatter in the output formatters list which can write the result. 
2024-01-01 17:27:43.5327|0|DEBUG|Microsoft.AspNetCore.Mvc.Infrastructure.DefaultOutputFormatterSelector|Selected output formatter 'Microsoft.AspNetCore.Mvc.Formatters.SystemTextJsonOutputFormatter' and content type 'application/json' to write the response. 
2024-01-01 17:27:43.5327|0|INFO|Microsoft.AspNetCore.Mvc.Infrastructure.ObjectResultExecutor|Executing ObjectResult, writing value of type 'WMS_UI_API.WeatherForecast[]'. 
2024-01-01 17:27:43.5723|0|TRACE|Microsoft.AspNetCore.Mvc.Infrastructure.ControllerActionInvoker|After executing action result Microsoft.AspNetCore.Mvc.ObjectResult. 
2024-01-01 17:27:43.5723|0|TRACE|Microsoft.AspNetCore.Mvc.Infrastructure.ControllerActionInvoker|Result Filter: Before executing OnResultExecuted on filter Microsoft.AspNetCore.Mvc.Infrastructure.ClientErrorResultFilter. 
2024-01-01 17:27:43.5723|0|TRACE|Microsoft.AspNetCore.Mvc.Infrastructure.ControllerActionInvoker|Result Filter: After executing OnResultExecuted on filter Microsoft.AspNetCore.Mvc.Infrastructure.ClientErrorResultFilter. 
2024-01-01 17:27:43.5723|0|INFO|Microsoft.AspNetCore.Mvc.Infrastructure.ControllerActionInvoker|Executed action WMS_UI_API.Controllers.WeatherForecastController.Get (WMS UI API) in 62.2953ms 
2024-01-01 17:27:43.5723|0|INFO|Microsoft.AspNetCore.Routing.EndpointMiddleware|Executed endpoint 'WMS_UI_API.Controllers.WeatherForecastController.Get (WMS UI API)' 
2024-01-01 17:27:43.5723|0|DEBUG|Microsoft.AspNetCore.Server.Kestrel.Connections|Connection id "0HN0AO3DT141F" completed keep alive response. 
2024-01-01 17:27:43.5808|0|INFO|Microsoft.AspNetCore.Hosting.Diagnostics|Request finished HTTP/1.1 GET http://localhost:6084/WeatherForecast - - - 200 - application/json;+charset=utf-8 710.0252ms 
2024-01-01 17:27:43.6000|0|INFO|Microsoft.AspNetCore.Hosting.Diagnostics|Request starting HTTP/1.1 GET http://localhost:6084/favicon.ico - - 
2024-01-01 17:27:43.6000|0|TRACE|Microsoft.AspNetCore.HostFiltering.HostFilteringMiddleware|All hosts are allowed. 
2024-01-01 17:27:43.6000|0|DEBUG|Microsoft.AspNetCore.StaticFiles.StaticFileMiddleware|The request path  does not match the path filter 
2024-01-01 17:27:43.6000|0|DEBUG|Microsoft.AspNetCore.Routing.Matching.DfaMatcher|No candidates found for the request path '/favicon.ico' 
2024-01-01 17:27:43.6000|0|DEBUG|Microsoft.AspNetCore.Routing.EndpointRoutingMiddleware|Request did not match any endpoints 
2024-01-01 17:27:43.6000|0|DEBUG|WMS_UI_API.Middlewares.ExceptionHandler|Log Initilized 
2024-01-01 17:27:43.6000|0|DEBUG|Microsoft.AspNetCore.Authentication.JwtBearer.JwtBearerHandler|AuthenticationScheme: Bearer was not authenticated. 
2024-01-01 17:27:43.6000|0|DEBUG|Microsoft.AspNetCore.Server.Kestrel.Connections|Connection id "0HN0AO3DT141F" completed keep alive response. 
2024-01-01 17:27:43.6000|0|INFO|Microsoft.AspNetCore.Hosting.Diagnostics|Request finished HTTP/1.1 GET http://localhost:6084/favicon.ico - - - 404 0 - 1.3352ms 
2024-01-01 17:27:45.3509|0|INFO|Microsoft.AspNetCore.Hosting.Diagnostics|Request starting HTTP/1.1 GET http://localhost:6084/swagger/index.html - - 
2024-01-01 17:27:45.3509|0|TRACE|Microsoft.AspNetCore.HostFiltering.HostFilteringMiddleware|All hosts are allowed. 
2024-01-01 17:27:45.3915|0|DEBUG|Microsoft.AspNetCore.Watch.BrowserRefresh.BrowserRefreshMiddleware|Response markup is scheduled to include browser refresh script injection. 
2024-01-01 17:27:45.5337|0|INFO|Microsoft.AspNetCore.Hosting.Diagnostics|Request starting HTTP/1.1 GET http://localhost:6084/_framework/aspnetcore-browser-refresh.js - - 
2024-01-01 17:27:45.5337|0|DEBUG|Microsoft.AspNetCore.Watch.BrowserRefresh.BrowserRefreshMiddleware|Response markup was updated to include browser refresh script injection. 
2024-01-01 17:27:45.5337|0|DEBUG|Microsoft.AspNetCore.Server.Kestrel.Connections|Connection id "0HN0AO3DT141F" completed keep alive response. 
2024-01-01 17:27:45.5337|0|INFO|Microsoft.AspNetCore.Hosting.Diagnostics|Request finished HTTP/1.1 GET http://localhost:6084/swagger/index.html - - - 200 - text/html;charset=utf-8 184.2605ms 
2024-01-01 17:27:45.5337|0|DEBUG|Microsoft.AspNetCore.Server.Kestrel.Connections|Connection id "0HN0AO3DT141E" completed keep alive response. 
2024-01-01 17:27:45.5337|0|INFO|Microsoft.AspNetCore.Hosting.Diagnostics|Request finished HTTP/1.1 GET http://localhost:6084/_framework/aspnetcore-browser-refresh.js - - - 200 11990 application/javascript;+charset=utf-8 3.5432ms 
2024-01-01 17:27:45.5337|0|INFO|Microsoft.AspNetCore.Hosting.Diagnostics|Request starting HTTP/1.1 GET http://localhost:6084/_vs/browserLink - - 
2024-01-01 17:27:45.5876|0|DEBUG|Microsoft.AspNetCore.Server.Kestrel.Connections|Connection id "0HN0AO3DT141E" completed keep alive response. 
2024-01-01 17:27:45.5876|0|INFO|Microsoft.AspNetCore.Hosting.Diagnostics|Request finished HTTP/1.1 GET http://localhost:6084/_vs/browserLink - - - 200 - text/javascript;+charset=UTF-8 45.8039ms 
2024-01-01 17:27:45.6160|0|INFO|Microsoft.AspNetCore.Hosting.Diagnostics|Request starting HTTP/1.1 GET http://localhost:6084/swagger/v1/swagger.json - - 
2024-01-01 17:27:45.6160|0|TRACE|Microsoft.AspNetCore.HostFiltering.HostFilteringMiddleware|All hosts are allowed. 
2024-01-01 17:27:45.7301|0|DEBUG|Microsoft.AspNetCore.Server.Kestrel.Connections|Connection id "0HN0AO3DT141E" completed keep alive response. 
2024-01-01 17:27:45.7301|0|INFO|Microsoft.AspNetCore.Hosting.Diagnostics|Request finished HTTP/1.1 GET http://localhost:6084/swagger/v1/swagger.json - - - 200 - application/json;charset=utf-8 114.2090ms 
2024-01-01 17:27:45.8941|0|DEBUG|Microsoft.AspNetCore.Server.Kestrel.Transport.Sockets|Connection id "0HN0AO3DT141F" received FIN. 
2024-01-01 17:27:45.8941|0|DEBUG|Microsoft.AspNetCore.Server.Kestrel.Transport.Sockets|Connection id "0HN0AO3DT141E" received FIN. 
2024-01-01 17:27:45.8941|0|DEBUG|Microsoft.AspNetCore.Server.Kestrel.Transport.Sockets|Connection id "0HN0AO3DT141F" sending FIN because: "The Socket transport's send loop completed gracefully." 
2024-01-01 17:27:45.8941|0|DEBUG|Microsoft.AspNetCore.Server.Kestrel.Connections|Connection id "0HN0AO3DT141F" disconnecting. 
2024-01-01 17:27:45.8941|0|DEBUG|Microsoft.AspNetCore.Server.Kestrel.Transport.Sockets|Connection id "0HN0AO3DT141E" sending FIN because: "The Socket transport's send loop completed gracefully." 
2024-01-01 17:27:45.8941|0|DEBUG|Microsoft.AspNetCore.Server.Kestrel.Connections|Connection id "0HN0AO3DT141E" disconnecting. 
2024-01-01 17:27:45.9112|0|DEBUG|Microsoft.AspNetCore.Server.Kestrel.Connections|Connection id "0HN0AO3DT141E" stopped. 
2024-01-01 17:27:45.9112|0|DEBUG|Microsoft.AspNetCore.Server.Kestrel.Connections|Connection id "0HN0AO3DT141F" stopped. 
2024-01-01 17:28:17.3574|0|DEBUG|Microsoft.AspNetCore.Server.Kestrel.Connections|Connection id "0HN0AO3DT141G" accepted. 
2024-01-01 17:28:17.3574|0|DEBUG|Microsoft.AspNetCore.Server.Kestrel.Connections|Connection id "0HN0AO3DT141G" started. 
2024-01-01 17:28:17.3574|0|INFO|Microsoft.AspNetCore.Hosting.Diagnostics|Request starting HTTP/1.1 POST http://localhost:6084/api/PurchaseOrders/GetPOList?BranchID=1&Series=1274 - 0 
2024-01-01 17:28:17.3574|0|TRACE|Microsoft.AspNetCore.HostFiltering.HostFilteringMiddleware|All hosts are allowed. 
2024-01-01 17:28:17.3574|0|DEBUG|Microsoft.AspNetCore.StaticFiles.StaticFileMiddleware|POST requests are not supported 
2024-01-01 17:28:17.3609|0|DEBUG|Microsoft.AspNetCore.Cors.Infrastructure.CorsService|The request has an origin header: 'http://localhost:6084'. 
2024-01-01 17:28:17.3609|0|INFO|Microsoft.AspNetCore.Cors.Infrastructure.CorsService|CORS policy execution failed. 
2024-01-01 17:28:17.3609|0|INFO|Microsoft.AspNetCore.Cors.Infrastructure.CorsService|Request origin http://localhost:6084 does not have permission to access the resource. 
2024-01-01 17:28:17.3609|0|DEBUG|Microsoft.AspNetCore.Cors.Infrastructure.CorsService|The request has an origin header: 'http://localhost:6084'. 
2024-01-01 17:28:17.3609|0|INFO|Microsoft.AspNetCore.Cors.Infrastructure.CorsService|CORS policy execution successful. 
2024-01-01 17:28:17.3609|0|DEBUG|Microsoft.AspNetCore.Routing.Matching.DfaMatcher|1 candidate(s) found for the request path '/api/PurchaseOrders/GetPOList' 
2024-01-01 17:28:17.3609|0|DEBUG|Microsoft.AspNetCore.Routing.Matching.DfaMatcher|Endpoint 'WMS_UI_API.Controllers.PurchaseOrdersController.GetPOList (WMS UI API)' with route pattern 'api/PurchaseOrders/GetPOList' is valid for the request path '/api/PurchaseOrders/GetPOList' 
2024-01-01 17:28:17.3609|0|DEBUG|Microsoft.AspNetCore.Routing.EndpointRoutingMiddleware|Request matched endpoint 'WMS_UI_API.Controllers.PurchaseOrdersController.GetPOList (WMS UI API)' 
2024-01-01 17:28:17.3609|0|DEBUG|WMS_UI_API.Middlewares.ExceptionHandler|Log Initilized 
2024-01-01 17:28:17.3609|0|DEBUG|Microsoft.AspNetCore.Authentication.JwtBearer.JwtBearerHandler|AuthenticationScheme: Bearer was not authenticated. 
2024-01-01 17:28:17.3609|0|INFO|Microsoft.AspNetCore.Routing.EndpointMiddleware|Executing endpoint 'WMS_UI_API.Controllers.PurchaseOrdersController.GetPOList (WMS UI API)' 
2024-01-01 17:28:17.3816|0|INFO|Microsoft.AspNetCore.Mvc.Infrastructure.ControllerActionInvoker|Route matched with {action = "GetPOList", controller = "PurchaseOrders"}. Executing controller action with signature System.Threading.Tasks.Task`1[Microsoft.AspNetCore.Mvc.ActionResult`1[System.Collections.Generic.IEnumerable`1[WMS_UI_API.Models.MultiplePOList]]] GetPOList(Int32, Int32) on controller WMS_UI_API.Controllers.PurchaseOrdersController (WMS UI API). 
2024-01-01 17:28:17.3816|0|DEBUG|Microsoft.AspNetCore.Mvc.Infrastructure.ControllerActionInvoker|Execution plan of authorization filters (in the following order): None 
2024-01-01 17:28:17.3816|0|DEBUG|Microsoft.AspNetCore.Mvc.Infrastructure.ControllerActionInvoker|Execution plan of resource filters (in the following order): None 
2024-01-01 17:28:17.3816|0|DEBUG|Microsoft.AspNetCore.Mvc.Infrastructure.ControllerActionInvoker|Execution plan of action filters (in the following order): Microsoft.AspNetCore.Mvc.ModelBinding.UnsupportedContentTypeFilter (Order: -3000), Microsoft.AspNetCore.Mvc.Infrastructure.ModelStateInvalidFilter (Order: -2000) 
2024-01-01 17:28:17.3816|0|DEBUG|Microsoft.AspNetCore.Mvc.Infrastructure.ControllerActionInvoker|Execution plan of exception filters (in the following order): None 
2024-01-01 17:28:17.3816|0|DEBUG|Microsoft.AspNetCore.Mvc.Infrastructure.ControllerActionInvoker|Execution plan of result filters (in the following order): Microsoft.AspNetCore.Mvc.Infrastructure.ClientErrorResultFilter (Order: -2000) 
2024-01-01 17:28:17.3816|0|DEBUG|Microsoft.AspNetCore.Mvc.Infrastructure.ControllerActionInvoker|Executing controller factory for controller WMS_UI_API.Controllers.PurchaseOrdersController (WMS UI API) 
2024-01-01 17:28:17.3816|0|DEBUG|Microsoft.AspNetCore.Mvc.Infrastructure.ControllerActionInvoker|Executed controller factory for controller WMS_UI_API.Controllers.PurchaseOrdersController (WMS UI API) 
2024-01-01 17:28:17.3816|0|DEBUG|Microsoft.AspNetCore.Mvc.ModelBinding.ParameterBinder|Attempting to bind parameter 'BranchID' of type 'System.Int32' ... 
2024-01-01 17:28:17.3816|0|DEBUG|Microsoft.AspNetCore.Mvc.ModelBinding.Binders.SimpleTypeModelBinder|Attempting to bind parameter 'BranchID' of type 'System.Int32' using the name 'BranchID' in request data ... 
2024-01-01 17:28:17.3816|0|DEBUG|Microsoft.AspNetCore.Mvc.ModelBinding.Binders.SimpleTypeModelBinder|Done attempting to bind parameter 'BranchID' of type 'System.Int32'. 
2024-01-01 17:28:17.3816|0|DEBUG|Microsoft.AspNetCore.Mvc.ModelBinding.ParameterBinder|Done attempting to bind parameter 'BranchID' of type 'System.Int32'. 
2024-01-01 17:28:17.3816|0|DEBUG|Microsoft.AspNetCore.Mvc.ModelBinding.ParameterBinder|Attempting to validate the bound parameter 'BranchID' of type 'System.Int32' ... 
2024-01-01 17:28:17.3905|0|DEBUG|Microsoft.AspNetCore.Mvc.ModelBinding.ParameterBinder|Done attempting to validate the bound parameter 'BranchID' of type 'System.Int32'. 
2024-01-01 17:28:17.3905|0|DEBUG|Microsoft.AspNetCore.Mvc.ModelBinding.ParameterBinder|Attempting to bind parameter 'Series' of type 'System.Int32' ... 
2024-01-01 17:28:17.3905|0|DEBUG|Microsoft.AspNetCore.Mvc.ModelBinding.Binders.SimpleTypeModelBinder|Attempting to bind parameter 'Series' of type 'System.Int32' using the name 'Series' in request data ... 
2024-01-01 17:28:17.3905|0|DEBUG|Microsoft.AspNetCore.Mvc.ModelBinding.Binders.SimpleTypeModelBinder|Done attempting to bind parameter 'Series' of type 'System.Int32'. 
2024-01-01 17:28:17.3905|0|DEBUG|Microsoft.AspNetCore.Mvc.ModelBinding.ParameterBinder|Done attempting to bind parameter 'Series' of type 'System.Int32'. 
2024-01-01 17:28:17.3905|0|DEBUG|Microsoft.AspNetCore.Mvc.ModelBinding.ParameterBinder|Attempting to validate the bound parameter 'Series' of type 'System.Int32' ... 
2024-01-01 17:28:17.3905|0|DEBUG|Microsoft.AspNetCore.Mvc.ModelBinding.ParameterBinder|Done attempting to validate the bound parameter 'Series' of type 'System.Int32'. 
2024-01-01 17:28:17.3905|0|TRACE|Microsoft.AspNetCore.Mvc.Infrastructure.ControllerActionInvoker|Action Filter: Before executing OnActionExecuting on filter Microsoft.AspNetCore.Mvc.ModelBinding.UnsupportedContentTypeFilter. 
2024-01-01 17:28:17.3905|0|TRACE|Microsoft.AspNetCore.Mvc.Infrastructure.ControllerActionInvoker|Action Filter: After executing OnActionExecuting on filter Microsoft.AspNetCore.Mvc.ModelBinding.UnsupportedContentTypeFilter. 
2024-01-01 17:28:17.3905|0|TRACE|Microsoft.AspNetCore.Mvc.Infrastructure.ControllerActionInvoker|Action Filter: Before executing OnActionExecuting on filter Microsoft.AspNetCore.Mvc.Infrastructure.ModelStateInvalidFilter. 
2024-01-01 17:28:17.3905|0|TRACE|Microsoft.AspNetCore.Mvc.Infrastructure.ControllerActionInvoker|Action Filter: After executing OnActionExecuting on filter Microsoft.AspNetCore.Mvc.Infrastructure.ModelStateInvalidFilter. 
2024-01-01 17:28:17.3905|0|INFO|Microsoft.AspNetCore.Mvc.Infrastructure.ControllerActionInvoker|Executing action method WMS_UI_API.Controllers.PurchaseOrdersController.GetPOList (WMS UI API) - Validation state: Valid 
2024-01-01 17:28:17.3905|0|TRACE|Microsoft.AspNetCore.Mvc.Infrastructure.ControllerActionInvoker|Executing action method WMS_UI_API.Controllers.PurchaseOrdersController.GetPOList (WMS UI API) with arguments (1, 1274) 
2024-01-01 17:28:17.4830|0|INFO|WMS_UI_API.Controllers.PurchaseOrdersController| Calling PurchaseOrdersController : GetPOList()  
2024-01-01 17:28:17.5106|0|INFO|WMS_UI_API.Controllers.PurchaseOrdersController| PurchaseOrdersController : GetPOList() Query :  
                WITH PO_RecQty AS (
                    SELECT A.DocEntry, A.DocNum,  SUM(B.Quantity) AS POQty 
                    FROM KCMPL_LIVE0512.dbo.OPOR A
                    INNER JOIN KCMPL_LIVE0512.dbo.POR1 B ON A.DocEntry = B.DocEntry
                    WHERE Series = @series AND CANCELED = 'N' AND DocStatus = 'O' AND DocType = 'I' and B.LineStatus = 'O' and ISNULL(A.BPLId,@bId) = @bId
                    GROUP BY A.DocEntry, A.DocNum
                ),
                Rec_RecQty AS (
                    SELECT DocEntry, SUM(RecQty) AS RecQty
                    FROM QIT_GateIN 
                    WHERE Series = @series AND ObjType = '22' and ISNULL(BranchID,@bId) = @bId
                    GROUP BY DocEntry
                ) 
                SELECT A.DocEntry, A.DocNum, A.DocDate, B.CardCode, B.CardName,
                       case when (select count(1) FROM KCMPL_LIVE0512.dbo.POR3 WHERE DocEntry = A.DocEntry) > 0 then 'Y' else 'N' end FreightApplied
                FROM 
                (
                    SELECT PO.DocEntry, PO.DocNum, PO.POQty, ISNULL(Rec.RecQty, 0) AS RecQty
                    FROM PO_RecQty PO
                    LEFT JOIN Rec_RecQty Rec ON PO.DocEntry = Rec.DocEntry
                    WHERE PO.POQty <> ISNULL(Rec.RecQty, 0)
                ) as A inner join KCMPL_LIVE0512.dbo.OPOR B ON A.DocEntry = B.DocEntry    
                  
2024-01-01 17:28:17.8247|0|ERROR|WMS_UI_API.Controllers.PurchaseOrdersController| Error in PurchaseOrdersController : GetPOList() :: System.Data.SqlClient.SqlException (0x80131904): Invalid column name 'DocDate'.
   at System.Data.SqlClient.SqlConnection.OnError(SqlException exception, Boolean breakConnection, Action`1 wrapCloseInAction)
   at System.Data.SqlClient.TdsParser.ThrowExceptionAndWarning(TdsParserStateObject stateObj, Boolean callerHasConnectionLock, Boolean asyncClose)
   at System.Data.SqlClient.TdsParser.TryRun(RunBehavior runBehavior, SqlCommand cmdHandler, SqlDataReader dataStream, BulkCopySimpleResultSet bulkCopyHandler, TdsParserStateObject stateObj, Boolean& dataReady)
   at System.Data.SqlClient.SqlDataReader.TryConsumeMetaData()
   at System.Data.SqlClient.SqlDataReader.get_MetaData()
   at System.Data.SqlClient.SqlCommand.FinishExecuteReader(SqlDataReader ds, RunBehavior runBehavior, String resetOptionsString)
   at System.Data.SqlClient.SqlCommand.RunExecuteReaderTds(CommandBehavior cmdBehavior, RunBehavior runBehavior, Boolean returnStream, Boolean async, Int32 timeout, Task& task, Boolean asyncWrite, SqlDataReader ds)
   at System.Data.SqlClient.SqlCommand.ExecuteReader(CommandBehavior behavior)
   at System.Data.Common.DbCommand.System.Data.IDbCommand.ExecuteReader(CommandBehavior behavior)
   at System.Data.Common.DbDataAdapter.FillInternal(DataSet dataset, DataTable[] datatables, Int32 startRecord, Int32 maxRecords, String srcTable, IDbCommand command, CommandBehavior behavior)
   at System.Data.Common.DbDataAdapter.Fill(DataTable[] dataTables, Int32 startRecord, Int32 maxRecords, IDbCommand command, CommandBehavior behavior)
   at System.Data.Common.DbDataAdapter.Fill(DataTable dataTable)
   at WMS_UI_API.Controllers.PurchaseOrdersController.GetPOList(Int32 BranchID, Int32 Series) in C:\WMS UI API - Kuster - Check multiple PO\WMS UI API\Controllers\PurchaseOrdersController.cs:line 818
ClientConnectionId:ccec56f7-91b9-4c8a-8aec-cb219a444f0f
Error Number:207,State:1,Class:16 
2024-01-01 17:28:17.8247|0|INFO|Microsoft.AspNetCore.Mvc.Infrastructure.ControllerActionInvoker|Executed action method WMS_UI_API.Controllers.PurchaseOrdersController.GetPOList (WMS UI API), returned result Microsoft.AspNetCore.Mvc.BadRequestObjectResult in 432.6035ms. 
2024-01-01 17:28:17.8247|0|TRACE|Microsoft.AspNetCore.Mvc.Infrastructure.ControllerActionInvoker|Action Filter: Before executing OnActionExecuted on filter Microsoft.AspNetCore.Mvc.Infrastructure.ModelStateInvalidFilter. 
2024-01-01 17:28:17.8247|0|TRACE|Microsoft.AspNetCore.Mvc.Infrastructure.ControllerActionInvoker|Action Filter: After executing OnActionExecuted on filter Microsoft.AspNetCore.Mvc.Infrastructure.ModelStateInvalidFilter. 
2024-01-01 17:28:17.8247|0|TRACE|Microsoft.AspNetCore.Mvc.Infrastructure.ControllerActionInvoker|Action Filter: Before executing OnActionExecuted on filter Microsoft.AspNetCore.Mvc.ModelBinding.UnsupportedContentTypeFilter. 
2024-01-01 17:28:17.8247|0|TRACE|Microsoft.AspNetCore.Mvc.Infrastructure.ControllerActionInvoker|Action Filter: After executing OnActionExecuted on filter Microsoft.AspNetCore.Mvc.ModelBinding.UnsupportedContentTypeFilter. 
2024-01-01 17:28:17.8247|0|TRACE|Microsoft.AspNetCore.Mvc.Infrastructure.ControllerActionInvoker|Result Filter: Before executing OnResultExecuting on filter Microsoft.AspNetCore.Mvc.Infrastructure.ClientErrorResultFilter. 
2024-01-01 17:28:17.8247|0|TRACE|Microsoft.AspNetCore.Mvc.Infrastructure.ControllerActionInvoker|Result Filter: After executing OnResultExecuting on filter Microsoft.AspNetCore.Mvc.Infrastructure.ClientErrorResultFilter. 
2024-01-01 17:28:17.8247|0|TRACE|Microsoft.AspNetCore.Mvc.Infrastructure.ControllerActionInvoker|Before executing action result Microsoft.AspNetCore.Mvc.BadRequestObjectResult. 
2024-01-01 17:28:17.8247|0|DEBUG|Microsoft.AspNetCore.Mvc.Infrastructure.DefaultOutputFormatterSelector|List of registered output formatters, in the following order: Microsoft.AspNetCore.Mvc.Formatters.HttpNoContentOutputFormatter, Microsoft.AspNetCore.Mvc.Formatters.StringOutputFormatter, Microsoft.AspNetCore.Mvc.Formatters.StreamOutputFormatter, Microsoft.AspNetCore.Mvc.Formatters.SystemTextJsonOutputFormatter 
2024-01-01 17:28:17.8279|0|DEBUG|Microsoft.AspNetCore.Mvc.Infrastructure.DefaultOutputFormatterSelector|Attempting to select an output formatter based on Accept header 'text/plain'. 
2024-01-01 17:28:17.8279|0|DEBUG|Microsoft.AspNetCore.Mvc.Infrastructure.DefaultOutputFormatterSelector|Could not find an output formatter based on content negotiation. Accepted types were (text/plain) 
2024-01-01 17:28:17.8279|0|DEBUG|Microsoft.AspNetCore.Mvc.Infrastructure.DefaultOutputFormatterSelector|Attempting to select an output formatter without using a content type as no explicit content types were specified for the response. 
2024-01-01 17:28:17.8279|0|DEBUG|Microsoft.AspNetCore.Mvc.Infrastructure.DefaultOutputFormatterSelector|Attempting to select the first formatter in the output formatters list which can write the result. 
2024-01-01 17:28:17.8279|0|DEBUG|Microsoft.AspNetCore.Mvc.Infrastructure.DefaultOutputFormatterSelector|Selected output formatter 'Microsoft.AspNetCore.Mvc.Formatters.SystemTextJsonOutputFormatter' and content type 'application/json' to write the response. 
2024-01-01 17:28:17.8279|0|INFO|Microsoft.AspNetCore.Mvc.Infrastructure.ObjectResultExecutor|Executing BadRequestObjectResult, writing value of type '<>f__AnonymousType1`2[[System.String, System.Private.CoreLib, Version=6.0.0.0, Culture=neutral, PublicKeyToken=7cec85d7bea7798e],[System.String, System.Private.CoreLib, Version=6.0.0.0, Culture=neutral, PublicKeyToken=7cec85d7bea7798e]]'. 
2024-01-01 17:28:17.8279|0|TRACE|Microsoft.AspNetCore.Mvc.Infrastructure.ControllerActionInvoker|After executing action result Microsoft.AspNetCore.Mvc.BadRequestObjectResult. 
2024-01-01 17:28:17.8279|0|TRACE|Microsoft.AspNetCore.Mvc.Infrastructure.ControllerActionInvoker|Result Filter: Before executing OnResultExecuted on filter Microsoft.AspNetCore.Mvc.Infrastructure.ClientErrorResultFilter. 
2024-01-01 17:28:17.8279|0|TRACE|Microsoft.AspNetCore.Mvc.Infrastructure.ControllerActionInvoker|Result Filter: After executing OnResultExecuted on filter Microsoft.AspNetCore.Mvc.Infrastructure.ClientErrorResultFilter. 
2024-01-01 17:28:17.8279|0|INFO|Microsoft.AspNetCore.Mvc.Infrastructure.ControllerActionInvoker|Executed action WMS_UI_API.Controllers.PurchaseOrdersController.GetPOList (WMS UI API) in 450.3666ms 
2024-01-01 17:28:17.8279|0|INFO|Microsoft.AspNetCore.Routing.EndpointMiddleware|Executed endpoint 'WMS_UI_API.Controllers.PurchaseOrdersController.GetPOList (WMS UI API)' 
2024-01-01 17:28:17.8279|0|DEBUG|Microsoft.AspNetCore.Server.Kestrel.Connections|Connection id "0HN0AO3DT141G" completed keep alive response. 
2024-01-01 17:28:17.8279|0|INFO|Microsoft.AspNetCore.Hosting.Diagnostics|Request finished HTTP/1.1 POST http://localhost:6084/api/PurchaseOrders/GetPOList?BranchID=1&Series=1274 - 0 - 400 - application/json;+charset=utf-8 473.8305ms 
2024-01-01 17:28:46.8438|0|DEBUG|WMS_UI_API.Program|NLogeer initilized in 'Main' 
2024-01-01 17:28:47.6276|0|DEBUG|Microsoft.Extensions.Hosting.Internal.Host|Hosting starting 
2024-01-01 17:28:47.6650|0|INFO|Microsoft.AspNetCore.DataProtection.KeyManagement.XmlKeyManager|User profile is available. Using 'C:\Users\Administrator\AppData\Local\ASP.NET\DataProtection-Keys' as key repository and Windows DPAPI to encrypt keys at rest. 
2024-01-01 17:28:47.6790|0|DEBUG|Microsoft.AspNetCore.DataProtection.Repositories.FileSystemXmlRepository|Reading data from file 'C:\Users\Administrator\AppData\Local\ASP.NET\DataProtection-Keys\key-8d5202c6-241b-48a1-bf3b-b9600653df67.xml'. 
2024-01-01 17:28:47.6790|0|DEBUG|Microsoft.AspNetCore.DataProtection.KeyManagement.XmlKeyManager|Found key {8d5202c6-241b-48a1-bf3b-b9600653df67}. 
2024-01-01 17:28:47.6906|0|DEBUG|Microsoft.AspNetCore.DataProtection.KeyManagement.DefaultKeyResolver|Considering key {8d5202c6-241b-48a1-bf3b-b9600653df67} with expiration date 2024-01-27 11:46:44Z as default key. 
2024-01-01 17:28:47.6906|0|DEBUG|Microsoft.AspNetCore.DataProtection.TypeForwardingActivator|Forwarded activator type request from Microsoft.AspNetCore.DataProtection.XmlEncryption.DpapiXmlDecryptor, Microsoft.AspNetCore.DataProtection, Version=6.0.0.0, Culture=neutral, PublicKeyToken=adb9793829ddae60 to Microsoft.AspNetCore.DataProtection.XmlEncryption.DpapiXmlDecryptor, Microsoft.AspNetCore.DataProtection, Culture=neutral, PublicKeyToken=adb9793829ddae60 
2024-01-01 17:28:47.6906|0|DEBUG|Microsoft.AspNetCore.DataProtection.XmlEncryption.DpapiXmlDecryptor|Decrypting secret element using Windows DPAPI. 
2024-01-01 17:28:47.6906|0|DEBUG|Microsoft.AspNetCore.DataProtection.TypeForwardingActivator|Forwarded activator type request from Microsoft.AspNetCore.DataProtection.AuthenticatedEncryption.ConfigurationModel.AuthenticatedEncryptorDescriptorDeserializer, Microsoft.AspNetCore.DataProtection, Version=6.0.0.0, Culture=neutral, PublicKeyToken=adb9793829ddae60 to Microsoft.AspNetCore.DataProtection.AuthenticatedEncryption.ConfigurationModel.AuthenticatedEncryptorDescriptorDeserializer, Microsoft.AspNetCore.DataProtection, Culture=neutral, PublicKeyToken=adb9793829ddae60 
2024-01-01 17:28:47.6906|0|DEBUG|Microsoft.AspNetCore.DataProtection.AuthenticatedEncryption.CngCbcAuthenticatedEncryptorFactory|Opening CNG algorithm 'AES' from provider '(null)' with chaining mode CBC. 
2024-01-01 17:28:47.6906|0|DEBUG|Microsoft.AspNetCore.DataProtection.AuthenticatedEncryption.CngCbcAuthenticatedEncryptorFactory|Opening CNG algorithm 'SHA256' from provider '(null)' with HMAC. 
2024-01-01 17:28:47.7045|0|DEBUG|Microsoft.AspNetCore.DataProtection.KeyManagement.KeyRingProvider|Using key {8d5202c6-241b-48a1-bf3b-b9600653df67} as the default key. 
2024-01-01 17:28:47.7045|0|DEBUG|Microsoft.AspNetCore.DataProtection.Internal.DataProtectionHostedService|Key ring with default key {8d5202c6-241b-48a1-bf3b-b9600653df67} was loaded during application startup. 
2024-01-01 17:28:47.7786|0|DEBUG|Microsoft.AspNetCore.Mvc.ModelBinding.ModelBinderFactory|Registered model binder providers, in the following order: Microsoft.AspNetCore.Mvc.ModelBinding.Binders.BinderTypeModelBinderProvider, Microsoft.AspNetCore.Mvc.ModelBinding.Binders.ServicesModelBinderProvider, Microsoft.AspNetCore.Mvc.ModelBinding.Binders.BodyModelBinderProvider, Microsoft.AspNetCore.Mvc.ModelBinding.Binders.HeaderModelBinderProvider, Microsoft.AspNetCore.Mvc.ModelBinding.Binders.FloatingPointTypeModelBinderProvider, Microsoft.AspNetCore.Mvc.ModelBinding.Binders.EnumTypeModelBinderProvider, Microsoft.AspNetCore.Mvc.ModelBinding.Binders.DateTimeModelBinderProvider, Microsoft.AspNetCore.Mvc.ModelBinding.Binders.SimpleTypeModelBinderProvider, Microsoft.AspNetCore.Mvc.ModelBinding.Binders.CancellationTokenModelBinderProvider, Microsoft.AspNetCore.Mvc.ModelBinding.Binders.ByteArrayModelBinderProvider, Microsoft.AspNetCore.Mvc.ModelBinding.Binders.FormFileModelBinderProvider, Microsoft.AspNetCore.Mvc.ModelBinding.Binders.FormCollectionModelBinderProvider, Microsoft.AspNetCore.Mvc.ModelBinding.Binders.KeyValuePairModelBinderProvider, Microsoft.AspNetCore.Mvc.ModelBinding.Binders.DictionaryModelBinderProvider, Microsoft.AspNetCore.Mvc.ModelBinding.Binders.ArrayModelBinderProvider, Microsoft.AspNetCore.Mvc.ModelBinding.Binders.CollectionModelBinderProvider, Microsoft.AspNetCore.Mvc.ModelBinding.Binders.ComplexObjectModelBinderProvider 
2024-01-01 17:28:47.8393|0|DEBUG|Microsoft.AspNetCore.SignalR.Internal.DefaultHubProtocolResolver|Registered SignalR Protocol: json, implemented by Microsoft.AspNetCore.SignalR.Protocol.JsonHubProtocol. 
2024-01-01 17:28:47.8593|0|TRACE|Microsoft.AspNetCore.SignalR.Internal.DefaultHubDispatcher|'NotificationHub' hub method 'NewEntryAdded' is bound. 
2024-01-01 17:28:47.9054|0|INFO|Microsoft.Hosting.Lifetime|Now listening on: http://localhost:6084 
2024-01-01 17:28:47.9327|0|DEBUG|Microsoft.AspNetCore.Hosting.Diagnostics|Loaded hosting startup assembly WMS UI API 
2024-01-01 17:28:47.9327|0|DEBUG|Microsoft.AspNetCore.Hosting.Diagnostics|Loaded hosting startup assembly Microsoft.AspNetCore.Watch.BrowserRefresh 
2024-01-01 17:28:47.9327|0|DEBUG|Microsoft.AspNetCore.Hosting.Diagnostics|Loaded hosting startup assembly Microsoft.WebTools.BrowserLink.Net 
2024-01-01 17:28:47.9327|0|TRACE|Microsoft.AspNetCore.Http.Connections.Internal.HttpConnectionManager|Starting connection heartbeat. 
2024-01-01 17:28:47.9327|0|INFO|Microsoft.Hosting.Lifetime|Application started. Press Ctrl+C to shut down. 
2024-01-01 17:28:47.9380|0|INFO|Microsoft.Hosting.Lifetime|Hosting environment: Development 
2024-01-01 17:28:47.9380|0|INFO|Microsoft.Hosting.Lifetime|Content root path: C:\WMS UI API - Kuster - Check multiple PO\WMS UI API 
2024-01-01 17:28:47.9380|0|DEBUG|Microsoft.Extensions.Hosting.Internal.Host|Hosting started 
2024-01-01 17:28:48.1118|0|DEBUG|Microsoft.AspNetCore.Server.Kestrel.Transport.Sockets|Connection id "0HN0AO41LOIE0" received FIN. 
2024-01-01 17:28:48.1118|0|DEBUG|Microsoft.AspNetCore.Server.Kestrel.Transport.Sockets|Connection id "0HN0AO41LOIDV" received FIN. 
2024-01-01 17:28:48.1118|0|DEBUG|Microsoft.AspNetCore.Server.Kestrel.Connections|Connection id "0HN0AO41LOIE0" accepted. 
2024-01-01 17:28:48.1118|0|DEBUG|Microsoft.AspNetCore.Server.Kestrel.Connections|Connection id "0HN0AO41LOIDV" accepted. 
2024-01-01 17:28:48.1118|0|DEBUG|Microsoft.AspNetCore.Server.Kestrel.Connections|Connection id "0HN0AO41LOIE0" started. 
2024-01-01 17:28:48.1118|0|DEBUG|Microsoft.AspNetCore.Server.Kestrel.Connections|Connection id "0HN0AO41LOIDV" started. 
2024-01-01 17:28:48.1287|0|DEBUG|Microsoft.AspNetCore.Server.Kestrel.Transport.Sockets|Connection id "0HN0AO41LOIE0" sending FIN because: "The Socket transport's send loop completed gracefully." 
2024-01-01 17:28:48.1287|0|DEBUG|Microsoft.AspNetCore.Server.Kestrel.Transport.Sockets|Connection id "0HN0AO41LOIDV" sending FIN because: "The Socket transport's send loop completed gracefully." 
2024-01-01 17:28:48.1287|0|DEBUG|Microsoft.AspNetCore.Server.Kestrel.Connections|Connection id "0HN0AO41LOIE0" disconnecting. 
2024-01-01 17:28:48.1287|0|DEBUG|Microsoft.AspNetCore.Server.Kestrel.Connections|Connection id "0HN0AO41LOIDV" disconnecting. 
2024-01-01 17:28:48.1287|0|DEBUG|Microsoft.AspNetCore.Server.Kestrel.Connections|Connection id "0HN0AO41LOIDV" stopped. 
2024-01-01 17:28:48.1287|0|DEBUG|Microsoft.AspNetCore.Server.Kestrel.Connections|Connection id "0HN0AO41LOIE0" stopped. 
2024-01-01 17:28:48.4186|0|DEBUG|Microsoft.AspNetCore.Server.Kestrel.Connections|Connection id "0HN0AO41LOIE1" accepted. 
2024-01-01 17:28:48.4186|0|DEBUG|Microsoft.AspNetCore.Server.Kestrel.Connections|Connection id "0HN0AO41LOIE1" started. 
2024-01-01 17:28:48.4231|0|DEBUG|Microsoft.AspNetCore.Server.Kestrel.Connections|Connection id "0HN0AO41LOIE2" accepted. 
2024-01-01 17:28:48.4231|0|DEBUG|Microsoft.AspNetCore.Server.Kestrel.Connections|Connection id "0HN0AO41LOIE2" started. 
2024-01-01 17:28:48.4933|0|INFO|Microsoft.AspNetCore.Hosting.Diagnostics|Request starting HTTP/1.1 GET http://localhost:6084/WeatherForecast - - 
2024-01-01 17:28:48.5354|0|DEBUG|Microsoft.AspNetCore.HostFiltering.HostFilteringMiddleware|Wildcard detected, all requests with hosts will be allowed. 
2024-01-01 17:28:48.5354|0|TRACE|Microsoft.AspNetCore.HostFiltering.HostFilteringMiddleware|All hosts are allowed. 
2024-01-01 17:28:48.5698|0|DEBUG|Microsoft.AspNetCore.StaticFiles.StaticFileMiddleware|The request path  does not match the path filter 
2024-01-01 17:28:48.5698|0|WARN|Microsoft.AspNetCore.HttpsPolicy.HttpsRedirectionMiddleware|Failed to determine the https port for redirect. 
2024-01-01 17:28:48.6100|0|DEBUG|Microsoft.AspNetCore.Routing.Matching.DfaMatcher|1 candidate(s) found for the request path '/WeatherForecast' 
2024-01-01 17:28:48.6100|0|DEBUG|Microsoft.AspNetCore.Routing.Matching.DfaMatcher|Endpoint 'WMS_UI_API.Controllers.WeatherForecastController.Get (WMS UI API)' with route pattern 'WeatherForecast' is valid for the request path '/WeatherForecast' 
2024-01-01 17:28:48.6100|0|DEBUG|Microsoft.AspNetCore.Routing.EndpointRoutingMiddleware|Request matched endpoint 'WMS_UI_API.Controllers.WeatherForecastController.Get (WMS UI API)' 
2024-01-01 17:28:48.6100|0|DEBUG|WMS_UI_API.Middlewares.ExceptionHandler|Log Initilized 
2024-01-01 17:28:48.6783|0|DEBUG|Microsoft.AspNetCore.Authentication.JwtBearer.JwtBearerHandler|AuthenticationScheme: Bearer was not authenticated. 
2024-01-01 17:28:48.6783|0|INFO|Microsoft.AspNetCore.Routing.EndpointMiddleware|Executing endpoint 'WMS_UI_API.Controllers.WeatherForecastController.Get (WMS UI API)' 
2024-01-01 17:28:48.6908|0|INFO|Microsoft.AspNetCore.Mvc.Infrastructure.ControllerActionInvoker|Route matched with {action = "Get", controller = "WeatherForecast"}. Executing controller action with signature System.Collections.Generic.IEnumerable`1[WMS_UI_API.WeatherForecast] Get() on controller WMS_UI_API.Controllers.WeatherForecastController (WMS UI API). 
2024-01-01 17:28:48.6908|0|DEBUG|Microsoft.AspNetCore.Mvc.Infrastructure.ControllerActionInvoker|Execution plan of authorization filters (in the following order): None 
2024-01-01 17:28:48.6908|0|DEBUG|Microsoft.AspNetCore.Mvc.Infrastructure.ControllerActionInvoker|Execution plan of resource filters (in the following order): None 
2024-01-01 17:28:48.6908|0|DEBUG|Microsoft.AspNetCore.Mvc.Infrastructure.ControllerActionInvoker|Execution plan of action filters (in the following order): Microsoft.AspNetCore.Mvc.ModelBinding.UnsupportedContentTypeFilter (Order: -3000), Microsoft.AspNetCore.Mvc.Infrastructure.ModelStateInvalidFilter (Order: -2000) 
2024-01-01 17:28:48.6908|0|DEBUG|Microsoft.AspNetCore.Mvc.Infrastructure.ControllerActionInvoker|Execution plan of exception filters (in the following order): None 
2024-01-01 17:28:48.6908|0|DEBUG|Microsoft.AspNetCore.Mvc.Infrastructure.ControllerActionInvoker|Execution plan of result filters (in the following order): Microsoft.AspNetCore.Mvc.Infrastructure.ClientErrorResultFilter (Order: -2000) 
2024-01-01 17:28:48.6908|0|DEBUG|Microsoft.AspNetCore.Mvc.Infrastructure.ControllerActionInvoker|Executing controller factory for controller WMS_UI_API.Controllers.WeatherForecastController (WMS UI API) 
2024-01-01 17:28:48.6908|0|DEBUG|Microsoft.AspNetCore.Mvc.Infrastructure.ControllerActionInvoker|Executed controller factory for controller WMS_UI_API.Controllers.WeatherForecastController (WMS UI API) 
2024-01-01 17:28:48.6908|0|TRACE|Microsoft.AspNetCore.Mvc.Infrastructure.ControllerActionInvoker|Action Filter: Before executing OnActionExecuting on filter Microsoft.AspNetCore.Mvc.ModelBinding.UnsupportedContentTypeFilter. 
2024-01-01 17:28:48.6908|0|TRACE|Microsoft.AspNetCore.Mvc.Infrastructure.ControllerActionInvoker|Action Filter: After executing OnActionExecuting on filter Microsoft.AspNetCore.Mvc.ModelBinding.UnsupportedContentTypeFilter. 
2024-01-01 17:28:48.6908|0|TRACE|Microsoft.AspNetCore.Mvc.Infrastructure.ControllerActionInvoker|Action Filter: Before executing OnActionExecuting on filter Microsoft.AspNetCore.Mvc.Infrastructure.ModelStateInvalidFilter. 
2024-01-01 17:28:48.6908|0|TRACE|Microsoft.AspNetCore.Mvc.Infrastructure.ControllerActionInvoker|Action Filter: After executing OnActionExecuting on filter Microsoft.AspNetCore.Mvc.Infrastructure.ModelStateInvalidFilter. 
2024-01-01 17:28:48.6908|0|INFO|Microsoft.AspNetCore.Mvc.Infrastructure.ControllerActionInvoker|Executing action method WMS_UI_API.Controllers.WeatherForecastController.Get (WMS UI API) - Validation state: Valid 
2024-01-01 17:28:48.6908|0|INFO|WMS_UI_API.Controllers.WeatherForecastController|Connection intiation at 11:58:48 
2024-01-01 17:28:48.7039|0|INFO|Microsoft.AspNetCore.Mvc.Infrastructure.ControllerActionInvoker|Executed action method WMS_UI_API.Controllers.WeatherForecastController.Get (WMS UI API), returned result Microsoft.AspNetCore.Mvc.ObjectResult in 4.1253ms. 
2024-01-01 17:28:48.7039|0|TRACE|Microsoft.AspNetCore.Mvc.Infrastructure.ControllerActionInvoker|Action Filter: Before executing OnActionExecuted on filter Microsoft.AspNetCore.Mvc.Infrastructure.ModelStateInvalidFilter. 
2024-01-01 17:28:48.7039|0|TRACE|Microsoft.AspNetCore.Mvc.Infrastructure.ControllerActionInvoker|Action Filter: After executing OnActionExecuted on filter Microsoft.AspNetCore.Mvc.Infrastructure.ModelStateInvalidFilter. 
2024-01-01 17:28:48.7039|0|TRACE|Microsoft.AspNetCore.Mvc.Infrastructure.ControllerActionInvoker|Action Filter: Before executing OnActionExecuted on filter Microsoft.AspNetCore.Mvc.ModelBinding.UnsupportedContentTypeFilter. 
2024-01-01 17:28:48.7039|0|TRACE|Microsoft.AspNetCore.Mvc.Infrastructure.ControllerActionInvoker|Action Filter: After executing OnActionExecuted on filter Microsoft.AspNetCore.Mvc.ModelBinding.UnsupportedContentTypeFilter. 
2024-01-01 17:28:48.7039|0|TRACE|Microsoft.AspNetCore.Mvc.Infrastructure.ControllerActionInvoker|Result Filter: Before executing OnResultExecuting on filter Microsoft.AspNetCore.Mvc.Infrastructure.ClientErrorResultFilter. 
2024-01-01 17:28:48.7039|0|TRACE|Microsoft.AspNetCore.Mvc.Infrastructure.ControllerActionInvoker|Result Filter: After executing OnResultExecuting on filter Microsoft.AspNetCore.Mvc.Infrastructure.ClientErrorResultFilter. 
2024-01-01 17:28:48.7039|0|TRACE|Microsoft.AspNetCore.Mvc.Infrastructure.ControllerActionInvoker|Before executing action result Microsoft.AspNetCore.Mvc.ObjectResult. 
2024-01-01 17:28:48.7039|0|DEBUG|Microsoft.AspNetCore.Mvc.Infrastructure.DefaultOutputFormatterSelector|List of registered output formatters, in the following order: Microsoft.AspNetCore.Mvc.Formatters.HttpNoContentOutputFormatter, Microsoft.AspNetCore.Mvc.Formatters.StringOutputFormatter, Microsoft.AspNetCore.Mvc.Formatters.StreamOutputFormatter, Microsoft.AspNetCore.Mvc.Formatters.SystemTextJsonOutputFormatter 
2024-01-01 17:28:48.7039|0|DEBUG|Microsoft.AspNetCore.Mvc.Infrastructure.DefaultOutputFormatterSelector|No information found on request to perform content negotiation. 
2024-01-01 17:28:48.7039|0|DEBUG|Microsoft.AspNetCore.Mvc.Infrastructure.DefaultOutputFormatterSelector|Attempting to select an output formatter without using a content type as no explicit content types were specified for the response. 
2024-01-01 17:28:48.7039|0|DEBUG|Microsoft.AspNetCore.Mvc.Infrastructure.DefaultOutputFormatterSelector|Attempting to select the first formatter in the output formatters list which can write the result. 
2024-01-01 17:28:48.7039|0|DEBUG|Microsoft.AspNetCore.Mvc.Infrastructure.DefaultOutputFormatterSelector|Selected output formatter 'Microsoft.AspNetCore.Mvc.Formatters.SystemTextJsonOutputFormatter' and content type 'application/json' to write the response. 
2024-01-01 17:28:48.7039|0|INFO|Microsoft.AspNetCore.Mvc.Infrastructure.ObjectResultExecutor|Executing ObjectResult, writing value of type 'WMS_UI_API.WeatherForecast[]'. 
2024-01-01 17:28:48.7430|0|TRACE|Microsoft.AspNetCore.Mvc.Infrastructure.ControllerActionInvoker|After executing action result Microsoft.AspNetCore.Mvc.ObjectResult. 
2024-01-01 17:28:48.7430|0|TRACE|Microsoft.AspNetCore.Mvc.Infrastructure.ControllerActionInvoker|Result Filter: Before executing OnResultExecuted on filter Microsoft.AspNetCore.Mvc.Infrastructure.ClientErrorResultFilter. 
2024-01-01 17:28:48.7430|0|TRACE|Microsoft.AspNetCore.Mvc.Infrastructure.ControllerActionInvoker|Result Filter: After executing OnResultExecuted on filter Microsoft.AspNetCore.Mvc.Infrastructure.ClientErrorResultFilter. 
2024-01-01 17:28:48.7430|0|INFO|Microsoft.AspNetCore.Mvc.Infrastructure.ControllerActionInvoker|Executed action WMS_UI_API.Controllers.WeatherForecastController.Get (WMS UI API) in 51.3046ms 
2024-01-01 17:28:48.7430|0|INFO|Microsoft.AspNetCore.Routing.EndpointMiddleware|Executed endpoint 'WMS_UI_API.Controllers.WeatherForecastController.Get (WMS UI API)' 
2024-01-01 17:28:48.7430|0|DEBUG|Microsoft.AspNetCore.Server.Kestrel.Connections|Connection id "0HN0AO41LOIE1" completed keep alive response. 
2024-01-01 17:28:48.7503|0|INFO|Microsoft.AspNetCore.Hosting.Diagnostics|Request finished HTTP/1.1 GET http://localhost:6084/WeatherForecast - - - 200 - application/json;+charset=utf-8 262.9301ms 
2024-01-01 17:28:48.7503|0|INFO|Microsoft.AspNetCore.Hosting.Diagnostics|Request starting HTTP/1.1 GET http://localhost:6084/favicon.ico - - 
2024-01-01 17:28:48.7503|0|TRACE|Microsoft.AspNetCore.HostFiltering.HostFilteringMiddleware|All hosts are allowed. 
2024-01-01 17:28:48.7503|0|DEBUG|Microsoft.AspNetCore.StaticFiles.StaticFileMiddleware|The request path  does not match the path filter 
2024-01-01 17:28:48.7654|0|DEBUG|Microsoft.AspNetCore.Routing.Matching.DfaMatcher|No candidates found for the request path '/favicon.ico' 
2024-01-01 17:28:48.7654|0|DEBUG|Microsoft.AspNetCore.Routing.EndpointRoutingMiddleware|Request did not match any endpoints 
2024-01-01 17:28:48.7654|0|DEBUG|WMS_UI_API.Middlewares.ExceptionHandler|Log Initilized 
2024-01-01 17:28:48.7654|0|DEBUG|Microsoft.AspNetCore.Authentication.JwtBearer.JwtBearerHandler|AuthenticationScheme: Bearer was not authenticated. 
2024-01-01 17:28:48.7654|0|DEBUG|Microsoft.AspNetCore.Server.Kestrel.Connections|Connection id "0HN0AO41LOIE1" completed keep alive response. 
2024-01-01 17:28:48.7654|0|INFO|Microsoft.AspNetCore.Hosting.Diagnostics|Request finished HTTP/1.1 GET http://localhost:6084/favicon.ico - - - 404 0 - 1.9723ms 
2024-01-01 17:28:50.6951|0|DEBUG|Microsoft.AspNetCore.Server.Kestrel.Transport.Sockets|Connection id "0HN0AO41LOIE1" received FIN. 
2024-01-01 17:28:50.6951|0|DEBUG|Microsoft.AspNetCore.Server.Kestrel.Transport.Sockets|Connection id "0HN0AO41LOIE2" received FIN. 
2024-01-01 17:28:50.6951|0|DEBUG|Microsoft.AspNetCore.Server.Kestrel.Transport.Sockets|Connection id "0HN0AO41LOIE2" sending FIN because: "The Socket transport's send loop completed gracefully." 
2024-01-01 17:28:50.6951|0|DEBUG|Microsoft.AspNetCore.Server.Kestrel.Connections|Connection id "0HN0AO41LOIE2" disconnecting. 
2024-01-01 17:28:50.6951|0|DEBUG|Microsoft.AspNetCore.Server.Kestrel.Transport.Sockets|Connection id "0HN0AO41LOIE1" sending FIN because: "The Socket transport's send loop completed gracefully." 
2024-01-01 17:28:50.6951|0|DEBUG|Microsoft.AspNetCore.Server.Kestrel.Connections|Connection id "0HN0AO41LOIE1" disconnecting. 
2024-01-01 17:28:50.7047|0|DEBUG|Microsoft.AspNetCore.Server.Kestrel.Connections|Connection id "0HN0AO41LOIE1" stopped. 
2024-01-01 17:28:50.7047|0|DEBUG|Microsoft.AspNetCore.Server.Kestrel.Connections|Connection id "0HN0AO41LOIE2" stopped. 
2024-01-01 17:28:51.4430|0|DEBUG|Microsoft.AspNetCore.Server.Kestrel.Connections|Connection id "0HN0AO41LOIE3" accepted. 
2024-01-01 17:28:51.4430|0|DEBUG|Microsoft.AspNetCore.Server.Kestrel.Connections|Connection id "0HN0AO41LOIE3" started. 
2024-01-01 17:28:51.4430|0|INFO|Microsoft.AspNetCore.Hosting.Diagnostics|Request starting HTTP/1.1 GET http://localhost:6084/swagger/index.html - - 
2024-01-01 17:28:51.4430|0|TRACE|Microsoft.AspNetCore.HostFiltering.HostFilteringMiddleware|All hosts are allowed. 
2024-01-01 17:28:51.4910|0|DEBUG|Microsoft.AspNetCore.Watch.BrowserRefresh.BrowserRefreshMiddleware|Response markup is scheduled to include browser refresh script injection. 
2024-01-01 17:28:51.5850|0|DEBUG|Microsoft.AspNetCore.Server.Kestrel.Connections|Connection id "0HN0AO41LOIE4" accepted. 
2024-01-01 17:28:51.5850|0|DEBUG|Microsoft.AspNetCore.Server.Kestrel.Connections|Connection id "0HN0AO41LOIE4" started. 
2024-01-01 17:28:51.5850|0|INFO|Microsoft.AspNetCore.Hosting.Diagnostics|Request starting HTTP/1.1 GET http://localhost:6084/_framework/aspnetcore-browser-refresh.js - - 
2024-01-01 17:28:51.5850|0|DEBUG|Microsoft.AspNetCore.Watch.BrowserRefresh.BrowserRefreshMiddleware|Response markup was updated to include browser refresh script injection. 
2024-01-01 17:28:51.5850|0|DEBUG|Microsoft.AspNetCore.Server.Kestrel.Connections|Connection id "0HN0AO41LOIE3" completed keep alive response. 
2024-01-01 17:28:51.5850|0|DEBUG|Microsoft.AspNetCore.Server.Kestrel.Connections|Connection id "0HN0AO41LOIE4" completed keep alive response. 
2024-01-01 17:28:51.5850|0|INFO|Microsoft.AspNetCore.Hosting.Diagnostics|Request finished HTTP/1.1 GET http://localhost:6084/_framework/aspnetcore-browser-refresh.js - - - 200 11990 application/javascript;+charset=utf-8 3.1501ms 
2024-01-01 17:28:51.5850|0|INFO|Microsoft.AspNetCore.Hosting.Diagnostics|Request finished HTTP/1.1 GET http://localhost:6084/swagger/index.html - - - 200 - text/html;charset=utf-8 144.9569ms 
2024-01-01 17:28:51.5949|0|INFO|Microsoft.AspNetCore.Hosting.Diagnostics|Request starting HTTP/1.1 GET http://localhost:6084/_vs/browserLink - - 
2024-01-01 17:28:51.6168|0|DEBUG|Microsoft.AspNetCore.Server.Kestrel.Connections|Connection id "0HN0AO41LOIE4" completed keep alive response. 
2024-01-01 17:28:51.6168|0|INFO|Microsoft.AspNetCore.Hosting.Diagnostics|Request finished HTTP/1.1 GET http://localhost:6084/_vs/browserLink - - - 200 - text/javascript;+charset=UTF-8 21.9547ms 
2024-01-01 17:28:51.6601|0|INFO|Microsoft.AspNetCore.Hosting.Diagnostics|Request starting HTTP/1.1 GET http://localhost:6084/swagger/v1/swagger.json - - 
2024-01-01 17:28:51.6601|0|TRACE|Microsoft.AspNetCore.HostFiltering.HostFilteringMiddleware|All hosts are allowed. 
2024-01-01 17:28:51.8052|0|DEBUG|Microsoft.AspNetCore.Server.Kestrel.Connections|Connection id "0HN0AO41LOIE4" completed keep alive response. 
2024-01-01 17:28:51.8052|0|INFO|Microsoft.AspNetCore.Hosting.Diagnostics|Request finished HTTP/1.1 GET http://localhost:6084/swagger/v1/swagger.json - - - 200 - application/json;charset=utf-8 145.3198ms 
2024-01-01 17:29:03.5514|0|INFO|Microsoft.AspNetCore.Hosting.Diagnostics|Request starting HTTP/1.1 POST http://localhost:6084/api/PurchaseOrders/GetPOList?BranchID=1&Series=1274 - 0 
2024-01-01 17:29:03.5514|0|TRACE|Microsoft.AspNetCore.HostFiltering.HostFilteringMiddleware|All hosts are allowed. 
2024-01-01 17:29:03.5514|0|DEBUG|Microsoft.AspNetCore.StaticFiles.StaticFileMiddleware|POST requests are not supported 
2024-01-01 17:29:03.5514|0|DEBUG|Microsoft.AspNetCore.Cors.Infrastructure.CorsService|The request has an origin header: 'http://localhost:6084'. 
2024-01-01 17:29:03.5514|0|INFO|Microsoft.AspNetCore.Cors.Infrastructure.CorsService|CORS policy execution failed. 
2024-01-01 17:29:03.5514|0|INFO|Microsoft.AspNetCore.Cors.Infrastructure.CorsService|Request origin http://localhost:6084 does not have permission to access the resource. 
2024-01-01 17:29:03.5514|0|DEBUG|Microsoft.AspNetCore.Cors.Infrastructure.CorsService|The request has an origin header: 'http://localhost:6084'. 
2024-01-01 17:29:03.5514|0|INFO|Microsoft.AspNetCore.Cors.Infrastructure.CorsService|CORS policy execution successful. 
2024-01-01 17:29:03.5514|0|DEBUG|Microsoft.AspNetCore.Routing.Matching.DfaMatcher|1 candidate(s) found for the request path '/api/PurchaseOrders/GetPOList' 
2024-01-01 17:29:03.5514|0|DEBUG|Microsoft.AspNetCore.Routing.Matching.DfaMatcher|Endpoint 'WMS_UI_API.Controllers.PurchaseOrdersController.GetPOList (WMS UI API)' with route pattern 'api/PurchaseOrders/GetPOList' is valid for the request path '/api/PurchaseOrders/GetPOList' 
2024-01-01 17:29:03.5514|0|DEBUG|Microsoft.AspNetCore.Routing.EndpointRoutingMiddleware|Request matched endpoint 'WMS_UI_API.Controllers.PurchaseOrdersController.GetPOList (WMS UI API)' 
2024-01-01 17:29:03.5514|0|DEBUG|WMS_UI_API.Middlewares.ExceptionHandler|Log Initilized 
2024-01-01 17:29:03.5514|0|DEBUG|Microsoft.AspNetCore.Authentication.JwtBearer.JwtBearerHandler|AuthenticationScheme: Bearer was not authenticated. 
2024-01-01 17:29:03.5514|0|INFO|Microsoft.AspNetCore.Routing.EndpointMiddleware|Executing endpoint 'WMS_UI_API.Controllers.PurchaseOrdersController.GetPOList (WMS UI API)' 
2024-01-01 17:29:03.5763|0|INFO|Microsoft.AspNetCore.Mvc.Infrastructure.ControllerActionInvoker|Route matched with {action = "GetPOList", controller = "PurchaseOrders"}. Executing controller action with signature System.Threading.Tasks.Task`1[Microsoft.AspNetCore.Mvc.ActionResult`1[System.Collections.Generic.IEnumerable`1[WMS_UI_API.Models.MultiplePOList]]] GetPOList(Int32, Int32) on controller WMS_UI_API.Controllers.PurchaseOrdersController (WMS UI API). 
2024-01-01 17:29:03.5763|0|DEBUG|Microsoft.AspNetCore.Mvc.Infrastructure.ControllerActionInvoker|Execution plan of authorization filters (in the following order): None 
2024-01-01 17:29:03.5763|0|DEBUG|Microsoft.AspNetCore.Mvc.Infrastructure.ControllerActionInvoker|Execution plan of resource filters (in the following order): None 
2024-01-01 17:29:03.5763|0|DEBUG|Microsoft.AspNetCore.Mvc.Infrastructure.ControllerActionInvoker|Execution plan of action filters (in the following order): Microsoft.AspNetCore.Mvc.ModelBinding.UnsupportedContentTypeFilter (Order: -3000), Microsoft.AspNetCore.Mvc.Infrastructure.ModelStateInvalidFilter (Order: -2000) 
2024-01-01 17:29:03.5763|0|DEBUG|Microsoft.AspNetCore.Mvc.Infrastructure.ControllerActionInvoker|Execution plan of exception filters (in the following order): None 
2024-01-01 17:29:03.5763|0|DEBUG|Microsoft.AspNetCore.Mvc.Infrastructure.ControllerActionInvoker|Execution plan of result filters (in the following order): Microsoft.AspNetCore.Mvc.Infrastructure.ClientErrorResultFilter (Order: -2000) 
2024-01-01 17:29:03.5763|0|DEBUG|Microsoft.AspNetCore.Mvc.Infrastructure.ControllerActionInvoker|Executing controller factory for controller WMS_UI_API.Controllers.PurchaseOrdersController (WMS UI API) 
2024-01-01 17:29:03.5763|0|DEBUG|Microsoft.AspNetCore.Mvc.Infrastructure.ControllerActionInvoker|Executed controller factory for controller WMS_UI_API.Controllers.PurchaseOrdersController (WMS UI API) 
2024-01-01 17:29:03.5840|0|DEBUG|Microsoft.AspNetCore.Mvc.ModelBinding.ParameterBinder|Attempting to bind parameter 'BranchID' of type 'System.Int32' ... 
2024-01-01 17:29:03.5840|0|DEBUG|Microsoft.AspNetCore.Mvc.ModelBinding.Binders.SimpleTypeModelBinder|Attempting to bind parameter 'BranchID' of type 'System.Int32' using the name 'BranchID' in request data ... 
2024-01-01 17:29:03.5840|0|DEBUG|Microsoft.AspNetCore.Mvc.ModelBinding.Binders.SimpleTypeModelBinder|Done attempting to bind parameter 'BranchID' of type 'System.Int32'. 
2024-01-01 17:29:03.5840|0|DEBUG|Microsoft.AspNetCore.Mvc.ModelBinding.ParameterBinder|Done attempting to bind parameter 'BranchID' of type 'System.Int32'. 
2024-01-01 17:29:03.5840|0|DEBUG|Microsoft.AspNetCore.Mvc.ModelBinding.ParameterBinder|Attempting to validate the bound parameter 'BranchID' of type 'System.Int32' ... 
2024-01-01 17:29:03.5840|0|DEBUG|Microsoft.AspNetCore.Mvc.ModelBinding.ParameterBinder|Done attempting to validate the bound parameter 'BranchID' of type 'System.Int32'. 
2024-01-01 17:29:03.5840|0|DEBUG|Microsoft.AspNetCore.Mvc.ModelBinding.ParameterBinder|Attempting to bind parameter 'Series' of type 'System.Int32' ... 
2024-01-01 17:29:03.5840|0|DEBUG|Microsoft.AspNetCore.Mvc.ModelBinding.Binders.SimpleTypeModelBinder|Attempting to bind parameter 'Series' of type 'System.Int32' using the name 'Series' in request data ... 
2024-01-01 17:29:03.5840|0|DEBUG|Microsoft.AspNetCore.Mvc.ModelBinding.Binders.SimpleTypeModelBinder|Done attempting to bind parameter 'Series' of type 'System.Int32'. 
2024-01-01 17:29:03.5840|0|DEBUG|Microsoft.AspNetCore.Mvc.ModelBinding.ParameterBinder|Done attempting to bind parameter 'Series' of type 'System.Int32'. 
2024-01-01 17:29:03.5840|0|DEBUG|Microsoft.AspNetCore.Mvc.ModelBinding.ParameterBinder|Attempting to validate the bound parameter 'Series' of type 'System.Int32' ... 
2024-01-01 17:29:03.5840|0|DEBUG|Microsoft.AspNetCore.Mvc.ModelBinding.ParameterBinder|Done attempting to validate the bound parameter 'Series' of type 'System.Int32'. 
2024-01-01 17:29:03.5840|0|TRACE|Microsoft.AspNetCore.Mvc.Infrastructure.ControllerActionInvoker|Action Filter: Before executing OnActionExecuting on filter Microsoft.AspNetCore.Mvc.ModelBinding.UnsupportedContentTypeFilter. 
2024-01-01 17:29:03.5840|0|TRACE|Microsoft.AspNetCore.Mvc.Infrastructure.ControllerActionInvoker|Action Filter: After executing OnActionExecuting on filter Microsoft.AspNetCore.Mvc.ModelBinding.UnsupportedContentTypeFilter. 
2024-01-01 17:29:03.5840|0|TRACE|Microsoft.AspNetCore.Mvc.Infrastructure.ControllerActionInvoker|Action Filter: Before executing OnActionExecuting on filter Microsoft.AspNetCore.Mvc.Infrastructure.ModelStateInvalidFilter. 
2024-01-01 17:29:03.5840|0|TRACE|Microsoft.AspNetCore.Mvc.Infrastructure.ControllerActionInvoker|Action Filter: After executing OnActionExecuting on filter Microsoft.AspNetCore.Mvc.Infrastructure.ModelStateInvalidFilter. 
2024-01-01 17:29:03.5840|0|INFO|Microsoft.AspNetCore.Mvc.Infrastructure.ControllerActionInvoker|Executing action method WMS_UI_API.Controllers.PurchaseOrdersController.GetPOList (WMS UI API) - Validation state: Valid 
2024-01-01 17:29:03.5840|0|TRACE|Microsoft.AspNetCore.Mvc.Infrastructure.ControllerActionInvoker|Executing action method WMS_UI_API.Controllers.PurchaseOrdersController.GetPOList (WMS UI API) with arguments (1, 1274) 
2024-01-01 17:29:03.6090|0|INFO|WMS_UI_API.Controllers.PurchaseOrdersController| Calling PurchaseOrdersController : GetPOList()  
2024-01-01 17:29:03.6352|0|INFO|WMS_UI_API.Controllers.PurchaseOrdersController| PurchaseOrdersController : GetPOList() Query :  
                WITH PO_RecQty AS (
                    SELECT A.DocEntry, A.DocNum,  SUM(B.Quantity) AS POQty 
                    FROM KCMPL_LIVE0512.dbo.OPOR A
                    INNER JOIN KCMPL_LIVE0512.dbo.POR1 B ON A.DocEntry = B.DocEntry
                    WHERE Series = @series AND CANCELED = 'N' AND DocStatus = 'O' AND DocType = 'I' and B.LineStatus = 'O' and ISNULL(A.BPLId,@bId) = @bId
                    GROUP BY A.DocEntry, A.DocNum
                ),
                Rec_RecQty AS (
                    SELECT DocEntry, SUM(RecQty) AS RecQty
                    FROM QIT_GateIN 
                    WHERE Series = @series AND ObjType = '22' and ISNULL(BranchID,@bId) = @bId
                    GROUP BY DocEntry
                ) 
                SELECT A.DocEntry, A.DocNum, B.DocDate, B.CardCode, B.CardName,
                       case when (select count(1) FROM KCMPL_LIVE0512.dbo.POR3 WHERE DocEntry = A.DocEntry) > 0 then 'Y' else 'N' end FreightApplied
                FROM 
                (
                    SELECT PO.DocEntry, PO.DocNum, PO.POQty, ISNULL(Rec.RecQty, 0) AS RecQty
                    FROM PO_RecQty PO
                    LEFT JOIN Rec_RecQty Rec ON PO.DocEntry = Rec.DocEntry
                    WHERE PO.POQty <> ISNULL(Rec.RecQty, 0)
                ) as A inner join KCMPL_LIVE0512.dbo.OPOR B ON A.DocEntry = B.DocEntry    
                  
2024-01-01 17:29:04.1242|0|INFO|Microsoft.AspNetCore.Mvc.Infrastructure.ControllerActionInvoker|Executed action method WMS_UI_API.Controllers.PurchaseOrdersController.GetPOList (WMS UI API), returned result Microsoft.AspNetCore.Mvc.ObjectResult in 534.3789ms. 
2024-01-01 17:29:04.1242|0|TRACE|Microsoft.AspNetCore.Mvc.Infrastructure.ControllerActionInvoker|Action Filter: Before executing OnActionExecuted on filter Microsoft.AspNetCore.Mvc.Infrastructure.ModelStateInvalidFilter. 
2024-01-01 17:29:04.1242|0|TRACE|Microsoft.AspNetCore.Mvc.Infrastructure.ControllerActionInvoker|Action Filter: After executing OnActionExecuted on filter Microsoft.AspNetCore.Mvc.Infrastructure.ModelStateInvalidFilter. 
2024-01-01 17:29:04.1242|0|TRACE|Microsoft.AspNetCore.Mvc.Infrastructure.ControllerActionInvoker|Action Filter: Before executing OnActionExecuted on filter Microsoft.AspNetCore.Mvc.ModelBinding.UnsupportedContentTypeFilter. 
2024-01-01 17:29:04.1242|0|TRACE|Microsoft.AspNetCore.Mvc.Infrastructure.ControllerActionInvoker|Action Filter: After executing OnActionExecuted on filter Microsoft.AspNetCore.Mvc.ModelBinding.UnsupportedContentTypeFilter. 
2024-01-01 17:29:04.1242|0|TRACE|Microsoft.AspNetCore.Mvc.Infrastructure.ControllerActionInvoker|Result Filter: Before executing OnResultExecuting on filter Microsoft.AspNetCore.Mvc.Infrastructure.ClientErrorResultFilter. 
2024-01-01 17:29:04.1242|0|TRACE|Microsoft.AspNetCore.Mvc.Infrastructure.ControllerActionInvoker|Result Filter: After executing OnResultExecuting on filter Microsoft.AspNetCore.Mvc.Infrastructure.ClientErrorResultFilter. 
2024-01-01 17:29:04.1242|0|TRACE|Microsoft.AspNetCore.Mvc.Infrastructure.ControllerActionInvoker|Before executing action result Microsoft.AspNetCore.Mvc.ObjectResult. 
2024-01-01 17:29:04.1242|0|DEBUG|Microsoft.AspNetCore.Mvc.Infrastructure.DefaultOutputFormatterSelector|List of registered output formatters, in the following order: Microsoft.AspNetCore.Mvc.Formatters.HttpNoContentOutputFormatter, Microsoft.AspNetCore.Mvc.Formatters.StringOutputFormatter, Microsoft.AspNetCore.Mvc.Formatters.StreamOutputFormatter, Microsoft.AspNetCore.Mvc.Formatters.SystemTextJsonOutputFormatter 
2024-01-01 17:29:04.1254|0|DEBUG|Microsoft.AspNetCore.Mvc.Infrastructure.DefaultOutputFormatterSelector|Attempting to select an output formatter based on Accept header 'text/plain'. 
2024-01-01 17:29:04.1254|0|DEBUG|Microsoft.AspNetCore.Mvc.Infrastructure.DefaultOutputFormatterSelector|Could not find an output formatter based on content negotiation. Accepted types were (text/plain) 
2024-01-01 17:29:04.1254|0|DEBUG|Microsoft.AspNetCore.Mvc.Infrastructure.DefaultOutputFormatterSelector|Attempting to select an output formatter without using a content type as no explicit content types were specified for the response. 
2024-01-01 17:29:04.1254|0|DEBUG|Microsoft.AspNetCore.Mvc.Infrastructure.DefaultOutputFormatterSelector|Attempting to select the first formatter in the output formatters list which can write the result. 
2024-01-01 17:29:04.1254|0|DEBUG|Microsoft.AspNetCore.Mvc.Infrastructure.DefaultOutputFormatterSelector|Selected output formatter 'Microsoft.AspNetCore.Mvc.Formatters.SystemTextJsonOutputFormatter' and content type 'application/json' to write the response. 
2024-01-01 17:29:04.1254|0|INFO|Microsoft.AspNetCore.Mvc.Infrastructure.ObjectResultExecutor|Executing ObjectResult, writing value of type 'System.Collections.Generic.List`1[[WMS_UI_API.Models.MultiplePOList, WMS UI API, Version=1.0.0.0, Culture=neutral, PublicKeyToken=null]]'. 
2024-01-01 17:29:04.1254|0|TRACE|Microsoft.AspNetCore.Mvc.Infrastructure.ControllerActionInvoker|After executing action result Microsoft.AspNetCore.Mvc.ObjectResult. 
2024-01-01 17:29:04.1254|0|TRACE|Microsoft.AspNetCore.Mvc.Infrastructure.ControllerActionInvoker|Result Filter: Before executing OnResultExecuted on filter Microsoft.AspNetCore.Mvc.Infrastructure.ClientErrorResultFilter. 
2024-01-01 17:29:04.1254|0|TRACE|Microsoft.AspNetCore.Mvc.Infrastructure.ControllerActionInvoker|Result Filter: After executing OnResultExecuted on filter Microsoft.AspNetCore.Mvc.Infrastructure.ClientErrorResultFilter. 
2024-01-01 17:29:04.1254|0|INFO|Microsoft.AspNetCore.Mvc.Infrastructure.ControllerActionInvoker|Executed action WMS_UI_API.Controllers.PurchaseOrdersController.GetPOList (WMS UI API) in 553.1823ms 
2024-01-01 17:29:04.1254|0|INFO|Microsoft.AspNetCore.Routing.EndpointMiddleware|Executed endpoint 'WMS_UI_API.Controllers.PurchaseOrdersController.GetPOList (WMS UI API)' 
2024-01-01 17:29:04.1254|0|DEBUG|Microsoft.AspNetCore.Server.Kestrel.Connections|Connection id "0HN0AO41LOIE4" completed keep alive response. 
2024-01-01 17:29:04.1254|0|INFO|Microsoft.AspNetCore.Hosting.Diagnostics|Request finished HTTP/1.1 POST http://localhost:6084/api/PurchaseOrders/GetPOList?BranchID=1&Series=1274 - 0 - 200 - application/json;+charset=utf-8 578.2559ms 
2024-01-01 17:29:56.9417|0|DEBUG|Microsoft.AspNetCore.Server.Kestrel.Transport.Sockets|Connection id "0HN0AO41LOIE3" received FIN. 
2024-01-01 17:29:56.9417|0|DEBUG|Microsoft.AspNetCore.Server.Kestrel.Transport.Sockets|Connection id "0HN0AO41LOIE4" received FIN. 
2024-01-01 17:29:56.9417|0|DEBUG|Microsoft.AspNetCore.Server.Kestrel.Connections|Connection id "0HN0AO41LOIE4" disconnecting. 
2024-01-01 17:29:56.9417|0|DEBUG|Microsoft.AspNetCore.Server.Kestrel.Connections|Connection id "0HN0AO41LOIE4" stopped. 
2024-01-01 17:29:56.9417|0|DEBUG|Microsoft.AspNetCore.Server.Kestrel.Transport.Sockets|Connection id "0HN0AO41LOIE3" sending FIN because: "The Socket transport's send loop completed gracefully." 
2024-01-01 17:29:56.9417|0|DEBUG|Microsoft.AspNetCore.Server.Kestrel.Connections|Connection id "0HN0AO41LOIE3" disconnecting. 
2024-01-01 17:29:56.9417|0|DEBUG|Microsoft.AspNetCore.Server.Kestrel.Transport.Sockets|Connection id "0HN0AO41LOIE4" sending FIN because: "The Socket transport's send loop completed gracefully." 
2024-01-01 17:29:56.9546|0|DEBUG|Microsoft.AspNetCore.Server.Kestrel.Connections|Connection id "0HN0AO41LOIE3" stopped. 
