2024-06-17 14:52:39.9615|0|DEBUG|WMS_UI_API.Program|NLogeer initilized in 'Main' 
2024-06-17 14:52:41.2091|0|DEBUG|Microsoft.Extensions.Hosting.Internal.Host|Hosting starting 
2024-06-17 14:52:41.2507|0|INFO|Microsoft.AspNetCore.DataProtection.KeyManagement.XmlKeyManager|User profile is available. Using 'C:\Users\Administrator\AppData\Local\ASP.NET\DataProtection-Keys' as key repository and Windows DPAPI to encrypt keys at rest. 
2024-06-17 14:52:41.2847|0|DEBUG|Microsoft.AspNetCore.DataProtection.Repositories.FileSystemXmlRepository|Reading data from file 'C:\Users\Administrator\AppData\Local\ASP.NET\DataProtection-Keys\key-06ae8d91-8f6b-4a7b-9e92-1b124a54f87c.xml'. 
2024-06-17 14:52:41.2945|0|DEBUG|Microsoft.AspNetCore.DataProtection.Repositories.FileSystemXmlRepository|Reading data from file 'C:\Users\Administrator\AppData\Local\ASP.NET\DataProtection-Keys\key-8d5202c6-241b-48a1-bf3b-b9600653df67.xml'. 
2024-06-17 14:52:41.2945|0|DEBUG|Microsoft.AspNetCore.DataProtection.Repositories.FileSystemXmlRepository|Reading data from file 'C:\Users\Administrator\AppData\Local\ASP.NET\DataProtection-Keys\key-d4ba379b-ed04-4785-b05a-ff62577380f2.xml'. 
2024-06-17 14:52:41.3165|0|DEBUG|Microsoft.AspNetCore.DataProtection.KeyManagement.XmlKeyManager|Found key {06ae8d91-8f6b-4a7b-9e92-1b124a54f87c}. 
2024-06-17 14:52:41.3165|0|DEBUG|Microsoft.AspNetCore.DataProtection.KeyManagement.XmlKeyManager|Found key {8d5202c6-241b-48a1-bf3b-b9600653df67}. 
2024-06-17 14:52:41.3165|0|DEBUG|Microsoft.AspNetCore.DataProtection.KeyManagement.XmlKeyManager|Found key {d4ba379b-ed04-4785-b05a-ff62577380f2}. 
2024-06-17 14:52:41.3261|0|DEBUG|Microsoft.AspNetCore.DataProtection.KeyManagement.DefaultKeyResolver|Considering key {06ae8d91-8f6b-4a7b-9e92-1b124a54f87c} with expiration date 2024-07-22 06:37:08Z as default key. 
2024-06-17 14:52:41.3261|0|DEBUG|Microsoft.AspNetCore.DataProtection.TypeForwardingActivator|Forwarded activator type request from Microsoft.AspNetCore.DataProtection.XmlEncryption.DpapiXmlDecryptor, Microsoft.AspNetCore.DataProtection, Version=7.0.0.0, Culture=neutral, PublicKeyToken=adb9793829ddae60 to Microsoft.AspNetCore.DataProtection.XmlEncryption.DpapiXmlDecryptor, Microsoft.AspNetCore.DataProtection, Culture=neutral, PublicKeyToken=adb9793829ddae60 
2024-06-17 14:52:41.3261|0|DEBUG|Microsoft.AspNetCore.DataProtection.XmlEncryption.DpapiXmlDecryptor|Decrypting secret element using Windows DPAPI. 
2024-06-17 14:52:41.3261|0|DEBUG|Microsoft.AspNetCore.DataProtection.TypeForwardingActivator|Forwarded activator type request from Microsoft.AspNetCore.DataProtection.AuthenticatedEncryption.ConfigurationModel.AuthenticatedEncryptorDescriptorDeserializer, Microsoft.AspNetCore.DataProtection, Version=7.0.0.0, Culture=neutral, PublicKeyToken=adb9793829ddae60 to Microsoft.AspNetCore.DataProtection.AuthenticatedEncryption.ConfigurationModel.AuthenticatedEncryptorDescriptorDeserializer, Microsoft.AspNetCore.DataProtection, Culture=neutral, PublicKeyToken=adb9793829ddae60 
2024-06-17 14:52:41.3261|0|DEBUG|Microsoft.AspNetCore.DataProtection.AuthenticatedEncryption.CngCbcAuthenticatedEncryptorFactory|Opening CNG algorithm 'AES' from provider '(null)' with chaining mode CBC. 
2024-06-17 14:52:41.3261|0|DEBUG|Microsoft.AspNetCore.DataProtection.AuthenticatedEncryption.CngCbcAuthenticatedEncryptorFactory|Opening CNG algorithm 'SHA256' from provider '(null)' with HMAC. 
2024-06-17 14:52:41.3261|0|DEBUG|Microsoft.AspNetCore.DataProtection.KeyManagement.KeyRingProvider|Using key {06ae8d91-8f6b-4a7b-9e92-1b124a54f87c} as the default key. 
2024-06-17 14:52:41.3261|0|DEBUG|Microsoft.AspNetCore.DataProtection.Internal.DataProtectionHostedService|Key ring with default key {06ae8d91-8f6b-4a7b-9e92-1b124a54f87c} was loaded during application startup. 
2024-06-17 14:52:45.2185|0|DEBUG|Microsoft.AspNetCore.Mvc.ModelBinding.ModelBinderFactory|Registered model binder providers, in the following order: Microsoft.AspNetCore.Mvc.ModelBinding.Binders.BinderTypeModelBinderProvider, Microsoft.AspNetCore.Mvc.ModelBinding.Binders.ServicesModelBinderProvider, Microsoft.AspNetCore.Mvc.ModelBinding.Binders.BodyModelBinderProvider, Microsoft.AspNetCore.Mvc.ModelBinding.Binders.HeaderModelBinderProvider, Microsoft.AspNetCore.Mvc.ModelBinding.Binders.FloatingPointTypeModelBinderProvider, Microsoft.AspNetCore.Mvc.ModelBinding.Binders.EnumTypeModelBinderProvider, Microsoft.AspNetCore.Mvc.ModelBinding.Binders.DateTimeModelBinderProvider, Microsoft.AspNetCore.Mvc.ModelBinding.Binders.SimpleTypeModelBinderProvider, Microsoft.AspNetCore.Mvc.ModelBinding.Binders.CancellationTokenModelBinderProvider, Microsoft.AspNetCore.Mvc.ModelBinding.Binders.ByteArrayModelBinderProvider, Microsoft.AspNetCore.Mvc.ModelBinding.Binders.FormFileModelBinderProvider, Microsoft.AspNetCore.Mvc.ModelBinding.Binders.FormCollectionModelBinderProvider, Microsoft.AspNetCore.Mvc.ModelBinding.Binders.KeyValuePairModelBinderProvider, Microsoft.AspNetCore.Mvc.ModelBinding.Binders.DictionaryModelBinderProvider, Microsoft.AspNetCore.Mvc.ModelBinding.Binders.ArrayModelBinderProvider, Microsoft.AspNetCore.Mvc.ModelBinding.Binders.CollectionModelBinderProvider, Microsoft.AspNetCore.Mvc.ModelBinding.Binders.ComplexObjectModelBinderProvider 
2024-06-17 14:52:45.3117|0|DEBUG|Microsoft.AspNetCore.SignalR.Internal.DefaultHubProtocolResolver|Registered SignalR Protocol: json, implemented by Microsoft.AspNetCore.SignalR.Protocol.JsonHubProtocol. 
2024-06-17 14:52:45.3411|0|TRACE|Microsoft.AspNetCore.SignalR.Internal.DefaultHubDispatcher|'NotificationHub' hub method 'NewEntryAdded' is bound. 
2024-06-17 14:52:45.4317|0|INFO|Microsoft.Hosting.Lifetime|Now listening on: http://localhost:6084 
2024-06-17 14:52:45.4649|0|DEBUG|Microsoft.AspNetCore.Hosting.Diagnostics|Loaded hosting startup assembly WMS UI API 
2024-06-17 14:52:45.4649|0|DEBUG|Microsoft.AspNetCore.Hosting.Diagnostics|Loaded hosting startup assembly Microsoft.AspNetCore.Watch.BrowserRefresh 
2024-06-17 14:52:45.4649|0|DEBUG|Microsoft.AspNetCore.Hosting.Diagnostics|Loaded hosting startup assembly Microsoft.WebTools.BrowserLink.Net 
2024-06-17 14:52:45.4649|0|TRACE|Microsoft.AspNetCore.Http.Connections.Internal.HttpConnectionManager|Starting connection heartbeat. 
2024-06-17 14:52:45.4649|0|INFO|Microsoft.Hosting.Lifetime|Application started. Press Ctrl+C to shut down. 
2024-06-17 14:52:45.4649|0|INFO|Microsoft.Hosting.Lifetime|Hosting environment: Development 
2024-06-17 14:52:45.4649|0|INFO|Microsoft.Hosting.Lifetime|Content root path: C:\WMS UI API - Kuster - SAP OneTime Connection\WMS UI API 
2024-06-17 14:52:45.4649|0|DEBUG|Microsoft.Extensions.Hosting.Internal.Host|Hosting started 
2024-06-17 14:52:45.9173|0|DEBUG|Microsoft.AspNetCore.Server.Kestrel.Connections|Connection id "0HN4ELS678OLV" accepted. 
2024-06-17 14:52:45.9189|0|DEBUG|Microsoft.AspNetCore.Server.Kestrel.Connections|Connection id "0HN4ELS678OLV" started. 
2024-06-17 14:52:45.9189|0|DEBUG|Microsoft.AspNetCore.Server.Kestrel.Connections|Connection id "0HN4ELS678OM0" accepted. 
2024-06-17 14:52:45.9189|0|DEBUG|Microsoft.AspNetCore.Server.Kestrel.Connections|Connection id "0HN4ELS678OM0" started. 
2024-06-17 14:52:46.0526|0|DEBUG|Microsoft.AspNetCore.Server.Kestrel.Connections|Connection id "0HN4ELS678OM1" accepted. 
2024-06-17 14:52:46.0526|0|DEBUG|Microsoft.AspNetCore.Server.Kestrel.Connections|Connection id "0HN4ELS678OM1" started. 
2024-06-17 14:52:46.0526|0|DEBUG|Microsoft.AspNetCore.Server.Kestrel.Connections|Connection id "0HN4ELS678OM2" accepted. 
2024-06-17 14:52:46.0526|0|DEBUG|Microsoft.AspNetCore.Server.Kestrel.Connections|Connection id "0HN4ELS678OM2" started. 
2024-06-17 14:52:46.0995|0|INFO|Microsoft.AspNetCore.Hosting.Diagnostics|Request starting HTTP/1.1 GET http://localhost:6084/swagger - - 
2024-06-17 14:52:46.1297|0|DEBUG|Microsoft.AspNetCore.HostFiltering.HostFilteringMiddleware|Wildcard detected, all requests with hosts will be allowed. 
2024-06-17 14:52:46.1297|0|TRACE|Microsoft.AspNetCore.HostFiltering.HostFilteringMiddleware|All hosts are allowed. 
2024-06-17 14:52:46.1799|0|DEBUG|Microsoft.AspNetCore.Server.Kestrel.Connections|Connection id "0HN4ELS678OM1" completed keep alive response. 
2024-06-17 14:52:46.1799|0|INFO|Microsoft.AspNetCore.Hosting.Diagnostics|Request finished HTTP/1.1 GET http://localhost:6084/swagger - - - 301 0 - 84.5630ms 
2024-06-17 14:52:46.1931|0|INFO|Microsoft.AspNetCore.Hosting.Diagnostics|Request starting HTTP/1.1 GET http://localhost:6084/swagger/index.html - - 
2024-06-17 14:52:46.1931|0|TRACE|Microsoft.AspNetCore.HostFiltering.HostFilteringMiddleware|All hosts are allowed. 
2024-06-17 14:52:46.2471|0|DEBUG|Microsoft.AspNetCore.Watch.BrowserRefresh.BrowserRefreshMiddleware|Response markup is scheduled to include browser refresh script injection. 
2024-06-17 14:52:46.4163|0|DEBUG|Microsoft.AspNetCore.Server.Kestrel.Connections|Connection id "0HN4ELS678OM3" accepted. 
2024-06-17 14:52:46.4163|0|DEBUG|Microsoft.AspNetCore.Server.Kestrel.Connections|Connection id "0HN4ELS678OM3" started. 
2024-06-17 14:52:46.4163|0|DEBUG|Microsoft.AspNetCore.Server.Kestrel.Connections|Connection id "0HN4ELS678OM4" accepted. 
2024-06-17 14:52:46.4163|0|DEBUG|Microsoft.AspNetCore.Server.Kestrel.Connections|Connection id "0HN4ELS678OM4" started. 
2024-06-17 14:52:46.4194|0|INFO|Microsoft.AspNetCore.Hosting.Diagnostics|Request starting HTTP/1.1 GET http://localhost:6084/swagger/swagger-ui-bundle.js - - 
2024-06-17 14:52:46.4194|0|INFO|Microsoft.AspNetCore.Hosting.Diagnostics|Request starting HTTP/1.1 GET http://localhost:6084/swagger/swagger-ui.css - - 
2024-06-17 14:52:46.4194|0|TRACE|Microsoft.AspNetCore.HostFiltering.HostFilteringMiddleware|All hosts are allowed. 
2024-06-17 14:52:46.4194|0|TRACE|Microsoft.AspNetCore.HostFiltering.HostFilteringMiddleware|All hosts are allowed. 
2024-06-17 14:52:46.4194|0|DEBUG|Microsoft.AspNetCore.Server.Kestrel.Connections|Connection id "0HN4ELS678OM5" accepted. 
2024-06-17 14:52:46.4194|0|DEBUG|Microsoft.AspNetCore.Server.Kestrel.Connections|Connection id "0HN4ELS678OM5" started. 
2024-06-17 14:52:46.4194|0|INFO|Microsoft.AspNetCore.Hosting.Diagnostics|Request starting HTTP/1.1 GET http://localhost:6084/swagger/swagger-ui-standalone-preset.js - - 
2024-06-17 14:52:46.4194|0|TRACE|Microsoft.AspNetCore.HostFiltering.HostFilteringMiddleware|All hosts are allowed. 
2024-06-17 14:52:46.4194|0|INFO|Microsoft.AspNetCore.Hosting.Diagnostics|Request starting HTTP/1.1 GET http://localhost:6084/_framework/aspnetcore-browser-refresh.js - - 
2024-06-17 14:52:46.4194|0|DEBUG|Microsoft.AspNetCore.Server.Kestrel.Connections|Connection id "0HN4ELS678OM6" accepted. 
2024-06-17 14:52:46.4194|0|DEBUG|Microsoft.AspNetCore.Server.Kestrel.Connections|Connection id "0HN4ELS678OM6" started. 
2024-06-17 14:52:46.4194|0|INFO|Microsoft.AspNetCore.Hosting.Diagnostics|Request starting HTTP/1.1 GET http://localhost:6084/_vs/browserLink - - 
2024-06-17 14:52:46.4194|0|DEBUG|Microsoft.AspNetCore.Server.Kestrel.Connections|Connection id "0HN4ELS678OM5" completed keep alive response. 
2024-06-17 14:52:46.4194|0|INFO|Microsoft.AspNetCore.Hosting.Diagnostics|Request finished HTTP/1.1 GET http://localhost:6084/_framework/aspnetcore-browser-refresh.js - - - 200 11990 application/javascript;+charset=utf-8 7.0974ms 
2024-06-17 14:52:46.4329|0|TRACE|Microsoft.AspNetCore.StaticFiles.StaticFileMiddleware|Range header's value is empty. 
2024-06-17 14:52:46.4329|0|TRACE|Microsoft.AspNetCore.StaticFiles.StaticFileMiddleware|Range header's value is empty. 
2024-06-17 14:52:46.4329|0|TRACE|Microsoft.AspNetCore.StaticFiles.StaticFileMiddleware|Range header's value is empty. 
2024-06-17 14:52:46.4329|0|DEBUG|Microsoft.AspNetCore.Watch.BrowserRefresh.BrowserRefreshMiddleware|Response markup was updated to include browser refresh script injection. 
2024-06-17 14:52:46.4329|0|DEBUG|Microsoft.AspNetCore.Server.Kestrel.Connections|Connection id "0HN4ELS678OM1" completed keep alive response. 
2024-06-17 14:52:46.4329|0|INFO|Microsoft.AspNetCore.Hosting.Diagnostics|Request finished HTTP/1.1 GET http://localhost:6084/swagger/index.html - - - 200 - text/html;charset=utf-8 249.3986ms 
2024-06-17 14:52:46.4751|0|INFO|Microsoft.AspNetCore.StaticFiles.StaticFileMiddleware|Sending file. Request path: '/swagger-ui.css'. Physical path: 'N/A' 
2024-06-17 14:52:46.4751|0|INFO|Microsoft.AspNetCore.StaticFiles.StaticFileMiddleware|Sending file. Request path: '/swagger-ui-standalone-preset.js'. Physical path: 'N/A' 
2024-06-17 14:52:46.4751|0|DEBUG|Microsoft.AspNetCore.Server.Kestrel.Connections|Connection id "0HN4ELS678OM2" completed keep alive response. 
2024-06-17 14:52:46.4751|0|DEBUG|Microsoft.AspNetCore.Server.Kestrel.Connections|Connection id "0HN4ELS678OM4" completed keep alive response. 
2024-06-17 14:52:46.4751|0|INFO|Microsoft.AspNetCore.Hosting.Diagnostics|Request finished HTTP/1.1 GET http://localhost:6084/swagger/swagger-ui-standalone-preset.js - - - 200 337162 application/javascript 51.0521ms 
2024-06-17 14:52:46.4751|0|INFO|Microsoft.AspNetCore.Hosting.Diagnostics|Request finished HTTP/1.1 GET http://localhost:6084/swagger/swagger-ui.css - - - 200 143632 text/css 51.4580ms 
2024-06-17 14:52:46.4751|0|DEBUG|Microsoft.AspNetCore.Server.Kestrel.Connections|Connection id "0HN4ELS678OM6" completed keep alive response. 
2024-06-17 14:52:46.4751|0|INFO|Microsoft.AspNetCore.Hosting.Diagnostics|Request finished HTTP/1.1 GET http://localhost:6084/_vs/browserLink - - - 200 - text/javascript;+charset=UTF-8 47.4340ms 
2024-06-17 14:52:46.4924|0|INFO|Microsoft.AspNetCore.StaticFiles.StaticFileMiddleware|Sending file. Request path: '/swagger-ui-bundle.js'. Physical path: 'N/A' 
2024-06-17 14:52:46.4924|0|DEBUG|Microsoft.AspNetCore.Server.Kestrel.Connections|Connection id "0HN4ELS678OM3" completed keep alive response. 
2024-06-17 14:52:46.4924|0|INFO|Microsoft.AspNetCore.Hosting.Diagnostics|Request finished HTTP/1.1 GET http://localhost:6084/swagger/swagger-ui-bundle.js - - - 200 1092889 application/javascript 73.1955ms 
2024-06-17 14:52:46.5803|0|INFO|Microsoft.AspNetCore.Hosting.Diagnostics|Request starting HTTP/1.1 GET http://localhost:6084/swagger/v1/swagger.json - - 
2024-06-17 14:52:46.5803|0|TRACE|Microsoft.AspNetCore.HostFiltering.HostFilteringMiddleware|All hosts are allowed. 
2024-06-17 14:52:46.5952|0|INFO|Microsoft.AspNetCore.Hosting.Diagnostics|Request starting HTTP/1.1 GET http://localhost:6084/swagger/favicon-32x32.png - - 
2024-06-17 14:52:46.5952|0|TRACE|Microsoft.AspNetCore.HostFiltering.HostFilteringMiddleware|All hosts are allowed. 
2024-06-17 14:52:46.5952|0|TRACE|Microsoft.AspNetCore.StaticFiles.StaticFileMiddleware|Range header's value is empty. 
2024-06-17 14:52:46.5952|0|INFO|Microsoft.AspNetCore.StaticFiles.StaticFileMiddleware|Sending file. Request path: '/favicon-32x32.png'. Physical path: 'N/A' 
2024-06-17 14:52:46.5952|0|DEBUG|Microsoft.AspNetCore.Server.Kestrel.Connections|Connection id "0HN4ELS678OM6" completed keep alive response. 
2024-06-17 14:52:46.5952|0|INFO|Microsoft.AspNetCore.Hosting.Diagnostics|Request finished HTTP/1.1 GET http://localhost:6084/swagger/favicon-32x32.png - - - 200 628 image/png 0.4456ms 
2024-06-17 14:52:46.7421|0|DEBUG|Microsoft.AspNetCore.Server.Kestrel.Connections|Connection id "0HN4ELS678OM3" completed keep alive response. 
2024-06-17 14:52:46.7421|0|INFO|Microsoft.AspNetCore.Hosting.Diagnostics|Request finished HTTP/1.1 GET http://localhost:6084/swagger/v1/swagger.json - - - 200 - application/json;charset=utf-8 161.9459ms 
2024-06-17 14:53:08.8047|0|INFO|Microsoft.AspNetCore.Hosting.Diagnostics|Request starting HTTP/1.1 POST http://localhost:6084/api/Report/SummarizeQRWiseStock application/json 121 
2024-06-17 14:53:08.8047|0|TRACE|Microsoft.AspNetCore.HostFiltering.HostFilteringMiddleware|All hosts are allowed. 
2024-06-17 14:53:08.8047|0|DEBUG|Microsoft.AspNetCore.StaticFiles.StaticFileMiddleware|POST requests are not supported 
2024-06-17 14:53:08.8047|0|DEBUG|Microsoft.AspNetCore.StaticFiles.StaticFileMiddleware|POST requests are not supported 
2024-06-17 14:53:08.8047|0|DEBUG|Microsoft.AspNetCore.Cors.Infrastructure.CorsService|The request has an origin header: 'http://localhost:6084'. 
2024-06-17 14:53:08.8047|0|INFO|Microsoft.AspNetCore.Cors.Infrastructure.CorsService|CORS policy execution failed. 
2024-06-17 14:53:08.8047|0|INFO|Microsoft.AspNetCore.Cors.Infrastructure.CorsService|Request origin http://localhost:6084 does not have permission to access the resource. 
2024-06-17 14:53:08.8047|0|DEBUG|Microsoft.AspNetCore.Cors.Infrastructure.CorsService|The request has an origin header: 'http://localhost:6084'. 
2024-06-17 14:53:08.8047|0|INFO|Microsoft.AspNetCore.Cors.Infrastructure.CorsService|CORS policy execution successful. 
2024-06-17 14:53:08.8094|0|DEBUG|Microsoft.AspNetCore.HttpsPolicy.HttpsRedirectionMiddleware|Redirecting to 'https://localhost/api/Report/SummarizeQRWiseStock'. 
2024-06-17 14:53:08.8094|0|DEBUG|Microsoft.AspNetCore.Server.Kestrel.Connections|Connection id "0HN4ELS678OM3" completed keep alive response. 
2024-06-17 14:53:08.8094|0|INFO|Microsoft.AspNetCore.Hosting.Diagnostics|Request finished HTTP/1.1 POST http://localhost:6084/api/Report/SummarizeQRWiseStock application/json 121 - 307 0 - 5.3861ms 
2024-06-17 14:53:08.8094|0|DEBUG|Microsoft.AspNetCore.Server.Kestrel|Connection id "0HN4ELS678OM3", Request id "0HN4ELS678OM3:00000004": started reading request body. 
2024-06-17 14:53:08.8094|0|DEBUG|Microsoft.AspNetCore.Server.Kestrel|Connection id "0HN4ELS678OM3", Request id "0HN4ELS678OM3:00000004": done reading request body. 
2024-06-17 14:53:46.1649|0|DEBUG|WMS_UI_API.Program|NLogeer initilized in 'Main' 
2024-06-17 14:53:46.7973|0|DEBUG|Microsoft.Extensions.Hosting.Internal.Host|Hosting starting 
2024-06-17 14:53:46.8379|0|INFO|Microsoft.AspNetCore.DataProtection.KeyManagement.XmlKeyManager|User profile is available. Using 'C:\Users\Administrator\AppData\Local\ASP.NET\DataProtection-Keys' as key repository and Windows DPAPI to encrypt keys at rest. 
2024-06-17 14:53:46.8514|0|DEBUG|Microsoft.AspNetCore.DataProtection.Repositories.FileSystemXmlRepository|Reading data from file 'C:\Users\Administrator\AppData\Local\ASP.NET\DataProtection-Keys\key-06ae8d91-8f6b-4a7b-9e92-1b124a54f87c.xml'. 
2024-06-17 14:53:46.8514|0|DEBUG|Microsoft.AspNetCore.DataProtection.Repositories.FileSystemXmlRepository|Reading data from file 'C:\Users\Administrator\AppData\Local\ASP.NET\DataProtection-Keys\key-8d5202c6-241b-48a1-bf3b-b9600653df67.xml'. 
2024-06-17 14:53:46.8514|0|DEBUG|Microsoft.AspNetCore.DataProtection.Repositories.FileSystemXmlRepository|Reading data from file 'C:\Users\Administrator\AppData\Local\ASP.NET\DataProtection-Keys\key-d4ba379b-ed04-4785-b05a-ff62577380f2.xml'. 
2024-06-17 14:53:46.8574|0|DEBUG|Microsoft.AspNetCore.DataProtection.KeyManagement.XmlKeyManager|Found key {06ae8d91-8f6b-4a7b-9e92-1b124a54f87c}. 
2024-06-17 14:53:46.8574|0|DEBUG|Microsoft.AspNetCore.DataProtection.KeyManagement.XmlKeyManager|Found key {8d5202c6-241b-48a1-bf3b-b9600653df67}. 
2024-06-17 14:53:46.8574|0|DEBUG|Microsoft.AspNetCore.DataProtection.KeyManagement.XmlKeyManager|Found key {d4ba379b-ed04-4785-b05a-ff62577380f2}. 
2024-06-17 14:53:46.8574|0|DEBUG|Microsoft.AspNetCore.DataProtection.KeyManagement.DefaultKeyResolver|Considering key {06ae8d91-8f6b-4a7b-9e92-1b124a54f87c} with expiration date 2024-07-22 06:37:08Z as default key. 
2024-06-17 14:53:46.8574|0|DEBUG|Microsoft.AspNetCore.DataProtection.TypeForwardingActivator|Forwarded activator type request from Microsoft.AspNetCore.DataProtection.XmlEncryption.DpapiXmlDecryptor, Microsoft.AspNetCore.DataProtection, Version=7.0.0.0, Culture=neutral, PublicKeyToken=adb9793829ddae60 to Microsoft.AspNetCore.DataProtection.XmlEncryption.DpapiXmlDecryptor, Microsoft.AspNetCore.DataProtection, Culture=neutral, PublicKeyToken=adb9793829ddae60 
2024-06-17 14:53:46.8725|0|DEBUG|Microsoft.AspNetCore.DataProtection.XmlEncryption.DpapiXmlDecryptor|Decrypting secret element using Windows DPAPI. 
2024-06-17 14:53:46.8725|0|DEBUG|Microsoft.AspNetCore.DataProtection.TypeForwardingActivator|Forwarded activator type request from Microsoft.AspNetCore.DataProtection.AuthenticatedEncryption.ConfigurationModel.AuthenticatedEncryptorDescriptorDeserializer, Microsoft.AspNetCore.DataProtection, Version=7.0.0.0, Culture=neutral, PublicKeyToken=adb9793829ddae60 to Microsoft.AspNetCore.DataProtection.AuthenticatedEncryption.ConfigurationModel.AuthenticatedEncryptorDescriptorDeserializer, Microsoft.AspNetCore.DataProtection, Culture=neutral, PublicKeyToken=adb9793829ddae60 
2024-06-17 14:53:46.8725|0|DEBUG|Microsoft.AspNetCore.DataProtection.AuthenticatedEncryption.CngCbcAuthenticatedEncryptorFactory|Opening CNG algorithm 'AES' from provider '(null)' with chaining mode CBC. 
2024-06-17 14:53:46.8725|0|DEBUG|Microsoft.AspNetCore.DataProtection.AuthenticatedEncryption.CngCbcAuthenticatedEncryptorFactory|Opening CNG algorithm 'SHA256' from provider '(null)' with HMAC. 
2024-06-17 14:53:46.8725|0|DEBUG|Microsoft.AspNetCore.DataProtection.KeyManagement.KeyRingProvider|Using key {06ae8d91-8f6b-4a7b-9e92-1b124a54f87c} as the default key. 
2024-06-17 14:53:46.8725|0|DEBUG|Microsoft.AspNetCore.DataProtection.Internal.DataProtectionHostedService|Key ring with default key {06ae8d91-8f6b-4a7b-9e92-1b124a54f87c} was loaded during application startup. 
2024-06-17 14:53:48.3255|0|DEBUG|Microsoft.AspNetCore.Mvc.ModelBinding.ModelBinderFactory|Registered model binder providers, in the following order: Microsoft.AspNetCore.Mvc.ModelBinding.Binders.BinderTypeModelBinderProvider, Microsoft.AspNetCore.Mvc.ModelBinding.Binders.ServicesModelBinderProvider, Microsoft.AspNetCore.Mvc.ModelBinding.Binders.BodyModelBinderProvider, Microsoft.AspNetCore.Mvc.ModelBinding.Binders.HeaderModelBinderProvider, Microsoft.AspNetCore.Mvc.ModelBinding.Binders.FloatingPointTypeModelBinderProvider, Microsoft.AspNetCore.Mvc.ModelBinding.Binders.EnumTypeModelBinderProvider, Microsoft.AspNetCore.Mvc.ModelBinding.Binders.DateTimeModelBinderProvider, Microsoft.AspNetCore.Mvc.ModelBinding.Binders.SimpleTypeModelBinderProvider, Microsoft.AspNetCore.Mvc.ModelBinding.Binders.CancellationTokenModelBinderProvider, Microsoft.AspNetCore.Mvc.ModelBinding.Binders.ByteArrayModelBinderProvider, Microsoft.AspNetCore.Mvc.ModelBinding.Binders.FormFileModelBinderProvider, Microsoft.AspNetCore.Mvc.ModelBinding.Binders.FormCollectionModelBinderProvider, Microsoft.AspNetCore.Mvc.ModelBinding.Binders.KeyValuePairModelBinderProvider, Microsoft.AspNetCore.Mvc.ModelBinding.Binders.DictionaryModelBinderProvider, Microsoft.AspNetCore.Mvc.ModelBinding.Binders.ArrayModelBinderProvider, Microsoft.AspNetCore.Mvc.ModelBinding.Binders.CollectionModelBinderProvider, Microsoft.AspNetCore.Mvc.ModelBinding.Binders.ComplexObjectModelBinderProvider 
2024-06-17 14:53:48.3947|0|DEBUG|Microsoft.AspNetCore.SignalR.Internal.DefaultHubProtocolResolver|Registered SignalR Protocol: json, implemented by Microsoft.AspNetCore.SignalR.Protocol.JsonHubProtocol. 
2024-06-17 14:53:48.4146|0|TRACE|Microsoft.AspNetCore.SignalR.Internal.DefaultHubDispatcher|'NotificationHub' hub method 'NewEntryAdded' is bound. 
2024-06-17 14:53:48.4616|0|INFO|Microsoft.Hosting.Lifetime|Now listening on: http://localhost:6084 
2024-06-17 14:53:48.4823|0|DEBUG|Microsoft.AspNetCore.Hosting.Diagnostics|Loaded hosting startup assembly WMS UI API 
2024-06-17 14:53:48.4823|0|DEBUG|Microsoft.AspNetCore.Hosting.Diagnostics|Loaded hosting startup assembly Microsoft.AspNetCore.Watch.BrowserRefresh 
2024-06-17 14:53:48.4823|0|DEBUG|Microsoft.AspNetCore.Hosting.Diagnostics|Loaded hosting startup assembly Microsoft.WebTools.BrowserLink.Net 
2024-06-17 14:53:48.4823|0|TRACE|Microsoft.AspNetCore.Http.Connections.Internal.HttpConnectionManager|Starting connection heartbeat. 
2024-06-17 14:53:48.4823|0|INFO|Microsoft.Hosting.Lifetime|Application started. Press Ctrl+C to shut down. 
2024-06-17 14:53:48.4823|0|INFO|Microsoft.Hosting.Lifetime|Hosting environment: Development 
2024-06-17 14:53:48.4823|0|INFO|Microsoft.Hosting.Lifetime|Content root path: C:\WMS UI API - Kuster - SAP OneTime Connection\WMS UI API 
2024-06-17 14:53:48.4823|0|DEBUG|Microsoft.Extensions.Hosting.Internal.Host|Hosting started 
2024-06-17 14:53:48.5522|0|DEBUG|Microsoft.AspNetCore.Server.Kestrel.Transport.Sockets|Connection id "0HN4ELSOSKA0P" received FIN. 
2024-06-17 14:53:48.5682|0|DEBUG|Microsoft.AspNetCore.Server.Kestrel.Connections|Connection id "0HN4ELSOSKA0P" accepted. 
2024-06-17 14:53:48.5682|0|DEBUG|Microsoft.AspNetCore.Server.Kestrel.Connections|Connection id "0HN4ELSOSKA0P" started. 
2024-06-17 14:53:48.5775|0|DEBUG|Microsoft.AspNetCore.Server.Kestrel.Transport.Sockets|Connection id "0HN4ELSOSKA0P" sending FIN because: "The Socket transport's send loop completed gracefully." 
2024-06-17 14:53:48.5775|0|DEBUG|Microsoft.AspNetCore.Server.Kestrel.Connections|Connection id "0HN4ELSOSKA0P" disconnecting. 
2024-06-17 14:53:48.5775|0|DEBUG|Microsoft.AspNetCore.Server.Kestrel.Connections|Connection id "0HN4ELSOSKA0P" stopped. 
2024-06-17 14:53:48.6722|0|DEBUG|Microsoft.AspNetCore.Server.Kestrel.Connections|Connection id "0HN4ELSOSKA0Q" accepted. 
2024-06-17 14:53:48.6722|0|DEBUG|Microsoft.AspNetCore.Server.Kestrel.Connections|Connection id "0HN4ELSOSKA0Q" started. 
2024-06-17 14:53:48.6722|0|DEBUG|Microsoft.AspNetCore.Server.Kestrel.Connections|Connection id "0HN4ELSOSKA0R" accepted. 
2024-06-17 14:53:48.6722|0|DEBUG|Microsoft.AspNetCore.Server.Kestrel.Connections|Connection id "0HN4ELSOSKA0R" started. 
2024-06-17 14:53:48.7050|0|INFO|Microsoft.AspNetCore.Hosting.Diagnostics|Request starting HTTP/1.1 GET http://localhost:6084/swagger/index.html - - 
2024-06-17 14:53:48.7387|0|DEBUG|Microsoft.AspNetCore.HostFiltering.HostFilteringMiddleware|Wildcard detected, all requests with hosts will be allowed. 
2024-06-17 14:53:48.7387|0|TRACE|Microsoft.AspNetCore.HostFiltering.HostFilteringMiddleware|All hosts are allowed. 
2024-06-17 14:53:48.8158|0|DEBUG|Microsoft.AspNetCore.Watch.BrowserRefresh.BrowserRefreshMiddleware|Response markup is scheduled to include browser refresh script injection. 
2024-06-17 14:53:48.9078|0|DEBUG|Microsoft.AspNetCore.Server.Kestrel.Connections|Connection id "0HN4ELSOSKA0S" accepted. 
2024-06-17 14:53:48.9078|0|DEBUG|Microsoft.AspNetCore.Server.Kestrel.Connections|Connection id "0HN4ELSOSKA0S" started. 
2024-06-17 14:53:48.9078|0|INFO|Microsoft.AspNetCore.Hosting.Diagnostics|Request starting HTTP/1.1 GET http://localhost:6084/_vs/browserLink - - 
2024-06-17 14:53:48.9078|0|INFO|Microsoft.AspNetCore.Hosting.Diagnostics|Request starting HTTP/1.1 GET http://localhost:6084/_framework/aspnetcore-browser-refresh.js - - 
2024-06-17 14:53:48.9078|0|DEBUG|Microsoft.AspNetCore.Server.Kestrel.Connections|Connection id "0HN4ELSOSKA0R" completed keep alive response. 
2024-06-17 14:53:48.9225|0|INFO|Microsoft.AspNetCore.Hosting.Diagnostics|Request finished HTTP/1.1 GET http://localhost:6084/_framework/aspnetcore-browser-refresh.js - - - 200 11990 application/javascript;+charset=utf-8 5.0623ms 
2024-06-17 14:53:48.9225|0|DEBUG|Microsoft.AspNetCore.Watch.BrowserRefresh.BrowserRefreshMiddleware|Response markup was updated to include browser refresh script injection. 
2024-06-17 14:53:48.9225|0|DEBUG|Microsoft.AspNetCore.Server.Kestrel.Connections|Connection id "0HN4ELSOSKA0Q" completed keep alive response. 
2024-06-17 14:53:48.9225|0|INFO|Microsoft.AspNetCore.Hosting.Diagnostics|Request finished HTTP/1.1 GET http://localhost:6084/swagger/index.html - - - 200 - text/html;charset=utf-8 227.6514ms 
2024-06-17 14:53:48.9436|0|DEBUG|Microsoft.AspNetCore.Server.Kestrel.Connections|Connection id "0HN4ELSOSKA0S" completed keep alive response. 
2024-06-17 14:53:48.9436|0|INFO|Microsoft.AspNetCore.Hosting.Diagnostics|Request finished HTTP/1.1 GET http://localhost:6084/_vs/browserLink - - - 200 - text/javascript;+charset=UTF-8 35.1624ms 
2024-06-17 14:53:49.0306|0|INFO|Microsoft.AspNetCore.Hosting.Diagnostics|Request starting HTTP/1.1 GET http://localhost:6084/swagger/v1/swagger.json - - 
2024-06-17 14:53:49.0306|0|TRACE|Microsoft.AspNetCore.HostFiltering.HostFilteringMiddleware|All hosts are allowed. 
2024-06-17 14:53:49.1759|0|DEBUG|Microsoft.AspNetCore.Server.Kestrel.Connections|Connection id "0HN4ELSOSKA0S" completed keep alive response. 
2024-06-17 14:53:49.1759|0|INFO|Microsoft.AspNetCore.Hosting.Diagnostics|Request finished HTTP/1.1 GET http://localhost:6084/swagger/v1/swagger.json - - - 200 - application/json;charset=utf-8 145.4317ms 
2024-06-17 14:54:01.2536|0|INFO|Microsoft.AspNetCore.Hosting.Diagnostics|Request starting HTTP/1.1 POST http://localhost:6084/api/Report/SummarizeQRWiseStock application/json 121 
2024-06-17 14:54:01.2536|0|TRACE|Microsoft.AspNetCore.HostFiltering.HostFilteringMiddleware|All hosts are allowed. 
2024-06-17 14:54:01.2536|0|DEBUG|Microsoft.AspNetCore.StaticFiles.StaticFileMiddleware|POST requests are not supported 
2024-06-17 14:54:01.2536|0|DEBUG|Microsoft.AspNetCore.StaticFiles.StaticFileMiddleware|POST requests are not supported 
2024-06-17 14:54:01.2536|0|DEBUG|Microsoft.AspNetCore.Cors.Infrastructure.CorsService|The request has an origin header: 'http://localhost:6084'. 
2024-06-17 14:54:01.2536|0|INFO|Microsoft.AspNetCore.Cors.Infrastructure.CorsService|CORS policy execution failed. 
2024-06-17 14:54:01.2536|0|INFO|Microsoft.AspNetCore.Cors.Infrastructure.CorsService|Request origin http://localhost:6084 does not have permission to access the resource. 
2024-06-17 14:54:01.2536|0|DEBUG|Microsoft.AspNetCore.Cors.Infrastructure.CorsService|The request has an origin header: 'http://localhost:6084'. 
2024-06-17 14:54:01.2536|0|INFO|Microsoft.AspNetCore.Cors.Infrastructure.CorsService|CORS policy execution successful. 
2024-06-17 14:54:01.2634|0|WARN|Microsoft.AspNetCore.HttpsPolicy.HttpsRedirectionMiddleware|Failed to determine the https port for redirect. 
2024-06-17 14:54:01.2891|0|DEBUG|Microsoft.AspNetCore.Routing.Matching.DfaMatcher|1 candidate(s) found for the request path '/api/Report/SummarizeQRWiseStock' 
2024-06-17 14:54:01.2938|0|DEBUG|Microsoft.AspNetCore.Routing.Matching.DfaMatcher|Endpoint 'WMS_UI_API.Controllers.ReportController.SummarizeQRWiseStock (WMS UI API)' with route pattern 'api/Report/SummarizeQRWiseStock' is valid for the request path '/api/Report/SummarizeQRWiseStock' 
2024-06-17 14:54:01.2938|0|DEBUG|Microsoft.AspNetCore.Routing.EndpointRoutingMiddleware|Request matched endpoint 'WMS_UI_API.Controllers.ReportController.SummarizeQRWiseStock (WMS UI API)' 
2024-06-17 14:54:01.2938|0|DEBUG|WMS_UI_API.Middlewares.ExceptionHandler|Log Initilized 
2024-06-17 14:54:01.3968|0|DEBUG|Microsoft.AspNetCore.Authentication.JwtBearer.JwtBearerHandler|AuthenticationScheme: Bearer was not authenticated. 
2024-06-17 14:54:01.3968|0|INFO|Microsoft.AspNetCore.Routing.EndpointMiddleware|Executing endpoint 'WMS_UI_API.Controllers.ReportController.SummarizeQRWiseStock (WMS UI API)' 
2024-06-17 14:54:01.4316|0|INFO|Microsoft.AspNetCore.Mvc.Infrastructure.ControllerActionInvoker|Route matched with {action = "SummarizeQRWiseStock", controller = "Report"}. Executing controller action with signature System.Threading.Tasks.Task`1[Microsoft.AspNetCore.Mvc.ActionResult`1[System.Collections.Generic.IEnumerable`1[WMS_UI_API.Models.ItemWiseQRWiseStockReport]]] SummarizeQRWiseStock(WMS_UI_API.Models.QRWiseStock) on controller WMS_UI_API.Controllers.ReportController (WMS UI API). 
2024-06-17 14:54:01.4316|0|DEBUG|Microsoft.AspNetCore.Mvc.Infrastructure.ControllerActionInvoker|Execution plan of authorization filters (in the following order): None 
2024-06-17 14:54:01.4316|0|DEBUG|Microsoft.AspNetCore.Mvc.Infrastructure.ControllerActionInvoker|Execution plan of resource filters (in the following order): None 
2024-06-17 14:54:01.4316|0|DEBUG|Microsoft.AspNetCore.Mvc.Infrastructure.ControllerActionInvoker|Execution plan of action filters (in the following order): Microsoft.AspNetCore.Mvc.ModelBinding.UnsupportedContentTypeFilter (Order: -3000), Microsoft.AspNetCore.Mvc.Infrastructure.ModelStateInvalidFilter (Order: -2000) 
2024-06-17 14:54:01.4316|0|DEBUG|Microsoft.AspNetCore.Mvc.Infrastructure.ControllerActionInvoker|Execution plan of exception filters (in the following order): None 
2024-06-17 14:54:01.4316|0|DEBUG|Microsoft.AspNetCore.Mvc.Infrastructure.ControllerActionInvoker|Execution plan of result filters (in the following order): Microsoft.AspNetCore.Mvc.Infrastructure.ClientErrorResultFilter (Order: -2000) 
2024-06-17 14:54:01.4316|0|DEBUG|Microsoft.AspNetCore.Mvc.Infrastructure.ControllerActionInvoker|Executing controller factory for controller WMS_UI_API.Controllers.ReportController (WMS UI API) 
2024-06-17 14:54:01.4334|0|DEBUG|Microsoft.AspNetCore.Mvc.Infrastructure.ControllerActionInvoker|Executed controller factory for controller WMS_UI_API.Controllers.ReportController (WMS UI API) 
2024-06-17 14:54:01.4334|0|DEBUG|Microsoft.AspNetCore.Mvc.ModelBinding.ParameterBinder|Attempting to bind parameter 'payload' of type 'WMS_UI_API.Models.QRWiseStock' ... 
2024-06-17 14:54:01.4334|0|DEBUG|Microsoft.AspNetCore.Mvc.ModelBinding.Binders.BodyModelBinder|Attempting to bind parameter 'payload' of type 'WMS_UI_API.Models.QRWiseStock' using the name '' in request data ... 
2024-06-17 14:54:01.4334|0|DEBUG|Microsoft.AspNetCore.Mvc.ModelBinding.Binders.BodyModelBinder|Selected input formatter 'Microsoft.AspNetCore.Mvc.Formatters.SystemTextJsonInputFormatter' for content type 'application/json'. 
2024-06-17 14:54:01.4334|0|DEBUG|Microsoft.AspNetCore.Server.Kestrel|Connection id "0HN4ELSOSKA0S", Request id "0HN4ELSOSKA0S:00000004": started reading request body. 
2024-06-17 14:54:01.4334|0|DEBUG|Microsoft.AspNetCore.Server.Kestrel|Connection id "0HN4ELSOSKA0S", Request id "0HN4ELSOSKA0S:00000004": done reading request body. 
2024-06-17 14:54:01.4334|0|DEBUG|Microsoft.AspNetCore.Mvc.Formatters.SystemTextJsonInputFormatter|JSON input formatter succeeded, deserializing to type 'WMS_UI_API.Models.QRWiseStock' 
2024-06-17 14:54:01.4334|0|DEBUG|Microsoft.AspNetCore.Mvc.ModelBinding.Binders.BodyModelBinder|Done attempting to bind parameter 'payload' of type 'WMS_UI_API.Models.QRWiseStock'. 
2024-06-17 14:54:01.4334|0|DEBUG|Microsoft.AspNetCore.Mvc.ModelBinding.ParameterBinder|Done attempting to bind parameter 'payload' of type 'WMS_UI_API.Models.QRWiseStock'. 
2024-06-17 14:54:01.4334|0|DEBUG|Microsoft.AspNetCore.Mvc.ModelBinding.ParameterBinder|Attempting to validate the bound parameter 'payload' of type 'WMS_UI_API.Models.QRWiseStock' ... 
2024-06-17 14:54:01.4578|0|DEBUG|Microsoft.AspNetCore.Mvc.ModelBinding.ParameterBinder|Done attempting to validate the bound parameter 'payload' of type 'WMS_UI_API.Models.QRWiseStock'. 
2024-06-17 14:54:01.4578|0|TRACE|Microsoft.AspNetCore.Mvc.Infrastructure.ControllerActionInvoker|Action Filter: Before executing OnActionExecuting on filter Microsoft.AspNetCore.Mvc.ModelBinding.UnsupportedContentTypeFilter. 
2024-06-17 14:54:01.4578|0|TRACE|Microsoft.AspNetCore.Mvc.Infrastructure.ControllerActionInvoker|Action Filter: After executing OnActionExecuting on filter Microsoft.AspNetCore.Mvc.ModelBinding.UnsupportedContentTypeFilter. 
2024-06-17 14:54:01.4578|0|TRACE|Microsoft.AspNetCore.Mvc.Infrastructure.ControllerActionInvoker|Action Filter: Before executing OnActionExecuting on filter Microsoft.AspNetCore.Mvc.Infrastructure.ModelStateInvalidFilter. 
2024-06-17 14:54:01.4578|0|TRACE|Microsoft.AspNetCore.Mvc.Infrastructure.ControllerActionInvoker|Action Filter: After executing OnActionExecuting on filter Microsoft.AspNetCore.Mvc.Infrastructure.ModelStateInvalidFilter. 
2024-06-17 14:54:01.4578|0|INFO|Microsoft.AspNetCore.Mvc.Infrastructure.ControllerActionInvoker|Executing action method WMS_UI_API.Controllers.ReportController.SummarizeQRWiseStock (WMS UI API) - Validation state: Valid 
2024-06-17 14:54:01.4578|0|TRACE|Microsoft.AspNetCore.Mvc.Infrastructure.ControllerActionInvoker|Executing action method WMS_UI_API.Controllers.ReportController.SummarizeQRWiseStock (WMS UI API) with arguments (WMS_UI_API.Models.QRWiseStock) 
2024-06-17 14:54:05.6231|0|INFO|WMS_UI_API.Controllers.ReportController| Calling ReportController : SummarizeQRWiseStock()  
2024-06-17 14:54:15.1450|0|INFO|WMS_UI_API.Controllers.ReportController| ReportController : SummarizeQRWiseStock Query : 
                 SELECT  A.ItemCode, (select ItemName from QIT_Item_Master where ItemCode = A.ItemCode)  ItemName,
                         @proj Project, A.WhsCode, C.WhsName, B.BinCode, SUM(A.Stock) Stock 
                 FROM 
                 (   
                     SELECT Z.ItemCode, Z.ToWhs WhsCode, Z.ToBinAbsEntry Bin, ISNULL(sum(Z.Qty),0) * 1 Stock FROM QIT_QRStock_InvTrans Z
                     WHERE  Z.FromObjType = '22' and Z.ToObjType = '67' and ISNULL(Z.BranchID, @bID) = @bID  AND Z.QRCodeID IN (select QRCodeID from QIT_QR_Detail B inner join KCMPL_LIVE.dbo.WOR1 C on C.ItemCode collate SQL_Latin1_General_CP1_CI_AS = B.ItemCode and C.DocEntry = @proDocEntry and C.Project = @proj) 
                     GROUP BY Z.ItemCode, Z.ToWhs, Z.ToBinAbsEntry	
      
                     UNION 
	     
                     SELECT Z.ItemCode, Z.ToWhs WhsCode, Z.ToBinAbsEntry Bin, ISNULL(sum(Z.Qty),0) * 1 Stock FROM QIT_QRStock_InvTrans Z
                     WHERE  (Z.FromObjType <> '22') and ISNULL(Z.BranchID, @bID) = @bID  AND Z.QRCodeID IN (select QRCodeID from QIT_QR_Detail B inner join KCMPL_LIVE.dbo.WOR1 C on C.ItemCode collate SQL_Latin1_General_CP1_CI_AS = B.ItemCode and C.DocEntry = @proDocEntry and C.Project = @proj) 
                     GROUP BY Z.ItemCode, Z.ToWhs, Z.ToBinAbsEntry

                     UNION 

                     SELECT Z.ItemCode, Z.FromWhs WhsCode, Z.FromBinAbsEntry Bin, ISNULL(sum(Z.Qty),0) * -1 Stock FROM [QIT_QRStock_InvTrans] Z
                     WHERE  (Z.FromObjType <> '22') and ISNULL(Z.BranchID, @bID) = @bID  AND Z.QRCodeID IN (select QRCodeID from QIT_QR_Detail B inner join KCMPL_LIVE.dbo.WOR1 C on C.ItemCode collate SQL_Latin1_General_CP1_CI_AS = B.ItemCode and C.DocEntry = @proDocEntry and C.Project = @proj) 
                     GROUP BY Z.ItemCode, Z.FromWhs, Z.FromBinAbsEntry

                     UNION 

                     SELECT Z.ItemCode, Z.FromWhs WhsCode, Z.FromBinAbsEntry Bin, ISNULL(sum(Z.Qty),0) * -1 Stock FROM QIT_QRStock_ProToIssue Z
                     WHERE  ISNULL(Z.BranchID, @bID) = @bID  AND Z.QRCodeID IN (select QRCodeID from QIT_QR_Detail B inner join KCMPL_LIVE.dbo.WOR1 C on C.ItemCode collate SQL_Latin1_General_CP1_CI_AS = B.ItemCode and C.DocEntry = @proDocEntry and C.Project = @proj) 
                     GROUP BY Z.ItemCode, Z.FromWhs, Z.FromBinAbsEntry

                     UNION

                     SELECT Z.ItemCode, Z.FromWhs WhsCode, Z.FromBinAbsEntry Bin, ISNULL(sum(Z.Qty),0) * -1 Stock 
                     FROM QIT_QRStock_SOToDelivery Z
                     WHERE  ISNULL(Z.BranchID, @bID) = @bID  AND Z.QRCodeID IN (select QRCodeID from QIT_QR_Detail B inner join KCMPL_LIVE.dbo.WOR1 C on C.ItemCode collate SQL_Latin1_General_CP1_CI_AS = B.ItemCode and C.DocEntry = @proDocEntry and C.Project = @proj) 
                     GROUP BY Z.ItemCode, Z.FromWhs, Z.FromBinAbsEntry

                     UNION

                     SELECT Z.ItemCode, Z.ToWhs WhsCode, Z.ToBinAbsEntry Bin, ISNULL(sum(Z.Qty),0) * 1 Stock FROM QIT_QRStock_ProToReceipt Z
                     WHERE  ISNULL(Z.BranchID, @bID) = @bID  AND Z.QRCodeID IN (select QRCodeID from QIT_QR_Detail B inner join KCMPL_LIVE.dbo.WOR1 C on C.ItemCode collate SQL_Latin1_General_CP1_CI_AS = B.ItemCode and C.DocEntry = @proDocEntry and C.Project = @proj) 
                     GROUP BY Z.ItemCode, Z.ToWhs, Z.ToBinAbsEntry
                  ) as A
                  INNER JOIN KCMPL_LIVE.dbo.OWHS C ON A.WhsCode collate SQL_Latin1_General_CP850_CI_AS = C.WhsCode
                  LEFT JOIN KCMPL_LIVE.dbo.OBIN B ON A.Bin = B.AbsEntry
                  GROUP BY ItemCode,  A.WhsCode, C.WhsName, B.BinCode 
                  
                  
